[2022-10-18 21:13:28,944] {processor.py:153} INFO - Started process (PID=245) to work on /home/airflow/.local/lib/python3.9/site-packages/airflow/example_dags/example_complex.py
[2022-10-18 21:13:28,948] {processor.py:641} INFO - Processing file /home/airflow/.local/lib/python3.9/site-packages/airflow/example_dags/example_complex.py for tasks to queue
[2022-10-18 21:13:28,960] {logging_mixin.py:115} INFO - [2022-10-18 21:13:28,959] {dagbag.py:507} INFO - Filling up the DagBag from /home/airflow/.local/lib/python3.9/site-packages/airflow/example_dags/example_complex.py
[2022-10-18 21:13:29,318] {processor.py:651} INFO - DAG(s) dict_keys(['example_complex']) retrieved from /home/airflow/.local/lib/python3.9/site-packages/airflow/example_dags/example_complex.py
[2022-10-18 21:13:29,921] {logging_mixin.py:115} INFO - [2022-10-18 21:13:29,914] {dag.py:2379} INFO - Sync 1 DAGs
[2022-10-18 21:13:30,477] {logging_mixin.py:115} INFO - [2022-10-18 21:13:30,476] {dag.py:2927} INFO - Setting next_dagrun for example_complex to None, run_after=None
[2022-10-18 21:13:30,653] {processor.py:161} INFO - Processing /home/airflow/.local/lib/python3.9/site-packages/airflow/example_dags/example_complex.py took 1.747 seconds
[2022-10-18 21:14:01,421] {processor.py:153} INFO - Started process (PID=335) to work on /home/airflow/.local/lib/python3.9/site-packages/airflow/example_dags/example_complex.py
[2022-10-18 21:14:01,428] {processor.py:641} INFO - Processing file /home/airflow/.local/lib/python3.9/site-packages/airflow/example_dags/example_complex.py for tasks to queue
[2022-10-18 21:14:01,440] {logging_mixin.py:115} INFO - [2022-10-18 21:14:01,439] {dagbag.py:507} INFO - Filling up the DagBag from /home/airflow/.local/lib/python3.9/site-packages/airflow/example_dags/example_complex.py
[2022-10-18 21:14:01,840] {processor.py:651} INFO - DAG(s) dict_keys(['example_complex']) retrieved from /home/airflow/.local/lib/python3.9/site-packages/airflow/example_dags/example_complex.py
[2022-10-18 21:14:02,285] {logging_mixin.py:115} INFO - [2022-10-18 21:14:02,285] {dag.py:2379} INFO - Sync 1 DAGs
[2022-10-18 21:14:02,641] {logging_mixin.py:115} INFO - [2022-10-18 21:14:02,640] {dag.py:2927} INFO - Setting next_dagrun for example_complex to None, run_after=None
[2022-10-18 21:14:02,784] {processor.py:161} INFO - Processing /home/airflow/.local/lib/python3.9/site-packages/airflow/example_dags/example_complex.py took 1.422 seconds
[2022-10-18 21:14:33,343] {processor.py:153} INFO - Started process (PID=431) to work on /home/airflow/.local/lib/python3.9/site-packages/airflow/example_dags/example_complex.py
[2022-10-18 21:14:33,360] {processor.py:641} INFO - Processing file /home/airflow/.local/lib/python3.9/site-packages/airflow/example_dags/example_complex.py for tasks to queue
[2022-10-18 21:14:33,367] {logging_mixin.py:115} INFO - [2022-10-18 21:14:33,367] {dagbag.py:507} INFO - Filling up the DagBag from /home/airflow/.local/lib/python3.9/site-packages/airflow/example_dags/example_complex.py
[2022-10-18 21:14:33,706] {processor.py:651} INFO - DAG(s) dict_keys(['example_complex']) retrieved from /home/airflow/.local/lib/python3.9/site-packages/airflow/example_dags/example_complex.py
[2022-10-18 21:14:34,277] {logging_mixin.py:115} INFO - [2022-10-18 21:14:34,276] {dag.py:2379} INFO - Sync 1 DAGs
[2022-10-18 21:14:34,836] {logging_mixin.py:115} INFO - [2022-10-18 21:14:34,820] {dag.py:2927} INFO - Setting next_dagrun for example_complex to None, run_after=None
[2022-10-18 21:14:34,994] {processor.py:161} INFO - Processing /home/airflow/.local/lib/python3.9/site-packages/airflow/example_dags/example_complex.py took 1.680 seconds
[2022-10-18 21:15:05,542] {processor.py:153} INFO - Started process (PID=512) to work on /home/airflow/.local/lib/python3.9/site-packages/airflow/example_dags/example_complex.py
[2022-10-18 21:15:05,547] {processor.py:641} INFO - Processing file /home/airflow/.local/lib/python3.9/site-packages/airflow/example_dags/example_complex.py for tasks to queue
[2022-10-18 21:15:05,553] {logging_mixin.py:115} INFO - [2022-10-18 21:15:05,552] {dagbag.py:507} INFO - Filling up the DagBag from /home/airflow/.local/lib/python3.9/site-packages/airflow/example_dags/example_complex.py
[2022-10-18 21:15:05,792] {processor.py:651} INFO - DAG(s) dict_keys(['example_complex']) retrieved from /home/airflow/.local/lib/python3.9/site-packages/airflow/example_dags/example_complex.py
[2022-10-18 21:15:06,232] {logging_mixin.py:115} INFO - [2022-10-18 21:15:06,231] {dag.py:2379} INFO - Sync 1 DAGs
[2022-10-18 21:15:06,657] {logging_mixin.py:115} INFO - [2022-10-18 21:15:06,656] {dag.py:2927} INFO - Setting next_dagrun for example_complex to None, run_after=None
[2022-10-18 21:15:06,897] {processor.py:161} INFO - Processing /home/airflow/.local/lib/python3.9/site-packages/airflow/example_dags/example_complex.py took 1.392 seconds
[2022-10-18 21:15:37,661] {processor.py:153} INFO - Started process (PID=608) to work on /home/airflow/.local/lib/python3.9/site-packages/airflow/example_dags/example_complex.py
[2022-10-18 21:15:37,668] {processor.py:641} INFO - Processing file /home/airflow/.local/lib/python3.9/site-packages/airflow/example_dags/example_complex.py for tasks to queue
[2022-10-18 21:15:37,674] {logging_mixin.py:115} INFO - [2022-10-18 21:15:37,674] {dagbag.py:507} INFO - Filling up the DagBag from /home/airflow/.local/lib/python3.9/site-packages/airflow/example_dags/example_complex.py
[2022-10-18 21:15:37,943] {processor.py:651} INFO - DAG(s) dict_keys(['example_complex']) retrieved from /home/airflow/.local/lib/python3.9/site-packages/airflow/example_dags/example_complex.py
[2022-10-18 21:15:38,258] {logging_mixin.py:115} INFO - [2022-10-18 21:15:38,256] {dag.py:2379} INFO - Sync 1 DAGs
[2022-10-18 21:15:38,772] {logging_mixin.py:115} INFO - [2022-10-18 21:15:38,771] {dag.py:2927} INFO - Setting next_dagrun for example_complex to None, run_after=None
[2022-10-18 21:15:39,049] {processor.py:161} INFO - Processing /home/airflow/.local/lib/python3.9/site-packages/airflow/example_dags/example_complex.py took 1.419 seconds
[2022-10-18 21:16:09,237] {processor.py:153} INFO - Started process (PID=695) to work on /home/airflow/.local/lib/python3.9/site-packages/airflow/example_dags/example_complex.py
[2022-10-18 21:16:09,248] {processor.py:641} INFO - Processing file /home/airflow/.local/lib/python3.9/site-packages/airflow/example_dags/example_complex.py for tasks to queue
[2022-10-18 21:16:09,254] {logging_mixin.py:115} INFO - [2022-10-18 21:16:09,253] {dagbag.py:507} INFO - Filling up the DagBag from /home/airflow/.local/lib/python3.9/site-packages/airflow/example_dags/example_complex.py
[2022-10-18 21:16:09,440] {processor.py:651} INFO - DAG(s) dict_keys(['example_complex']) retrieved from /home/airflow/.local/lib/python3.9/site-packages/airflow/example_dags/example_complex.py
[2022-10-18 21:16:09,742] {logging_mixin.py:115} INFO - [2022-10-18 21:16:09,741] {dag.py:2379} INFO - Sync 1 DAGs
[2022-10-18 21:16:10,011] {logging_mixin.py:115} INFO - [2022-10-18 21:16:10,011] {dag.py:2927} INFO - Setting next_dagrun for example_complex to None, run_after=None
[2022-10-18 21:16:10,173] {processor.py:161} INFO - Processing /home/airflow/.local/lib/python3.9/site-packages/airflow/example_dags/example_complex.py took 0.963 seconds
[2022-10-18 21:16:41,262] {processor.py:153} INFO - Started process (PID=790) to work on /home/airflow/.local/lib/python3.9/site-packages/airflow/example_dags/example_complex.py
[2022-10-18 21:16:41,267] {processor.py:641} INFO - Processing file /home/airflow/.local/lib/python3.9/site-packages/airflow/example_dags/example_complex.py for tasks to queue
[2022-10-18 21:16:41,274] {logging_mixin.py:115} INFO - [2022-10-18 21:16:41,274] {dagbag.py:507} INFO - Filling up the DagBag from /home/airflow/.local/lib/python3.9/site-packages/airflow/example_dags/example_complex.py
[2022-10-18 21:16:41,586] {processor.py:651} INFO - DAG(s) dict_keys(['example_complex']) retrieved from /home/airflow/.local/lib/python3.9/site-packages/airflow/example_dags/example_complex.py
[2022-10-18 21:16:41,967] {logging_mixin.py:115} INFO - [2022-10-18 21:16:41,966] {dag.py:2379} INFO - Sync 1 DAGs
[2022-10-18 21:16:42,315] {logging_mixin.py:115} INFO - [2022-10-18 21:16:42,314] {dag.py:2927} INFO - Setting next_dagrun for example_complex to None, run_after=None
[2022-10-18 21:16:42,423] {processor.py:161} INFO - Processing /home/airflow/.local/lib/python3.9/site-packages/airflow/example_dags/example_complex.py took 1.196 seconds
[2022-10-18 21:17:12,961] {processor.py:153} INFO - Started process (PID=880) to work on /home/airflow/.local/lib/python3.9/site-packages/airflow/example_dags/example_complex.py
[2022-10-18 21:17:12,974] {processor.py:641} INFO - Processing file /home/airflow/.local/lib/python3.9/site-packages/airflow/example_dags/example_complex.py for tasks to queue
[2022-10-18 21:17:12,988] {logging_mixin.py:115} INFO - [2022-10-18 21:17:12,987] {dagbag.py:507} INFO - Filling up the DagBag from /home/airflow/.local/lib/python3.9/site-packages/airflow/example_dags/example_complex.py
[2022-10-18 21:17:13,488] {processor.py:651} INFO - DAG(s) dict_keys(['example_complex']) retrieved from /home/airflow/.local/lib/python3.9/site-packages/airflow/example_dags/example_complex.py
[2022-10-18 21:17:13,987] {logging_mixin.py:115} INFO - [2022-10-18 21:17:13,987] {dag.py:2379} INFO - Sync 1 DAGs
[2022-10-18 21:17:14,282] {logging_mixin.py:115} INFO - [2022-10-18 21:17:14,282] {dag.py:2927} INFO - Setting next_dagrun for example_complex to None, run_after=None
[2022-10-18 21:17:14,382] {processor.py:161} INFO - Processing /home/airflow/.local/lib/python3.9/site-packages/airflow/example_dags/example_complex.py took 1.486 seconds
[2022-10-18 21:17:44,557] {processor.py:153} INFO - Started process (PID=965) to work on /home/airflow/.local/lib/python3.9/site-packages/airflow/example_dags/example_complex.py
[2022-10-18 21:17:44,573] {processor.py:641} INFO - Processing file /home/airflow/.local/lib/python3.9/site-packages/airflow/example_dags/example_complex.py for tasks to queue
[2022-10-18 21:17:44,577] {logging_mixin.py:115} INFO - [2022-10-18 21:17:44,577] {dagbag.py:507} INFO - Filling up the DagBag from /home/airflow/.local/lib/python3.9/site-packages/airflow/example_dags/example_complex.py
[2022-10-18 21:17:44,821] {processor.py:651} INFO - DAG(s) dict_keys(['example_complex']) retrieved from /home/airflow/.local/lib/python3.9/site-packages/airflow/example_dags/example_complex.py
[2022-10-18 21:17:45,214] {logging_mixin.py:115} INFO - [2022-10-18 21:17:45,213] {dag.py:2379} INFO - Sync 1 DAGs
[2022-10-18 21:17:45,525] {logging_mixin.py:115} INFO - [2022-10-18 21:17:45,524] {dag.py:2927} INFO - Setting next_dagrun for example_complex to None, run_after=None
[2022-10-18 21:17:45,662] {processor.py:161} INFO - Processing /home/airflow/.local/lib/python3.9/site-packages/airflow/example_dags/example_complex.py took 1.121 seconds
[2022-10-18 21:18:16,467] {processor.py:153} INFO - Started process (PID=1062) to work on /home/airflow/.local/lib/python3.9/site-packages/airflow/example_dags/example_complex.py
[2022-10-18 21:18:16,474] {processor.py:641} INFO - Processing file /home/airflow/.local/lib/python3.9/site-packages/airflow/example_dags/example_complex.py for tasks to queue
[2022-10-18 21:18:16,481] {logging_mixin.py:115} INFO - [2022-10-18 21:18:16,479] {dagbag.py:507} INFO - Filling up the DagBag from /home/airflow/.local/lib/python3.9/site-packages/airflow/example_dags/example_complex.py
[2022-10-18 21:18:16,705] {processor.py:651} INFO - DAG(s) dict_keys(['example_complex']) retrieved from /home/airflow/.local/lib/python3.9/site-packages/airflow/example_dags/example_complex.py
[2022-10-18 21:18:17,215] {logging_mixin.py:115} INFO - [2022-10-18 21:18:17,214] {dag.py:2379} INFO - Sync 1 DAGs
[2022-10-18 21:18:17,612] {logging_mixin.py:115} INFO - [2022-10-18 21:18:17,612] {dag.py:2927} INFO - Setting next_dagrun for example_complex to None, run_after=None
[2022-10-18 21:18:17,741] {processor.py:161} INFO - Processing /home/airflow/.local/lib/python3.9/site-packages/airflow/example_dags/example_complex.py took 1.298 seconds
[2022-10-18 21:18:48,544] {processor.py:153} INFO - Started process (PID=1143) to work on /home/airflow/.local/lib/python3.9/site-packages/airflow/example_dags/example_complex.py
[2022-10-18 21:18:48,561] {processor.py:641} INFO - Processing file /home/airflow/.local/lib/python3.9/site-packages/airflow/example_dags/example_complex.py for tasks to queue
[2022-10-18 21:18:48,565] {logging_mixin.py:115} INFO - [2022-10-18 21:18:48,564] {dagbag.py:507} INFO - Filling up the DagBag from /home/airflow/.local/lib/python3.9/site-packages/airflow/example_dags/example_complex.py
[2022-10-18 21:18:48,716] {processor.py:651} INFO - DAG(s) dict_keys(['example_complex']) retrieved from /home/airflow/.local/lib/python3.9/site-packages/airflow/example_dags/example_complex.py
[2022-10-18 21:18:48,882] {logging_mixin.py:115} INFO - [2022-10-18 21:18:48,881] {dag.py:2379} INFO - Sync 1 DAGs
[2022-10-18 21:18:49,049] {logging_mixin.py:115} INFO - [2022-10-18 21:18:49,048] {dag.py:2927} INFO - Setting next_dagrun for example_complex to None, run_after=None
[2022-10-18 21:18:49,145] {processor.py:161} INFO - Processing /home/airflow/.local/lib/python3.9/site-packages/airflow/example_dags/example_complex.py took 0.611 seconds
[2022-10-18 21:19:19,375] {processor.py:153} INFO - Started process (PID=1239) to work on /home/airflow/.local/lib/python3.9/site-packages/airflow/example_dags/example_complex.py
[2022-10-18 21:19:19,380] {processor.py:641} INFO - Processing file /home/airflow/.local/lib/python3.9/site-packages/airflow/example_dags/example_complex.py for tasks to queue
[2022-10-18 21:19:19,383] {logging_mixin.py:115} INFO - [2022-10-18 21:19:19,382] {dagbag.py:507} INFO - Filling up the DagBag from /home/airflow/.local/lib/python3.9/site-packages/airflow/example_dags/example_complex.py
[2022-10-18 21:19:19,586] {processor.py:651} INFO - DAG(s) dict_keys(['example_complex']) retrieved from /home/airflow/.local/lib/python3.9/site-packages/airflow/example_dags/example_complex.py
[2022-10-18 21:19:20,130] {logging_mixin.py:115} INFO - [2022-10-18 21:19:20,129] {dag.py:2379} INFO - Sync 1 DAGs
[2022-10-18 21:19:20,403] {logging_mixin.py:115} INFO - [2022-10-18 21:19:20,403] {dag.py:2927} INFO - Setting next_dagrun for example_complex to None, run_after=None
[2022-10-18 21:19:20,519] {processor.py:161} INFO - Processing /home/airflow/.local/lib/python3.9/site-packages/airflow/example_dags/example_complex.py took 1.162 seconds
[2022-10-18 21:19:50,838] {processor.py:153} INFO - Started process (PID=1334) to work on /home/airflow/.local/lib/python3.9/site-packages/airflow/example_dags/example_complex.py
[2022-10-18 21:19:50,844] {processor.py:641} INFO - Processing file /home/airflow/.local/lib/python3.9/site-packages/airflow/example_dags/example_complex.py for tasks to queue
[2022-10-18 21:19:50,855] {logging_mixin.py:115} INFO - [2022-10-18 21:19:50,853] {dagbag.py:507} INFO - Filling up the DagBag from /home/airflow/.local/lib/python3.9/site-packages/airflow/example_dags/example_complex.py
[2022-10-18 21:19:51,043] {processor.py:651} INFO - DAG(s) dict_keys(['example_complex']) retrieved from /home/airflow/.local/lib/python3.9/site-packages/airflow/example_dags/example_complex.py
[2022-10-18 21:19:51,409] {logging_mixin.py:115} INFO - [2022-10-18 21:19:51,408] {dag.py:2379} INFO - Sync 1 DAGs
[2022-10-18 21:19:51,714] {logging_mixin.py:115} INFO - [2022-10-18 21:19:51,714] {dag.py:2927} INFO - Setting next_dagrun for example_complex to None, run_after=None
[2022-10-18 21:19:51,855] {processor.py:161} INFO - Processing /home/airflow/.local/lib/python3.9/site-packages/airflow/example_dags/example_complex.py took 1.047 seconds
[2022-10-18 21:20:22,383] {processor.py:153} INFO - Started process (PID=1416) to work on /home/airflow/.local/lib/python3.9/site-packages/airflow/example_dags/example_complex.py
[2022-10-18 21:20:22,398] {processor.py:641} INFO - Processing file /home/airflow/.local/lib/python3.9/site-packages/airflow/example_dags/example_complex.py for tasks to queue
[2022-10-18 21:20:22,403] {logging_mixin.py:115} INFO - [2022-10-18 21:20:22,402] {dagbag.py:507} INFO - Filling up the DagBag from /home/airflow/.local/lib/python3.9/site-packages/airflow/example_dags/example_complex.py
[2022-10-18 21:20:22,694] {processor.py:651} INFO - DAG(s) dict_keys(['example_complex']) retrieved from /home/airflow/.local/lib/python3.9/site-packages/airflow/example_dags/example_complex.py
[2022-10-18 21:20:23,062] {logging_mixin.py:115} INFO - [2022-10-18 21:20:23,062] {dag.py:2379} INFO - Sync 1 DAGs
[2022-10-18 21:20:23,324] {logging_mixin.py:115} INFO - [2022-10-18 21:20:23,324] {dag.py:2927} INFO - Setting next_dagrun for example_complex to None, run_after=None
[2022-10-18 21:20:23,459] {processor.py:161} INFO - Processing /home/airflow/.local/lib/python3.9/site-packages/airflow/example_dags/example_complex.py took 1.112 seconds
[2022-10-18 21:20:53,759] {processor.py:153} INFO - Started process (PID=1511) to work on /home/airflow/.local/lib/python3.9/site-packages/airflow/example_dags/example_complex.py
[2022-10-18 21:20:53,780] {processor.py:641} INFO - Processing file /home/airflow/.local/lib/python3.9/site-packages/airflow/example_dags/example_complex.py for tasks to queue
[2022-10-18 21:20:53,784] {logging_mixin.py:115} INFO - [2022-10-18 21:20:53,784] {dagbag.py:507} INFO - Filling up the DagBag from /home/airflow/.local/lib/python3.9/site-packages/airflow/example_dags/example_complex.py
[2022-10-18 21:20:54,048] {processor.py:651} INFO - DAG(s) dict_keys(['example_complex']) retrieved from /home/airflow/.local/lib/python3.9/site-packages/airflow/example_dags/example_complex.py
[2022-10-18 21:20:54,311] {logging_mixin.py:115} INFO - [2022-10-18 21:20:54,311] {dag.py:2379} INFO - Sync 1 DAGs
[2022-10-18 21:20:54,631] {logging_mixin.py:115} INFO - [2022-10-18 21:20:54,630] {dag.py:2927} INFO - Setting next_dagrun for example_complex to None, run_after=None
[2022-10-18 21:20:54,671] {processor.py:161} INFO - Processing /home/airflow/.local/lib/python3.9/site-packages/airflow/example_dags/example_complex.py took 0.944 seconds
[2022-10-18 21:21:25,061] {processor.py:153} INFO - Started process (PID=1597) to work on /home/airflow/.local/lib/python3.9/site-packages/airflow/example_dags/example_complex.py
[2022-10-18 21:21:25,067] {processor.py:641} INFO - Processing file /home/airflow/.local/lib/python3.9/site-packages/airflow/example_dags/example_complex.py for tasks to queue
[2022-10-18 21:21:25,073] {logging_mixin.py:115} INFO - [2022-10-18 21:21:25,072] {dagbag.py:507} INFO - Filling up the DagBag from /home/airflow/.local/lib/python3.9/site-packages/airflow/example_dags/example_complex.py
[2022-10-18 21:21:25,223] {processor.py:651} INFO - DAG(s) dict_keys(['example_complex']) retrieved from /home/airflow/.local/lib/python3.9/site-packages/airflow/example_dags/example_complex.py
[2022-10-18 21:21:25,572] {logging_mixin.py:115} INFO - [2022-10-18 21:21:25,571] {dag.py:2379} INFO - Sync 1 DAGs
[2022-10-18 21:21:25,788] {logging_mixin.py:115} INFO - [2022-10-18 21:21:25,787] {dag.py:2927} INFO - Setting next_dagrun for example_complex to None, run_after=None
[2022-10-18 21:21:25,895] {processor.py:161} INFO - Processing /home/airflow/.local/lib/python3.9/site-packages/airflow/example_dags/example_complex.py took 0.853 seconds
[2022-10-18 21:21:56,524] {processor.py:153} INFO - Started process (PID=1688) to work on /home/airflow/.local/lib/python3.9/site-packages/airflow/example_dags/example_complex.py
[2022-10-18 21:21:56,529] {processor.py:641} INFO - Processing file /home/airflow/.local/lib/python3.9/site-packages/airflow/example_dags/example_complex.py for tasks to queue
[2022-10-18 21:21:56,534] {logging_mixin.py:115} INFO - [2022-10-18 21:21:56,534] {dagbag.py:507} INFO - Filling up the DagBag from /home/airflow/.local/lib/python3.9/site-packages/airflow/example_dags/example_complex.py
[2022-10-18 21:21:56,684] {processor.py:651} INFO - DAG(s) dict_keys(['example_complex']) retrieved from /home/airflow/.local/lib/python3.9/site-packages/airflow/example_dags/example_complex.py
[2022-10-18 21:21:56,920] {logging_mixin.py:115} INFO - [2022-10-18 21:21:56,919] {dag.py:2379} INFO - Sync 1 DAGs
[2022-10-18 21:21:57,137] {logging_mixin.py:115} INFO - [2022-10-18 21:21:57,137] {dag.py:2927} INFO - Setting next_dagrun for example_complex to None, run_after=None
[2022-10-18 21:21:57,233] {processor.py:161} INFO - Processing /home/airflow/.local/lib/python3.9/site-packages/airflow/example_dags/example_complex.py took 0.729 seconds
[2022-10-18 21:22:27,827] {processor.py:153} INFO - Started process (PID=1776) to work on /home/airflow/.local/lib/python3.9/site-packages/airflow/example_dags/example_complex.py
[2022-10-18 21:22:27,831] {processor.py:641} INFO - Processing file /home/airflow/.local/lib/python3.9/site-packages/airflow/example_dags/example_complex.py for tasks to queue
[2022-10-18 21:22:27,836] {logging_mixin.py:115} INFO - [2022-10-18 21:22:27,834] {dagbag.py:507} INFO - Filling up the DagBag from /home/airflow/.local/lib/python3.9/site-packages/airflow/example_dags/example_complex.py
[2022-10-18 21:22:27,963] {processor.py:651} INFO - DAG(s) dict_keys(['example_complex']) retrieved from /home/airflow/.local/lib/python3.9/site-packages/airflow/example_dags/example_complex.py
[2022-10-18 21:22:28,166] {logging_mixin.py:115} INFO - [2022-10-18 21:22:28,165] {dag.py:2379} INFO - Sync 1 DAGs
[2022-10-18 21:22:28,365] {logging_mixin.py:115} INFO - [2022-10-18 21:22:28,365] {dag.py:2927} INFO - Setting next_dagrun for example_complex to None, run_after=None
[2022-10-18 21:22:28,447] {processor.py:161} INFO - Processing /home/airflow/.local/lib/python3.9/site-packages/airflow/example_dags/example_complex.py took 0.638 seconds
[2022-10-18 21:35:27,513] {processor.py:153} INFO - Started process (PID=1860) to work on /home/airflow/.local/lib/python3.9/site-packages/airflow/example_dags/example_complex.py
[2022-10-18 21:35:27,519] {processor.py:641} INFO - Processing file /home/airflow/.local/lib/python3.9/site-packages/airflow/example_dags/example_complex.py for tasks to queue
[2022-10-18 21:35:27,524] {logging_mixin.py:115} INFO - [2022-10-18 21:35:27,524] {dagbag.py:507} INFO - Filling up the DagBag from /home/airflow/.local/lib/python3.9/site-packages/airflow/example_dags/example_complex.py
[2022-10-18 21:35:27,760] {processor.py:651} INFO - DAG(s) dict_keys(['example_complex']) retrieved from /home/airflow/.local/lib/python3.9/site-packages/airflow/example_dags/example_complex.py
[2022-10-18 21:35:28,173] {logging_mixin.py:115} INFO - [2022-10-18 21:35:28,173] {dag.py:2379} INFO - Sync 1 DAGs
[2022-10-18 21:35:28,467] {logging_mixin.py:115} INFO - [2022-10-18 21:35:28,467] {dag.py:2927} INFO - Setting next_dagrun for example_complex to None, run_after=None
[2022-10-18 21:35:28,595] {processor.py:161} INFO - Processing /home/airflow/.local/lib/python3.9/site-packages/airflow/example_dags/example_complex.py took 1.106 seconds
[2022-10-18 21:35:58,936] {processor.py:153} INFO - Started process (PID=1942) to work on /home/airflow/.local/lib/python3.9/site-packages/airflow/example_dags/example_complex.py
[2022-10-18 21:35:58,942] {processor.py:641} INFO - Processing file /home/airflow/.local/lib/python3.9/site-packages/airflow/example_dags/example_complex.py for tasks to queue
[2022-10-18 21:35:58,945] {logging_mixin.py:115} INFO - [2022-10-18 21:35:58,944] {dagbag.py:507} INFO - Filling up the DagBag from /home/airflow/.local/lib/python3.9/site-packages/airflow/example_dags/example_complex.py
[2022-10-18 21:35:59,124] {processor.py:651} INFO - DAG(s) dict_keys(['example_complex']) retrieved from /home/airflow/.local/lib/python3.9/site-packages/airflow/example_dags/example_complex.py
[2022-10-18 21:35:59,410] {logging_mixin.py:115} INFO - [2022-10-18 21:35:59,409] {dag.py:2379} INFO - Sync 1 DAGs
[2022-10-18 21:35:59,620] {logging_mixin.py:115} INFO - [2022-10-18 21:35:59,619] {dag.py:2927} INFO - Setting next_dagrun for example_complex to None, run_after=None
[2022-10-18 21:35:59,737] {processor.py:161} INFO - Processing /home/airflow/.local/lib/python3.9/site-packages/airflow/example_dags/example_complex.py took 0.828 seconds
[2022-10-18 21:36:30,013] {processor.py:153} INFO - Started process (PID=2038) to work on /home/airflow/.local/lib/python3.9/site-packages/airflow/example_dags/example_complex.py
[2022-10-18 21:36:30,027] {processor.py:641} INFO - Processing file /home/airflow/.local/lib/python3.9/site-packages/airflow/example_dags/example_complex.py for tasks to queue
[2022-10-18 21:36:30,041] {logging_mixin.py:115} INFO - [2022-10-18 21:36:30,035] {dagbag.py:507} INFO - Filling up the DagBag from /home/airflow/.local/lib/python3.9/site-packages/airflow/example_dags/example_complex.py
[2022-10-18 21:36:30,237] {processor.py:651} INFO - DAG(s) dict_keys(['example_complex']) retrieved from /home/airflow/.local/lib/python3.9/site-packages/airflow/example_dags/example_complex.py
[2022-10-18 21:36:30,739] {logging_mixin.py:115} INFO - [2022-10-18 21:36:30,738] {dag.py:2379} INFO - Sync 1 DAGs
[2022-10-18 21:36:31,112] {logging_mixin.py:115} INFO - [2022-10-18 21:36:31,112] {dag.py:2927} INFO - Setting next_dagrun for example_complex to None, run_after=None
[2022-10-18 21:36:31,173] {processor.py:161} INFO - Processing /home/airflow/.local/lib/python3.9/site-packages/airflow/example_dags/example_complex.py took 1.225 seconds
[2022-10-18 21:37:01,305] {processor.py:153} INFO - Started process (PID=2119) to work on /home/airflow/.local/lib/python3.9/site-packages/airflow/example_dags/example_complex.py
[2022-10-18 21:37:01,310] {processor.py:641} INFO - Processing file /home/airflow/.local/lib/python3.9/site-packages/airflow/example_dags/example_complex.py for tasks to queue
[2022-10-18 21:37:01,316] {logging_mixin.py:115} INFO - [2022-10-18 21:37:01,316] {dagbag.py:507} INFO - Filling up the DagBag from /home/airflow/.local/lib/python3.9/site-packages/airflow/example_dags/example_complex.py
[2022-10-18 21:37:01,496] {processor.py:651} INFO - DAG(s) dict_keys(['example_complex']) retrieved from /home/airflow/.local/lib/python3.9/site-packages/airflow/example_dags/example_complex.py
[2022-10-18 21:37:01,731] {logging_mixin.py:115} INFO - [2022-10-18 21:37:01,730] {dag.py:2379} INFO - Sync 1 DAGs
[2022-10-18 21:37:01,945] {logging_mixin.py:115} INFO - [2022-10-18 21:37:01,944] {dag.py:2927} INFO - Setting next_dagrun for example_complex to None, run_after=None
[2022-10-18 21:37:02,117] {processor.py:161} INFO - Processing /home/airflow/.local/lib/python3.9/site-packages/airflow/example_dags/example_complex.py took 0.820 seconds
[2022-10-18 21:37:34,297] {processor.py:153} INFO - Started process (PID=2215) to work on /home/airflow/.local/lib/python3.9/site-packages/airflow/example_dags/example_complex.py
[2022-10-18 21:37:34,347] {processor.py:641} INFO - Processing file /home/airflow/.local/lib/python3.9/site-packages/airflow/example_dags/example_complex.py for tasks to queue
[2022-10-18 21:37:34,355] {logging_mixin.py:115} INFO - [2022-10-18 21:37:34,355] {dagbag.py:507} INFO - Filling up the DagBag from /home/airflow/.local/lib/python3.9/site-packages/airflow/example_dags/example_complex.py
[2022-10-18 21:37:34,636] {processor.py:651} INFO - DAG(s) dict_keys(['example_complex']) retrieved from /home/airflow/.local/lib/python3.9/site-packages/airflow/example_dags/example_complex.py
[2022-10-18 21:37:35,256] {logging_mixin.py:115} INFO - [2022-10-18 21:37:35,254] {dag.py:2379} INFO - Sync 1 DAGs
[2022-10-18 21:37:35,480] {logging_mixin.py:115} INFO - [2022-10-18 21:37:35,480] {dag.py:2927} INFO - Setting next_dagrun for example_complex to None, run_after=None
[2022-10-18 21:37:35,573] {processor.py:161} INFO - Processing /home/airflow/.local/lib/python3.9/site-packages/airflow/example_dags/example_complex.py took 1.302 seconds
[2022-10-18 21:38:06,059] {processor.py:153} INFO - Started process (PID=2311) to work on /home/airflow/.local/lib/python3.9/site-packages/airflow/example_dags/example_complex.py
[2022-10-18 21:38:06,071] {processor.py:641} INFO - Processing file /home/airflow/.local/lib/python3.9/site-packages/airflow/example_dags/example_complex.py for tasks to queue
[2022-10-18 21:38:06,080] {logging_mixin.py:115} INFO - [2022-10-18 21:38:06,079] {dagbag.py:507} INFO - Filling up the DagBag from /home/airflow/.local/lib/python3.9/site-packages/airflow/example_dags/example_complex.py
[2022-10-18 21:38:06,377] {processor.py:651} INFO - DAG(s) dict_keys(['example_complex']) retrieved from /home/airflow/.local/lib/python3.9/site-packages/airflow/example_dags/example_complex.py
[2022-10-18 21:38:06,808] {logging_mixin.py:115} INFO - [2022-10-18 21:38:06,808] {dag.py:2379} INFO - Sync 1 DAGs
[2022-10-18 21:38:07,135] {logging_mixin.py:115} INFO - [2022-10-18 21:38:07,135] {dag.py:2927} INFO - Setting next_dagrun for example_complex to None, run_after=None
[2022-10-18 21:38:07,337] {processor.py:161} INFO - Processing /home/airflow/.local/lib/python3.9/site-packages/airflow/example_dags/example_complex.py took 1.324 seconds
[2022-10-18 21:38:37,558] {processor.py:153} INFO - Started process (PID=2395) to work on /home/airflow/.local/lib/python3.9/site-packages/airflow/example_dags/example_complex.py
[2022-10-18 21:38:37,562] {processor.py:641} INFO - Processing file /home/airflow/.local/lib/python3.9/site-packages/airflow/example_dags/example_complex.py for tasks to queue
[2022-10-18 21:38:37,570] {logging_mixin.py:115} INFO - [2022-10-18 21:38:37,570] {dagbag.py:507} INFO - Filling up the DagBag from /home/airflow/.local/lib/python3.9/site-packages/airflow/example_dags/example_complex.py
[2022-10-18 21:38:37,921] {processor.py:651} INFO - DAG(s) dict_keys(['example_complex']) retrieved from /home/airflow/.local/lib/python3.9/site-packages/airflow/example_dags/example_complex.py
[2022-10-18 21:38:38,249] {logging_mixin.py:115} INFO - [2022-10-18 21:38:38,249] {dag.py:2379} INFO - Sync 1 DAGs
[2022-10-18 21:38:38,524] {logging_mixin.py:115} INFO - [2022-10-18 21:38:38,523] {dag.py:2927} INFO - Setting next_dagrun for example_complex to None, run_after=None
[2022-10-18 21:38:38,621] {processor.py:161} INFO - Processing /home/airflow/.local/lib/python3.9/site-packages/airflow/example_dags/example_complex.py took 1.097 seconds
[2022-10-18 21:39:09,346] {processor.py:153} INFO - Started process (PID=2491) to work on /home/airflow/.local/lib/python3.9/site-packages/airflow/example_dags/example_complex.py
[2022-10-18 21:39:09,361] {processor.py:641} INFO - Processing file /home/airflow/.local/lib/python3.9/site-packages/airflow/example_dags/example_complex.py for tasks to queue
[2022-10-18 21:39:09,366] {logging_mixin.py:115} INFO - [2022-10-18 21:39:09,365] {dagbag.py:507} INFO - Filling up the DagBag from /home/airflow/.local/lib/python3.9/site-packages/airflow/example_dags/example_complex.py
[2022-10-18 21:39:09,510] {processor.py:651} INFO - DAG(s) dict_keys(['example_complex']) retrieved from /home/airflow/.local/lib/python3.9/site-packages/airflow/example_dags/example_complex.py
[2022-10-18 21:39:09,853] {logging_mixin.py:115} INFO - [2022-10-18 21:39:09,852] {dag.py:2379} INFO - Sync 1 DAGs
[2022-10-18 21:39:10,059] {logging_mixin.py:115} INFO - [2022-10-18 21:39:10,058] {dag.py:2927} INFO - Setting next_dagrun for example_complex to None, run_after=None
[2022-10-18 21:39:10,161] {processor.py:161} INFO - Processing /home/airflow/.local/lib/python3.9/site-packages/airflow/example_dags/example_complex.py took 0.837 seconds
[2022-10-18 21:39:40,412] {processor.py:153} INFO - Started process (PID=2577) to work on /home/airflow/.local/lib/python3.9/site-packages/airflow/example_dags/example_complex.py
[2022-10-18 21:39:40,423] {processor.py:641} INFO - Processing file /home/airflow/.local/lib/python3.9/site-packages/airflow/example_dags/example_complex.py for tasks to queue
[2022-10-18 21:39:40,426] {logging_mixin.py:115} INFO - [2022-10-18 21:39:40,426] {dagbag.py:507} INFO - Filling up the DagBag from /home/airflow/.local/lib/python3.9/site-packages/airflow/example_dags/example_complex.py
[2022-10-18 21:39:40,554] {processor.py:651} INFO - DAG(s) dict_keys(['example_complex']) retrieved from /home/airflow/.local/lib/python3.9/site-packages/airflow/example_dags/example_complex.py
[2022-10-18 21:39:40,683] {logging_mixin.py:115} INFO - [2022-10-18 21:39:40,682] {dag.py:2379} INFO - Sync 1 DAGs
[2022-10-18 21:39:40,768] {logging_mixin.py:115} INFO - [2022-10-18 21:39:40,768] {dag.py:2927} INFO - Setting next_dagrun for example_complex to None, run_after=None
[2022-10-18 21:39:40,808] {processor.py:161} INFO - Processing /home/airflow/.local/lib/python3.9/site-packages/airflow/example_dags/example_complex.py took 0.404 seconds
[2022-10-18 21:40:11,137] {processor.py:153} INFO - Started process (PID=2669) to work on /home/airflow/.local/lib/python3.9/site-packages/airflow/example_dags/example_complex.py
[2022-10-18 21:40:11,144] {processor.py:641} INFO - Processing file /home/airflow/.local/lib/python3.9/site-packages/airflow/example_dags/example_complex.py for tasks to queue
[2022-10-18 21:40:11,147] {logging_mixin.py:115} INFO - [2022-10-18 21:40:11,147] {dagbag.py:507} INFO - Filling up the DagBag from /home/airflow/.local/lib/python3.9/site-packages/airflow/example_dags/example_complex.py
[2022-10-18 21:40:11,315] {processor.py:651} INFO - DAG(s) dict_keys(['example_complex']) retrieved from /home/airflow/.local/lib/python3.9/site-packages/airflow/example_dags/example_complex.py
[2022-10-18 21:40:11,720] {logging_mixin.py:115} INFO - [2022-10-18 21:40:11,713] {dag.py:2379} INFO - Sync 1 DAGs
[2022-10-18 21:40:11,979] {logging_mixin.py:115} INFO - [2022-10-18 21:40:11,978] {dag.py:2927} INFO - Setting next_dagrun for example_complex to None, run_after=None
[2022-10-18 21:40:12,114] {processor.py:161} INFO - Processing /home/airflow/.local/lib/python3.9/site-packages/airflow/example_dags/example_complex.py took 0.986 seconds
[2022-10-18 21:40:42,473] {processor.py:153} INFO - Started process (PID=2764) to work on /home/airflow/.local/lib/python3.9/site-packages/airflow/example_dags/example_complex.py
[2022-10-18 21:40:42,478] {processor.py:641} INFO - Processing file /home/airflow/.local/lib/python3.9/site-packages/airflow/example_dags/example_complex.py for tasks to queue
[2022-10-18 21:40:42,484] {logging_mixin.py:115} INFO - [2022-10-18 21:40:42,483] {dagbag.py:507} INFO - Filling up the DagBag from /home/airflow/.local/lib/python3.9/site-packages/airflow/example_dags/example_complex.py
[2022-10-18 21:40:42,681] {processor.py:651} INFO - DAG(s) dict_keys(['example_complex']) retrieved from /home/airflow/.local/lib/python3.9/site-packages/airflow/example_dags/example_complex.py
[2022-10-18 21:40:43,097] {logging_mixin.py:115} INFO - [2022-10-18 21:40:43,096] {dag.py:2379} INFO - Sync 1 DAGs
[2022-10-18 21:40:43,313] {logging_mixin.py:115} INFO - [2022-10-18 21:40:43,312] {dag.py:2927} INFO - Setting next_dagrun for example_complex to None, run_after=None
[2022-10-18 21:40:43,422] {processor.py:161} INFO - Processing /home/airflow/.local/lib/python3.9/site-packages/airflow/example_dags/example_complex.py took 0.971 seconds
[2022-10-18 21:41:14,240] {processor.py:153} INFO - Started process (PID=2846) to work on /home/airflow/.local/lib/python3.9/site-packages/airflow/example_dags/example_complex.py
[2022-10-18 21:41:14,242] {processor.py:641} INFO - Processing file /home/airflow/.local/lib/python3.9/site-packages/airflow/example_dags/example_complex.py for tasks to queue
[2022-10-18 21:41:14,254] {logging_mixin.py:115} INFO - [2022-10-18 21:41:14,253] {dagbag.py:507} INFO - Filling up the DagBag from /home/airflow/.local/lib/python3.9/site-packages/airflow/example_dags/example_complex.py
[2022-10-18 21:41:14,464] {processor.py:651} INFO - DAG(s) dict_keys(['example_complex']) retrieved from /home/airflow/.local/lib/python3.9/site-packages/airflow/example_dags/example_complex.py
[2022-10-18 21:41:14,769] {logging_mixin.py:115} INFO - [2022-10-18 21:41:14,768] {dag.py:2379} INFO - Sync 1 DAGs
[2022-10-18 21:41:14,993] {logging_mixin.py:115} INFO - [2022-10-18 21:41:14,985] {dag.py:2927} INFO - Setting next_dagrun for example_complex to None, run_after=None
[2022-10-18 21:41:15,091] {processor.py:161} INFO - Processing /home/airflow/.local/lib/python3.9/site-packages/airflow/example_dags/example_complex.py took 0.881 seconds
[2022-10-18 21:41:45,354] {processor.py:153} INFO - Started process (PID=2942) to work on /home/airflow/.local/lib/python3.9/site-packages/airflow/example_dags/example_complex.py
[2022-10-18 21:41:45,363] {processor.py:641} INFO - Processing file /home/airflow/.local/lib/python3.9/site-packages/airflow/example_dags/example_complex.py for tasks to queue
[2022-10-18 21:41:45,369] {logging_mixin.py:115} INFO - [2022-10-18 21:41:45,369] {dagbag.py:507} INFO - Filling up the DagBag from /home/airflow/.local/lib/python3.9/site-packages/airflow/example_dags/example_complex.py
[2022-10-18 21:41:45,585] {processor.py:651} INFO - DAG(s) dict_keys(['example_complex']) retrieved from /home/airflow/.local/lib/python3.9/site-packages/airflow/example_dags/example_complex.py
[2022-10-18 21:41:45,788] {logging_mixin.py:115} INFO - [2022-10-18 21:41:45,788] {dag.py:2379} INFO - Sync 1 DAGs
[2022-10-18 21:41:45,933] {logging_mixin.py:115} INFO - [2022-10-18 21:41:45,933] {dag.py:2927} INFO - Setting next_dagrun for example_complex to None, run_after=None
[2022-10-18 21:41:46,018] {processor.py:161} INFO - Processing /home/airflow/.local/lib/python3.9/site-packages/airflow/example_dags/example_complex.py took 0.692 seconds
[2022-10-18 21:42:16,568] {processor.py:153} INFO - Started process (PID=3024) to work on /home/airflow/.local/lib/python3.9/site-packages/airflow/example_dags/example_complex.py
[2022-10-18 21:42:16,572] {processor.py:641} INFO - Processing file /home/airflow/.local/lib/python3.9/site-packages/airflow/example_dags/example_complex.py for tasks to queue
[2022-10-18 21:42:16,577] {logging_mixin.py:115} INFO - [2022-10-18 21:42:16,576] {dagbag.py:507} INFO - Filling up the DagBag from /home/airflow/.local/lib/python3.9/site-packages/airflow/example_dags/example_complex.py
[2022-10-18 21:42:16,731] {processor.py:651} INFO - DAG(s) dict_keys(['example_complex']) retrieved from /home/airflow/.local/lib/python3.9/site-packages/airflow/example_dags/example_complex.py
[2022-10-18 21:42:16,932] {logging_mixin.py:115} INFO - [2022-10-18 21:42:16,932] {dag.py:2379} INFO - Sync 1 DAGs
[2022-10-18 21:42:17,078] {logging_mixin.py:115} INFO - [2022-10-18 21:42:17,078] {dag.py:2927} INFO - Setting next_dagrun for example_complex to None, run_after=None
[2022-10-18 21:42:17,148] {processor.py:161} INFO - Processing /home/airflow/.local/lib/python3.9/site-packages/airflow/example_dags/example_complex.py took 0.595 seconds
[2022-10-18 21:42:47,504] {processor.py:153} INFO - Started process (PID=3119) to work on /home/airflow/.local/lib/python3.9/site-packages/airflow/example_dags/example_complex.py
[2022-10-18 21:42:47,510] {processor.py:641} INFO - Processing file /home/airflow/.local/lib/python3.9/site-packages/airflow/example_dags/example_complex.py for tasks to queue
[2022-10-18 21:42:47,515] {logging_mixin.py:115} INFO - [2022-10-18 21:42:47,514] {dagbag.py:507} INFO - Filling up the DagBag from /home/airflow/.local/lib/python3.9/site-packages/airflow/example_dags/example_complex.py
[2022-10-18 21:42:47,748] {processor.py:651} INFO - DAG(s) dict_keys(['example_complex']) retrieved from /home/airflow/.local/lib/python3.9/site-packages/airflow/example_dags/example_complex.py
[2022-10-18 21:42:48,154] {logging_mixin.py:115} INFO - [2022-10-18 21:42:48,154] {dag.py:2379} INFO - Sync 1 DAGs
[2022-10-18 21:42:48,444] {logging_mixin.py:115} INFO - [2022-10-18 21:42:48,444] {dag.py:2927} INFO - Setting next_dagrun for example_complex to None, run_after=None
[2022-10-18 21:42:48,616] {processor.py:161} INFO - Processing /home/airflow/.local/lib/python3.9/site-packages/airflow/example_dags/example_complex.py took 1.170 seconds
[2022-10-18 21:43:18,991] {processor.py:153} INFO - Started process (PID=3206) to work on /home/airflow/.local/lib/python3.9/site-packages/airflow/example_dags/example_complex.py
[2022-10-18 21:43:18,995] {processor.py:641} INFO - Processing file /home/airflow/.local/lib/python3.9/site-packages/airflow/example_dags/example_complex.py for tasks to queue
[2022-10-18 21:43:18,999] {logging_mixin.py:115} INFO - [2022-10-18 21:43:18,998] {dagbag.py:507} INFO - Filling up the DagBag from /home/airflow/.local/lib/python3.9/site-packages/airflow/example_dags/example_complex.py
[2022-10-18 21:43:19,125] {processor.py:651} INFO - DAG(s) dict_keys(['example_complex']) retrieved from /home/airflow/.local/lib/python3.9/site-packages/airflow/example_dags/example_complex.py
[2022-10-18 21:43:19,334] {logging_mixin.py:115} INFO - [2022-10-18 21:43:19,334] {dag.py:2379} INFO - Sync 1 DAGs
[2022-10-18 21:43:19,564] {logging_mixin.py:115} INFO - [2022-10-18 21:43:19,563] {dag.py:2927} INFO - Setting next_dagrun for example_complex to None, run_after=None
[2022-10-18 21:43:19,640] {processor.py:161} INFO - Processing /home/airflow/.local/lib/python3.9/site-packages/airflow/example_dags/example_complex.py took 0.665 seconds
[2022-10-18 21:43:50,684] {processor.py:153} INFO - Started process (PID=3297) to work on /home/airflow/.local/lib/python3.9/site-packages/airflow/example_dags/example_complex.py
[2022-10-18 21:43:50,703] {processor.py:641} INFO - Processing file /home/airflow/.local/lib/python3.9/site-packages/airflow/example_dags/example_complex.py for tasks to queue
[2022-10-18 21:43:50,707] {logging_mixin.py:115} INFO - [2022-10-18 21:43:50,707] {dagbag.py:507} INFO - Filling up the DagBag from /home/airflow/.local/lib/python3.9/site-packages/airflow/example_dags/example_complex.py
[2022-10-18 21:43:50,911] {processor.py:651} INFO - DAG(s) dict_keys(['example_complex']) retrieved from /home/airflow/.local/lib/python3.9/site-packages/airflow/example_dags/example_complex.py
[2022-10-18 21:43:51,401] {logging_mixin.py:115} INFO - [2022-10-18 21:43:51,397] {dag.py:2379} INFO - Sync 1 DAGs
[2022-10-18 21:43:51,798] {logging_mixin.py:115} INFO - [2022-10-18 21:43:51,797] {dag.py:2927} INFO - Setting next_dagrun for example_complex to None, run_after=None
[2022-10-18 21:43:51,899] {processor.py:161} INFO - Processing /home/airflow/.local/lib/python3.9/site-packages/airflow/example_dags/example_complex.py took 1.236 seconds
[2022-10-18 21:44:22,743] {processor.py:153} INFO - Started process (PID=3389) to work on /home/airflow/.local/lib/python3.9/site-packages/airflow/example_dags/example_complex.py
[2022-10-18 21:44:22,748] {processor.py:641} INFO - Processing file /home/airflow/.local/lib/python3.9/site-packages/airflow/example_dags/example_complex.py for tasks to queue
[2022-10-18 21:44:22,761] {logging_mixin.py:115} INFO - [2022-10-18 21:44:22,760] {dagbag.py:507} INFO - Filling up the DagBag from /home/airflow/.local/lib/python3.9/site-packages/airflow/example_dags/example_complex.py
[2022-10-18 21:44:23,155] {processor.py:651} INFO - DAG(s) dict_keys(['example_complex']) retrieved from /home/airflow/.local/lib/python3.9/site-packages/airflow/example_dags/example_complex.py
[2022-10-18 21:44:23,993] {logging_mixin.py:115} INFO - [2022-10-18 21:44:23,993] {dag.py:2379} INFO - Sync 1 DAGs
[2022-10-18 21:44:24,449] {logging_mixin.py:115} INFO - [2022-10-18 21:44:24,449] {dag.py:2927} INFO - Setting next_dagrun for example_complex to None, run_after=None
[2022-10-18 21:44:24,690] {processor.py:161} INFO - Processing /home/airflow/.local/lib/python3.9/site-packages/airflow/example_dags/example_complex.py took 2.002 seconds
[2022-10-18 21:44:55,017] {processor.py:153} INFO - Started process (PID=3475) to work on /home/airflow/.local/lib/python3.9/site-packages/airflow/example_dags/example_complex.py
[2022-10-18 21:44:55,033] {processor.py:641} INFO - Processing file /home/airflow/.local/lib/python3.9/site-packages/airflow/example_dags/example_complex.py for tasks to queue
[2022-10-18 21:44:55,040] {logging_mixin.py:115} INFO - [2022-10-18 21:44:55,039] {dagbag.py:507} INFO - Filling up the DagBag from /home/airflow/.local/lib/python3.9/site-packages/airflow/example_dags/example_complex.py
[2022-10-18 21:44:55,436] {processor.py:651} INFO - DAG(s) dict_keys(['example_complex']) retrieved from /home/airflow/.local/lib/python3.9/site-packages/airflow/example_dags/example_complex.py
[2022-10-18 21:44:56,048] {logging_mixin.py:115} INFO - [2022-10-18 21:44:56,040] {dag.py:2379} INFO - Sync 1 DAGs
[2022-10-18 21:44:56,358] {logging_mixin.py:115} INFO - [2022-10-18 21:44:56,357] {dag.py:2927} INFO - Setting next_dagrun for example_complex to None, run_after=None
[2022-10-18 21:44:56,469] {processor.py:161} INFO - Processing /home/airflow/.local/lib/python3.9/site-packages/airflow/example_dags/example_complex.py took 1.486 seconds
[2022-10-18 21:45:27,037] {processor.py:153} INFO - Started process (PID=3568) to work on /home/airflow/.local/lib/python3.9/site-packages/airflow/example_dags/example_complex.py
[2022-10-18 21:45:27,046] {processor.py:641} INFO - Processing file /home/airflow/.local/lib/python3.9/site-packages/airflow/example_dags/example_complex.py for tasks to queue
[2022-10-18 21:45:27,052] {logging_mixin.py:115} INFO - [2022-10-18 21:45:27,051] {dagbag.py:507} INFO - Filling up the DagBag from /home/airflow/.local/lib/python3.9/site-packages/airflow/example_dags/example_complex.py
[2022-10-18 21:45:27,399] {processor.py:651} INFO - DAG(s) dict_keys(['example_complex']) retrieved from /home/airflow/.local/lib/python3.9/site-packages/airflow/example_dags/example_complex.py
[2022-10-18 21:45:28,031] {logging_mixin.py:115} INFO - [2022-10-18 21:45:28,021] {dag.py:2379} INFO - Sync 1 DAGs
[2022-10-18 21:45:28,633] {logging_mixin.py:115} INFO - [2022-10-18 21:45:28,621] {dag.py:2927} INFO - Setting next_dagrun for example_complex to None, run_after=None
[2022-10-18 21:45:28,881] {processor.py:161} INFO - Processing /home/airflow/.local/lib/python3.9/site-packages/airflow/example_dags/example_complex.py took 1.873 seconds
[2022-10-18 21:46:04,715] {processor.py:153} INFO - Started process (PID=3662) to work on /home/airflow/.local/lib/python3.9/site-packages/airflow/example_dags/example_complex.py
[2022-10-18 21:46:04,735] {processor.py:641} INFO - Processing file /home/airflow/.local/lib/python3.9/site-packages/airflow/example_dags/example_complex.py for tasks to queue
[2022-10-18 21:46:04,750] {logging_mixin.py:115} INFO - [2022-10-18 21:46:04,741] {dagbag.py:507} INFO - Filling up the DagBag from /home/airflow/.local/lib/python3.9/site-packages/airflow/example_dags/example_complex.py
[2022-10-18 21:46:05,250] {processor.py:651} INFO - DAG(s) dict_keys(['example_complex']) retrieved from /home/airflow/.local/lib/python3.9/site-packages/airflow/example_dags/example_complex.py
[2022-10-18 21:46:05,925] {logging_mixin.py:115} INFO - [2022-10-18 21:46:05,924] {dag.py:2379} INFO - Sync 1 DAGs
[2022-10-18 21:46:06,595] {logging_mixin.py:115} INFO - [2022-10-18 21:46:06,594] {dag.py:2927} INFO - Setting next_dagrun for example_complex to None, run_after=None
[2022-10-18 21:46:06,858] {processor.py:161} INFO - Processing /home/airflow/.local/lib/python3.9/site-packages/airflow/example_dags/example_complex.py took 2.194 seconds
[2022-10-18 21:46:47,510] {processor.py:153} INFO - Started process (PID=3759) to work on /home/airflow/.local/lib/python3.9/site-packages/airflow/example_dags/example_complex.py
[2022-10-18 21:46:47,519] {processor.py:641} INFO - Processing file /home/airflow/.local/lib/python3.9/site-packages/airflow/example_dags/example_complex.py for tasks to queue
[2022-10-18 21:46:47,532] {logging_mixin.py:115} INFO - [2022-10-18 21:46:47,527] {dagbag.py:507} INFO - Filling up the DagBag from /home/airflow/.local/lib/python3.9/site-packages/airflow/example_dags/example_complex.py
[2022-10-18 21:46:48,183] {processor.py:651} INFO - DAG(s) dict_keys(['example_complex']) retrieved from /home/airflow/.local/lib/python3.9/site-packages/airflow/example_dags/example_complex.py
[2022-10-18 21:46:49,415] {logging_mixin.py:115} INFO - [2022-10-18 21:46:49,414] {dag.py:2379} INFO - Sync 1 DAGs
[2022-10-18 21:46:50,422] {logging_mixin.py:115} INFO - [2022-10-18 21:46:50,421] {dag.py:2927} INFO - Setting next_dagrun for example_complex to None, run_after=None
[2022-10-18 21:46:50,855] {processor.py:161} INFO - Processing /home/airflow/.local/lib/python3.9/site-packages/airflow/example_dags/example_complex.py took 3.372 seconds
[2022-10-18 21:47:36,879] {processor.py:153} INFO - Started process (PID=3856) to work on /home/airflow/.local/lib/python3.9/site-packages/airflow/example_dags/example_complex.py
[2022-10-18 21:47:36,892] {processor.py:641} INFO - Processing file /home/airflow/.local/lib/python3.9/site-packages/airflow/example_dags/example_complex.py for tasks to queue
[2022-10-18 21:47:36,923] {logging_mixin.py:115} INFO - [2022-10-18 21:47:36,915] {dagbag.py:507} INFO - Filling up the DagBag from /home/airflow/.local/lib/python3.9/site-packages/airflow/example_dags/example_complex.py
[2022-10-18 21:47:37,637] {processor.py:651} INFO - DAG(s) dict_keys(['example_complex']) retrieved from /home/airflow/.local/lib/python3.9/site-packages/airflow/example_dags/example_complex.py
[2022-10-18 21:47:38,644] {logging_mixin.py:115} INFO - [2022-10-18 21:47:38,643] {dag.py:2379} INFO - Sync 1 DAGs
[2022-10-18 21:47:39,516] {logging_mixin.py:115} INFO - [2022-10-18 21:47:39,516] {dag.py:2927} INFO - Setting next_dagrun for example_complex to None, run_after=None
[2022-10-18 21:47:39,842] {processor.py:161} INFO - Processing /home/airflow/.local/lib/python3.9/site-packages/airflow/example_dags/example_complex.py took 3.017 seconds
