[2022-10-18 21:13:27,532] {processor.py:153} INFO - Started process (PID=241) to work on /home/airflow/.local/lib/python3.9/site-packages/airflow/example_dags/example_short_circuit_operator.py
[2022-10-18 21:13:27,544] {processor.py:641} INFO - Processing file /home/airflow/.local/lib/python3.9/site-packages/airflow/example_dags/example_short_circuit_operator.py for tasks to queue
[2022-10-18 21:13:27,549] {logging_mixin.py:115} INFO - [2022-10-18 21:13:27,548] {dagbag.py:507} INFO - Filling up the DagBag from /home/airflow/.local/lib/python3.9/site-packages/airflow/example_dags/example_short_circuit_operator.py
[2022-10-18 21:13:27,761] {processor.py:651} INFO - DAG(s) dict_keys(['example_short_circuit_operator']) retrieved from /home/airflow/.local/lib/python3.9/site-packages/airflow/example_dags/example_short_circuit_operator.py
[2022-10-18 21:13:28,189] {logging_mixin.py:115} INFO - [2022-10-18 21:13:28,188] {dag.py:2379} INFO - Sync 1 DAGs
[2022-10-18 21:13:28,527] {logging_mixin.py:115} INFO - [2022-10-18 21:13:28,526] {dag.py:2927} INFO - Setting next_dagrun for example_short_circuit_operator to 2022-10-17T21:13:28.514641+00:00, run_after=2022-10-18T21:13:28.514641+00:00
[2022-10-18 21:13:28,750] {processor.py:161} INFO - Processing /home/airflow/.local/lib/python3.9/site-packages/airflow/example_dags/example_short_circuit_operator.py took 1.241 seconds
[2022-10-18 21:13:59,604] {processor.py:153} INFO - Started process (PID=331) to work on /home/airflow/.local/lib/python3.9/site-packages/airflow/example_dags/example_short_circuit_operator.py
[2022-10-18 21:13:59,609] {processor.py:641} INFO - Processing file /home/airflow/.local/lib/python3.9/site-packages/airflow/example_dags/example_short_circuit_operator.py for tasks to queue
[2022-10-18 21:13:59,618] {logging_mixin.py:115} INFO - [2022-10-18 21:13:59,617] {dagbag.py:507} INFO - Filling up the DagBag from /home/airflow/.local/lib/python3.9/site-packages/airflow/example_dags/example_short_circuit_operator.py
[2022-10-18 21:13:59,739] {processor.py:651} INFO - DAG(s) dict_keys(['example_short_circuit_operator']) retrieved from /home/airflow/.local/lib/python3.9/site-packages/airflow/example_dags/example_short_circuit_operator.py
[2022-10-18 21:14:00,042] {logging_mixin.py:115} INFO - [2022-10-18 21:14:00,042] {dag.py:2379} INFO - Sync 1 DAGs
[2022-10-18 21:14:00,351] {logging_mixin.py:115} INFO - [2022-10-18 21:14:00,350] {dag.py:2927} INFO - Setting next_dagrun for example_short_circuit_operator to 2022-10-17T21:14:00.348805+00:00, run_after=2022-10-18T21:14:00.348805+00:00
[2022-10-18 21:14:00,479] {processor.py:161} INFO - Processing /home/airflow/.local/lib/python3.9/site-packages/airflow/example_dags/example_short_circuit_operator.py took 0.902 seconds
[2022-10-18 21:14:30,990] {processor.py:153} INFO - Started process (PID=427) to work on /home/airflow/.local/lib/python3.9/site-packages/airflow/example_dags/example_short_circuit_operator.py
[2022-10-18 21:14:30,999] {processor.py:641} INFO - Processing file /home/airflow/.local/lib/python3.9/site-packages/airflow/example_dags/example_short_circuit_operator.py for tasks to queue
[2022-10-18 21:14:31,012] {logging_mixin.py:115} INFO - [2022-10-18 21:14:31,012] {dagbag.py:507} INFO - Filling up the DagBag from /home/airflow/.local/lib/python3.9/site-packages/airflow/example_dags/example_short_circuit_operator.py
[2022-10-18 21:14:31,257] {processor.py:651} INFO - DAG(s) dict_keys(['example_short_circuit_operator']) retrieved from /home/airflow/.local/lib/python3.9/site-packages/airflow/example_dags/example_short_circuit_operator.py
[2022-10-18 21:14:31,770] {logging_mixin.py:115} INFO - [2022-10-18 21:14:31,770] {dag.py:2379} INFO - Sync 1 DAGs
[2022-10-18 21:14:32,211] {logging_mixin.py:115} INFO - [2022-10-18 21:14:32,210] {dag.py:2927} INFO - Setting next_dagrun for example_short_circuit_operator to 2022-10-17T21:14:32.208951+00:00, run_after=2022-10-18T21:14:32.208951+00:00
[2022-10-18 21:14:32,343] {processor.py:161} INFO - Processing /home/airflow/.local/lib/python3.9/site-packages/airflow/example_dags/example_short_circuit_operator.py took 1.404 seconds
[2022-10-18 21:15:03,664] {processor.py:153} INFO - Started process (PID=508) to work on /home/airflow/.local/lib/python3.9/site-packages/airflow/example_dags/example_short_circuit_operator.py
[2022-10-18 21:15:03,672] {processor.py:641} INFO - Processing file /home/airflow/.local/lib/python3.9/site-packages/airflow/example_dags/example_short_circuit_operator.py for tasks to queue
[2022-10-18 21:15:03,677] {logging_mixin.py:115} INFO - [2022-10-18 21:15:03,677] {dagbag.py:507} INFO - Filling up the DagBag from /home/airflow/.local/lib/python3.9/site-packages/airflow/example_dags/example_short_circuit_operator.py
[2022-10-18 21:15:03,850] {processor.py:651} INFO - DAG(s) dict_keys(['example_short_circuit_operator']) retrieved from /home/airflow/.local/lib/python3.9/site-packages/airflow/example_dags/example_short_circuit_operator.py
[2022-10-18 21:15:04,315] {logging_mixin.py:115} INFO - [2022-10-18 21:15:04,315] {dag.py:2379} INFO - Sync 1 DAGs
[2022-10-18 21:15:04,599] {logging_mixin.py:115} INFO - [2022-10-18 21:15:04,596] {dag.py:2927} INFO - Setting next_dagrun for example_short_circuit_operator to 2022-10-17T21:15:04.592421+00:00, run_after=2022-10-18T21:15:04.592421+00:00
[2022-10-18 21:15:04,736] {processor.py:161} INFO - Processing /home/airflow/.local/lib/python3.9/site-packages/airflow/example_dags/example_short_circuit_operator.py took 1.101 seconds
[2022-10-18 21:15:35,600] {processor.py:153} INFO - Started process (PID=604) to work on /home/airflow/.local/lib/python3.9/site-packages/airflow/example_dags/example_short_circuit_operator.py
[2022-10-18 21:15:35,631] {processor.py:641} INFO - Processing file /home/airflow/.local/lib/python3.9/site-packages/airflow/example_dags/example_short_circuit_operator.py for tasks to queue
[2022-10-18 21:15:35,639] {logging_mixin.py:115} INFO - [2022-10-18 21:15:35,639] {dagbag.py:507} INFO - Filling up the DagBag from /home/airflow/.local/lib/python3.9/site-packages/airflow/example_dags/example_short_circuit_operator.py
[2022-10-18 21:15:35,703] {processor.py:651} INFO - DAG(s) dict_keys(['example_short_circuit_operator']) retrieved from /home/airflow/.local/lib/python3.9/site-packages/airflow/example_dags/example_short_circuit_operator.py
[2022-10-18 21:15:35,959] {logging_mixin.py:115} INFO - [2022-10-18 21:15:35,955] {dag.py:2379} INFO - Sync 1 DAGs
[2022-10-18 21:15:36,308] {logging_mixin.py:115} INFO - [2022-10-18 21:15:36,308] {dag.py:2927} INFO - Setting next_dagrun for example_short_circuit_operator to 2022-10-17T21:15:36.305829+00:00, run_after=2022-10-18T21:15:36.305829+00:00
[2022-10-18 21:15:36,439] {processor.py:161} INFO - Processing /home/airflow/.local/lib/python3.9/site-packages/airflow/example_dags/example_short_circuit_operator.py took 0.889 seconds
[2022-10-18 21:16:07,404] {processor.py:153} INFO - Started process (PID=691) to work on /home/airflow/.local/lib/python3.9/site-packages/airflow/example_dags/example_short_circuit_operator.py
[2022-10-18 21:16:07,408] {processor.py:641} INFO - Processing file /home/airflow/.local/lib/python3.9/site-packages/airflow/example_dags/example_short_circuit_operator.py for tasks to queue
[2022-10-18 21:16:07,411] {logging_mixin.py:115} INFO - [2022-10-18 21:16:07,410] {dagbag.py:507} INFO - Filling up the DagBag from /home/airflow/.local/lib/python3.9/site-packages/airflow/example_dags/example_short_circuit_operator.py
[2022-10-18 21:16:07,585] {processor.py:651} INFO - DAG(s) dict_keys(['example_short_circuit_operator']) retrieved from /home/airflow/.local/lib/python3.9/site-packages/airflow/example_dags/example_short_circuit_operator.py
[2022-10-18 21:16:08,010] {logging_mixin.py:115} INFO - [2022-10-18 21:16:08,009] {dag.py:2379} INFO - Sync 1 DAGs
[2022-10-18 21:16:08,414] {logging_mixin.py:115} INFO - [2022-10-18 21:16:08,414] {dag.py:2927} INFO - Setting next_dagrun for example_short_circuit_operator to 2022-10-17T21:16:08.412307+00:00, run_after=2022-10-18T21:16:08.412307+00:00
[2022-10-18 21:16:08,575] {processor.py:161} INFO - Processing /home/airflow/.local/lib/python3.9/site-packages/airflow/example_dags/example_short_circuit_operator.py took 1.208 seconds
[2022-10-18 21:16:39,980] {processor.py:153} INFO - Started process (PID=786) to work on /home/airflow/.local/lib/python3.9/site-packages/airflow/example_dags/example_short_circuit_operator.py
[2022-10-18 21:16:39,987] {processor.py:641} INFO - Processing file /home/airflow/.local/lib/python3.9/site-packages/airflow/example_dags/example_short_circuit_operator.py for tasks to queue
[2022-10-18 21:16:39,995] {logging_mixin.py:115} INFO - [2022-10-18 21:16:39,994] {dagbag.py:507} INFO - Filling up the DagBag from /home/airflow/.local/lib/python3.9/site-packages/airflow/example_dags/example_short_circuit_operator.py
[2022-10-18 21:16:40,227] {processor.py:651} INFO - DAG(s) dict_keys(['example_short_circuit_operator']) retrieved from /home/airflow/.local/lib/python3.9/site-packages/airflow/example_dags/example_short_circuit_operator.py
[2022-10-18 21:16:40,497] {logging_mixin.py:115} INFO - [2022-10-18 21:16:40,496] {dag.py:2379} INFO - Sync 1 DAGs
[2022-10-18 21:16:40,927] {logging_mixin.py:115} INFO - [2022-10-18 21:16:40,926] {dag.py:2927} INFO - Setting next_dagrun for example_short_circuit_operator to 2022-10-17T21:16:40.924858+00:00, run_after=2022-10-18T21:16:40.924858+00:00
[2022-10-18 21:16:41,067] {processor.py:161} INFO - Processing /home/airflow/.local/lib/python3.9/site-packages/airflow/example_dags/example_short_circuit_operator.py took 1.115 seconds
[2022-10-18 21:17:11,433] {processor.py:153} INFO - Started process (PID=876) to work on /home/airflow/.local/lib/python3.9/site-packages/airflow/example_dags/example_short_circuit_operator.py
[2022-10-18 21:17:11,446] {processor.py:641} INFO - Processing file /home/airflow/.local/lib/python3.9/site-packages/airflow/example_dags/example_short_circuit_operator.py for tasks to queue
[2022-10-18 21:17:11,450] {logging_mixin.py:115} INFO - [2022-10-18 21:17:11,449] {dagbag.py:507} INFO - Filling up the DagBag from /home/airflow/.local/lib/python3.9/site-packages/airflow/example_dags/example_short_circuit_operator.py
[2022-10-18 21:17:11,614] {processor.py:651} INFO - DAG(s) dict_keys(['example_short_circuit_operator']) retrieved from /home/airflow/.local/lib/python3.9/site-packages/airflow/example_dags/example_short_circuit_operator.py
[2022-10-18 21:17:11,849] {logging_mixin.py:115} INFO - [2022-10-18 21:17:11,849] {dag.py:2379} INFO - Sync 1 DAGs
[2022-10-18 21:17:12,274] {logging_mixin.py:115} INFO - [2022-10-18 21:17:12,273] {dag.py:2927} INFO - Setting next_dagrun for example_short_circuit_operator to 2022-10-17T21:17:12.270723+00:00, run_after=2022-10-18T21:17:12.270723+00:00
[2022-10-18 21:17:12,666] {processor.py:161} INFO - Processing /home/airflow/.local/lib/python3.9/site-packages/airflow/example_dags/example_short_circuit_operator.py took 1.285 seconds
[2022-10-18 21:17:43,712] {processor.py:153} INFO - Started process (PID=962) to work on /home/airflow/.local/lib/python3.9/site-packages/airflow/example_dags/example_short_circuit_operator.py
[2022-10-18 21:17:43,715] {processor.py:641} INFO - Processing file /home/airflow/.local/lib/python3.9/site-packages/airflow/example_dags/example_short_circuit_operator.py for tasks to queue
[2022-10-18 21:17:43,728] {logging_mixin.py:115} INFO - [2022-10-18 21:17:43,728] {dagbag.py:507} INFO - Filling up the DagBag from /home/airflow/.local/lib/python3.9/site-packages/airflow/example_dags/example_short_circuit_operator.py
[2022-10-18 21:17:43,826] {processor.py:651} INFO - DAG(s) dict_keys(['example_short_circuit_operator']) retrieved from /home/airflow/.local/lib/python3.9/site-packages/airflow/example_dags/example_short_circuit_operator.py
[2022-10-18 21:17:44,049] {logging_mixin.py:115} INFO - [2022-10-18 21:17:44,048] {dag.py:2379} INFO - Sync 1 DAGs
[2022-10-18 21:17:44,346] {logging_mixin.py:115} INFO - [2022-10-18 21:17:44,346] {dag.py:2927} INFO - Setting next_dagrun for example_short_circuit_operator to 2022-10-17T21:17:44.344370+00:00, run_after=2022-10-18T21:17:44.344370+00:00
[2022-10-18 21:17:44,429] {processor.py:161} INFO - Processing /home/airflow/.local/lib/python3.9/site-packages/airflow/example_dags/example_short_circuit_operator.py took 0.726 seconds
[2022-10-18 21:18:15,269] {processor.py:153} INFO - Started process (PID=1058) to work on /home/airflow/.local/lib/python3.9/site-packages/airflow/example_dags/example_short_circuit_operator.py
[2022-10-18 21:18:15,280] {processor.py:641} INFO - Processing file /home/airflow/.local/lib/python3.9/site-packages/airflow/example_dags/example_short_circuit_operator.py for tasks to queue
[2022-10-18 21:18:15,295] {logging_mixin.py:115} INFO - [2022-10-18 21:18:15,287] {dagbag.py:507} INFO - Filling up the DagBag from /home/airflow/.local/lib/python3.9/site-packages/airflow/example_dags/example_short_circuit_operator.py
[2022-10-18 21:18:15,450] {processor.py:651} INFO - DAG(s) dict_keys(['example_short_circuit_operator']) retrieved from /home/airflow/.local/lib/python3.9/site-packages/airflow/example_dags/example_short_circuit_operator.py
[2022-10-18 21:18:15,824] {logging_mixin.py:115} INFO - [2022-10-18 21:18:15,823] {dag.py:2379} INFO - Sync 1 DAGs
[2022-10-18 21:18:16,185] {logging_mixin.py:115} INFO - [2022-10-18 21:18:16,185] {dag.py:2927} INFO - Setting next_dagrun for example_short_circuit_operator to 2022-10-17T21:18:16.183219+00:00, run_after=2022-10-18T21:18:16.183219+00:00
[2022-10-18 21:18:16,351] {processor.py:161} INFO - Processing /home/airflow/.local/lib/python3.9/site-packages/airflow/example_dags/example_short_circuit_operator.py took 1.118 seconds
[2022-10-18 21:18:46,598] {processor.py:153} INFO - Started process (PID=1139) to work on /home/airflow/.local/lib/python3.9/site-packages/airflow/example_dags/example_short_circuit_operator.py
[2022-10-18 21:18:46,615] {processor.py:641} INFO - Processing file /home/airflow/.local/lib/python3.9/site-packages/airflow/example_dags/example_short_circuit_operator.py for tasks to queue
[2022-10-18 21:18:46,621] {logging_mixin.py:115} INFO - [2022-10-18 21:18:46,620] {dagbag.py:507} INFO - Filling up the DagBag from /home/airflow/.local/lib/python3.9/site-packages/airflow/example_dags/example_short_circuit_operator.py
[2022-10-18 21:18:46,773] {processor.py:651} INFO - DAG(s) dict_keys(['example_short_circuit_operator']) retrieved from /home/airflow/.local/lib/python3.9/site-packages/airflow/example_dags/example_short_circuit_operator.py
[2022-10-18 21:18:47,107] {logging_mixin.py:115} INFO - [2022-10-18 21:18:47,107] {dag.py:2379} INFO - Sync 1 DAGs
[2022-10-18 21:18:47,381] {logging_mixin.py:115} INFO - [2022-10-18 21:18:47,380] {dag.py:2927} INFO - Setting next_dagrun for example_short_circuit_operator to 2022-10-17T21:18:47.366673+00:00, run_after=2022-10-18T21:18:47.366673+00:00
[2022-10-18 21:18:47,579] {processor.py:161} INFO - Processing /home/airflow/.local/lib/python3.9/site-packages/airflow/example_dags/example_short_circuit_operator.py took 1.004 seconds
[2022-10-18 21:19:18,197] {processor.py:153} INFO - Started process (PID=1235) to work on /home/airflow/.local/lib/python3.9/site-packages/airflow/example_dags/example_short_circuit_operator.py
[2022-10-18 21:19:18,199] {processor.py:641} INFO - Processing file /home/airflow/.local/lib/python3.9/site-packages/airflow/example_dags/example_short_circuit_operator.py for tasks to queue
[2022-10-18 21:19:18,202] {logging_mixin.py:115} INFO - [2022-10-18 21:19:18,202] {dagbag.py:507} INFO - Filling up the DagBag from /home/airflow/.local/lib/python3.9/site-packages/airflow/example_dags/example_short_circuit_operator.py
[2022-10-18 21:19:18,304] {processor.py:651} INFO - DAG(s) dict_keys(['example_short_circuit_operator']) retrieved from /home/airflow/.local/lib/python3.9/site-packages/airflow/example_dags/example_short_circuit_operator.py
[2022-10-18 21:19:18,695] {logging_mixin.py:115} INFO - [2022-10-18 21:19:18,694] {dag.py:2379} INFO - Sync 1 DAGs
[2022-10-18 21:19:19,011] {logging_mixin.py:115} INFO - [2022-10-18 21:19:19,010] {dag.py:2927} INFO - Setting next_dagrun for example_short_circuit_operator to 2022-10-17T21:19:18.999151+00:00, run_after=2022-10-18T21:19:18.999151+00:00
[2022-10-18 21:19:19,234] {processor.py:161} INFO - Processing /home/airflow/.local/lib/python3.9/site-packages/airflow/example_dags/example_short_circuit_operator.py took 1.074 seconds
[2022-10-18 21:19:49,705] {processor.py:153} INFO - Started process (PID=1321) to work on /home/airflow/.local/lib/python3.9/site-packages/airflow/example_dags/example_short_circuit_operator.py
[2022-10-18 21:19:49,714] {processor.py:641} INFO - Processing file /home/airflow/.local/lib/python3.9/site-packages/airflow/example_dags/example_short_circuit_operator.py for tasks to queue
[2022-10-18 21:19:49,719] {logging_mixin.py:115} INFO - [2022-10-18 21:19:49,718] {dagbag.py:507} INFO - Filling up the DagBag from /home/airflow/.local/lib/python3.9/site-packages/airflow/example_dags/example_short_circuit_operator.py
[2022-10-18 21:19:49,859] {processor.py:651} INFO - DAG(s) dict_keys(['example_short_circuit_operator']) retrieved from /home/airflow/.local/lib/python3.9/site-packages/airflow/example_dags/example_short_circuit_operator.py
[2022-10-18 21:19:50,220] {logging_mixin.py:115} INFO - [2022-10-18 21:19:50,219] {dag.py:2379} INFO - Sync 1 DAGs
[2022-10-18 21:19:50,567] {logging_mixin.py:115} INFO - [2022-10-18 21:19:50,566] {dag.py:2927} INFO - Setting next_dagrun for example_short_circuit_operator to 2022-10-17T21:19:50.564902+00:00, run_after=2022-10-18T21:19:50.564902+00:00
[2022-10-18 21:19:50,669] {processor.py:161} INFO - Processing /home/airflow/.local/lib/python3.9/site-packages/airflow/example_dags/example_short_circuit_operator.py took 0.990 seconds
[2022-10-18 21:20:20,851] {processor.py:153} INFO - Started process (PID=1412) to work on /home/airflow/.local/lib/python3.9/site-packages/airflow/example_dags/example_short_circuit_operator.py
[2022-10-18 21:20:20,854] {processor.py:641} INFO - Processing file /home/airflow/.local/lib/python3.9/site-packages/airflow/example_dags/example_short_circuit_operator.py for tasks to queue
[2022-10-18 21:20:20,858] {logging_mixin.py:115} INFO - [2022-10-18 21:20:20,858] {dagbag.py:507} INFO - Filling up the DagBag from /home/airflow/.local/lib/python3.9/site-packages/airflow/example_dags/example_short_circuit_operator.py
[2022-10-18 21:20:20,980] {processor.py:651} INFO - DAG(s) dict_keys(['example_short_circuit_operator']) retrieved from /home/airflow/.local/lib/python3.9/site-packages/airflow/example_dags/example_short_circuit_operator.py
[2022-10-18 21:20:21,275] {logging_mixin.py:115} INFO - [2022-10-18 21:20:21,275] {dag.py:2379} INFO - Sync 1 DAGs
[2022-10-18 21:20:21,488] {logging_mixin.py:115} INFO - [2022-10-18 21:20:21,487] {dag.py:2927} INFO - Setting next_dagrun for example_short_circuit_operator to 2022-10-17T21:20:21.485611+00:00, run_after=2022-10-18T21:20:21.485611+00:00
[2022-10-18 21:20:21,576] {processor.py:161} INFO - Processing /home/airflow/.local/lib/python3.9/site-packages/airflow/example_dags/example_short_circuit_operator.py took 0.744 seconds
[2022-10-18 21:20:51,829] {processor.py:153} INFO - Started process (PID=1507) to work on /home/airflow/.local/lib/python3.9/site-packages/airflow/example_dags/example_short_circuit_operator.py
[2022-10-18 21:20:51,833] {processor.py:641} INFO - Processing file /home/airflow/.local/lib/python3.9/site-packages/airflow/example_dags/example_short_circuit_operator.py for tasks to queue
[2022-10-18 21:20:51,840] {logging_mixin.py:115} INFO - [2022-10-18 21:20:51,840] {dagbag.py:507} INFO - Filling up the DagBag from /home/airflow/.local/lib/python3.9/site-packages/airflow/example_dags/example_short_circuit_operator.py
[2022-10-18 21:20:51,984] {processor.py:651} INFO - DAG(s) dict_keys(['example_short_circuit_operator']) retrieved from /home/airflow/.local/lib/python3.9/site-packages/airflow/example_dags/example_short_circuit_operator.py
[2022-10-18 21:20:52,285] {logging_mixin.py:115} INFO - [2022-10-18 21:20:52,285] {dag.py:2379} INFO - Sync 1 DAGs
[2022-10-18 21:20:52,542] {logging_mixin.py:115} INFO - [2022-10-18 21:20:52,539] {dag.py:2927} INFO - Setting next_dagrun for example_short_circuit_operator to 2022-10-17T21:20:52.537499+00:00, run_after=2022-10-18T21:20:52.537499+00:00
[2022-10-18 21:20:52,627] {processor.py:161} INFO - Processing /home/airflow/.local/lib/python3.9/site-packages/airflow/example_dags/example_short_circuit_operator.py took 0.816 seconds
[2022-10-18 21:21:23,220] {processor.py:153} INFO - Started process (PID=1589) to work on /home/airflow/.local/lib/python3.9/site-packages/airflow/example_dags/example_short_circuit_operator.py
[2022-10-18 21:21:23,231] {processor.py:641} INFO - Processing file /home/airflow/.local/lib/python3.9/site-packages/airflow/example_dags/example_short_circuit_operator.py for tasks to queue
[2022-10-18 21:21:23,239] {logging_mixin.py:115} INFO - [2022-10-18 21:21:23,238] {dagbag.py:507} INFO - Filling up the DagBag from /home/airflow/.local/lib/python3.9/site-packages/airflow/example_dags/example_short_circuit_operator.py
[2022-10-18 21:21:23,342] {processor.py:651} INFO - DAG(s) dict_keys(['example_short_circuit_operator']) retrieved from /home/airflow/.local/lib/python3.9/site-packages/airflow/example_dags/example_short_circuit_operator.py
[2022-10-18 21:21:23,660] {logging_mixin.py:115} INFO - [2022-10-18 21:21:23,659] {dag.py:2379} INFO - Sync 1 DAGs
[2022-10-18 21:21:23,950] {logging_mixin.py:115} INFO - [2022-10-18 21:21:23,950] {dag.py:2927} INFO - Setting next_dagrun for example_short_circuit_operator to 2022-10-17T21:21:23.948356+00:00, run_after=2022-10-18T21:21:23.948356+00:00
[2022-10-18 21:21:24,030] {processor.py:161} INFO - Processing /home/airflow/.local/lib/python3.9/site-packages/airflow/example_dags/example_short_circuit_operator.py took 0.828 seconds
[2022-10-18 21:21:54,769] {processor.py:153} INFO - Started process (PID=1684) to work on /home/airflow/.local/lib/python3.9/site-packages/airflow/example_dags/example_short_circuit_operator.py
[2022-10-18 21:21:54,776] {processor.py:641} INFO - Processing file /home/airflow/.local/lib/python3.9/site-packages/airflow/example_dags/example_short_circuit_operator.py for tasks to queue
[2022-10-18 21:21:54,781] {logging_mixin.py:115} INFO - [2022-10-18 21:21:54,781] {dagbag.py:507} INFO - Filling up the DagBag from /home/airflow/.local/lib/python3.9/site-packages/airflow/example_dags/example_short_circuit_operator.py
[2022-10-18 21:21:54,867] {processor.py:651} INFO - DAG(s) dict_keys(['example_short_circuit_operator']) retrieved from /home/airflow/.local/lib/python3.9/site-packages/airflow/example_dags/example_short_circuit_operator.py
[2022-10-18 21:21:55,056] {logging_mixin.py:115} INFO - [2022-10-18 21:21:55,056] {dag.py:2379} INFO - Sync 1 DAGs
[2022-10-18 21:21:55,259] {logging_mixin.py:115} INFO - [2022-10-18 21:21:55,259] {dag.py:2927} INFO - Setting next_dagrun for example_short_circuit_operator to 2022-10-17T21:21:55.257209+00:00, run_after=2022-10-18T21:21:55.257209+00:00
[2022-10-18 21:21:55,382] {processor.py:161} INFO - Processing /home/airflow/.local/lib/python3.9/site-packages/airflow/example_dags/example_short_circuit_operator.py took 0.624 seconds
[2022-10-18 21:22:26,095] {processor.py:153} INFO - Started process (PID=1770) to work on /home/airflow/.local/lib/python3.9/site-packages/airflow/example_dags/example_short_circuit_operator.py
[2022-10-18 21:22:26,111] {processor.py:641} INFO - Processing file /home/airflow/.local/lib/python3.9/site-packages/airflow/example_dags/example_short_circuit_operator.py for tasks to queue
[2022-10-18 21:22:26,115] {logging_mixin.py:115} INFO - [2022-10-18 21:22:26,115] {dagbag.py:507} INFO - Filling up the DagBag from /home/airflow/.local/lib/python3.9/site-packages/airflow/example_dags/example_short_circuit_operator.py
[2022-10-18 21:22:26,200] {processor.py:651} INFO - DAG(s) dict_keys(['example_short_circuit_operator']) retrieved from /home/airflow/.local/lib/python3.9/site-packages/airflow/example_dags/example_short_circuit_operator.py
[2022-10-18 21:22:26,402] {logging_mixin.py:115} INFO - [2022-10-18 21:22:26,401] {dag.py:2379} INFO - Sync 1 DAGs
[2022-10-18 21:22:26,591] {logging_mixin.py:115} INFO - [2022-10-18 21:22:26,590] {dag.py:2927} INFO - Setting next_dagrun for example_short_circuit_operator to 2022-10-17T21:22:26.589348+00:00, run_after=2022-10-18T21:22:26.589348+00:00
[2022-10-18 21:22:26,740] {processor.py:161} INFO - Processing /home/airflow/.local/lib/python3.9/site-packages/airflow/example_dags/example_short_circuit_operator.py took 0.671 seconds
[2022-10-18 21:35:26,134] {processor.py:153} INFO - Started process (PID=1856) to work on /home/airflow/.local/lib/python3.9/site-packages/airflow/example_dags/example_short_circuit_operator.py
[2022-10-18 21:35:26,152] {processor.py:641} INFO - Processing file /home/airflow/.local/lib/python3.9/site-packages/airflow/example_dags/example_short_circuit_operator.py for tasks to queue
[2022-10-18 21:35:26,163] {logging_mixin.py:115} INFO - [2022-10-18 21:35:26,163] {dagbag.py:507} INFO - Filling up the DagBag from /home/airflow/.local/lib/python3.9/site-packages/airflow/example_dags/example_short_circuit_operator.py
[2022-10-18 21:35:26,366] {processor.py:651} INFO - DAG(s) dict_keys(['example_short_circuit_operator']) retrieved from /home/airflow/.local/lib/python3.9/site-packages/airflow/example_dags/example_short_circuit_operator.py
[2022-10-18 21:35:26,871] {logging_mixin.py:115} INFO - [2022-10-18 21:35:26,870] {dag.py:2379} INFO - Sync 1 DAGs
[2022-10-18 21:35:27,205] {logging_mixin.py:115} INFO - [2022-10-18 21:35:27,204] {dag.py:2927} INFO - Setting next_dagrun for example_short_circuit_operator to 2022-10-17T21:35:27.188581+00:00, run_after=2022-10-18T21:35:27.188581+00:00
[2022-10-18 21:35:27,405] {processor.py:161} INFO - Processing /home/airflow/.local/lib/python3.9/site-packages/airflow/example_dags/example_short_circuit_operator.py took 1.312 seconds
[2022-10-18 21:35:57,914] {processor.py:153} INFO - Started process (PID=1938) to work on /home/airflow/.local/lib/python3.9/site-packages/airflow/example_dags/example_short_circuit_operator.py
[2022-10-18 21:35:57,919] {processor.py:641} INFO - Processing file /home/airflow/.local/lib/python3.9/site-packages/airflow/example_dags/example_short_circuit_operator.py for tasks to queue
[2022-10-18 21:35:57,923] {logging_mixin.py:115} INFO - [2022-10-18 21:35:57,922] {dagbag.py:507} INFO - Filling up the DagBag from /home/airflow/.local/lib/python3.9/site-packages/airflow/example_dags/example_short_circuit_operator.py
[2022-10-18 21:35:58,084] {processor.py:651} INFO - DAG(s) dict_keys(['example_short_circuit_operator']) retrieved from /home/airflow/.local/lib/python3.9/site-packages/airflow/example_dags/example_short_circuit_operator.py
[2022-10-18 21:35:58,412] {logging_mixin.py:115} INFO - [2022-10-18 21:35:58,412] {dag.py:2379} INFO - Sync 1 DAGs
[2022-10-18 21:35:58,771] {logging_mixin.py:115} INFO - [2022-10-18 21:35:58,770] {dag.py:2927} INFO - Setting next_dagrun for example_short_circuit_operator to 2022-10-17T21:35:58.768745+00:00, run_after=2022-10-18T21:35:58.768745+00:00
[2022-10-18 21:35:58,870] {processor.py:161} INFO - Processing /home/airflow/.local/lib/python3.9/site-packages/airflow/example_dags/example_short_circuit_operator.py took 0.992 seconds
[2022-10-18 21:36:29,899] {processor.py:153} INFO - Started process (PID=2036) to work on /home/airflow/.local/lib/python3.9/site-packages/airflow/example_dags/example_short_circuit_operator.py
[2022-10-18 21:36:29,903] {processor.py:641} INFO - Processing file /home/airflow/.local/lib/python3.9/site-packages/airflow/example_dags/example_short_circuit_operator.py for tasks to queue
[2022-10-18 21:36:29,909] {logging_mixin.py:115} INFO - [2022-10-18 21:36:29,909] {dagbag.py:507} INFO - Filling up the DagBag from /home/airflow/.local/lib/python3.9/site-packages/airflow/example_dags/example_short_circuit_operator.py
[2022-10-18 21:36:30,068] {processor.py:651} INFO - DAG(s) dict_keys(['example_short_circuit_operator']) retrieved from /home/airflow/.local/lib/python3.9/site-packages/airflow/example_dags/example_short_circuit_operator.py
[2022-10-18 21:36:30,456] {logging_mixin.py:115} INFO - [2022-10-18 21:36:30,455] {dag.py:2379} INFO - Sync 1 DAGs
[2022-10-18 21:36:30,812] {logging_mixin.py:115} INFO - [2022-10-18 21:36:30,810] {dag.py:2927} INFO - Setting next_dagrun for example_short_circuit_operator to 2022-10-17T21:36:30.808641+00:00, run_after=2022-10-18T21:36:30.808641+00:00
[2022-10-18 21:36:30,972] {processor.py:161} INFO - Processing /home/airflow/.local/lib/python3.9/site-packages/airflow/example_dags/example_short_circuit_operator.py took 1.095 seconds
[2022-10-18 21:37:01,344] {processor.py:153} INFO - Started process (PID=2118) to work on /home/airflow/.local/lib/python3.9/site-packages/airflow/example_dags/example_short_circuit_operator.py
[2022-10-18 21:37:01,349] {processor.py:641} INFO - Processing file /home/airflow/.local/lib/python3.9/site-packages/airflow/example_dags/example_short_circuit_operator.py for tasks to queue
[2022-10-18 21:37:01,366] {logging_mixin.py:115} INFO - [2022-10-18 21:37:01,366] {dagbag.py:507} INFO - Filling up the DagBag from /home/airflow/.local/lib/python3.9/site-packages/airflow/example_dags/example_short_circuit_operator.py
[2022-10-18 21:37:01,485] {processor.py:651} INFO - DAG(s) dict_keys(['example_short_circuit_operator']) retrieved from /home/airflow/.local/lib/python3.9/site-packages/airflow/example_dags/example_short_circuit_operator.py
[2022-10-18 21:37:01,723] {logging_mixin.py:115} INFO - [2022-10-18 21:37:01,722] {dag.py:2379} INFO - Sync 1 DAGs
[2022-10-18 21:37:02,008] {logging_mixin.py:115} INFO - [2022-10-18 21:37:02,007] {dag.py:2927} INFO - Setting next_dagrun for example_short_circuit_operator to 2022-10-17T21:37:01.997797+00:00, run_after=2022-10-18T21:37:01.997797+00:00
[2022-10-18 21:37:02,191] {processor.py:161} INFO - Processing /home/airflow/.local/lib/python3.9/site-packages/airflow/example_dags/example_short_circuit_operator.py took 0.877 seconds
[2022-10-18 21:37:33,142] {processor.py:153} INFO - Started process (PID=2213) to work on /home/airflow/.local/lib/python3.9/site-packages/airflow/example_dags/example_short_circuit_operator.py
[2022-10-18 21:37:33,159] {processor.py:641} INFO - Processing file /home/airflow/.local/lib/python3.9/site-packages/airflow/example_dags/example_short_circuit_operator.py for tasks to queue
[2022-10-18 21:37:33,170] {logging_mixin.py:115} INFO - [2022-10-18 21:37:33,168] {dagbag.py:507} INFO - Filling up the DagBag from /home/airflow/.local/lib/python3.9/site-packages/airflow/example_dags/example_short_circuit_operator.py
[2022-10-18 21:37:33,333] {processor.py:651} INFO - DAG(s) dict_keys(['example_short_circuit_operator']) retrieved from /home/airflow/.local/lib/python3.9/site-packages/airflow/example_dags/example_short_circuit_operator.py
[2022-10-18 21:37:33,759] {logging_mixin.py:115} INFO - [2022-10-18 21:37:33,758] {dag.py:2379} INFO - Sync 1 DAGs
[2022-10-18 21:37:34,155] {logging_mixin.py:115} INFO - [2022-10-18 21:37:34,151] {dag.py:2927} INFO - Setting next_dagrun for example_short_circuit_operator to 2022-10-17T21:37:34.149248+00:00, run_after=2022-10-18T21:37:34.149248+00:00
[2022-10-18 21:37:34,277] {processor.py:161} INFO - Processing /home/airflow/.local/lib/python3.9/site-packages/airflow/example_dags/example_short_circuit_operator.py took 1.166 seconds
[2022-10-18 21:38:05,059] {processor.py:153} INFO - Started process (PID=2309) to work on /home/airflow/.local/lib/python3.9/site-packages/airflow/example_dags/example_short_circuit_operator.py
[2022-10-18 21:38:05,081] {processor.py:641} INFO - Processing file /home/airflow/.local/lib/python3.9/site-packages/airflow/example_dags/example_short_circuit_operator.py for tasks to queue
[2022-10-18 21:38:05,094] {logging_mixin.py:115} INFO - [2022-10-18 21:38:05,094] {dagbag.py:507} INFO - Filling up the DagBag from /home/airflow/.local/lib/python3.9/site-packages/airflow/example_dags/example_short_circuit_operator.py
[2022-10-18 21:38:05,287] {processor.py:651} INFO - DAG(s) dict_keys(['example_short_circuit_operator']) retrieved from /home/airflow/.local/lib/python3.9/site-packages/airflow/example_dags/example_short_circuit_operator.py
[2022-10-18 21:38:05,538] {logging_mixin.py:115} INFO - [2022-10-18 21:38:05,537] {dag.py:2379} INFO - Sync 1 DAGs
[2022-10-18 21:38:05,762] {logging_mixin.py:115} INFO - [2022-10-18 21:38:05,762] {dag.py:2927} INFO - Setting next_dagrun for example_short_circuit_operator to 2022-10-17T21:38:05.760332+00:00, run_after=2022-10-18T21:38:05.760332+00:00
[2022-10-18 21:38:05,916] {processor.py:161} INFO - Processing /home/airflow/.local/lib/python3.9/site-packages/airflow/example_dags/example_short_circuit_operator.py took 0.878 seconds
[2022-10-18 21:38:36,343] {processor.py:153} INFO - Started process (PID=2389) to work on /home/airflow/.local/lib/python3.9/site-packages/airflow/example_dags/example_short_circuit_operator.py
[2022-10-18 21:38:36,363] {processor.py:641} INFO - Processing file /home/airflow/.local/lib/python3.9/site-packages/airflow/example_dags/example_short_circuit_operator.py for tasks to queue
[2022-10-18 21:38:36,374] {logging_mixin.py:115} INFO - [2022-10-18 21:38:36,374] {dagbag.py:507} INFO - Filling up the DagBag from /home/airflow/.local/lib/python3.9/site-packages/airflow/example_dags/example_short_circuit_operator.py
[2022-10-18 21:38:36,566] {processor.py:651} INFO - DAG(s) dict_keys(['example_short_circuit_operator']) retrieved from /home/airflow/.local/lib/python3.9/site-packages/airflow/example_dags/example_short_circuit_operator.py
[2022-10-18 21:38:36,899] {logging_mixin.py:115} INFO - [2022-10-18 21:38:36,899] {dag.py:2379} INFO - Sync 1 DAGs
[2022-10-18 21:38:37,156] {logging_mixin.py:115} INFO - [2022-10-18 21:38:37,155] {dag.py:2927} INFO - Setting next_dagrun for example_short_circuit_operator to 2022-10-17T21:38:37.153681+00:00, run_after=2022-10-18T21:38:37.153681+00:00
[2022-10-18 21:38:37,278] {processor.py:161} INFO - Processing /home/airflow/.local/lib/python3.9/site-packages/airflow/example_dags/example_short_circuit_operator.py took 0.984 seconds
[2022-10-18 21:39:07,692] {processor.py:153} INFO - Started process (PID=2485) to work on /home/airflow/.local/lib/python3.9/site-packages/airflow/example_dags/example_short_circuit_operator.py
[2022-10-18 21:39:07,698] {processor.py:641} INFO - Processing file /home/airflow/.local/lib/python3.9/site-packages/airflow/example_dags/example_short_circuit_operator.py for tasks to queue
[2022-10-18 21:39:07,719] {logging_mixin.py:115} INFO - [2022-10-18 21:39:07,702] {dagbag.py:507} INFO - Filling up the DagBag from /home/airflow/.local/lib/python3.9/site-packages/airflow/example_dags/example_short_circuit_operator.py
[2022-10-18 21:39:07,879] {processor.py:651} INFO - DAG(s) dict_keys(['example_short_circuit_operator']) retrieved from /home/airflow/.local/lib/python3.9/site-packages/airflow/example_dags/example_short_circuit_operator.py
[2022-10-18 21:39:08,155] {logging_mixin.py:115} INFO - [2022-10-18 21:39:08,155] {dag.py:2379} INFO - Sync 1 DAGs
[2022-10-18 21:39:08,451] {logging_mixin.py:115} INFO - [2022-10-18 21:39:08,450] {dag.py:2927} INFO - Setting next_dagrun for example_short_circuit_operator to 2022-10-17T21:39:08.433981+00:00, run_after=2022-10-18T21:39:08.433981+00:00
[2022-10-18 21:39:08,613] {processor.py:161} INFO - Processing /home/airflow/.local/lib/python3.9/site-packages/airflow/example_dags/example_short_circuit_operator.py took 0.939 seconds
[2022-10-18 21:39:38,953] {processor.py:153} INFO - Started process (PID=2571) to work on /home/airflow/.local/lib/python3.9/site-packages/airflow/example_dags/example_short_circuit_operator.py
[2022-10-18 21:39:38,957] {processor.py:641} INFO - Processing file /home/airflow/.local/lib/python3.9/site-packages/airflow/example_dags/example_short_circuit_operator.py for tasks to queue
[2022-10-18 21:39:38,962] {logging_mixin.py:115} INFO - [2022-10-18 21:39:38,962] {dagbag.py:507} INFO - Filling up the DagBag from /home/airflow/.local/lib/python3.9/site-packages/airflow/example_dags/example_short_circuit_operator.py
[2022-10-18 21:39:39,054] {processor.py:651} INFO - DAG(s) dict_keys(['example_short_circuit_operator']) retrieved from /home/airflow/.local/lib/python3.9/site-packages/airflow/example_dags/example_short_circuit_operator.py
[2022-10-18 21:39:39,181] {logging_mixin.py:115} INFO - [2022-10-18 21:39:39,180] {dag.py:2379} INFO - Sync 1 DAGs
[2022-10-18 21:39:39,408] {logging_mixin.py:115} INFO - [2022-10-18 21:39:39,407] {dag.py:2927} INFO - Setting next_dagrun for example_short_circuit_operator to 2022-10-17T21:39:39.406007+00:00, run_after=2022-10-18T21:39:39.406007+00:00
[2022-10-18 21:39:39,502] {processor.py:161} INFO - Processing /home/airflow/.local/lib/python3.9/site-packages/airflow/example_dags/example_short_circuit_operator.py took 0.567 seconds
[2022-10-18 21:40:10,060] {processor.py:153} INFO - Started process (PID=2663) to work on /home/airflow/.local/lib/python3.9/site-packages/airflow/example_dags/example_short_circuit_operator.py
[2022-10-18 21:40:10,066] {processor.py:641} INFO - Processing file /home/airflow/.local/lib/python3.9/site-packages/airflow/example_dags/example_short_circuit_operator.py for tasks to queue
[2022-10-18 21:40:10,076] {logging_mixin.py:115} INFO - [2022-10-18 21:40:10,076] {dagbag.py:507} INFO - Filling up the DagBag from /home/airflow/.local/lib/python3.9/site-packages/airflow/example_dags/example_short_circuit_operator.py
[2022-10-18 21:40:10,211] {processor.py:651} INFO - DAG(s) dict_keys(['example_short_circuit_operator']) retrieved from /home/airflow/.local/lib/python3.9/site-packages/airflow/example_dags/example_short_circuit_operator.py
[2022-10-18 21:40:10,600] {logging_mixin.py:115} INFO - [2022-10-18 21:40:10,600] {dag.py:2379} INFO - Sync 1 DAGs
[2022-10-18 21:40:10,860] {logging_mixin.py:115} INFO - [2022-10-18 21:40:10,859] {dag.py:2927} INFO - Setting next_dagrun for example_short_circuit_operator to 2022-10-17T21:40:10.857896+00:00, run_after=2022-10-18T21:40:10.857896+00:00
[2022-10-18 21:40:10,982] {processor.py:161} INFO - Processing /home/airflow/.local/lib/python3.9/site-packages/airflow/example_dags/example_short_circuit_operator.py took 0.940 seconds
[2022-10-18 21:40:41,146] {processor.py:153} INFO - Started process (PID=2749) to work on /home/airflow/.local/lib/python3.9/site-packages/airflow/example_dags/example_short_circuit_operator.py
[2022-10-18 21:40:41,156] {processor.py:641} INFO - Processing file /home/airflow/.local/lib/python3.9/site-packages/airflow/example_dags/example_short_circuit_operator.py for tasks to queue
[2022-10-18 21:40:41,161] {logging_mixin.py:115} INFO - [2022-10-18 21:40:41,160] {dagbag.py:507} INFO - Filling up the DagBag from /home/airflow/.local/lib/python3.9/site-packages/airflow/example_dags/example_short_circuit_operator.py
[2022-10-18 21:40:41,235] {processor.py:651} INFO - DAG(s) dict_keys(['example_short_circuit_operator']) retrieved from /home/airflow/.local/lib/python3.9/site-packages/airflow/example_dags/example_short_circuit_operator.py
[2022-10-18 21:40:41,465] {logging_mixin.py:115} INFO - [2022-10-18 21:40:41,464] {dag.py:2379} INFO - Sync 1 DAGs
[2022-10-18 21:40:41,619] {logging_mixin.py:115} INFO - [2022-10-18 21:40:41,611] {dag.py:2927} INFO - Setting next_dagrun for example_short_circuit_operator to 2022-10-17T21:40:41.609372+00:00, run_after=2022-10-18T21:40:41.609372+00:00
[2022-10-18 21:40:41,761] {processor.py:161} INFO - Processing /home/airflow/.local/lib/python3.9/site-packages/airflow/example_dags/example_short_circuit_operator.py took 0.623 seconds
[2022-10-18 21:41:13,199] {processor.py:153} INFO - Started process (PID=2842) to work on /home/airflow/.local/lib/python3.9/site-packages/airflow/example_dags/example_short_circuit_operator.py
[2022-10-18 21:41:13,202] {processor.py:641} INFO - Processing file /home/airflow/.local/lib/python3.9/site-packages/airflow/example_dags/example_short_circuit_operator.py for tasks to queue
[2022-10-18 21:41:13,210] {logging_mixin.py:115} INFO - [2022-10-18 21:41:13,208] {dagbag.py:507} INFO - Filling up the DagBag from /home/airflow/.local/lib/python3.9/site-packages/airflow/example_dags/example_short_circuit_operator.py
[2022-10-18 21:41:13,340] {processor.py:651} INFO - DAG(s) dict_keys(['example_short_circuit_operator']) retrieved from /home/airflow/.local/lib/python3.9/site-packages/airflow/example_dags/example_short_circuit_operator.py
[2022-10-18 21:41:13,654] {logging_mixin.py:115} INFO - [2022-10-18 21:41:13,652] {dag.py:2379} INFO - Sync 1 DAGs
[2022-10-18 21:41:13,947] {logging_mixin.py:115} INFO - [2022-10-18 21:41:13,946] {dag.py:2927} INFO - Setting next_dagrun for example_short_circuit_operator to 2022-10-17T21:41:13.944307+00:00, run_after=2022-10-18T21:41:13.944307+00:00
[2022-10-18 21:41:14,052] {processor.py:161} INFO - Processing /home/airflow/.local/lib/python3.9/site-packages/airflow/example_dags/example_short_circuit_operator.py took 0.886 seconds
[2022-10-18 21:41:44,268] {processor.py:153} INFO - Started process (PID=2938) to work on /home/airflow/.local/lib/python3.9/site-packages/airflow/example_dags/example_short_circuit_operator.py
[2022-10-18 21:41:44,274] {processor.py:641} INFO - Processing file /home/airflow/.local/lib/python3.9/site-packages/airflow/example_dags/example_short_circuit_operator.py for tasks to queue
[2022-10-18 21:41:44,279] {logging_mixin.py:115} INFO - [2022-10-18 21:41:44,279] {dagbag.py:507} INFO - Filling up the DagBag from /home/airflow/.local/lib/python3.9/site-packages/airflow/example_dags/example_short_circuit_operator.py
[2022-10-18 21:41:44,386] {processor.py:651} INFO - DAG(s) dict_keys(['example_short_circuit_operator']) retrieved from /home/airflow/.local/lib/python3.9/site-packages/airflow/example_dags/example_short_circuit_operator.py
[2022-10-18 21:41:44,748] {logging_mixin.py:115} INFO - [2022-10-18 21:41:44,747] {dag.py:2379} INFO - Sync 1 DAGs
[2022-10-18 21:41:45,046] {logging_mixin.py:115} INFO - [2022-10-18 21:41:45,046] {dag.py:2927} INFO - Setting next_dagrun for example_short_circuit_operator to 2022-10-17T21:41:45.044284+00:00, run_after=2022-10-18T21:41:45.044284+00:00
[2022-10-18 21:41:45,177] {processor.py:161} INFO - Processing /home/airflow/.local/lib/python3.9/site-packages/airflow/example_dags/example_short_circuit_operator.py took 0.934 seconds
[2022-10-18 21:42:15,530] {processor.py:153} INFO - Started process (PID=3020) to work on /home/airflow/.local/lib/python3.9/site-packages/airflow/example_dags/example_short_circuit_operator.py
[2022-10-18 21:42:15,541] {processor.py:641} INFO - Processing file /home/airflow/.local/lib/python3.9/site-packages/airflow/example_dags/example_short_circuit_operator.py for tasks to queue
[2022-10-18 21:42:15,545] {logging_mixin.py:115} INFO - [2022-10-18 21:42:15,545] {dagbag.py:507} INFO - Filling up the DagBag from /home/airflow/.local/lib/python3.9/site-packages/airflow/example_dags/example_short_circuit_operator.py
[2022-10-18 21:42:15,606] {processor.py:651} INFO - DAG(s) dict_keys(['example_short_circuit_operator']) retrieved from /home/airflow/.local/lib/python3.9/site-packages/airflow/example_dags/example_short_circuit_operator.py
[2022-10-18 21:42:15,766] {logging_mixin.py:115} INFO - [2022-10-18 21:42:15,765] {dag.py:2379} INFO - Sync 1 DAGs
[2022-10-18 21:42:15,928] {logging_mixin.py:115} INFO - [2022-10-18 21:42:15,927] {dag.py:2927} INFO - Setting next_dagrun for example_short_circuit_operator to 2022-10-17T21:42:15.926428+00:00, run_after=2022-10-18T21:42:15.926428+00:00
[2022-10-18 21:42:16,001] {processor.py:161} INFO - Processing /home/airflow/.local/lib/python3.9/site-packages/airflow/example_dags/example_short_circuit_operator.py took 0.479 seconds
[2022-10-18 21:42:46,428] {processor.py:153} INFO - Started process (PID=3115) to work on /home/airflow/.local/lib/python3.9/site-packages/airflow/example_dags/example_short_circuit_operator.py
[2022-10-18 21:42:46,440] {processor.py:641} INFO - Processing file /home/airflow/.local/lib/python3.9/site-packages/airflow/example_dags/example_short_circuit_operator.py for tasks to queue
[2022-10-18 21:42:46,452] {logging_mixin.py:115} INFO - [2022-10-18 21:42:46,444] {dagbag.py:507} INFO - Filling up the DagBag from /home/airflow/.local/lib/python3.9/site-packages/airflow/example_dags/example_short_circuit_operator.py
[2022-10-18 21:42:46,587] {processor.py:651} INFO - DAG(s) dict_keys(['example_short_circuit_operator']) retrieved from /home/airflow/.local/lib/python3.9/site-packages/airflow/example_dags/example_short_circuit_operator.py
[2022-10-18 21:42:46,905] {logging_mixin.py:115} INFO - [2022-10-18 21:42:46,904] {dag.py:2379} INFO - Sync 1 DAGs
[2022-10-18 21:42:47,222] {logging_mixin.py:115} INFO - [2022-10-18 21:42:47,221] {dag.py:2927} INFO - Setting next_dagrun for example_short_circuit_operator to 2022-10-17T21:42:47.220185+00:00, run_after=2022-10-18T21:42:47.220185+00:00
[2022-10-18 21:42:47,329] {processor.py:161} INFO - Processing /home/airflow/.local/lib/python3.9/site-packages/airflow/example_dags/example_short_circuit_operator.py took 0.940 seconds
[2022-10-18 21:43:17,783] {processor.py:153} INFO - Started process (PID=3202) to work on /home/airflow/.local/lib/python3.9/site-packages/airflow/example_dags/example_short_circuit_operator.py
[2022-10-18 21:43:17,787] {processor.py:641} INFO - Processing file /home/airflow/.local/lib/python3.9/site-packages/airflow/example_dags/example_short_circuit_operator.py for tasks to queue
[2022-10-18 21:43:17,792] {logging_mixin.py:115} INFO - [2022-10-18 21:43:17,792] {dagbag.py:507} INFO - Filling up the DagBag from /home/airflow/.local/lib/python3.9/site-packages/airflow/example_dags/example_short_circuit_operator.py
[2022-10-18 21:43:17,860] {processor.py:651} INFO - DAG(s) dict_keys(['example_short_circuit_operator']) retrieved from /home/airflow/.local/lib/python3.9/site-packages/airflow/example_dags/example_short_circuit_operator.py
[2022-10-18 21:43:18,087] {logging_mixin.py:115} INFO - [2022-10-18 21:43:18,087] {dag.py:2379} INFO - Sync 1 DAGs
[2022-10-18 21:43:18,230] {logging_mixin.py:115} INFO - [2022-10-18 21:43:18,230] {dag.py:2927} INFO - Setting next_dagrun for example_short_circuit_operator to 2022-10-17T21:43:18.228389+00:00, run_after=2022-10-18T21:43:18.228389+00:00
[2022-10-18 21:43:18,294] {processor.py:161} INFO - Processing /home/airflow/.local/lib/python3.9/site-packages/airflow/example_dags/example_short_circuit_operator.py took 0.533 seconds
[2022-10-18 21:43:49,694] {processor.py:153} INFO - Started process (PID=3293) to work on /home/airflow/.local/lib/python3.9/site-packages/airflow/example_dags/example_short_circuit_operator.py
[2022-10-18 21:43:49,699] {processor.py:641} INFO - Processing file /home/airflow/.local/lib/python3.9/site-packages/airflow/example_dags/example_short_circuit_operator.py for tasks to queue
[2022-10-18 21:43:49,710] {logging_mixin.py:115} INFO - [2022-10-18 21:43:49,707] {dagbag.py:507} INFO - Filling up the DagBag from /home/airflow/.local/lib/python3.9/site-packages/airflow/example_dags/example_short_circuit_operator.py
[2022-10-18 21:43:49,839] {processor.py:651} INFO - DAG(s) dict_keys(['example_short_circuit_operator']) retrieved from /home/airflow/.local/lib/python3.9/site-packages/airflow/example_dags/example_short_circuit_operator.py
[2022-10-18 21:43:50,196] {logging_mixin.py:115} INFO - [2022-10-18 21:43:50,196] {dag.py:2379} INFO - Sync 1 DAGs
[2022-10-18 21:43:50,627] {logging_mixin.py:115} INFO - [2022-10-18 21:43:50,626] {dag.py:2927} INFO - Setting next_dagrun for example_short_circuit_operator to 2022-10-17T21:43:50.616932+00:00, run_after=2022-10-18T21:43:50.616932+00:00
[2022-10-18 21:43:50,751] {processor.py:161} INFO - Processing /home/airflow/.local/lib/python3.9/site-packages/airflow/example_dags/example_short_circuit_operator.py took 1.076 seconds
[2022-10-18 21:44:21,655] {processor.py:153} INFO - Started process (PID=3377) to work on /home/airflow/.local/lib/python3.9/site-packages/airflow/example_dags/example_short_circuit_operator.py
[2022-10-18 21:44:21,676] {processor.py:641} INFO - Processing file /home/airflow/.local/lib/python3.9/site-packages/airflow/example_dags/example_short_circuit_operator.py for tasks to queue
[2022-10-18 21:44:21,703] {logging_mixin.py:115} INFO - [2022-10-18 21:44:21,701] {dagbag.py:507} INFO - Filling up the DagBag from /home/airflow/.local/lib/python3.9/site-packages/airflow/example_dags/example_short_circuit_operator.py
[2022-10-18 21:44:21,847] {processor.py:651} INFO - DAG(s) dict_keys(['example_short_circuit_operator']) retrieved from /home/airflow/.local/lib/python3.9/site-packages/airflow/example_dags/example_short_circuit_operator.py
[2022-10-18 21:44:22,267] {logging_mixin.py:115} INFO - [2022-10-18 21:44:22,258] {dag.py:2379} INFO - Sync 1 DAGs
[2022-10-18 21:44:22,716] {logging_mixin.py:115} INFO - [2022-10-18 21:44:22,715] {dag.py:2927} INFO - Setting next_dagrun for example_short_circuit_operator to 2022-10-17T21:44:22.703956+00:00, run_after=2022-10-18T21:44:22.703956+00:00
[2022-10-18 21:44:22,909] {processor.py:161} INFO - Processing /home/airflow/.local/lib/python3.9/site-packages/airflow/example_dags/example_short_circuit_operator.py took 1.300 seconds
[2022-10-18 21:44:53,843] {processor.py:153} INFO - Started process (PID=3473) to work on /home/airflow/.local/lib/python3.9/site-packages/airflow/example_dags/example_short_circuit_operator.py
[2022-10-18 21:44:53,853] {processor.py:641} INFO - Processing file /home/airflow/.local/lib/python3.9/site-packages/airflow/example_dags/example_short_circuit_operator.py for tasks to queue
[2022-10-18 21:44:53,873] {logging_mixin.py:115} INFO - [2022-10-18 21:44:53,872] {dagbag.py:507} INFO - Filling up the DagBag from /home/airflow/.local/lib/python3.9/site-packages/airflow/example_dags/example_short_circuit_operator.py
[2022-10-18 21:44:54,061] {processor.py:651} INFO - DAG(s) dict_keys(['example_short_circuit_operator']) retrieved from /home/airflow/.local/lib/python3.9/site-packages/airflow/example_dags/example_short_circuit_operator.py
[2022-10-18 21:44:54,413] {logging_mixin.py:115} INFO - [2022-10-18 21:44:54,413] {dag.py:2379} INFO - Sync 1 DAGs
[2022-10-18 21:44:54,943] {logging_mixin.py:115} INFO - [2022-10-18 21:44:54,942] {dag.py:2927} INFO - Setting next_dagrun for example_short_circuit_operator to 2022-10-17T21:44:54.930195+00:00, run_after=2022-10-18T21:44:54.930195+00:00
[2022-10-18 21:44:55,181] {processor.py:161} INFO - Processing /home/airflow/.local/lib/python3.9/site-packages/airflow/example_dags/example_short_circuit_operator.py took 1.392 seconds
[2022-10-18 21:45:25,409] {processor.py:153} INFO - Started process (PID=3566) to work on /home/airflow/.local/lib/python3.9/site-packages/airflow/example_dags/example_short_circuit_operator.py
[2022-10-18 21:45:25,415] {processor.py:641} INFO - Processing file /home/airflow/.local/lib/python3.9/site-packages/airflow/example_dags/example_short_circuit_operator.py for tasks to queue
[2022-10-18 21:45:25,419] {logging_mixin.py:115} INFO - [2022-10-18 21:45:25,419] {dagbag.py:507} INFO - Filling up the DagBag from /home/airflow/.local/lib/python3.9/site-packages/airflow/example_dags/example_short_circuit_operator.py
[2022-10-18 21:45:25,502] {processor.py:651} INFO - DAG(s) dict_keys(['example_short_circuit_operator']) retrieved from /home/airflow/.local/lib/python3.9/site-packages/airflow/example_dags/example_short_circuit_operator.py
[2022-10-18 21:45:25,915] {logging_mixin.py:115} INFO - [2022-10-18 21:45:25,914] {dag.py:2379} INFO - Sync 1 DAGs
[2022-10-18 21:45:26,531] {logging_mixin.py:115} INFO - [2022-10-18 21:45:26,502] {dag.py:2927} INFO - Setting next_dagrun for example_short_circuit_operator to 2022-10-17T21:45:26.500462+00:00, run_after=2022-10-18T21:45:26.500462+00:00
[2022-10-18 21:45:26,831] {processor.py:161} INFO - Processing /home/airflow/.local/lib/python3.9/site-packages/airflow/example_dags/example_short_circuit_operator.py took 1.439 seconds
[2022-10-18 21:46:02,489] {processor.py:153} INFO - Started process (PID=3658) to work on /home/airflow/.local/lib/python3.9/site-packages/airflow/example_dags/example_short_circuit_operator.py
[2022-10-18 21:46:02,513] {processor.py:641} INFO - Processing file /home/airflow/.local/lib/python3.9/site-packages/airflow/example_dags/example_short_circuit_operator.py for tasks to queue
[2022-10-18 21:46:02,517] {logging_mixin.py:115} INFO - [2022-10-18 21:46:02,516] {dagbag.py:507} INFO - Filling up the DagBag from /home/airflow/.local/lib/python3.9/site-packages/airflow/example_dags/example_short_circuit_operator.py
[2022-10-18 21:46:02,774] {processor.py:651} INFO - DAG(s) dict_keys(['example_short_circuit_operator']) retrieved from /home/airflow/.local/lib/python3.9/site-packages/airflow/example_dags/example_short_circuit_operator.py
[2022-10-18 21:46:03,539] {logging_mixin.py:115} INFO - [2022-10-18 21:46:03,532] {dag.py:2379} INFO - Sync 1 DAGs
[2022-10-18 21:46:04,043] {logging_mixin.py:115} INFO - [2022-10-18 21:46:04,043] {dag.py:2927} INFO - Setting next_dagrun for example_short_circuit_operator to 2022-10-17T21:46:04.025576+00:00, run_after=2022-10-18T21:46:04.025576+00:00
[2022-10-18 21:46:04,454] {processor.py:161} INFO - Processing /home/airflow/.local/lib/python3.9/site-packages/airflow/example_dags/example_short_circuit_operator.py took 1.998 seconds
[2022-10-18 21:46:45,021] {processor.py:153} INFO - Started process (PID=3755) to work on /home/airflow/.local/lib/python3.9/site-packages/airflow/example_dags/example_short_circuit_operator.py
[2022-10-18 21:46:45,039] {processor.py:641} INFO - Processing file /home/airflow/.local/lib/python3.9/site-packages/airflow/example_dags/example_short_circuit_operator.py for tasks to queue
[2022-10-18 21:46:45,051] {logging_mixin.py:115} INFO - [2022-10-18 21:46:45,051] {dagbag.py:507} INFO - Filling up the DagBag from /home/airflow/.local/lib/python3.9/site-packages/airflow/example_dags/example_short_circuit_operator.py
[2022-10-18 21:46:45,472] {processor.py:651} INFO - DAG(s) dict_keys(['example_short_circuit_operator']) retrieved from /home/airflow/.local/lib/python3.9/site-packages/airflow/example_dags/example_short_circuit_operator.py
[2022-10-18 21:46:46,367] {logging_mixin.py:115} INFO - [2022-10-18 21:46:46,358] {dag.py:2379} INFO - Sync 1 DAGs
[2022-10-18 21:46:47,150] {logging_mixin.py:115} INFO - [2022-10-18 21:46:47,149] {dag.py:2927} INFO - Setting next_dagrun for example_short_circuit_operator to 2022-10-17T21:46:47.119235+00:00, run_after=2022-10-18T21:46:47.119235+00:00
[2022-10-18 21:46:47,390] {processor.py:161} INFO - Processing /home/airflow/.local/lib/python3.9/site-packages/airflow/example_dags/example_short_circuit_operator.py took 2.445 seconds
[2022-10-18 21:47:34,016] {processor.py:153} INFO - Started process (PID=3852) to work on /home/airflow/.local/lib/python3.9/site-packages/airflow/example_dags/example_short_circuit_operator.py
[2022-10-18 21:47:34,035] {processor.py:641} INFO - Processing file /home/airflow/.local/lib/python3.9/site-packages/airflow/example_dags/example_short_circuit_operator.py for tasks to queue
[2022-10-18 21:47:34,060] {logging_mixin.py:115} INFO - [2022-10-18 21:47:34,060] {dagbag.py:507} INFO - Filling up the DagBag from /home/airflow/.local/lib/python3.9/site-packages/airflow/example_dags/example_short_circuit_operator.py
[2022-10-18 21:47:34,466] {processor.py:651} INFO - DAG(s) dict_keys(['example_short_circuit_operator']) retrieved from /home/airflow/.local/lib/python3.9/site-packages/airflow/example_dags/example_short_circuit_operator.py
[2022-10-18 21:47:35,403] {logging_mixin.py:115} INFO - [2022-10-18 21:47:35,403] {dag.py:2379} INFO - Sync 1 DAGs
[2022-10-18 21:47:36,197] {logging_mixin.py:115} INFO - [2022-10-18 21:47:36,196] {dag.py:2927} INFO - Setting next_dagrun for example_short_circuit_operator to 2022-10-17T21:47:36.166022+00:00, run_after=2022-10-18T21:47:36.166022+00:00
[2022-10-18 21:47:36,587] {processor.py:161} INFO - Processing /home/airflow/.local/lib/python3.9/site-packages/airflow/example_dags/example_short_circuit_operator.py took 2.648 seconds
