[2022-10-18 21:13:34,699] {processor.py:153} INFO - Started process (PID=264) to work on /home/airflow/.local/lib/python3.9/site-packages/airflow/example_dags/example_xcom.py
[2022-10-18 21:13:34,711] {processor.py:641} INFO - Processing file /home/airflow/.local/lib/python3.9/site-packages/airflow/example_dags/example_xcom.py for tasks to queue
[2022-10-18 21:13:34,723] {logging_mixin.py:115} INFO - [2022-10-18 21:13:34,722] {dagbag.py:507} INFO - Filling up the DagBag from /home/airflow/.local/lib/python3.9/site-packages/airflow/example_dags/example_xcom.py
[2022-10-18 21:13:35,259] {processor.py:651} INFO - DAG(s) dict_keys(['example_xcom']) retrieved from /home/airflow/.local/lib/python3.9/site-packages/airflow/example_dags/example_xcom.py
[2022-10-18 21:13:36,451] {logging_mixin.py:115} INFO - [2022-10-18 21:13:36,450] {dag.py:2379} INFO - Sync 1 DAGs
[2022-10-18 21:13:36,815] {logging_mixin.py:115} INFO - [2022-10-18 21:13:36,814] {dag.py:2927} INFO - Setting next_dagrun for example_xcom to 2021-01-01T00:00:00+00:00, run_after=2021-01-01T00:00:00+00:00
[2022-10-18 21:13:37,017] {processor.py:161} INFO - Processing /home/airflow/.local/lib/python3.9/site-packages/airflow/example_dags/example_xcom.py took 2.365 seconds
[2022-10-18 21:14:07,398] {processor.py:153} INFO - Started process (PID=349) to work on /home/airflow/.local/lib/python3.9/site-packages/airflow/example_dags/example_xcom.py
[2022-10-18 21:14:07,407] {processor.py:641} INFO - Processing file /home/airflow/.local/lib/python3.9/site-packages/airflow/example_dags/example_xcom.py for tasks to queue
[2022-10-18 21:14:07,442] {logging_mixin.py:115} INFO - [2022-10-18 21:14:07,441] {dagbag.py:507} INFO - Filling up the DagBag from /home/airflow/.local/lib/python3.9/site-packages/airflow/example_dags/example_xcom.py
[2022-10-18 21:14:07,977] {processor.py:651} INFO - DAG(s) dict_keys(['example_xcom']) retrieved from /home/airflow/.local/lib/python3.9/site-packages/airflow/example_dags/example_xcom.py
[2022-10-18 21:14:09,226] {logging_mixin.py:115} INFO - [2022-10-18 21:14:09,225] {dag.py:2379} INFO - Sync 1 DAGs
[2022-10-18 21:14:09,714] {logging_mixin.py:115} INFO - [2022-10-18 21:14:09,709] {dag.py:2927} INFO - Setting next_dagrun for example_xcom to 2021-01-01T00:00:00+00:00, run_after=2021-01-01T00:00:00+00:00
[2022-10-18 21:14:09,919] {processor.py:161} INFO - Processing /home/airflow/.local/lib/python3.9/site-packages/airflow/example_dags/example_xcom.py took 2.575 seconds
[2022-10-18 21:14:40,462] {processor.py:153} INFO - Started process (PID=441) to work on /home/airflow/.local/lib/python3.9/site-packages/airflow/example_dags/example_xcom.py
[2022-10-18 21:14:40,475] {processor.py:641} INFO - Processing file /home/airflow/.local/lib/python3.9/site-packages/airflow/example_dags/example_xcom.py for tasks to queue
[2022-10-18 21:14:40,485] {logging_mixin.py:115} INFO - [2022-10-18 21:14:40,482] {dagbag.py:507} INFO - Filling up the DagBag from /home/airflow/.local/lib/python3.9/site-packages/airflow/example_dags/example_xcom.py
[2022-10-18 21:14:41,075] {processor.py:651} INFO - DAG(s) dict_keys(['example_xcom']) retrieved from /home/airflow/.local/lib/python3.9/site-packages/airflow/example_dags/example_xcom.py
[2022-10-18 21:14:42,254] {logging_mixin.py:115} INFO - [2022-10-18 21:14:42,253] {dag.py:2379} INFO - Sync 1 DAGs
[2022-10-18 21:14:42,607] {logging_mixin.py:115} INFO - [2022-10-18 21:14:42,606] {dag.py:2927} INFO - Setting next_dagrun for example_xcom to 2021-01-01T00:00:00+00:00, run_after=2021-01-01T00:00:00+00:00
[2022-10-18 21:14:42,792] {processor.py:161} INFO - Processing /home/airflow/.local/lib/python3.9/site-packages/airflow/example_dags/example_xcom.py took 2.349 seconds
[2022-10-18 21:15:13,247] {processor.py:153} INFO - Started process (PID=536) to work on /home/airflow/.local/lib/python3.9/site-packages/airflow/example_dags/example_xcom.py
[2022-10-18 21:15:13,264] {processor.py:641} INFO - Processing file /home/airflow/.local/lib/python3.9/site-packages/airflow/example_dags/example_xcom.py for tasks to queue
[2022-10-18 21:15:13,276] {logging_mixin.py:115} INFO - [2022-10-18 21:15:13,276] {dagbag.py:507} INFO - Filling up the DagBag from /home/airflow/.local/lib/python3.9/site-packages/airflow/example_dags/example_xcom.py
[2022-10-18 21:15:13,727] {processor.py:651} INFO - DAG(s) dict_keys(['example_xcom']) retrieved from /home/airflow/.local/lib/python3.9/site-packages/airflow/example_dags/example_xcom.py
[2022-10-18 21:15:14,772] {logging_mixin.py:115} INFO - [2022-10-18 21:15:14,771] {dag.py:2379} INFO - Sync 1 DAGs
[2022-10-18 21:15:15,087] {logging_mixin.py:115} INFO - [2022-10-18 21:15:15,085] {dag.py:2927} INFO - Setting next_dagrun for example_xcom to 2021-01-01T00:00:00+00:00, run_after=2021-01-01T00:00:00+00:00
[2022-10-18 21:15:15,290] {processor.py:161} INFO - Processing /home/airflow/.local/lib/python3.9/site-packages/airflow/example_dags/example_xcom.py took 2.069 seconds
[2022-10-18 21:15:45,812] {processor.py:153} INFO - Started process (PID=622) to work on /home/airflow/.local/lib/python3.9/site-packages/airflow/example_dags/example_xcom.py
[2022-10-18 21:15:45,823] {processor.py:641} INFO - Processing file /home/airflow/.local/lib/python3.9/site-packages/airflow/example_dags/example_xcom.py for tasks to queue
[2022-10-18 21:15:45,827] {logging_mixin.py:115} INFO - [2022-10-18 21:15:45,827] {dagbag.py:507} INFO - Filling up the DagBag from /home/airflow/.local/lib/python3.9/site-packages/airflow/example_dags/example_xcom.py
[2022-10-18 21:15:46,222] {processor.py:651} INFO - DAG(s) dict_keys(['example_xcom']) retrieved from /home/airflow/.local/lib/python3.9/site-packages/airflow/example_dags/example_xcom.py
[2022-10-18 21:15:47,101] {logging_mixin.py:115} INFO - [2022-10-18 21:15:47,100] {dag.py:2379} INFO - Sync 1 DAGs
[2022-10-18 21:15:47,217] {logging_mixin.py:115} INFO - [2022-10-18 21:15:47,216] {dag.py:2927} INFO - Setting next_dagrun for example_xcom to 2021-01-01T00:00:00+00:00, run_after=2021-01-01T00:00:00+00:00
[2022-10-18 21:15:47,422] {processor.py:161} INFO - Processing /home/airflow/.local/lib/python3.9/site-packages/airflow/example_dags/example_xcom.py took 1.648 seconds
[2022-10-18 21:16:18,196] {processor.py:153} INFO - Started process (PID=720) to work on /home/airflow/.local/lib/python3.9/site-packages/airflow/example_dags/example_xcom.py
[2022-10-18 21:16:18,200] {processor.py:641} INFO - Processing file /home/airflow/.local/lib/python3.9/site-packages/airflow/example_dags/example_xcom.py for tasks to queue
[2022-10-18 21:16:18,209] {logging_mixin.py:115} INFO - [2022-10-18 21:16:18,208] {dagbag.py:507} INFO - Filling up the DagBag from /home/airflow/.local/lib/python3.9/site-packages/airflow/example_dags/example_xcom.py
[2022-10-18 21:16:18,562] {processor.py:651} INFO - DAG(s) dict_keys(['example_xcom']) retrieved from /home/airflow/.local/lib/python3.9/site-packages/airflow/example_dags/example_xcom.py
[2022-10-18 21:16:19,771] {logging_mixin.py:115} INFO - [2022-10-18 21:16:19,764] {dag.py:2379} INFO - Sync 1 DAGs
[2022-10-18 21:16:20,111] {logging_mixin.py:115} INFO - [2022-10-18 21:16:20,110] {dag.py:2927} INFO - Setting next_dagrun for example_xcom to 2021-01-01T00:00:00+00:00, run_after=2021-01-01T00:00:00+00:00
[2022-10-18 21:16:20,302] {processor.py:161} INFO - Processing /home/airflow/.local/lib/python3.9/site-packages/airflow/example_dags/example_xcom.py took 2.132 seconds
[2022-10-18 21:16:51,145] {processor.py:153} INFO - Started process (PID=813) to work on /home/airflow/.local/lib/python3.9/site-packages/airflow/example_dags/example_xcom.py
[2022-10-18 21:16:51,150] {processor.py:641} INFO - Processing file /home/airflow/.local/lib/python3.9/site-packages/airflow/example_dags/example_xcom.py for tasks to queue
[2022-10-18 21:16:51,162] {logging_mixin.py:115} INFO - [2022-10-18 21:16:51,161] {dagbag.py:507} INFO - Filling up the DagBag from /home/airflow/.local/lib/python3.9/site-packages/airflow/example_dags/example_xcom.py
[2022-10-18 21:16:51,505] {processor.py:651} INFO - DAG(s) dict_keys(['example_xcom']) retrieved from /home/airflow/.local/lib/python3.9/site-packages/airflow/example_dags/example_xcom.py
[2022-10-18 21:16:51,854] {logging_mixin.py:115} INFO - [2022-10-18 21:16:51,853] {dag.py:2379} INFO - Sync 1 DAGs
[2022-10-18 21:16:52,279] {logging_mixin.py:115} INFO - [2022-10-18 21:16:52,278] {dag.py:2927} INFO - Setting next_dagrun for example_xcom to 2021-01-01T00:00:00+00:00, run_after=2021-01-01T00:00:00+00:00
[2022-10-18 21:16:52,477] {processor.py:161} INFO - Processing /home/airflow/.local/lib/python3.9/site-packages/airflow/example_dags/example_xcom.py took 1.374 seconds
[2022-10-18 21:17:23,119] {processor.py:153} INFO - Started process (PID=898) to work on /home/airflow/.local/lib/python3.9/site-packages/airflow/example_dags/example_xcom.py
[2022-10-18 21:17:23,122] {processor.py:641} INFO - Processing file /home/airflow/.local/lib/python3.9/site-packages/airflow/example_dags/example_xcom.py for tasks to queue
[2022-10-18 21:17:23,132] {logging_mixin.py:115} INFO - [2022-10-18 21:17:23,128] {dagbag.py:507} INFO - Filling up the DagBag from /home/airflow/.local/lib/python3.9/site-packages/airflow/example_dags/example_xcom.py
[2022-10-18 21:17:23,435] {processor.py:651} INFO - DAG(s) dict_keys(['example_xcom']) retrieved from /home/airflow/.local/lib/python3.9/site-packages/airflow/example_dags/example_xcom.py
[2022-10-18 21:17:23,740] {logging_mixin.py:115} INFO - [2022-10-18 21:17:23,739] {dag.py:2379} INFO - Sync 1 DAGs
[2022-10-18 21:17:24,019] {logging_mixin.py:115} INFO - [2022-10-18 21:17:24,018] {dag.py:2927} INFO - Setting next_dagrun for example_xcom to 2021-01-01T00:00:00+00:00, run_after=2021-01-01T00:00:00+00:00
[2022-10-18 21:17:24,161] {processor.py:161} INFO - Processing /home/airflow/.local/lib/python3.9/site-packages/airflow/example_dags/example_xcom.py took 1.070 seconds
[2022-10-18 21:17:55,058] {processor.py:153} INFO - Started process (PID=994) to work on /home/airflow/.local/lib/python3.9/site-packages/airflow/example_dags/example_xcom.py
[2022-10-18 21:17:55,061] {processor.py:641} INFO - Processing file /home/airflow/.local/lib/python3.9/site-packages/airflow/example_dags/example_xcom.py for tasks to queue
[2022-10-18 21:17:55,066] {logging_mixin.py:115} INFO - [2022-10-18 21:17:55,066] {dagbag.py:507} INFO - Filling up the DagBag from /home/airflow/.local/lib/python3.9/site-packages/airflow/example_dags/example_xcom.py
[2022-10-18 21:17:55,329] {processor.py:651} INFO - DAG(s) dict_keys(['example_xcom']) retrieved from /home/airflow/.local/lib/python3.9/site-packages/airflow/example_dags/example_xcom.py
[2022-10-18 21:17:55,550] {logging_mixin.py:115} INFO - [2022-10-18 21:17:55,549] {dag.py:2379} INFO - Sync 1 DAGs
[2022-10-18 21:17:55,865] {logging_mixin.py:115} INFO - [2022-10-18 21:17:55,864] {dag.py:2927} INFO - Setting next_dagrun for example_xcom to 2021-01-01T00:00:00+00:00, run_after=2021-01-01T00:00:00+00:00
[2022-10-18 21:17:56,015] {processor.py:161} INFO - Processing /home/airflow/.local/lib/python3.9/site-packages/airflow/example_dags/example_xcom.py took 0.984 seconds
[2022-10-18 21:18:26,522] {processor.py:153} INFO - Started process (PID=1076) to work on /home/airflow/.local/lib/python3.9/site-packages/airflow/example_dags/example_xcom.py
[2022-10-18 21:18:26,549] {processor.py:641} INFO - Processing file /home/airflow/.local/lib/python3.9/site-packages/airflow/example_dags/example_xcom.py for tasks to queue
[2022-10-18 21:18:26,553] {logging_mixin.py:115} INFO - [2022-10-18 21:18:26,553] {dagbag.py:507} INFO - Filling up the DagBag from /home/airflow/.local/lib/python3.9/site-packages/airflow/example_dags/example_xcom.py
[2022-10-18 21:18:26,868] {processor.py:651} INFO - DAG(s) dict_keys(['example_xcom']) retrieved from /home/airflow/.local/lib/python3.9/site-packages/airflow/example_dags/example_xcom.py
[2022-10-18 21:18:27,606] {logging_mixin.py:115} INFO - [2022-10-18 21:18:27,605] {dag.py:2379} INFO - Sync 1 DAGs
[2022-10-18 21:18:27,785] {logging_mixin.py:115} INFO - [2022-10-18 21:18:27,784] {dag.py:2927} INFO - Setting next_dagrun for example_xcom to 2021-01-01T00:00:00+00:00, run_after=2021-01-01T00:00:00+00:00
[2022-10-18 21:18:27,958] {processor.py:161} INFO - Processing /home/airflow/.local/lib/python3.9/site-packages/airflow/example_dags/example_xcom.py took 1.453 seconds
[2022-10-18 21:18:58,141] {processor.py:153} INFO - Started process (PID=1171) to work on /home/airflow/.local/lib/python3.9/site-packages/airflow/example_dags/example_xcom.py
[2022-10-18 21:18:58,148] {processor.py:641} INFO - Processing file /home/airflow/.local/lib/python3.9/site-packages/airflow/example_dags/example_xcom.py for tasks to queue
[2022-10-18 21:18:58,170] {logging_mixin.py:115} INFO - [2022-10-18 21:18:58,165] {dagbag.py:507} INFO - Filling up the DagBag from /home/airflow/.local/lib/python3.9/site-packages/airflow/example_dags/example_xcom.py
[2022-10-18 21:18:58,759] {processor.py:651} INFO - DAG(s) dict_keys(['example_xcom']) retrieved from /home/airflow/.local/lib/python3.9/site-packages/airflow/example_dags/example_xcom.py
[2022-10-18 21:18:59,076] {logging_mixin.py:115} INFO - [2022-10-18 21:18:59,076] {dag.py:2379} INFO - Sync 1 DAGs
[2022-10-18 21:18:59,340] {logging_mixin.py:115} INFO - [2022-10-18 21:18:59,339] {dag.py:2927} INFO - Setting next_dagrun for example_xcom to 2021-01-01T00:00:00+00:00, run_after=2021-01-01T00:00:00+00:00
[2022-10-18 21:18:59,429] {processor.py:161} INFO - Processing /home/airflow/.local/lib/python3.9/site-packages/airflow/example_dags/example_xcom.py took 1.311 seconds
[2022-10-18 21:19:30,308] {processor.py:153} INFO - Started process (PID=1265) to work on /home/airflow/.local/lib/python3.9/site-packages/airflow/example_dags/example_xcom.py
[2022-10-18 21:19:30,311] {processor.py:641} INFO - Processing file /home/airflow/.local/lib/python3.9/site-packages/airflow/example_dags/example_xcom.py for tasks to queue
[2022-10-18 21:19:30,316] {logging_mixin.py:115} INFO - [2022-10-18 21:19:30,316] {dagbag.py:507} INFO - Filling up the DagBag from /home/airflow/.local/lib/python3.9/site-packages/airflow/example_dags/example_xcom.py
[2022-10-18 21:19:30,579] {processor.py:651} INFO - DAG(s) dict_keys(['example_xcom']) retrieved from /home/airflow/.local/lib/python3.9/site-packages/airflow/example_dags/example_xcom.py
[2022-10-18 21:19:31,522] {logging_mixin.py:115} INFO - [2022-10-18 21:19:31,521] {dag.py:2379} INFO - Sync 1 DAGs
[2022-10-18 21:19:31,835] {logging_mixin.py:115} INFO - [2022-10-18 21:19:31,834] {dag.py:2927} INFO - Setting next_dagrun for example_xcom to 2021-01-01T00:00:00+00:00, run_after=2021-01-01T00:00:00+00:00
[2022-10-18 21:19:31,928] {processor.py:161} INFO - Processing /home/airflow/.local/lib/python3.9/site-packages/airflow/example_dags/example_xcom.py took 1.643 seconds
[2022-10-18 21:20:02,485] {processor.py:153} INFO - Started process (PID=1346) to work on /home/airflow/.local/lib/python3.9/site-packages/airflow/example_dags/example_xcom.py
[2022-10-18 21:20:02,489] {processor.py:641} INFO - Processing file /home/airflow/.local/lib/python3.9/site-packages/airflow/example_dags/example_xcom.py for tasks to queue
[2022-10-18 21:20:02,494] {logging_mixin.py:115} INFO - [2022-10-18 21:20:02,493] {dagbag.py:507} INFO - Filling up the DagBag from /home/airflow/.local/lib/python3.9/site-packages/airflow/example_dags/example_xcom.py
[2022-10-18 21:20:02,704] {processor.py:651} INFO - DAG(s) dict_keys(['example_xcom']) retrieved from /home/airflow/.local/lib/python3.9/site-packages/airflow/example_dags/example_xcom.py
[2022-10-18 21:20:02,887] {logging_mixin.py:115} INFO - [2022-10-18 21:20:02,886] {dag.py:2379} INFO - Sync 1 DAGs
[2022-10-18 21:20:03,123] {logging_mixin.py:115} INFO - [2022-10-18 21:20:03,122] {dag.py:2927} INFO - Setting next_dagrun for example_xcom to 2021-01-01T00:00:00+00:00, run_after=2021-01-01T00:00:00+00:00
[2022-10-18 21:20:03,208] {processor.py:161} INFO - Processing /home/airflow/.local/lib/python3.9/site-packages/airflow/example_dags/example_xcom.py took 0.740 seconds
[2022-10-18 21:20:33,873] {processor.py:153} INFO - Started process (PID=1442) to work on /home/airflow/.local/lib/python3.9/site-packages/airflow/example_dags/example_xcom.py
[2022-10-18 21:20:33,887] {processor.py:641} INFO - Processing file /home/airflow/.local/lib/python3.9/site-packages/airflow/example_dags/example_xcom.py for tasks to queue
[2022-10-18 21:20:33,896] {logging_mixin.py:115} INFO - [2022-10-18 21:20:33,896] {dagbag.py:507} INFO - Filling up the DagBag from /home/airflow/.local/lib/python3.9/site-packages/airflow/example_dags/example_xcom.py
[2022-10-18 21:20:34,156] {processor.py:651} INFO - DAG(s) dict_keys(['example_xcom']) retrieved from /home/airflow/.local/lib/python3.9/site-packages/airflow/example_dags/example_xcom.py
[2022-10-18 21:20:34,953] {logging_mixin.py:115} INFO - [2022-10-18 21:20:34,953] {dag.py:2379} INFO - Sync 1 DAGs
[2022-10-18 21:20:35,250] {logging_mixin.py:115} INFO - [2022-10-18 21:20:35,249] {dag.py:2927} INFO - Setting next_dagrun for example_xcom to 2021-01-01T00:00:00+00:00, run_after=2021-01-01T00:00:00+00:00
[2022-10-18 21:20:35,398] {processor.py:161} INFO - Processing /home/airflow/.local/lib/python3.9/site-packages/airflow/example_dags/example_xcom.py took 1.541 seconds
[2022-10-18 21:21:06,200] {processor.py:153} INFO - Started process (PID=1529) to work on /home/airflow/.local/lib/python3.9/site-packages/airflow/example_dags/example_xcom.py
[2022-10-18 21:21:06,204] {processor.py:641} INFO - Processing file /home/airflow/.local/lib/python3.9/site-packages/airflow/example_dags/example_xcom.py for tasks to queue
[2022-10-18 21:21:06,210] {logging_mixin.py:115} INFO - [2022-10-18 21:21:06,209] {dagbag.py:507} INFO - Filling up the DagBag from /home/airflow/.local/lib/python3.9/site-packages/airflow/example_dags/example_xcom.py
[2022-10-18 21:21:06,412] {processor.py:651} INFO - DAG(s) dict_keys(['example_xcom']) retrieved from /home/airflow/.local/lib/python3.9/site-packages/airflow/example_dags/example_xcom.py
[2022-10-18 21:21:06,965] {logging_mixin.py:115} INFO - [2022-10-18 21:21:06,964] {dag.py:2379} INFO - Sync 1 DAGs
[2022-10-18 21:21:07,151] {logging_mixin.py:115} INFO - [2022-10-18 21:21:07,150] {dag.py:2927} INFO - Setting next_dagrun for example_xcom to 2021-01-01T00:00:00+00:00, run_after=2021-01-01T00:00:00+00:00
[2022-10-18 21:21:07,199] {processor.py:161} INFO - Processing /home/airflow/.local/lib/python3.9/site-packages/airflow/example_dags/example_xcom.py took 1.018 seconds
[2022-10-18 21:21:37,410] {processor.py:153} INFO - Started process (PID=1620) to work on /home/airflow/.local/lib/python3.9/site-packages/airflow/example_dags/example_xcom.py
[2022-10-18 21:21:37,419] {processor.py:641} INFO - Processing file /home/airflow/.local/lib/python3.9/site-packages/airflow/example_dags/example_xcom.py for tasks to queue
[2022-10-18 21:21:37,423] {logging_mixin.py:115} INFO - [2022-10-18 21:21:37,422] {dagbag.py:507} INFO - Filling up the DagBag from /home/airflow/.local/lib/python3.9/site-packages/airflow/example_dags/example_xcom.py
[2022-10-18 21:21:37,682] {processor.py:651} INFO - DAG(s) dict_keys(['example_xcom']) retrieved from /home/airflow/.local/lib/python3.9/site-packages/airflow/example_dags/example_xcom.py
[2022-10-18 21:21:38,389] {logging_mixin.py:115} INFO - [2022-10-18 21:21:38,389] {dag.py:2379} INFO - Sync 1 DAGs
[2022-10-18 21:21:38,586] {logging_mixin.py:115} INFO - [2022-10-18 21:21:38,585] {dag.py:2927} INFO - Setting next_dagrun for example_xcom to 2021-01-01T00:00:00+00:00, run_after=2021-01-01T00:00:00+00:00
[2022-10-18 21:21:38,699] {processor.py:161} INFO - Processing /home/airflow/.local/lib/python3.9/site-packages/airflow/example_dags/example_xcom.py took 1.318 seconds
[2022-10-18 21:22:09,079] {processor.py:153} INFO - Started process (PID=1710) to work on /home/airflow/.local/lib/python3.9/site-packages/airflow/example_dags/example_xcom.py
[2022-10-18 21:22:09,082] {processor.py:641} INFO - Processing file /home/airflow/.local/lib/python3.9/site-packages/airflow/example_dags/example_xcom.py for tasks to queue
[2022-10-18 21:22:09,086] {logging_mixin.py:115} INFO - [2022-10-18 21:22:09,085] {dagbag.py:507} INFO - Filling up the DagBag from /home/airflow/.local/lib/python3.9/site-packages/airflow/example_dags/example_xcom.py
[2022-10-18 21:22:09,178] {processor.py:651} INFO - DAG(s) dict_keys(['example_xcom']) retrieved from /home/airflow/.local/lib/python3.9/site-packages/airflow/example_dags/example_xcom.py
[2022-10-18 21:22:09,267] {logging_mixin.py:115} INFO - [2022-10-18 21:22:09,266] {dag.py:2379} INFO - Sync 1 DAGs
[2022-10-18 21:22:09,348] {logging_mixin.py:115} INFO - [2022-10-18 21:22:09,347] {dag.py:2927} INFO - Setting next_dagrun for example_xcom to 2021-01-01T00:00:00+00:00, run_after=2021-01-01T00:00:00+00:00
[2022-10-18 21:22:09,388] {processor.py:161} INFO - Processing /home/airflow/.local/lib/python3.9/site-packages/airflow/example_dags/example_xcom.py took 0.319 seconds
[2022-10-18 21:22:39,759] {processor.py:153} INFO - Started process (PID=1802) to work on /home/airflow/.local/lib/python3.9/site-packages/airflow/example_dags/example_xcom.py
[2022-10-18 21:22:39,768] {processor.py:641} INFO - Processing file /home/airflow/.local/lib/python3.9/site-packages/airflow/example_dags/example_xcom.py for tasks to queue
[2022-10-18 21:22:39,772] {logging_mixin.py:115} INFO - [2022-10-18 21:22:39,771] {dagbag.py:507} INFO - Filling up the DagBag from /home/airflow/.local/lib/python3.9/site-packages/airflow/example_dags/example_xcom.py
[2022-10-18 21:22:39,985] {processor.py:651} INFO - DAG(s) dict_keys(['example_xcom']) retrieved from /home/airflow/.local/lib/python3.9/site-packages/airflow/example_dags/example_xcom.py
[2022-10-18 21:22:40,485] {logging_mixin.py:115} INFO - [2022-10-18 21:22:40,485] {dag.py:2379} INFO - Sync 1 DAGs
[2022-10-18 21:22:40,659] {logging_mixin.py:115} INFO - [2022-10-18 21:22:40,658] {dag.py:2927} INFO - Setting next_dagrun for example_xcom to 2021-01-01T00:00:00+00:00, run_after=2021-01-01T00:00:00+00:00
[2022-10-18 21:22:40,744] {processor.py:161} INFO - Processing /home/airflow/.local/lib/python3.9/site-packages/airflow/example_dags/example_xcom.py took 0.994 seconds
[2022-10-18 21:35:31,209] {processor.py:153} INFO - Started process (PID=1870) to work on /home/airflow/.local/lib/python3.9/site-packages/airflow/example_dags/example_xcom.py
[2022-10-18 21:35:31,230] {processor.py:641} INFO - Processing file /home/airflow/.local/lib/python3.9/site-packages/airflow/example_dags/example_xcom.py for tasks to queue
[2022-10-18 21:35:31,234] {logging_mixin.py:115} INFO - [2022-10-18 21:35:31,234] {dagbag.py:507} INFO - Filling up the DagBag from /home/airflow/.local/lib/python3.9/site-packages/airflow/example_dags/example_xcom.py
[2022-10-18 21:35:31,661] {processor.py:651} INFO - DAG(s) dict_keys(['example_xcom']) retrieved from /home/airflow/.local/lib/python3.9/site-packages/airflow/example_dags/example_xcom.py
[2022-10-18 21:35:32,900] {logging_mixin.py:115} INFO - [2022-10-18 21:35:32,900] {dag.py:2379} INFO - Sync 1 DAGs
[2022-10-18 21:35:33,317] {logging_mixin.py:115} INFO - [2022-10-18 21:35:33,316] {dag.py:2927} INFO - Setting next_dagrun for example_xcom to 2021-01-01T00:00:00+00:00, run_after=2021-01-01T00:00:00+00:00
[2022-10-18 21:35:33,614] {processor.py:161} INFO - Processing /home/airflow/.local/lib/python3.9/site-packages/airflow/example_dags/example_xcom.py took 2.436 seconds
[2022-10-18 21:36:03,991] {processor.py:153} INFO - Started process (PID=1966) to work on /home/airflow/.local/lib/python3.9/site-packages/airflow/example_dags/example_xcom.py
[2022-10-18 21:36:03,995] {processor.py:641} INFO - Processing file /home/airflow/.local/lib/python3.9/site-packages/airflow/example_dags/example_xcom.py for tasks to queue
[2022-10-18 21:36:04,002] {logging_mixin.py:115} INFO - [2022-10-18 21:36:04,000] {dagbag.py:507} INFO - Filling up the DagBag from /home/airflow/.local/lib/python3.9/site-packages/airflow/example_dags/example_xcom.py
[2022-10-18 21:36:04,508] {processor.py:651} INFO - DAG(s) dict_keys(['example_xcom']) retrieved from /home/airflow/.local/lib/python3.9/site-packages/airflow/example_dags/example_xcom.py
[2022-10-18 21:36:04,885] {logging_mixin.py:115} INFO - [2022-10-18 21:36:04,885] {dag.py:2379} INFO - Sync 1 DAGs
[2022-10-18 21:36:05,292] {logging_mixin.py:115} INFO - [2022-10-18 21:36:05,292] {dag.py:2927} INFO - Setting next_dagrun for example_xcom to 2021-01-01T00:00:00+00:00, run_after=2021-01-01T00:00:00+00:00
[2022-10-18 21:36:05,453] {processor.py:161} INFO - Processing /home/airflow/.local/lib/python3.9/site-packages/airflow/example_dags/example_xcom.py took 1.490 seconds
[2022-10-18 21:36:35,904] {processor.py:153} INFO - Started process (PID=2048) to work on /home/airflow/.local/lib/python3.9/site-packages/airflow/example_dags/example_xcom.py
[2022-10-18 21:36:35,913] {processor.py:641} INFO - Processing file /home/airflow/.local/lib/python3.9/site-packages/airflow/example_dags/example_xcom.py for tasks to queue
[2022-10-18 21:36:35,917] {logging_mixin.py:115} INFO - [2022-10-18 21:36:35,916] {dagbag.py:507} INFO - Filling up the DagBag from /home/airflow/.local/lib/python3.9/site-packages/airflow/example_dags/example_xcom.py
[2022-10-18 21:36:36,206] {processor.py:651} INFO - DAG(s) dict_keys(['example_xcom']) retrieved from /home/airflow/.local/lib/python3.9/site-packages/airflow/example_dags/example_xcom.py
[2022-10-18 21:36:36,808] {logging_mixin.py:115} INFO - [2022-10-18 21:36:36,808] {dag.py:2379} INFO - Sync 1 DAGs
[2022-10-18 21:36:37,083] {logging_mixin.py:115} INFO - [2022-10-18 21:36:37,081] {dag.py:2927} INFO - Setting next_dagrun for example_xcom to 2021-01-01T00:00:00+00:00, run_after=2021-01-01T00:00:00+00:00
[2022-10-18 21:36:37,269] {processor.py:161} INFO - Processing /home/airflow/.local/lib/python3.9/site-packages/airflow/example_dags/example_xcom.py took 1.392 seconds
[2022-10-18 21:37:07,773] {processor.py:153} INFO - Started process (PID=2144) to work on /home/airflow/.local/lib/python3.9/site-packages/airflow/example_dags/example_xcom.py
[2022-10-18 21:37:07,778] {processor.py:641} INFO - Processing file /home/airflow/.local/lib/python3.9/site-packages/airflow/example_dags/example_xcom.py for tasks to queue
[2022-10-18 21:37:07,787] {logging_mixin.py:115} INFO - [2022-10-18 21:37:07,786] {dagbag.py:507} INFO - Filling up the DagBag from /home/airflow/.local/lib/python3.9/site-packages/airflow/example_dags/example_xcom.py
[2022-10-18 21:37:08,127] {processor.py:651} INFO - DAG(s) dict_keys(['example_xcom']) retrieved from /home/airflow/.local/lib/python3.9/site-packages/airflow/example_dags/example_xcom.py
[2022-10-18 21:37:08,420] {logging_mixin.py:115} INFO - [2022-10-18 21:37:08,419] {dag.py:2379} INFO - Sync 1 DAGs
[2022-10-18 21:37:08,668] {logging_mixin.py:115} INFO - [2022-10-18 21:37:08,668] {dag.py:2927} INFO - Setting next_dagrun for example_xcom to 2021-01-01T00:00:00+00:00, run_after=2021-01-01T00:00:00+00:00
[2022-10-18 21:37:08,799] {processor.py:161} INFO - Processing /home/airflow/.local/lib/python3.9/site-packages/airflow/example_dags/example_xcom.py took 1.046 seconds
[2022-10-18 21:37:39,326] {processor.py:153} INFO - Started process (PID=2225) to work on /home/airflow/.local/lib/python3.9/site-packages/airflow/example_dags/example_xcom.py
[2022-10-18 21:37:39,330] {processor.py:641} INFO - Processing file /home/airflow/.local/lib/python3.9/site-packages/airflow/example_dags/example_xcom.py for tasks to queue
[2022-10-18 21:37:39,334] {logging_mixin.py:115} INFO - [2022-10-18 21:37:39,333] {dagbag.py:507} INFO - Filling up the DagBag from /home/airflow/.local/lib/python3.9/site-packages/airflow/example_dags/example_xcom.py
[2022-10-18 21:37:39,545] {processor.py:651} INFO - DAG(s) dict_keys(['example_xcom']) retrieved from /home/airflow/.local/lib/python3.9/site-packages/airflow/example_dags/example_xcom.py
[2022-10-18 21:37:39,733] {logging_mixin.py:115} INFO - [2022-10-18 21:37:39,733] {dag.py:2379} INFO - Sync 1 DAGs
[2022-10-18 21:37:39,993] {logging_mixin.py:115} INFO - [2022-10-18 21:37:39,992] {dag.py:2927} INFO - Setting next_dagrun for example_xcom to 2021-01-01T00:00:00+00:00, run_after=2021-01-01T00:00:00+00:00
[2022-10-18 21:37:40,071] {processor.py:161} INFO - Processing /home/airflow/.local/lib/python3.9/site-packages/airflow/example_dags/example_xcom.py took 0.768 seconds
[2022-10-18 21:38:10,472] {processor.py:153} INFO - Started process (PID=2321) to work on /home/airflow/.local/lib/python3.9/site-packages/airflow/example_dags/example_xcom.py
[2022-10-18 21:38:10,477] {processor.py:641} INFO - Processing file /home/airflow/.local/lib/python3.9/site-packages/airflow/example_dags/example_xcom.py for tasks to queue
[2022-10-18 21:38:10,482] {logging_mixin.py:115} INFO - [2022-10-18 21:38:10,482] {dagbag.py:507} INFO - Filling up the DagBag from /home/airflow/.local/lib/python3.9/site-packages/airflow/example_dags/example_xcom.py
[2022-10-18 21:38:10,853] {processor.py:651} INFO - DAG(s) dict_keys(['example_xcom']) retrieved from /home/airflow/.local/lib/python3.9/site-packages/airflow/example_dags/example_xcom.py
[2022-10-18 21:38:11,374] {logging_mixin.py:115} INFO - [2022-10-18 21:38:11,374] {dag.py:2379} INFO - Sync 1 DAGs
[2022-10-18 21:38:11,491] {logging_mixin.py:115} INFO - [2022-10-18 21:38:11,490] {dag.py:2927} INFO - Setting next_dagrun for example_xcom to 2021-01-01T00:00:00+00:00, run_after=2021-01-01T00:00:00+00:00
[2022-10-18 21:38:11,548] {processor.py:161} INFO - Processing /home/airflow/.local/lib/python3.9/site-packages/airflow/example_dags/example_xcom.py took 1.104 seconds
[2022-10-18 21:38:42,180] {processor.py:153} INFO - Started process (PID=2407) to work on /home/airflow/.local/lib/python3.9/site-packages/airflow/example_dags/example_xcom.py
[2022-10-18 21:38:42,191] {processor.py:641} INFO - Processing file /home/airflow/.local/lib/python3.9/site-packages/airflow/example_dags/example_xcom.py for tasks to queue
[2022-10-18 21:38:42,196] {logging_mixin.py:115} INFO - [2022-10-18 21:38:42,195] {dagbag.py:507} INFO - Filling up the DagBag from /home/airflow/.local/lib/python3.9/site-packages/airflow/example_dags/example_xcom.py
[2022-10-18 21:38:42,465] {processor.py:651} INFO - DAG(s) dict_keys(['example_xcom']) retrieved from /home/airflow/.local/lib/python3.9/site-packages/airflow/example_dags/example_xcom.py
[2022-10-18 21:38:43,268] {logging_mixin.py:115} INFO - [2022-10-18 21:38:43,267] {dag.py:2379} INFO - Sync 1 DAGs
[2022-10-18 21:38:43,608] {logging_mixin.py:115} INFO - [2022-10-18 21:38:43,608] {dag.py:2927} INFO - Setting next_dagrun for example_xcom to 2021-01-01T00:00:00+00:00, run_after=2021-01-01T00:00:00+00:00
[2022-10-18 21:38:43,779] {processor.py:161} INFO - Processing /home/airflow/.local/lib/python3.9/site-packages/airflow/example_dags/example_xcom.py took 1.625 seconds
[2022-10-18 21:39:14,350] {processor.py:153} INFO - Started process (PID=2499) to work on /home/airflow/.local/lib/python3.9/site-packages/airflow/example_dags/example_xcom.py
[2022-10-18 21:39:14,379] {processor.py:641} INFO - Processing file /home/airflow/.local/lib/python3.9/site-packages/airflow/example_dags/example_xcom.py for tasks to queue
[2022-10-18 21:39:14,391] {logging_mixin.py:115} INFO - [2022-10-18 21:39:14,391] {dagbag.py:507} INFO - Filling up the DagBag from /home/airflow/.local/lib/python3.9/site-packages/airflow/example_dags/example_xcom.py
[2022-10-18 21:39:14,725] {processor.py:651} INFO - DAG(s) dict_keys(['example_xcom']) retrieved from /home/airflow/.local/lib/python3.9/site-packages/airflow/example_dags/example_xcom.py
[2022-10-18 21:39:14,994] {logging_mixin.py:115} INFO - [2022-10-18 21:39:14,994] {dag.py:2379} INFO - Sync 1 DAGs
[2022-10-18 21:39:15,339] {logging_mixin.py:115} INFO - [2022-10-18 21:39:15,338] {dag.py:2927} INFO - Setting next_dagrun for example_xcom to 2021-01-01T00:00:00+00:00, run_after=2021-01-01T00:00:00+00:00
[2022-10-18 21:39:15,600] {processor.py:161} INFO - Processing /home/airflow/.local/lib/python3.9/site-packages/airflow/example_dags/example_xcom.py took 1.288 seconds
[2022-10-18 21:39:46,284] {processor.py:153} INFO - Started process (PID=2595) to work on /home/airflow/.local/lib/python3.9/site-packages/airflow/example_dags/example_xcom.py
[2022-10-18 21:39:46,287] {processor.py:641} INFO - Processing file /home/airflow/.local/lib/python3.9/site-packages/airflow/example_dags/example_xcom.py for tasks to queue
[2022-10-18 21:39:46,292] {logging_mixin.py:115} INFO - [2022-10-18 21:39:46,291] {dagbag.py:507} INFO - Filling up the DagBag from /home/airflow/.local/lib/python3.9/site-packages/airflow/example_dags/example_xcom.py
[2022-10-18 21:39:46,597] {processor.py:651} INFO - DAG(s) dict_keys(['example_xcom']) retrieved from /home/airflow/.local/lib/python3.9/site-packages/airflow/example_dags/example_xcom.py
[2022-10-18 21:39:46,855] {logging_mixin.py:115} INFO - [2022-10-18 21:39:46,851] {dag.py:2379} INFO - Sync 1 DAGs
[2022-10-18 21:39:47,186] {logging_mixin.py:115} INFO - [2022-10-18 21:39:47,185] {dag.py:2927} INFO - Setting next_dagrun for example_xcom to 2021-01-01T00:00:00+00:00, run_after=2021-01-01T00:00:00+00:00
[2022-10-18 21:39:47,325] {processor.py:161} INFO - Processing /home/airflow/.local/lib/python3.9/site-packages/airflow/example_dags/example_xcom.py took 1.059 seconds
[2022-10-18 21:40:17,485] {processor.py:153} INFO - Started process (PID=2681) to work on /home/airflow/.local/lib/python3.9/site-packages/airflow/example_dags/example_xcom.py
[2022-10-18 21:40:17,488] {processor.py:641} INFO - Processing file /home/airflow/.local/lib/python3.9/site-packages/airflow/example_dags/example_xcom.py for tasks to queue
[2022-10-18 21:40:17,494] {logging_mixin.py:115} INFO - [2022-10-18 21:40:17,493] {dagbag.py:507} INFO - Filling up the DagBag from /home/airflow/.local/lib/python3.9/site-packages/airflow/example_dags/example_xcom.py
[2022-10-18 21:40:17,746] {processor.py:651} INFO - DAG(s) dict_keys(['example_xcom']) retrieved from /home/airflow/.local/lib/python3.9/site-packages/airflow/example_dags/example_xcom.py
[2022-10-18 21:40:17,936] {logging_mixin.py:115} INFO - [2022-10-18 21:40:17,936] {dag.py:2379} INFO - Sync 1 DAGs
[2022-10-18 21:40:18,162] {logging_mixin.py:115} INFO - [2022-10-18 21:40:18,156] {dag.py:2927} INFO - Setting next_dagrun for example_xcom to 2021-01-01T00:00:00+00:00, run_after=2021-01-01T00:00:00+00:00
[2022-10-18 21:40:18,310] {processor.py:161} INFO - Processing /home/airflow/.local/lib/python3.9/site-packages/airflow/example_dags/example_xcom.py took 0.852 seconds
[2022-10-18 21:40:48,771] {processor.py:153} INFO - Started process (PID=2774) to work on /home/airflow/.local/lib/python3.9/site-packages/airflow/example_dags/example_xcom.py
[2022-10-18 21:40:48,780] {processor.py:641} INFO - Processing file /home/airflow/.local/lib/python3.9/site-packages/airflow/example_dags/example_xcom.py for tasks to queue
[2022-10-18 21:40:48,788] {logging_mixin.py:115} INFO - [2022-10-18 21:40:48,787] {dagbag.py:507} INFO - Filling up the DagBag from /home/airflow/.local/lib/python3.9/site-packages/airflow/example_dags/example_xcom.py
[2022-10-18 21:40:49,187] {processor.py:651} INFO - DAG(s) dict_keys(['example_xcom']) retrieved from /home/airflow/.local/lib/python3.9/site-packages/airflow/example_dags/example_xcom.py
[2022-10-18 21:40:50,088] {logging_mixin.py:115} INFO - [2022-10-18 21:40:50,088] {dag.py:2379} INFO - Sync 1 DAGs
[2022-10-18 21:40:50,311] {logging_mixin.py:115} INFO - [2022-10-18 21:40:50,311] {dag.py:2927} INFO - Setting next_dagrun for example_xcom to 2021-01-01T00:00:00+00:00, run_after=2021-01-01T00:00:00+00:00
[2022-10-18 21:40:50,486] {processor.py:161} INFO - Processing /home/airflow/.local/lib/python3.9/site-packages/airflow/example_dags/example_xcom.py took 1.743 seconds
[2022-10-18 21:41:20,929] {processor.py:153} INFO - Started process (PID=2862) to work on /home/airflow/.local/lib/python3.9/site-packages/airflow/example_dags/example_xcom.py
[2022-10-18 21:41:20,933] {processor.py:641} INFO - Processing file /home/airflow/.local/lib/python3.9/site-packages/airflow/example_dags/example_xcom.py for tasks to queue
[2022-10-18 21:41:20,937] {logging_mixin.py:115} INFO - [2022-10-18 21:41:20,936] {dagbag.py:507} INFO - Filling up the DagBag from /home/airflow/.local/lib/python3.9/site-packages/airflow/example_dags/example_xcom.py
[2022-10-18 21:41:21,315] {processor.py:651} INFO - DAG(s) dict_keys(['example_xcom']) retrieved from /home/airflow/.local/lib/python3.9/site-packages/airflow/example_dags/example_xcom.py
[2022-10-18 21:41:21,498] {logging_mixin.py:115} INFO - [2022-10-18 21:41:21,497] {dag.py:2379} INFO - Sync 1 DAGs
[2022-10-18 21:41:21,678] {logging_mixin.py:115} INFO - [2022-10-18 21:41:21,677] {dag.py:2927} INFO - Setting next_dagrun for example_xcom to 2021-01-01T00:00:00+00:00, run_after=2021-01-01T00:00:00+00:00
[2022-10-18 21:41:21,748] {processor.py:161} INFO - Processing /home/airflow/.local/lib/python3.9/site-packages/airflow/example_dags/example_xcom.py took 0.846 seconds
[2022-10-18 21:41:52,127] {processor.py:153} INFO - Started process (PID=2954) to work on /home/airflow/.local/lib/python3.9/site-packages/airflow/example_dags/example_xcom.py
[2022-10-18 21:41:52,135] {processor.py:641} INFO - Processing file /home/airflow/.local/lib/python3.9/site-packages/airflow/example_dags/example_xcom.py for tasks to queue
[2022-10-18 21:41:52,139] {logging_mixin.py:115} INFO - [2022-10-18 21:41:52,138] {dagbag.py:507} INFO - Filling up the DagBag from /home/airflow/.local/lib/python3.9/site-packages/airflow/example_dags/example_xcom.py
[2022-10-18 21:41:52,399] {processor.py:651} INFO - DAG(s) dict_keys(['example_xcom']) retrieved from /home/airflow/.local/lib/python3.9/site-packages/airflow/example_dags/example_xcom.py
[2022-10-18 21:41:52,995] {logging_mixin.py:115} INFO - [2022-10-18 21:41:52,994] {dag.py:2379} INFO - Sync 1 DAGs
[2022-10-18 21:41:53,187] {logging_mixin.py:115} INFO - [2022-10-18 21:41:53,186] {dag.py:2927} INFO - Setting next_dagrun for example_xcom to 2021-01-01T00:00:00+00:00, run_after=2021-01-01T00:00:00+00:00
[2022-10-18 21:41:53,291] {processor.py:161} INFO - Processing /home/airflow/.local/lib/python3.9/site-packages/airflow/example_dags/example_xcom.py took 1.181 seconds
[2022-10-18 21:42:23,461] {processor.py:153} INFO - Started process (PID=3047) to work on /home/airflow/.local/lib/python3.9/site-packages/airflow/example_dags/example_xcom.py
[2022-10-18 21:42:23,465] {processor.py:641} INFO - Processing file /home/airflow/.local/lib/python3.9/site-packages/airflow/example_dags/example_xcom.py for tasks to queue
[2022-10-18 21:42:23,470] {logging_mixin.py:115} INFO - [2022-10-18 21:42:23,469] {dagbag.py:507} INFO - Filling up the DagBag from /home/airflow/.local/lib/python3.9/site-packages/airflow/example_dags/example_xcom.py
[2022-10-18 21:42:23,753] {processor.py:651} INFO - DAG(s) dict_keys(['example_xcom']) retrieved from /home/airflow/.local/lib/python3.9/site-packages/airflow/example_dags/example_xcom.py
[2022-10-18 21:42:24,348] {logging_mixin.py:115} INFO - [2022-10-18 21:42:24,347] {dag.py:2379} INFO - Sync 1 DAGs
[2022-10-18 21:42:24,521] {logging_mixin.py:115} INFO - [2022-10-18 21:42:24,521] {dag.py:2927} INFO - Setting next_dagrun for example_xcom to 2021-01-01T00:00:00+00:00, run_after=2021-01-01T00:00:00+00:00
[2022-10-18 21:42:24,620] {processor.py:161} INFO - Processing /home/airflow/.local/lib/python3.9/site-packages/airflow/example_dags/example_xcom.py took 1.175 seconds
[2022-10-18 21:42:55,151] {processor.py:153} INFO - Started process (PID=3131) to work on /home/airflow/.local/lib/python3.9/site-packages/airflow/example_dags/example_xcom.py
[2022-10-18 21:42:55,154] {processor.py:641} INFO - Processing file /home/airflow/.local/lib/python3.9/site-packages/airflow/example_dags/example_xcom.py for tasks to queue
[2022-10-18 21:42:55,159] {logging_mixin.py:115} INFO - [2022-10-18 21:42:55,158] {dagbag.py:507} INFO - Filling up the DagBag from /home/airflow/.local/lib/python3.9/site-packages/airflow/example_dags/example_xcom.py
[2022-10-18 21:42:55,378] {processor.py:651} INFO - DAG(s) dict_keys(['example_xcom']) retrieved from /home/airflow/.local/lib/python3.9/site-packages/airflow/example_dags/example_xcom.py
[2022-10-18 21:42:55,981] {logging_mixin.py:115} INFO - [2022-10-18 21:42:55,981] {dag.py:2379} INFO - Sync 1 DAGs
[2022-10-18 21:42:56,224] {logging_mixin.py:115} INFO - [2022-10-18 21:42:56,221] {dag.py:2927} INFO - Setting next_dagrun for example_xcom to 2021-01-01T00:00:00+00:00, run_after=2021-01-01T00:00:00+00:00
[2022-10-18 21:42:56,334] {processor.py:161} INFO - Processing /home/airflow/.local/lib/python3.9/site-packages/airflow/example_dags/example_xcom.py took 1.200 seconds
[2022-10-18 21:43:26,773] {processor.py:153} INFO - Started process (PID=3228) to work on /home/airflow/.local/lib/python3.9/site-packages/airflow/example_dags/example_xcom.py
[2022-10-18 21:43:26,787] {processor.py:641} INFO - Processing file /home/airflow/.local/lib/python3.9/site-packages/airflow/example_dags/example_xcom.py for tasks to queue
[2022-10-18 21:43:26,823] {logging_mixin.py:115} INFO - [2022-10-18 21:43:26,823] {dagbag.py:507} INFO - Filling up the DagBag from /home/airflow/.local/lib/python3.9/site-packages/airflow/example_dags/example_xcom.py
[2022-10-18 21:43:27,044] {processor.py:651} INFO - DAG(s) dict_keys(['example_xcom']) retrieved from /home/airflow/.local/lib/python3.9/site-packages/airflow/example_dags/example_xcom.py
[2022-10-18 21:43:27,613] {logging_mixin.py:115} INFO - [2022-10-18 21:43:27,612] {dag.py:2379} INFO - Sync 1 DAGs
[2022-10-18 21:43:27,787] {logging_mixin.py:115} INFO - [2022-10-18 21:43:27,787] {dag.py:2927} INFO - Setting next_dagrun for example_xcom to 2021-01-01T00:00:00+00:00, run_after=2021-01-01T00:00:00+00:00
[2022-10-18 21:43:27,949] {processor.py:161} INFO - Processing /home/airflow/.local/lib/python3.9/site-packages/airflow/example_dags/example_xcom.py took 1.189 seconds
[2022-10-18 21:43:58,403] {processor.py:153} INFO - Started process (PID=3313) to work on /home/airflow/.local/lib/python3.9/site-packages/airflow/example_dags/example_xcom.py
[2022-10-18 21:43:58,409] {processor.py:641} INFO - Processing file /home/airflow/.local/lib/python3.9/site-packages/airflow/example_dags/example_xcom.py for tasks to queue
[2022-10-18 21:43:58,412] {logging_mixin.py:115} INFO - [2022-10-18 21:43:58,412] {dagbag.py:507} INFO - Filling up the DagBag from /home/airflow/.local/lib/python3.9/site-packages/airflow/example_dags/example_xcom.py
[2022-10-18 21:43:58,654] {processor.py:651} INFO - DAG(s) dict_keys(['example_xcom']) retrieved from /home/airflow/.local/lib/python3.9/site-packages/airflow/example_dags/example_xcom.py
[2022-10-18 21:43:58,835] {logging_mixin.py:115} INFO - [2022-10-18 21:43:58,834] {dag.py:2379} INFO - Sync 1 DAGs
[2022-10-18 21:43:59,048] {logging_mixin.py:115} INFO - [2022-10-18 21:43:59,047] {dag.py:2927} INFO - Setting next_dagrun for example_xcom to 2021-01-01T00:00:00+00:00, run_after=2021-01-01T00:00:00+00:00
[2022-10-18 21:43:59,164] {processor.py:161} INFO - Processing /home/airflow/.local/lib/python3.9/site-packages/airflow/example_dags/example_xcom.py took 0.784 seconds
[2022-10-18 21:44:29,888] {processor.py:153} INFO - Started process (PID=3405) to work on /home/airflow/.local/lib/python3.9/site-packages/airflow/example_dags/example_xcom.py
[2022-10-18 21:44:29,896] {processor.py:641} INFO - Processing file /home/airflow/.local/lib/python3.9/site-packages/airflow/example_dags/example_xcom.py for tasks to queue
[2022-10-18 21:44:29,902] {logging_mixin.py:115} INFO - [2022-10-18 21:44:29,900] {dagbag.py:507} INFO - Filling up the DagBag from /home/airflow/.local/lib/python3.9/site-packages/airflow/example_dags/example_xcom.py
[2022-10-18 21:44:30,287] {processor.py:651} INFO - DAG(s) dict_keys(['example_xcom']) retrieved from /home/airflow/.local/lib/python3.9/site-packages/airflow/example_dags/example_xcom.py
[2022-10-18 21:44:30,696] {logging_mixin.py:115} INFO - [2022-10-18 21:44:30,695] {dag.py:2379} INFO - Sync 1 DAGs
[2022-10-18 21:44:31,097] {logging_mixin.py:115} INFO - [2022-10-18 21:44:31,096] {dag.py:2927} INFO - Setting next_dagrun for example_xcom to 2021-01-01T00:00:00+00:00, run_after=2021-01-01T00:00:00+00:00
[2022-10-18 21:44:31,300] {processor.py:161} INFO - Processing /home/airflow/.local/lib/python3.9/site-packages/airflow/example_dags/example_xcom.py took 1.435 seconds
[2022-10-18 21:45:01,678] {processor.py:153} INFO - Started process (PID=3487) to work on /home/airflow/.local/lib/python3.9/site-packages/airflow/example_dags/example_xcom.py
[2022-10-18 21:45:01,696] {processor.py:641} INFO - Processing file /home/airflow/.local/lib/python3.9/site-packages/airflow/example_dags/example_xcom.py for tasks to queue
[2022-10-18 21:45:01,706] {logging_mixin.py:115} INFO - [2022-10-18 21:45:01,703] {dagbag.py:507} INFO - Filling up the DagBag from /home/airflow/.local/lib/python3.9/site-packages/airflow/example_dags/example_xcom.py
[2022-10-18 21:45:02,101] {processor.py:651} INFO - DAG(s) dict_keys(['example_xcom']) retrieved from /home/airflow/.local/lib/python3.9/site-packages/airflow/example_dags/example_xcom.py
[2022-10-18 21:45:02,387] {logging_mixin.py:115} INFO - [2022-10-18 21:45:02,386] {dag.py:2379} INFO - Sync 1 DAGs
[2022-10-18 21:45:02,784] {logging_mixin.py:115} INFO - [2022-10-18 21:45:02,783] {dag.py:2927} INFO - Setting next_dagrun for example_xcom to 2021-01-01T00:00:00+00:00, run_after=2021-01-01T00:00:00+00:00
[2022-10-18 21:45:02,929] {processor.py:161} INFO - Processing /home/airflow/.local/lib/python3.9/site-packages/airflow/example_dags/example_xcom.py took 1.263 seconds
[2022-10-18 21:45:33,210] {processor.py:153} INFO - Started process (PID=3580) to work on /home/airflow/.local/lib/python3.9/site-packages/airflow/example_dags/example_xcom.py
[2022-10-18 21:45:33,221] {processor.py:641} INFO - Processing file /home/airflow/.local/lib/python3.9/site-packages/airflow/example_dags/example_xcom.py for tasks to queue
[2022-10-18 21:45:33,233] {logging_mixin.py:115} INFO - [2022-10-18 21:45:33,233] {dagbag.py:507} INFO - Filling up the DagBag from /home/airflow/.local/lib/python3.9/site-packages/airflow/example_dags/example_xcom.py
[2022-10-18 21:45:33,947] {processor.py:651} INFO - DAG(s) dict_keys(['example_xcom']) retrieved from /home/airflow/.local/lib/python3.9/site-packages/airflow/example_dags/example_xcom.py
[2022-10-18 21:45:35,228] {logging_mixin.py:115} INFO - [2022-10-18 21:45:35,227] {dag.py:2379} INFO - Sync 1 DAGs
[2022-10-18 21:45:35,555] {logging_mixin.py:115} INFO - [2022-10-18 21:45:35,554] {dag.py:2927} INFO - Setting next_dagrun for example_xcom to 2021-01-01T00:00:00+00:00, run_after=2021-01-01T00:00:00+00:00
[2022-10-18 21:45:35,770] {processor.py:161} INFO - Processing /home/airflow/.local/lib/python3.9/site-packages/airflow/example_dags/example_xcom.py took 2.624 seconds
[2022-10-18 21:46:11,971] {processor.py:153} INFO - Started process (PID=3675) to work on /home/airflow/.local/lib/python3.9/site-packages/airflow/example_dags/example_xcom.py
[2022-10-18 21:46:11,979] {processor.py:641} INFO - Processing file /home/airflow/.local/lib/python3.9/site-packages/airflow/example_dags/example_xcom.py for tasks to queue
[2022-10-18 21:46:11,993] {logging_mixin.py:115} INFO - [2022-10-18 21:46:11,991] {dagbag.py:507} INFO - Filling up the DagBag from /home/airflow/.local/lib/python3.9/site-packages/airflow/example_dags/example_xcom.py
[2022-10-18 21:46:12,759] {processor.py:651} INFO - DAG(s) dict_keys(['example_xcom']) retrieved from /home/airflow/.local/lib/python3.9/site-packages/airflow/example_dags/example_xcom.py
[2022-10-18 21:46:13,368] {logging_mixin.py:115} INFO - [2022-10-18 21:46:13,367] {dag.py:2379} INFO - Sync 1 DAGs
[2022-10-18 21:46:14,254] {logging_mixin.py:115} INFO - [2022-10-18 21:46:14,223] {dag.py:2927} INFO - Setting next_dagrun for example_xcom to 2021-01-01T00:00:00+00:00, run_after=2021-01-01T00:00:00+00:00
[2022-10-18 21:46:14,556] {processor.py:161} INFO - Processing /home/airflow/.local/lib/python3.9/site-packages/airflow/example_dags/example_xcom.py took 2.622 seconds
[2022-10-18 21:46:56,738] {processor.py:153} INFO - Started process (PID=3771) to work on /home/airflow/.local/lib/python3.9/site-packages/airflow/example_dags/example_xcom.py
[2022-10-18 21:46:56,764] {processor.py:641} INFO - Processing file /home/airflow/.local/lib/python3.9/site-packages/airflow/example_dags/example_xcom.py for tasks to queue
[2022-10-18 21:46:56,773] {logging_mixin.py:115} INFO - [2022-10-18 21:46:56,773] {dagbag.py:507} INFO - Filling up the DagBag from /home/airflow/.local/lib/python3.9/site-packages/airflow/example_dags/example_xcom.py
[2022-10-18 21:46:57,622] {processor.py:651} INFO - DAG(s) dict_keys(['example_xcom']) retrieved from /home/airflow/.local/lib/python3.9/site-packages/airflow/example_dags/example_xcom.py
[2022-10-18 21:46:58,309] {logging_mixin.py:115} INFO - [2022-10-18 21:46:58,308] {dag.py:2379} INFO - Sync 1 DAGs
[2022-10-18 21:46:59,217] {logging_mixin.py:115} INFO - [2022-10-18 21:46:59,188] {dag.py:2927} INFO - Setting next_dagrun for example_xcom to 2021-01-01T00:00:00+00:00, run_after=2021-01-01T00:00:00+00:00
[2022-10-18 21:46:59,427] {processor.py:161} INFO - Processing /home/airflow/.local/lib/python3.9/site-packages/airflow/example_dags/example_xcom.py took 2.756 seconds
[2022-10-18 21:47:45,896] {processor.py:153} INFO - Started process (PID=3880) to work on /home/airflow/.local/lib/python3.9/site-packages/airflow/example_dags/example_xcom.py
[2022-10-18 21:47:45,914] {processor.py:641} INFO - Processing file /home/airflow/.local/lib/python3.9/site-packages/airflow/example_dags/example_xcom.py for tasks to queue
[2022-10-18 21:47:45,938] {logging_mixin.py:115} INFO - [2022-10-18 21:47:45,935] {dagbag.py:507} INFO - Filling up the DagBag from /home/airflow/.local/lib/python3.9/site-packages/airflow/example_dags/example_xcom.py
[2022-10-18 21:47:47,130] {processor.py:651} INFO - DAG(s) dict_keys(['example_xcom']) retrieved from /home/airflow/.local/lib/python3.9/site-packages/airflow/example_dags/example_xcom.py
[2022-10-18 21:47:48,327] {logging_mixin.py:115} INFO - [2022-10-18 21:47:48,303] {dag.py:2379} INFO - Sync 1 DAGs
[2022-10-18 21:47:49,289] {logging_mixin.py:115} INFO - [2022-10-18 21:47:49,288] {dag.py:2927} INFO - Setting next_dagrun for example_xcom to 2021-01-01T00:00:00+00:00, run_after=2021-01-01T00:00:00+00:00
[2022-10-18 21:47:49,503] {processor.py:161} INFO - Processing /home/airflow/.local/lib/python3.9/site-packages/airflow/example_dags/example_xcom.py took 3.701 seconds
