[2022-10-18 21:13:30,823] {processor.py:153} INFO - Started process (PID=258) to work on /home/airflow/.local/lib/python3.9/site-packages/airflow/example_dags/example_latest_only.py
[2022-10-18 21:13:30,838] {processor.py:641} INFO - Processing file /home/airflow/.local/lib/python3.9/site-packages/airflow/example_dags/example_latest_only.py for tasks to queue
[2022-10-18 21:13:30,845] {logging_mixin.py:115} INFO - [2022-10-18 21:13:30,845] {dagbag.py:507} INFO - Filling up the DagBag from /home/airflow/.local/lib/python3.9/site-packages/airflow/example_dags/example_latest_only.py
[2022-10-18 21:13:30,953] {processor.py:651} INFO - DAG(s) dict_keys(['latest_only']) retrieved from /home/airflow/.local/lib/python3.9/site-packages/airflow/example_dags/example_latest_only.py
[2022-10-18 21:13:31,457] {logging_mixin.py:115} INFO - [2022-10-18 21:13:31,457] {dag.py:2379} INFO - Sync 1 DAGs
[2022-10-18 21:13:32,229] {logging_mixin.py:115} INFO - [2022-10-18 21:13:32,228] {dag.py:2927} INFO - Setting next_dagrun for latest_only to 2022-10-18T17:13:32.218721+00:00, run_after=2022-10-18T21:13:32.218721+00:00
[2022-10-18 21:13:32,533] {processor.py:161} INFO - Processing /home/airflow/.local/lib/python3.9/site-packages/airflow/example_dags/example_latest_only.py took 1.739 seconds
[2022-10-18 21:14:02,949] {processor.py:153} INFO - Started process (PID=339) to work on /home/airflow/.local/lib/python3.9/site-packages/airflow/example_dags/example_latest_only.py
[2022-10-18 21:14:02,966] {processor.py:641} INFO - Processing file /home/airflow/.local/lib/python3.9/site-packages/airflow/example_dags/example_latest_only.py for tasks to queue
[2022-10-18 21:14:02,972] {logging_mixin.py:115} INFO - [2022-10-18 21:14:02,971] {dagbag.py:507} INFO - Filling up the DagBag from /home/airflow/.local/lib/python3.9/site-packages/airflow/example_dags/example_latest_only.py
[2022-10-18 21:14:03,041] {processor.py:651} INFO - DAG(s) dict_keys(['latest_only']) retrieved from /home/airflow/.local/lib/python3.9/site-packages/airflow/example_dags/example_latest_only.py
[2022-10-18 21:14:03,317] {logging_mixin.py:115} INFO - [2022-10-18 21:14:03,317] {dag.py:2379} INFO - Sync 1 DAGs
[2022-10-18 21:14:03,906] {logging_mixin.py:115} INFO - [2022-10-18 21:14:03,905] {dag.py:2927} INFO - Setting next_dagrun for latest_only to 2022-10-18T17:14:03.899321+00:00, run_after=2022-10-18T21:14:03.899321+00:00
[2022-10-18 21:14:04,085] {processor.py:161} INFO - Processing /home/airflow/.local/lib/python3.9/site-packages/airflow/example_dags/example_latest_only.py took 1.151 seconds
[2022-10-18 21:14:35,118] {processor.py:153} INFO - Started process (PID=435) to work on /home/airflow/.local/lib/python3.9/site-packages/airflow/example_dags/example_latest_only.py
[2022-10-18 21:14:35,122] {processor.py:641} INFO - Processing file /home/airflow/.local/lib/python3.9/site-packages/airflow/example_dags/example_latest_only.py for tasks to queue
[2022-10-18 21:14:35,144] {logging_mixin.py:115} INFO - [2022-10-18 21:14:35,126] {dagbag.py:507} INFO - Filling up the DagBag from /home/airflow/.local/lib/python3.9/site-packages/airflow/example_dags/example_latest_only.py
[2022-10-18 21:14:35,248] {processor.py:651} INFO - DAG(s) dict_keys(['latest_only']) retrieved from /home/airflow/.local/lib/python3.9/site-packages/airflow/example_dags/example_latest_only.py
[2022-10-18 21:14:35,479] {logging_mixin.py:115} INFO - [2022-10-18 21:14:35,479] {dag.py:2379} INFO - Sync 1 DAGs
[2022-10-18 21:14:36,078] {logging_mixin.py:115} INFO - [2022-10-18 21:14:36,069] {dag.py:2927} INFO - Setting next_dagrun for latest_only to 2022-10-18T17:14:36.043046+00:00, run_after=2022-10-18T21:14:36.043046+00:00
[2022-10-18 21:14:36,314] {processor.py:161} INFO - Processing /home/airflow/.local/lib/python3.9/site-packages/airflow/example_dags/example_latest_only.py took 1.216 seconds
[2022-10-18 21:15:07,050] {processor.py:153} INFO - Started process (PID=520) to work on /home/airflow/.local/lib/python3.9/site-packages/airflow/example_dags/example_latest_only.py
[2022-10-18 21:15:07,061] {processor.py:641} INFO - Processing file /home/airflow/.local/lib/python3.9/site-packages/airflow/example_dags/example_latest_only.py for tasks to queue
[2022-10-18 21:15:07,082] {logging_mixin.py:115} INFO - [2022-10-18 21:15:07,081] {dagbag.py:507} INFO - Filling up the DagBag from /home/airflow/.local/lib/python3.9/site-packages/airflow/example_dags/example_latest_only.py
[2022-10-18 21:15:07,176] {processor.py:651} INFO - DAG(s) dict_keys(['latest_only']) retrieved from /home/airflow/.local/lib/python3.9/site-packages/airflow/example_dags/example_latest_only.py
[2022-10-18 21:15:07,443] {logging_mixin.py:115} INFO - [2022-10-18 21:15:07,443] {dag.py:2379} INFO - Sync 1 DAGs
[2022-10-18 21:15:07,937] {logging_mixin.py:115} INFO - [2022-10-18 21:15:07,935] {dag.py:2927} INFO - Setting next_dagrun for latest_only to 2022-10-18T17:15:07.922628+00:00, run_after=2022-10-18T21:15:07.922628+00:00
[2022-10-18 21:15:08,139] {processor.py:161} INFO - Processing /home/airflow/.local/lib/python3.9/site-packages/airflow/example_dags/example_latest_only.py took 1.145 seconds
[2022-10-18 21:15:39,176] {processor.py:153} INFO - Started process (PID=616) to work on /home/airflow/.local/lib/python3.9/site-packages/airflow/example_dags/example_latest_only.py
[2022-10-18 21:15:39,180] {processor.py:641} INFO - Processing file /home/airflow/.local/lib/python3.9/site-packages/airflow/example_dags/example_latest_only.py for tasks to queue
[2022-10-18 21:15:39,185] {logging_mixin.py:115} INFO - [2022-10-18 21:15:39,185] {dagbag.py:507} INFO - Filling up the DagBag from /home/airflow/.local/lib/python3.9/site-packages/airflow/example_dags/example_latest_only.py
[2022-10-18 21:15:39,257] {processor.py:651} INFO - DAG(s) dict_keys(['latest_only']) retrieved from /home/airflow/.local/lib/python3.9/site-packages/airflow/example_dags/example_latest_only.py
[2022-10-18 21:15:39,483] {logging_mixin.py:115} INFO - [2022-10-18 21:15:39,482] {dag.py:2379} INFO - Sync 1 DAGs
[2022-10-18 21:15:39,957] {logging_mixin.py:115} INFO - [2022-10-18 21:15:39,956] {dag.py:2927} INFO - Setting next_dagrun for latest_only to 2022-10-18T17:15:39.936244+00:00, run_after=2022-10-18T21:15:39.936244+00:00
[2022-10-18 21:15:40,061] {processor.py:161} INFO - Processing /home/airflow/.local/lib/python3.9/site-packages/airflow/example_dags/example_latest_only.py took 0.902 seconds
[2022-10-18 21:16:10,358] {processor.py:153} INFO - Started process (PID=708) to work on /home/airflow/.local/lib/python3.9/site-packages/airflow/example_dags/example_latest_only.py
[2022-10-18 21:16:10,364] {processor.py:641} INFO - Processing file /home/airflow/.local/lib/python3.9/site-packages/airflow/example_dags/example_latest_only.py for tasks to queue
[2022-10-18 21:16:10,373] {logging_mixin.py:115} INFO - [2022-10-18 21:16:10,372] {dagbag.py:507} INFO - Filling up the DagBag from /home/airflow/.local/lib/python3.9/site-packages/airflow/example_dags/example_latest_only.py
[2022-10-18 21:16:10,463] {processor.py:651} INFO - DAG(s) dict_keys(['latest_only']) retrieved from /home/airflow/.local/lib/python3.9/site-packages/airflow/example_dags/example_latest_only.py
[2022-10-18 21:16:10,718] {logging_mixin.py:115} INFO - [2022-10-18 21:16:10,718] {dag.py:2379} INFO - Sync 1 DAGs
[2022-10-18 21:16:11,127] {logging_mixin.py:115} INFO - [2022-10-18 21:16:11,112] {dag.py:2927} INFO - Setting next_dagrun for latest_only to 2022-10-18T17:16:11.111078+00:00, run_after=2022-10-18T21:16:11.111078+00:00
[2022-10-18 21:16:11,314] {processor.py:161} INFO - Processing /home/airflow/.local/lib/python3.9/site-packages/airflow/example_dags/example_latest_only.py took 0.992 seconds
[2022-10-18 21:16:41,688] {processor.py:153} INFO - Started process (PID=792) to work on /home/airflow/.local/lib/python3.9/site-packages/airflow/example_dags/example_latest_only.py
[2022-10-18 21:16:41,707] {processor.py:641} INFO - Processing file /home/airflow/.local/lib/python3.9/site-packages/airflow/example_dags/example_latest_only.py for tasks to queue
[2022-10-18 21:16:41,717] {logging_mixin.py:115} INFO - [2022-10-18 21:16:41,716] {dagbag.py:507} INFO - Filling up the DagBag from /home/airflow/.local/lib/python3.9/site-packages/airflow/example_dags/example_latest_only.py
[2022-10-18 21:16:41,835] {processor.py:651} INFO - DAG(s) dict_keys(['latest_only']) retrieved from /home/airflow/.local/lib/python3.9/site-packages/airflow/example_dags/example_latest_only.py
[2022-10-18 21:16:42,271] {logging_mixin.py:115} INFO - [2022-10-18 21:16:42,271] {dag.py:2379} INFO - Sync 1 DAGs
[2022-10-18 21:16:42,637] {logging_mixin.py:115} INFO - [2022-10-18 21:16:42,636] {dag.py:2927} INFO - Setting next_dagrun for latest_only to 2022-10-18T17:16:42.634921+00:00, run_after=2022-10-18T21:16:42.634921+00:00
[2022-10-18 21:16:42,786] {processor.py:161} INFO - Processing /home/airflow/.local/lib/python3.9/site-packages/airflow/example_dags/example_latest_only.py took 1.143 seconds
[2022-10-18 21:17:14,322] {processor.py:153} INFO - Started process (PID=882) to work on /home/airflow/.local/lib/python3.9/site-packages/airflow/example_dags/example_latest_only.py
[2022-10-18 21:17:14,325] {processor.py:641} INFO - Processing file /home/airflow/.local/lib/python3.9/site-packages/airflow/example_dags/example_latest_only.py for tasks to queue
[2022-10-18 21:17:14,331] {logging_mixin.py:115} INFO - [2022-10-18 21:17:14,330] {dagbag.py:507} INFO - Filling up the DagBag from /home/airflow/.local/lib/python3.9/site-packages/airflow/example_dags/example_latest_only.py
[2022-10-18 21:17:14,379] {processor.py:651} INFO - DAG(s) dict_keys(['latest_only']) retrieved from /home/airflow/.local/lib/python3.9/site-packages/airflow/example_dags/example_latest_only.py
[2022-10-18 21:17:14,689] {logging_mixin.py:115} INFO - [2022-10-18 21:17:14,689] {dag.py:2379} INFO - Sync 1 DAGs
[2022-10-18 21:17:15,014] {logging_mixin.py:115} INFO - [2022-10-18 21:17:15,013] {dag.py:2927} INFO - Setting next_dagrun for latest_only to 2022-10-18T17:17:15.011101+00:00, run_after=2022-10-18T21:17:15.011101+00:00
[2022-10-18 21:17:15,180] {processor.py:161} INFO - Processing /home/airflow/.local/lib/python3.9/site-packages/airflow/example_dags/example_latest_only.py took 0.878 seconds
[2022-10-18 21:17:45,576] {processor.py:153} INFO - Started process (PID=968) to work on /home/airflow/.local/lib/python3.9/site-packages/airflow/example_dags/example_latest_only.py
[2022-10-18 21:17:45,589] {processor.py:641} INFO - Processing file /home/airflow/.local/lib/python3.9/site-packages/airflow/example_dags/example_latest_only.py for tasks to queue
[2022-10-18 21:17:45,595] {logging_mixin.py:115} INFO - [2022-10-18 21:17:45,594] {dagbag.py:507} INFO - Filling up the DagBag from /home/airflow/.local/lib/python3.9/site-packages/airflow/example_dags/example_latest_only.py
[2022-10-18 21:17:45,657] {processor.py:651} INFO - DAG(s) dict_keys(['latest_only']) retrieved from /home/airflow/.local/lib/python3.9/site-packages/airflow/example_dags/example_latest_only.py
[2022-10-18 21:17:45,871] {logging_mixin.py:115} INFO - [2022-10-18 21:17:45,870] {dag.py:2379} INFO - Sync 1 DAGs
[2022-10-18 21:17:46,056] {logging_mixin.py:115} INFO - [2022-10-18 21:17:46,055] {dag.py:2927} INFO - Setting next_dagrun for latest_only to 2022-10-18T17:17:46.054097+00:00, run_after=2022-10-18T21:17:46.054097+00:00
[2022-10-18 21:17:46,165] {processor.py:161} INFO - Processing /home/airflow/.local/lib/python3.9/site-packages/airflow/example_dags/example_latest_only.py took 0.607 seconds
[2022-10-18 21:18:17,389] {processor.py:153} INFO - Started process (PID=1064) to work on /home/airflow/.local/lib/python3.9/site-packages/airflow/example_dags/example_latest_only.py
[2022-10-18 21:18:17,399] {processor.py:641} INFO - Processing file /home/airflow/.local/lib/python3.9/site-packages/airflow/example_dags/example_latest_only.py for tasks to queue
[2022-10-18 21:18:17,408] {logging_mixin.py:115} INFO - [2022-10-18 21:18:17,408] {dagbag.py:507} INFO - Filling up the DagBag from /home/airflow/.local/lib/python3.9/site-packages/airflow/example_dags/example_latest_only.py
[2022-10-18 21:18:17,491] {processor.py:651} INFO - DAG(s) dict_keys(['latest_only']) retrieved from /home/airflow/.local/lib/python3.9/site-packages/airflow/example_dags/example_latest_only.py
[2022-10-18 21:18:17,796] {logging_mixin.py:115} INFO - [2022-10-18 21:18:17,789] {dag.py:2379} INFO - Sync 1 DAGs
[2022-10-18 21:18:18,108] {logging_mixin.py:115} INFO - [2022-10-18 21:18:18,107] {dag.py:2927} INFO - Setting next_dagrun for latest_only to 2022-10-18T17:18:18.097582+00:00, run_after=2022-10-18T21:18:18.097582+00:00
[2022-10-18 21:18:18,209] {processor.py:161} INFO - Processing /home/airflow/.local/lib/python3.9/site-packages/airflow/example_dags/example_latest_only.py took 0.857 seconds
[2022-10-18 21:18:48,565] {processor.py:153} INFO - Started process (PID=1144) to work on /home/airflow/.local/lib/python3.9/site-packages/airflow/example_dags/example_latest_only.py
[2022-10-18 21:18:48,568] {processor.py:641} INFO - Processing file /home/airflow/.local/lib/python3.9/site-packages/airflow/example_dags/example_latest_only.py for tasks to queue
[2022-10-18 21:18:48,575] {logging_mixin.py:115} INFO - [2022-10-18 21:18:48,571] {dagbag.py:507} INFO - Filling up the DagBag from /home/airflow/.local/lib/python3.9/site-packages/airflow/example_dags/example_latest_only.py
[2022-10-18 21:18:48,618] {processor.py:651} INFO - DAG(s) dict_keys(['latest_only']) retrieved from /home/airflow/.local/lib/python3.9/site-packages/airflow/example_dags/example_latest_only.py
[2022-10-18 21:18:48,777] {logging_mixin.py:115} INFO - [2022-10-18 21:18:48,777] {dag.py:2379} INFO - Sync 1 DAGs
[2022-10-18 21:18:48,993] {logging_mixin.py:115} INFO - [2022-10-18 21:18:48,986] {dag.py:2927} INFO - Setting next_dagrun for latest_only to 2022-10-18T17:18:48.984545+00:00, run_after=2022-10-18T21:18:48.984545+00:00
[2022-10-18 21:18:49,108] {processor.py:161} INFO - Processing /home/airflow/.local/lib/python3.9/site-packages/airflow/example_dags/example_latest_only.py took 0.561 seconds
[2022-10-18 21:19:19,894] {processor.py:153} INFO - Started process (PID=1241) to work on /home/airflow/.local/lib/python3.9/site-packages/airflow/example_dags/example_latest_only.py
[2022-10-18 21:19:19,903] {processor.py:641} INFO - Processing file /home/airflow/.local/lib/python3.9/site-packages/airflow/example_dags/example_latest_only.py for tasks to queue
[2022-10-18 21:19:19,906] {logging_mixin.py:115} INFO - [2022-10-18 21:19:19,906] {dagbag.py:507} INFO - Filling up the DagBag from /home/airflow/.local/lib/python3.9/site-packages/airflow/example_dags/example_latest_only.py
[2022-10-18 21:19:19,963] {processor.py:651} INFO - DAG(s) dict_keys(['latest_only']) retrieved from /home/airflow/.local/lib/python3.9/site-packages/airflow/example_dags/example_latest_only.py
[2022-10-18 21:19:20,165] {logging_mixin.py:115} INFO - [2022-10-18 21:19:20,165] {dag.py:2379} INFO - Sync 1 DAGs
[2022-10-18 21:19:20,438] {logging_mixin.py:115} INFO - [2022-10-18 21:19:20,437] {dag.py:2927} INFO - Setting next_dagrun for latest_only to 2022-10-18T17:19:20.430023+00:00, run_after=2022-10-18T21:19:20.430023+00:00
[2022-10-18 21:19:20,535] {processor.py:161} INFO - Processing /home/airflow/.local/lib/python3.9/site-packages/airflow/example_dags/example_latest_only.py took 0.659 seconds
[2022-10-18 21:19:51,741] {processor.py:153} INFO - Started process (PID=1336) to work on /home/airflow/.local/lib/python3.9/site-packages/airflow/example_dags/example_latest_only.py
[2022-10-18 21:19:51,745] {processor.py:641} INFO - Processing file /home/airflow/.local/lib/python3.9/site-packages/airflow/example_dags/example_latest_only.py for tasks to queue
[2022-10-18 21:19:51,750] {logging_mixin.py:115} INFO - [2022-10-18 21:19:51,749] {dagbag.py:507} INFO - Filling up the DagBag from /home/airflow/.local/lib/python3.9/site-packages/airflow/example_dags/example_latest_only.py
[2022-10-18 21:19:51,808] {processor.py:651} INFO - DAG(s) dict_keys(['latest_only']) retrieved from /home/airflow/.local/lib/python3.9/site-packages/airflow/example_dags/example_latest_only.py
[2022-10-18 21:19:52,001] {logging_mixin.py:115} INFO - [2022-10-18 21:19:52,001] {dag.py:2379} INFO - Sync 1 DAGs
[2022-10-18 21:19:52,212] {logging_mixin.py:115} INFO - [2022-10-18 21:19:52,211] {dag.py:2927} INFO - Setting next_dagrun for latest_only to 2022-10-18T17:19:52.209764+00:00, run_after=2022-10-18T21:19:52.209764+00:00
[2022-10-18 21:19:52,310] {processor.py:161} INFO - Processing /home/airflow/.local/lib/python3.9/site-packages/airflow/example_dags/example_latest_only.py took 0.599 seconds
[2022-10-18 21:20:23,446] {processor.py:153} INFO - Started process (PID=1418) to work on /home/airflow/.local/lib/python3.9/site-packages/airflow/example_dags/example_latest_only.py
[2022-10-18 21:20:23,460] {processor.py:641} INFO - Processing file /home/airflow/.local/lib/python3.9/site-packages/airflow/example_dags/example_latest_only.py for tasks to queue
[2022-10-18 21:20:23,468] {logging_mixin.py:115} INFO - [2022-10-18 21:20:23,468] {dagbag.py:507} INFO - Filling up the DagBag from /home/airflow/.local/lib/python3.9/site-packages/airflow/example_dags/example_latest_only.py
[2022-10-18 21:20:23,541] {processor.py:651} INFO - DAG(s) dict_keys(['latest_only']) retrieved from /home/airflow/.local/lib/python3.9/site-packages/airflow/example_dags/example_latest_only.py
[2022-10-18 21:20:23,811] {logging_mixin.py:115} INFO - [2022-10-18 21:20:23,811] {dag.py:2379} INFO - Sync 1 DAGs
[2022-10-18 21:20:24,081] {logging_mixin.py:115} INFO - [2022-10-18 21:20:24,080] {dag.py:2927} INFO - Setting next_dagrun for latest_only to 2022-10-18T17:20:24.079171+00:00, run_after=2022-10-18T21:20:24.079171+00:00
[2022-10-18 21:20:24,181] {processor.py:161} INFO - Processing /home/airflow/.local/lib/python3.9/site-packages/airflow/example_dags/example_latest_only.py took 0.768 seconds
[2022-10-18 21:20:54,428] {processor.py:153} INFO - Started process (PID=1513) to work on /home/airflow/.local/lib/python3.9/site-packages/airflow/example_dags/example_latest_only.py
[2022-10-18 21:20:54,441] {processor.py:641} INFO - Processing file /home/airflow/.local/lib/python3.9/site-packages/airflow/example_dags/example_latest_only.py for tasks to queue
[2022-10-18 21:20:54,447] {logging_mixin.py:115} INFO - [2022-10-18 21:20:54,447] {dagbag.py:507} INFO - Filling up the DagBag from /home/airflow/.local/lib/python3.9/site-packages/airflow/example_dags/example_latest_only.py
[2022-10-18 21:20:54,537] {processor.py:651} INFO - DAG(s) dict_keys(['latest_only']) retrieved from /home/airflow/.local/lib/python3.9/site-packages/airflow/example_dags/example_latest_only.py
[2022-10-18 21:20:54,762] {logging_mixin.py:115} INFO - [2022-10-18 21:20:54,762] {dag.py:2379} INFO - Sync 1 DAGs
[2022-10-18 21:20:55,108] {logging_mixin.py:115} INFO - [2022-10-18 21:20:55,107] {dag.py:2927} INFO - Setting next_dagrun for latest_only to 2022-10-18T17:20:55.105555+00:00, run_after=2022-10-18T21:20:55.105555+00:00
[2022-10-18 21:20:55,241] {processor.py:161} INFO - Processing /home/airflow/.local/lib/python3.9/site-packages/airflow/example_dags/example_latest_only.py took 0.847 seconds
[2022-10-18 21:21:25,513] {processor.py:153} INFO - Started process (PID=1599) to work on /home/airflow/.local/lib/python3.9/site-packages/airflow/example_dags/example_latest_only.py
[2022-10-18 21:21:25,518] {processor.py:641} INFO - Processing file /home/airflow/.local/lib/python3.9/site-packages/airflow/example_dags/example_latest_only.py for tasks to queue
[2022-10-18 21:21:25,522] {logging_mixin.py:115} INFO - [2022-10-18 21:21:25,522] {dagbag.py:507} INFO - Filling up the DagBag from /home/airflow/.local/lib/python3.9/site-packages/airflow/example_dags/example_latest_only.py
[2022-10-18 21:21:25,581] {processor.py:651} INFO - DAG(s) dict_keys(['latest_only']) retrieved from /home/airflow/.local/lib/python3.9/site-packages/airflow/example_dags/example_latest_only.py
[2022-10-18 21:21:25,783] {logging_mixin.py:115} INFO - [2022-10-18 21:21:25,782] {dag.py:2379} INFO - Sync 1 DAGs
[2022-10-18 21:21:26,063] {logging_mixin.py:115} INFO - [2022-10-18 21:21:26,062] {dag.py:2927} INFO - Setting next_dagrun for latest_only to 2022-10-18T17:21:26.061084+00:00, run_after=2022-10-18T21:21:26.061084+00:00
[2022-10-18 21:21:26,184] {processor.py:161} INFO - Processing /home/airflow/.local/lib/python3.9/site-packages/airflow/example_dags/example_latest_only.py took 0.707 seconds
[2022-10-18 21:21:56,550] {processor.py:153} INFO - Started process (PID=1690) to work on /home/airflow/.local/lib/python3.9/site-packages/airflow/example_dags/example_latest_only.py
[2022-10-18 21:21:56,557] {processor.py:641} INFO - Processing file /home/airflow/.local/lib/python3.9/site-packages/airflow/example_dags/example_latest_only.py for tasks to queue
[2022-10-18 21:21:56,571] {logging_mixin.py:115} INFO - [2022-10-18 21:21:56,570] {dagbag.py:507} INFO - Filling up the DagBag from /home/airflow/.local/lib/python3.9/site-packages/airflow/example_dags/example_latest_only.py
[2022-10-18 21:21:56,623] {processor.py:651} INFO - DAG(s) dict_keys(['latest_only']) retrieved from /home/airflow/.local/lib/python3.9/site-packages/airflow/example_dags/example_latest_only.py
[2022-10-18 21:21:56,879] {logging_mixin.py:115} INFO - [2022-10-18 21:21:56,878] {dag.py:2379} INFO - Sync 1 DAGs
[2022-10-18 21:21:57,096] {logging_mixin.py:115} INFO - [2022-10-18 21:21:57,095] {dag.py:2927} INFO - Setting next_dagrun for latest_only to 2022-10-18T17:21:57.093921+00:00, run_after=2022-10-18T21:21:57.093921+00:00
[2022-10-18 21:21:57,172] {processor.py:161} INFO - Processing /home/airflow/.local/lib/python3.9/site-packages/airflow/example_dags/example_latest_only.py took 0.642 seconds
[2022-10-18 21:22:27,301] {processor.py:153} INFO - Started process (PID=1774) to work on /home/airflow/.local/lib/python3.9/site-packages/airflow/example_dags/example_latest_only.py
[2022-10-18 21:22:27,304] {processor.py:641} INFO - Processing file /home/airflow/.local/lib/python3.9/site-packages/airflow/example_dags/example_latest_only.py for tasks to queue
[2022-10-18 21:22:27,310] {logging_mixin.py:115} INFO - [2022-10-18 21:22:27,310] {dagbag.py:507} INFO - Filling up the DagBag from /home/airflow/.local/lib/python3.9/site-packages/airflow/example_dags/example_latest_only.py
[2022-10-18 21:22:27,347] {processor.py:651} INFO - DAG(s) dict_keys(['latest_only']) retrieved from /home/airflow/.local/lib/python3.9/site-packages/airflow/example_dags/example_latest_only.py
[2022-10-18 21:22:27,497] {logging_mixin.py:115} INFO - [2022-10-18 21:22:27,496] {dag.py:2379} INFO - Sync 1 DAGs
[2022-10-18 21:22:27,659] {logging_mixin.py:115} INFO - [2022-10-18 21:22:27,658] {dag.py:2927} INFO - Setting next_dagrun for latest_only to 2022-10-18T17:22:27.654463+00:00, run_after=2022-10-18T21:22:27.654463+00:00
[2022-10-18 21:22:27,742] {processor.py:161} INFO - Processing /home/airflow/.local/lib/python3.9/site-packages/airflow/example_dags/example_latest_only.py took 0.460 seconds
[2022-10-18 21:35:28,704] {processor.py:153} INFO - Started process (PID=1864) to work on /home/airflow/.local/lib/python3.9/site-packages/airflow/example_dags/example_latest_only.py
[2022-10-18 21:35:28,709] {processor.py:641} INFO - Processing file /home/airflow/.local/lib/python3.9/site-packages/airflow/example_dags/example_latest_only.py for tasks to queue
[2022-10-18 21:35:28,716] {logging_mixin.py:115} INFO - [2022-10-18 21:35:28,714] {dagbag.py:507} INFO - Filling up the DagBag from /home/airflow/.local/lib/python3.9/site-packages/airflow/example_dags/example_latest_only.py
[2022-10-18 21:35:28,785] {processor.py:651} INFO - DAG(s) dict_keys(['latest_only']) retrieved from /home/airflow/.local/lib/python3.9/site-packages/airflow/example_dags/example_latest_only.py
[2022-10-18 21:35:29,076] {logging_mixin.py:115} INFO - [2022-10-18 21:35:29,075] {dag.py:2379} INFO - Sync 1 DAGs
[2022-10-18 21:35:29,621] {logging_mixin.py:115} INFO - [2022-10-18 21:35:29,608] {dag.py:2927} INFO - Setting next_dagrun for latest_only to 2022-10-18T17:35:29.607061+00:00, run_after=2022-10-18T21:35:29.607061+00:00
[2022-10-18 21:35:29,889] {processor.py:161} INFO - Processing /home/airflow/.local/lib/python3.9/site-packages/airflow/example_dags/example_latest_only.py took 1.208 seconds
[2022-10-18 21:36:00,943] {processor.py:153} INFO - Started process (PID=1946) to work on /home/airflow/.local/lib/python3.9/site-packages/airflow/example_dags/example_latest_only.py
[2022-10-18 21:36:00,959] {processor.py:641} INFO - Processing file /home/airflow/.local/lib/python3.9/site-packages/airflow/example_dags/example_latest_only.py for tasks to queue
[2022-10-18 21:36:00,983] {logging_mixin.py:115} INFO - [2022-10-18 21:36:00,983] {dagbag.py:507} INFO - Filling up the DagBag from /home/airflow/.local/lib/python3.9/site-packages/airflow/example_dags/example_latest_only.py
[2022-10-18 21:36:01,084] {processor.py:651} INFO - DAG(s) dict_keys(['latest_only']) retrieved from /home/airflow/.local/lib/python3.9/site-packages/airflow/example_dags/example_latest_only.py
[2022-10-18 21:36:01,559] {logging_mixin.py:115} INFO - [2022-10-18 21:36:01,554] {dag.py:2379} INFO - Sync 1 DAGs
[2022-10-18 21:36:02,165] {logging_mixin.py:115} INFO - [2022-10-18 21:36:02,164] {dag.py:2927} INFO - Setting next_dagrun for latest_only to 2022-10-18T17:36:02.144035+00:00, run_after=2022-10-18T21:36:02.144035+00:00
[2022-10-18 21:36:02,395] {processor.py:161} INFO - Processing /home/airflow/.local/lib/python3.9/site-packages/airflow/example_dags/example_latest_only.py took 1.490 seconds
[2022-10-18 21:36:33,276] {processor.py:153} INFO - Started process (PID=2042) to work on /home/airflow/.local/lib/python3.9/site-packages/airflow/example_dags/example_latest_only.py
[2022-10-18 21:36:33,281] {processor.py:641} INFO - Processing file /home/airflow/.local/lib/python3.9/site-packages/airflow/example_dags/example_latest_only.py for tasks to queue
[2022-10-18 21:36:33,290] {logging_mixin.py:115} INFO - [2022-10-18 21:36:33,287] {dagbag.py:507} INFO - Filling up the DagBag from /home/airflow/.local/lib/python3.9/site-packages/airflow/example_dags/example_latest_only.py
[2022-10-18 21:36:33,365] {processor.py:651} INFO - DAG(s) dict_keys(['latest_only']) retrieved from /home/airflow/.local/lib/python3.9/site-packages/airflow/example_dags/example_latest_only.py
[2022-10-18 21:36:33,538] {logging_mixin.py:115} INFO - [2022-10-18 21:36:33,537] {dag.py:2379} INFO - Sync 1 DAGs
[2022-10-18 21:36:33,868] {logging_mixin.py:115} INFO - [2022-10-18 21:36:33,858] {dag.py:2927} INFO - Setting next_dagrun for latest_only to 2022-10-18T17:36:33.856606+00:00, run_after=2022-10-18T21:36:33.856606+00:00
[2022-10-18 21:36:34,028] {processor.py:161} INFO - Processing /home/airflow/.local/lib/python3.9/site-packages/airflow/example_dags/example_latest_only.py took 0.787 seconds
[2022-10-18 21:37:04,533] {processor.py:153} INFO - Started process (PID=2135) to work on /home/airflow/.local/lib/python3.9/site-packages/airflow/example_dags/example_latest_only.py
[2022-10-18 21:37:04,565] {processor.py:641} INFO - Processing file /home/airflow/.local/lib/python3.9/site-packages/airflow/example_dags/example_latest_only.py for tasks to queue
[2022-10-18 21:37:04,581] {logging_mixin.py:115} INFO - [2022-10-18 21:37:04,576] {dagbag.py:507} INFO - Filling up the DagBag from /home/airflow/.local/lib/python3.9/site-packages/airflow/example_dags/example_latest_only.py
[2022-10-18 21:37:04,785] {processor.py:651} INFO - DAG(s) dict_keys(['latest_only']) retrieved from /home/airflow/.local/lib/python3.9/site-packages/airflow/example_dags/example_latest_only.py
[2022-10-18 21:37:05,150] {logging_mixin.py:115} INFO - [2022-10-18 21:37:05,150] {dag.py:2379} INFO - Sync 1 DAGs
[2022-10-18 21:37:05,543] {logging_mixin.py:115} INFO - [2022-10-18 21:37:05,542] {dag.py:2927} INFO - Setting next_dagrun for latest_only to 2022-10-18T17:37:05.540755+00:00, run_after=2022-10-18T21:37:05.540755+00:00
[2022-10-18 21:37:05,710] {processor.py:161} INFO - Processing /home/airflow/.local/lib/python3.9/site-packages/airflow/example_dags/example_latest_only.py took 1.209 seconds
[2022-10-18 21:37:36,650] {processor.py:153} INFO - Started process (PID=2219) to work on /home/airflow/.local/lib/python3.9/site-packages/airflow/example_dags/example_latest_only.py
[2022-10-18 21:37:36,666] {processor.py:641} INFO - Processing file /home/airflow/.local/lib/python3.9/site-packages/airflow/example_dags/example_latest_only.py for tasks to queue
[2022-10-18 21:37:36,674] {logging_mixin.py:115} INFO - [2022-10-18 21:37:36,673] {dagbag.py:507} INFO - Filling up the DagBag from /home/airflow/.local/lib/python3.9/site-packages/airflow/example_dags/example_latest_only.py
[2022-10-18 21:37:36,751] {processor.py:651} INFO - DAG(s) dict_keys(['latest_only']) retrieved from /home/airflow/.local/lib/python3.9/site-packages/airflow/example_dags/example_latest_only.py
[2022-10-18 21:37:37,052] {logging_mixin.py:115} INFO - [2022-10-18 21:37:37,052] {dag.py:2379} INFO - Sync 1 DAGs
[2022-10-18 21:37:37,340] {logging_mixin.py:115} INFO - [2022-10-18 21:37:37,339] {dag.py:2927} INFO - Setting next_dagrun for latest_only to 2022-10-18T17:37:37.337815+00:00, run_after=2022-10-18T21:37:37.337815+00:00
[2022-10-18 21:37:37,472] {processor.py:161} INFO - Processing /home/airflow/.local/lib/python3.9/site-packages/airflow/example_dags/example_latest_only.py took 0.843 seconds
[2022-10-18 21:38:08,351] {processor.py:153} INFO - Started process (PID=2315) to work on /home/airflow/.local/lib/python3.9/site-packages/airflow/example_dags/example_latest_only.py
[2022-10-18 21:38:08,355] {processor.py:641} INFO - Processing file /home/airflow/.local/lib/python3.9/site-packages/airflow/example_dags/example_latest_only.py for tasks to queue
[2022-10-18 21:38:08,360] {logging_mixin.py:115} INFO - [2022-10-18 21:38:08,359] {dagbag.py:507} INFO - Filling up the DagBag from /home/airflow/.local/lib/python3.9/site-packages/airflow/example_dags/example_latest_only.py
[2022-10-18 21:38:08,445] {processor.py:651} INFO - DAG(s) dict_keys(['latest_only']) retrieved from /home/airflow/.local/lib/python3.9/site-packages/airflow/example_dags/example_latest_only.py
[2022-10-18 21:38:08,734] {logging_mixin.py:115} INFO - [2022-10-18 21:38:08,734] {dag.py:2379} INFO - Sync 1 DAGs
[2022-10-18 21:38:09,224] {logging_mixin.py:115} INFO - [2022-10-18 21:38:09,223] {dag.py:2927} INFO - Setting next_dagrun for latest_only to 2022-10-18T17:38:09.203398+00:00, run_after=2022-10-18T21:38:09.203398+00:00
[2022-10-18 21:38:09,416] {processor.py:161} INFO - Processing /home/airflow/.local/lib/python3.9/site-packages/airflow/example_dags/example_latest_only.py took 1.092 seconds
[2022-10-18 21:38:39,634] {processor.py:153} INFO - Started process (PID=2401) to work on /home/airflow/.local/lib/python3.9/site-packages/airflow/example_dags/example_latest_only.py
[2022-10-18 21:38:39,642] {processor.py:641} INFO - Processing file /home/airflow/.local/lib/python3.9/site-packages/airflow/example_dags/example_latest_only.py for tasks to queue
[2022-10-18 21:38:39,648] {logging_mixin.py:115} INFO - [2022-10-18 21:38:39,648] {dagbag.py:507} INFO - Filling up the DagBag from /home/airflow/.local/lib/python3.9/site-packages/airflow/example_dags/example_latest_only.py
[2022-10-18 21:38:39,777] {processor.py:651} INFO - DAG(s) dict_keys(['latest_only']) retrieved from /home/airflow/.local/lib/python3.9/site-packages/airflow/example_dags/example_latest_only.py
[2022-10-18 21:38:40,069] {logging_mixin.py:115} INFO - [2022-10-18 21:38:40,069] {dag.py:2379} INFO - Sync 1 DAGs
[2022-10-18 21:38:40,328] {logging_mixin.py:115} INFO - [2022-10-18 21:38:40,327] {dag.py:2927} INFO - Setting next_dagrun for latest_only to 2022-10-18T17:38:40.325799+00:00, run_after=2022-10-18T21:38:40.325799+00:00
[2022-10-18 21:38:40,437] {processor.py:161} INFO - Processing /home/airflow/.local/lib/python3.9/site-packages/airflow/example_dags/example_latest_only.py took 0.835 seconds
[2022-10-18 21:39:10,728] {processor.py:153} INFO - Started process (PID=2493) to work on /home/airflow/.local/lib/python3.9/site-packages/airflow/example_dags/example_latest_only.py
[2022-10-18 21:39:10,735] {processor.py:641} INFO - Processing file /home/airflow/.local/lib/python3.9/site-packages/airflow/example_dags/example_latest_only.py for tasks to queue
[2022-10-18 21:39:10,738] {logging_mixin.py:115} INFO - [2022-10-18 21:39:10,738] {dagbag.py:507} INFO - Filling up the DagBag from /home/airflow/.local/lib/python3.9/site-packages/airflow/example_dags/example_latest_only.py
[2022-10-18 21:39:10,814] {processor.py:651} INFO - DAG(s) dict_keys(['latest_only']) retrieved from /home/airflow/.local/lib/python3.9/site-packages/airflow/example_dags/example_latest_only.py
[2022-10-18 21:39:11,022] {logging_mixin.py:115} INFO - [2022-10-18 21:39:11,022] {dag.py:2379} INFO - Sync 1 DAGs
[2022-10-18 21:39:11,298] {logging_mixin.py:115} INFO - [2022-10-18 21:39:11,298] {dag.py:2927} INFO - Setting next_dagrun for latest_only to 2022-10-18T17:39:11.296561+00:00, run_after=2022-10-18T21:39:11.296561+00:00
[2022-10-18 21:39:11,393] {processor.py:161} INFO - Processing /home/airflow/.local/lib/python3.9/site-packages/airflow/example_dags/example_latest_only.py took 0.688 seconds
[2022-10-18 21:39:41,902] {processor.py:153} INFO - Started process (PID=2581) to work on /home/airflow/.local/lib/python3.9/site-packages/airflow/example_dags/example_latest_only.py
[2022-10-18 21:39:41,905] {processor.py:641} INFO - Processing file /home/airflow/.local/lib/python3.9/site-packages/airflow/example_dags/example_latest_only.py for tasks to queue
[2022-10-18 21:39:41,908] {logging_mixin.py:115} INFO - [2022-10-18 21:39:41,907] {dagbag.py:507} INFO - Filling up the DagBag from /home/airflow/.local/lib/python3.9/site-packages/airflow/example_dags/example_latest_only.py
[2022-10-18 21:39:41,946] {processor.py:651} INFO - DAG(s) dict_keys(['latest_only']) retrieved from /home/airflow/.local/lib/python3.9/site-packages/airflow/example_dags/example_latest_only.py
[2022-10-18 21:39:42,134] {logging_mixin.py:115} INFO - [2022-10-18 21:39:42,133] {dag.py:2379} INFO - Sync 1 DAGs
[2022-10-18 21:39:42,420] {logging_mixin.py:115} INFO - [2022-10-18 21:39:42,418] {dag.py:2927} INFO - Setting next_dagrun for latest_only to 2022-10-18T17:39:42.416786+00:00, run_after=2022-10-18T21:39:42.416786+00:00
[2022-10-18 21:39:42,506] {processor.py:161} INFO - Processing /home/airflow/.local/lib/python3.9/site-packages/airflow/example_dags/example_latest_only.py took 0.628 seconds
[2022-10-18 21:40:12,890] {processor.py:153} INFO - Started process (PID=2673) to work on /home/airflow/.local/lib/python3.9/site-packages/airflow/example_dags/example_latest_only.py
[2022-10-18 21:40:12,897] {processor.py:641} INFO - Processing file /home/airflow/.local/lib/python3.9/site-packages/airflow/example_dags/example_latest_only.py for tasks to queue
[2022-10-18 21:40:12,903] {logging_mixin.py:115} INFO - [2022-10-18 21:40:12,901] {dagbag.py:507} INFO - Filling up the DagBag from /home/airflow/.local/lib/python3.9/site-packages/airflow/example_dags/example_latest_only.py
[2022-10-18 21:40:12,959] {processor.py:651} INFO - DAG(s) dict_keys(['latest_only']) retrieved from /home/airflow/.local/lib/python3.9/site-packages/airflow/example_dags/example_latest_only.py
[2022-10-18 21:40:13,159] {logging_mixin.py:115} INFO - [2022-10-18 21:40:13,158] {dag.py:2379} INFO - Sync 1 DAGs
[2022-10-18 21:40:13,253] {logging_mixin.py:115} INFO - [2022-10-18 21:40:13,252] {dag.py:2927} INFO - Setting next_dagrun for latest_only to 2022-10-18T17:40:13.250788+00:00, run_after=2022-10-18T21:40:13.250788+00:00
[2022-10-18 21:40:13,333] {processor.py:161} INFO - Processing /home/airflow/.local/lib/python3.9/site-packages/airflow/example_dags/example_latest_only.py took 0.462 seconds
[2022-10-18 21:40:43,680] {processor.py:153} INFO - Started process (PID=2770) to work on /home/airflow/.local/lib/python3.9/site-packages/airflow/example_dags/example_latest_only.py
[2022-10-18 21:40:43,684] {processor.py:641} INFO - Processing file /home/airflow/.local/lib/python3.9/site-packages/airflow/example_dags/example_latest_only.py for tasks to queue
[2022-10-18 21:40:43,690] {logging_mixin.py:115} INFO - [2022-10-18 21:40:43,688] {dagbag.py:507} INFO - Filling up the DagBag from /home/airflow/.local/lib/python3.9/site-packages/airflow/example_dags/example_latest_only.py
[2022-10-18 21:40:43,782] {processor.py:651} INFO - DAG(s) dict_keys(['latest_only']) retrieved from /home/airflow/.local/lib/python3.9/site-packages/airflow/example_dags/example_latest_only.py
[2022-10-18 21:40:44,020] {logging_mixin.py:115} INFO - [2022-10-18 21:40:44,019] {dag.py:2379} INFO - Sync 1 DAGs
[2022-10-18 21:40:44,400] {logging_mixin.py:115} INFO - [2022-10-18 21:40:44,388] {dag.py:2927} INFO - Setting next_dagrun for latest_only to 2022-10-18T17:40:44.385498+00:00, run_after=2022-10-18T21:40:44.385498+00:00
[2022-10-18 21:40:44,544] {processor.py:161} INFO - Processing /home/airflow/.local/lib/python3.9/site-packages/airflow/example_dags/example_latest_only.py took 0.894 seconds
[2022-10-18 21:41:15,232] {processor.py:153} INFO - Started process (PID=2850) to work on /home/airflow/.local/lib/python3.9/site-packages/airflow/example_dags/example_latest_only.py
[2022-10-18 21:41:15,245] {processor.py:641} INFO - Processing file /home/airflow/.local/lib/python3.9/site-packages/airflow/example_dags/example_latest_only.py for tasks to queue
[2022-10-18 21:41:15,250] {logging_mixin.py:115} INFO - [2022-10-18 21:41:15,249] {dagbag.py:507} INFO - Filling up the DagBag from /home/airflow/.local/lib/python3.9/site-packages/airflow/example_dags/example_latest_only.py
[2022-10-18 21:41:15,314] {processor.py:651} INFO - DAG(s) dict_keys(['latest_only']) retrieved from /home/airflow/.local/lib/python3.9/site-packages/airflow/example_dags/example_latest_only.py
[2022-10-18 21:41:15,560] {logging_mixin.py:115} INFO - [2022-10-18 21:41:15,559] {dag.py:2379} INFO - Sync 1 DAGs
[2022-10-18 21:41:15,685] {logging_mixin.py:115} INFO - [2022-10-18 21:41:15,685] {dag.py:2927} INFO - Setting next_dagrun for latest_only to 2022-10-18T17:41:15.683409+00:00, run_after=2022-10-18T21:41:15.683409+00:00
[2022-10-18 21:41:15,773] {processor.py:161} INFO - Processing /home/airflow/.local/lib/python3.9/site-packages/airflow/example_dags/example_latest_only.py took 0.569 seconds
[2022-10-18 21:41:46,124] {processor.py:153} INFO - Started process (PID=2946) to work on /home/airflow/.local/lib/python3.9/site-packages/airflow/example_dags/example_latest_only.py
[2022-10-18 21:41:46,144] {processor.py:641} INFO - Processing file /home/airflow/.local/lib/python3.9/site-packages/airflow/example_dags/example_latest_only.py for tasks to queue
[2022-10-18 21:41:46,148] {logging_mixin.py:115} INFO - [2022-10-18 21:41:46,147] {dagbag.py:507} INFO - Filling up the DagBag from /home/airflow/.local/lib/python3.9/site-packages/airflow/example_dags/example_latest_only.py
[2022-10-18 21:41:46,220] {processor.py:651} INFO - DAG(s) dict_keys(['latest_only']) retrieved from /home/airflow/.local/lib/python3.9/site-packages/airflow/example_dags/example_latest_only.py
[2022-10-18 21:41:46,404] {logging_mixin.py:115} INFO - [2022-10-18 21:41:46,404] {dag.py:2379} INFO - Sync 1 DAGs
[2022-10-18 21:41:46,754] {logging_mixin.py:115} INFO - [2022-10-18 21:41:46,754] {dag.py:2927} INFO - Setting next_dagrun for latest_only to 2022-10-18T17:41:46.752588+00:00, run_after=2022-10-18T21:41:46.752588+00:00
[2022-10-18 21:41:46,967] {processor.py:161} INFO - Processing /home/airflow/.local/lib/python3.9/site-packages/airflow/example_dags/example_latest_only.py took 0.871 seconds
[2022-10-18 21:42:17,255] {processor.py:153} INFO - Started process (PID=3028) to work on /home/airflow/.local/lib/python3.9/site-packages/airflow/example_dags/example_latest_only.py
[2022-10-18 21:42:17,258] {processor.py:641} INFO - Processing file /home/airflow/.local/lib/python3.9/site-packages/airflow/example_dags/example_latest_only.py for tasks to queue
[2022-10-18 21:42:17,267] {logging_mixin.py:115} INFO - [2022-10-18 21:42:17,266] {dagbag.py:507} INFO - Filling up the DagBag from /home/airflow/.local/lib/python3.9/site-packages/airflow/example_dags/example_latest_only.py
[2022-10-18 21:42:17,315] {processor.py:651} INFO - DAG(s) dict_keys(['latest_only']) retrieved from /home/airflow/.local/lib/python3.9/site-packages/airflow/example_dags/example_latest_only.py
[2022-10-18 21:42:17,500] {logging_mixin.py:115} INFO - [2022-10-18 21:42:17,499] {dag.py:2379} INFO - Sync 1 DAGs
[2022-10-18 21:42:17,724] {logging_mixin.py:115} INFO - [2022-10-18 21:42:17,723] {dag.py:2927} INFO - Setting next_dagrun for latest_only to 2022-10-18T17:42:17.722096+00:00, run_after=2022-10-18T21:42:17.722096+00:00
[2022-10-18 21:42:17,807] {processor.py:161} INFO - Processing /home/airflow/.local/lib/python3.9/site-packages/airflow/example_dags/example_latest_only.py took 0.578 seconds
[2022-10-18 21:42:48,774] {processor.py:153} INFO - Started process (PID=3123) to work on /home/airflow/.local/lib/python3.9/site-packages/airflow/example_dags/example_latest_only.py
[2022-10-18 21:42:48,780] {processor.py:641} INFO - Processing file /home/airflow/.local/lib/python3.9/site-packages/airflow/example_dags/example_latest_only.py for tasks to queue
[2022-10-18 21:42:48,788] {logging_mixin.py:115} INFO - [2022-10-18 21:42:48,785] {dagbag.py:507} INFO - Filling up the DagBag from /home/airflow/.local/lib/python3.9/site-packages/airflow/example_dags/example_latest_only.py
[2022-10-18 21:42:48,858] {processor.py:651} INFO - DAG(s) dict_keys(['latest_only']) retrieved from /home/airflow/.local/lib/python3.9/site-packages/airflow/example_dags/example_latest_only.py
[2022-10-18 21:42:49,117] {logging_mixin.py:115} INFO - [2022-10-18 21:42:49,116] {dag.py:2379} INFO - Sync 1 DAGs
[2022-10-18 21:42:49,465] {logging_mixin.py:115} INFO - [2022-10-18 21:42:49,464] {dag.py:2927} INFO - Setting next_dagrun for latest_only to 2022-10-18T17:42:49.462791+00:00, run_after=2022-10-18T21:42:49.462791+00:00
[2022-10-18 21:42:49,585] {processor.py:161} INFO - Processing /home/airflow/.local/lib/python3.9/site-packages/airflow/example_dags/example_latest_only.py took 0.850 seconds
[2022-10-18 21:43:19,799] {processor.py:153} INFO - Started process (PID=3210) to work on /home/airflow/.local/lib/python3.9/site-packages/airflow/example_dags/example_latest_only.py
[2022-10-18 21:43:19,803] {processor.py:641} INFO - Processing file /home/airflow/.local/lib/python3.9/site-packages/airflow/example_dags/example_latest_only.py for tasks to queue
[2022-10-18 21:43:19,811] {logging_mixin.py:115} INFO - [2022-10-18 21:43:19,809] {dagbag.py:507} INFO - Filling up the DagBag from /home/airflow/.local/lib/python3.9/site-packages/airflow/example_dags/example_latest_only.py
[2022-10-18 21:43:19,856] {processor.py:651} INFO - DAG(s) dict_keys(['latest_only']) retrieved from /home/airflow/.local/lib/python3.9/site-packages/airflow/example_dags/example_latest_only.py
[2022-10-18 21:43:20,049] {logging_mixin.py:115} INFO - [2022-10-18 21:43:20,048] {dag.py:2379} INFO - Sync 1 DAGs
[2022-10-18 21:43:20,242] {logging_mixin.py:115} INFO - [2022-10-18 21:43:20,242] {dag.py:2927} INFO - Setting next_dagrun for latest_only to 2022-10-18T17:43:20.240473+00:00, run_after=2022-10-18T21:43:20.240473+00:00
[2022-10-18 21:43:20,304] {processor.py:161} INFO - Processing /home/airflow/.local/lib/python3.9/site-packages/airflow/example_dags/example_latest_only.py took 0.534 seconds
[2022-10-18 21:43:51,987] {processor.py:153} INFO - Started process (PID=3301) to work on /home/airflow/.local/lib/python3.9/site-packages/airflow/example_dags/example_latest_only.py
[2022-10-18 21:43:52,001] {processor.py:641} INFO - Processing file /home/airflow/.local/lib/python3.9/site-packages/airflow/example_dags/example_latest_only.py for tasks to queue
[2022-10-18 21:43:52,005] {logging_mixin.py:115} INFO - [2022-10-18 21:43:52,004] {dagbag.py:507} INFO - Filling up the DagBag from /home/airflow/.local/lib/python3.9/site-packages/airflow/example_dags/example_latest_only.py
[2022-10-18 21:43:52,039] {processor.py:651} INFO - DAG(s) dict_keys(['latest_only']) retrieved from /home/airflow/.local/lib/python3.9/site-packages/airflow/example_dags/example_latest_only.py
[2022-10-18 21:43:52,185] {logging_mixin.py:115} INFO - [2022-10-18 21:43:52,185] {dag.py:2379} INFO - Sync 1 DAGs
[2022-10-18 21:43:52,449] {logging_mixin.py:115} INFO - [2022-10-18 21:43:52,449] {dag.py:2927} INFO - Setting next_dagrun for latest_only to 2022-10-18T17:43:52.447465+00:00, run_after=2022-10-18T21:43:52.447465+00:00
[2022-10-18 21:43:52,538] {processor.py:161} INFO - Processing /home/airflow/.local/lib/python3.9/site-packages/airflow/example_dags/example_latest_only.py took 0.565 seconds
[2022-10-18 21:44:24,607] {processor.py:153} INFO - Started process (PID=3393) to work on /home/airflow/.local/lib/python3.9/site-packages/airflow/example_dags/example_latest_only.py
[2022-10-18 21:44:24,610] {processor.py:641} INFO - Processing file /home/airflow/.local/lib/python3.9/site-packages/airflow/example_dags/example_latest_only.py for tasks to queue
[2022-10-18 21:44:24,615] {logging_mixin.py:115} INFO - [2022-10-18 21:44:24,614] {dagbag.py:507} INFO - Filling up the DagBag from /home/airflow/.local/lib/python3.9/site-packages/airflow/example_dags/example_latest_only.py
[2022-10-18 21:44:24,665] {processor.py:651} INFO - DAG(s) dict_keys(['latest_only']) retrieved from /home/airflow/.local/lib/python3.9/site-packages/airflow/example_dags/example_latest_only.py
[2022-10-18 21:44:25,025] {logging_mixin.py:115} INFO - [2022-10-18 21:44:25,025] {dag.py:2379} INFO - Sync 1 DAGs
[2022-10-18 21:44:25,422] {logging_mixin.py:115} INFO - [2022-10-18 21:44:25,420] {dag.py:2927} INFO - Setting next_dagrun for latest_only to 2022-10-18T17:44:25.406312+00:00, run_after=2022-10-18T21:44:25.406312+00:00
[2022-10-18 21:44:25,568] {processor.py:161} INFO - Processing /home/airflow/.local/lib/python3.9/site-packages/airflow/example_dags/example_latest_only.py took 0.977 seconds
[2022-10-18 21:44:56,614] {processor.py:153} INFO - Started process (PID=3479) to work on /home/airflow/.local/lib/python3.9/site-packages/airflow/example_dags/example_latest_only.py
[2022-10-18 21:44:56,629] {processor.py:641} INFO - Processing file /home/airflow/.local/lib/python3.9/site-packages/airflow/example_dags/example_latest_only.py for tasks to queue
[2022-10-18 21:44:56,639] {logging_mixin.py:115} INFO - [2022-10-18 21:44:56,639] {dagbag.py:507} INFO - Filling up the DagBag from /home/airflow/.local/lib/python3.9/site-packages/airflow/example_dags/example_latest_only.py
[2022-10-18 21:44:56,738] {processor.py:651} INFO - DAG(s) dict_keys(['latest_only']) retrieved from /home/airflow/.local/lib/python3.9/site-packages/airflow/example_dags/example_latest_only.py
[2022-10-18 21:44:57,127] {logging_mixin.py:115} INFO - [2022-10-18 21:44:57,127] {dag.py:2379} INFO - Sync 1 DAGs
[2022-10-18 21:44:57,680] {logging_mixin.py:115} INFO - [2022-10-18 21:44:57,679] {dag.py:2927} INFO - Setting next_dagrun for latest_only to 2022-10-18T17:44:57.662228+00:00, run_after=2022-10-18T21:44:57.662228+00:00
[2022-10-18 21:44:57,857] {processor.py:161} INFO - Processing /home/airflow/.local/lib/python3.9/site-packages/airflow/example_dags/example_latest_only.py took 1.280 seconds
[2022-10-18 21:45:29,088] {processor.py:153} INFO - Started process (PID=3572) to work on /home/airflow/.local/lib/python3.9/site-packages/airflow/example_dags/example_latest_only.py
[2022-10-18 21:45:29,098] {processor.py:641} INFO - Processing file /home/airflow/.local/lib/python3.9/site-packages/airflow/example_dags/example_latest_only.py for tasks to queue
[2022-10-18 21:45:29,105] {logging_mixin.py:115} INFO - [2022-10-18 21:45:29,104] {dagbag.py:507} INFO - Filling up the DagBag from /home/airflow/.local/lib/python3.9/site-packages/airflow/example_dags/example_latest_only.py
[2022-10-18 21:45:29,302] {processor.py:651} INFO - DAG(s) dict_keys(['latest_only']) retrieved from /home/airflow/.local/lib/python3.9/site-packages/airflow/example_dags/example_latest_only.py
[2022-10-18 21:45:29,664] {logging_mixin.py:115} INFO - [2022-10-18 21:45:29,653] {dag.py:2379} INFO - Sync 1 DAGs
[2022-10-18 21:45:30,197] {logging_mixin.py:115} INFO - [2022-10-18 21:45:30,197] {dag.py:2927} INFO - Setting next_dagrun for latest_only to 2022-10-18T17:45:30.174056+00:00, run_after=2022-10-18T21:45:30.174056+00:00
[2022-10-18 21:45:30,498] {processor.py:161} INFO - Processing /home/airflow/.local/lib/python3.9/site-packages/airflow/example_dags/example_latest_only.py took 1.480 seconds
[2022-10-18 21:46:07,113] {processor.py:153} INFO - Started process (PID=3666) to work on /home/airflow/.local/lib/python3.9/site-packages/airflow/example_dags/example_latest_only.py
[2022-10-18 21:46:07,119] {processor.py:641} INFO - Processing file /home/airflow/.local/lib/python3.9/site-packages/airflow/example_dags/example_latest_only.py for tasks to queue
[2022-10-18 21:46:07,127] {logging_mixin.py:115} INFO - [2022-10-18 21:46:07,127] {dagbag.py:507} INFO - Filling up the DagBag from /home/airflow/.local/lib/python3.9/site-packages/airflow/example_dags/example_latest_only.py
[2022-10-18 21:46:07,279] {processor.py:651} INFO - DAG(s) dict_keys(['latest_only']) retrieved from /home/airflow/.local/lib/python3.9/site-packages/airflow/example_dags/example_latest_only.py
[2022-10-18 21:46:07,853] {logging_mixin.py:115} INFO - [2022-10-18 21:46:07,853] {dag.py:2379} INFO - Sync 1 DAGs
[2022-10-18 21:46:08,417] {logging_mixin.py:115} INFO - [2022-10-18 21:46:08,416] {dag.py:2927} INFO - Setting next_dagrun for latest_only to 2022-10-18T17:46:08.393038+00:00, run_after=2022-10-18T21:46:08.393038+00:00
[2022-10-18 21:46:08,793] {processor.py:161} INFO - Processing /home/airflow/.local/lib/python3.9/site-packages/airflow/example_dags/example_latest_only.py took 1.760 seconds
[2022-10-18 21:46:51,171] {processor.py:153} INFO - Started process (PID=3763) to work on /home/airflow/.local/lib/python3.9/site-packages/airflow/example_dags/example_latest_only.py
[2022-10-18 21:46:51,199] {processor.py:641} INFO - Processing file /home/airflow/.local/lib/python3.9/site-packages/airflow/example_dags/example_latest_only.py for tasks to queue
[2022-10-18 21:46:51,233] {logging_mixin.py:115} INFO - [2022-10-18 21:46:51,204] {dagbag.py:507} INFO - Filling up the DagBag from /home/airflow/.local/lib/python3.9/site-packages/airflow/example_dags/example_latest_only.py
[2022-10-18 21:46:51,442] {processor.py:651} INFO - DAG(s) dict_keys(['latest_only']) retrieved from /home/airflow/.local/lib/python3.9/site-packages/airflow/example_dags/example_latest_only.py
[2022-10-18 21:46:52,247] {logging_mixin.py:115} INFO - [2022-10-18 21:46:52,246] {dag.py:2379} INFO - Sync 1 DAGs
[2022-10-18 21:46:53,048] {logging_mixin.py:115} INFO - [2022-10-18 21:46:53,031] {dag.py:2927} INFO - Setting next_dagrun for latest_only to 2022-10-18T17:46:52.997136+00:00, run_after=2022-10-18T21:46:52.997136+00:00
[2022-10-18 21:46:53,329] {processor.py:161} INFO - Processing /home/airflow/.local/lib/python3.9/site-packages/airflow/example_dags/example_latest_only.py took 2.249 seconds
[2022-10-18 21:47:40,100] {processor.py:153} INFO - Started process (PID=3860) to work on /home/airflow/.local/lib/python3.9/site-packages/airflow/example_dags/example_latest_only.py
[2022-10-18 21:47:40,136] {processor.py:641} INFO - Processing file /home/airflow/.local/lib/python3.9/site-packages/airflow/example_dags/example_latest_only.py for tasks to queue
[2022-10-18 21:47:40,166] {logging_mixin.py:115} INFO - [2022-10-18 21:47:40,155] {dagbag.py:507} INFO - Filling up the DagBag from /home/airflow/.local/lib/python3.9/site-packages/airflow/example_dags/example_latest_only.py
[2022-10-18 21:47:40,305] {processor.py:651} INFO - DAG(s) dict_keys(['latest_only']) retrieved from /home/airflow/.local/lib/python3.9/site-packages/airflow/example_dags/example_latest_only.py
[2022-10-18 21:47:41,082] {logging_mixin.py:115} INFO - [2022-10-18 21:47:41,081] {dag.py:2379} INFO - Sync 1 DAGs
[2022-10-18 21:47:41,868] {logging_mixin.py:115} INFO - [2022-10-18 21:47:41,867] {dag.py:2927} INFO - Setting next_dagrun for latest_only to 2022-10-18T17:47:41.866092+00:00, run_after=2022-10-18T21:47:41.866092+00:00
[2022-10-18 21:47:42,144] {processor.py:161} INFO - Processing /home/airflow/.local/lib/python3.9/site-packages/airflow/example_dags/example_latest_only.py took 2.121 seconds
