[2022-10-18 21:13:42,288] {processor.py:153} INFO - Started process (PID=278) to work on /home/airflow/.local/lib/python3.9/site-packages/airflow/example_dags/example_xcomargs.py
[2022-10-18 21:13:42,292] {processor.py:641} INFO - Processing file /home/airflow/.local/lib/python3.9/site-packages/airflow/example_dags/example_xcomargs.py for tasks to queue
[2022-10-18 21:13:42,303] {logging_mixin.py:115} INFO - [2022-10-18 21:13:42,303] {dagbag.py:507} INFO - Filling up the DagBag from /home/airflow/.local/lib/python3.9/site-packages/airflow/example_dags/example_xcomargs.py
[2022-10-18 21:13:42,862] {processor.py:651} INFO - DAG(s) dict_keys(['example_xcom_args', 'example_xcom_args_with_operators']) retrieved from /home/airflow/.local/lib/python3.9/site-packages/airflow/example_dags/example_xcomargs.py
[2022-10-18 21:13:43,838] {logging_mixin.py:115} INFO - [2022-10-18 21:13:43,838] {dag.py:2379} INFO - Sync 2 DAGs
[2022-10-18 21:13:44,137] {logging_mixin.py:115} INFO - [2022-10-18 21:13:44,136] {dag.py:2927} INFO - Setting next_dagrun for example_xcom_args to None, run_after=None
[2022-10-18 21:13:44,160] {logging_mixin.py:115} INFO - [2022-10-18 21:13:44,160] {dag.py:2927} INFO - Setting next_dagrun for example_xcom_args_with_operators to None, run_after=None
[2022-10-18 21:13:44,432] {processor.py:161} INFO - Processing /home/airflow/.local/lib/python3.9/site-packages/airflow/example_dags/example_xcomargs.py took 2.204 seconds
[2022-10-18 21:14:16,066] {processor.py:153} INFO - Started process (PID=375) to work on /home/airflow/.local/lib/python3.9/site-packages/airflow/example_dags/example_xcomargs.py
[2022-10-18 21:14:16,074] {processor.py:641} INFO - Processing file /home/airflow/.local/lib/python3.9/site-packages/airflow/example_dags/example_xcomargs.py for tasks to queue
[2022-10-18 21:14:16,079] {logging_mixin.py:115} INFO - [2022-10-18 21:14:16,079] {dagbag.py:507} INFO - Filling up the DagBag from /home/airflow/.local/lib/python3.9/site-packages/airflow/example_dags/example_xcomargs.py
[2022-10-18 21:14:16,493] {processor.py:651} INFO - DAG(s) dict_keys(['example_xcom_args', 'example_xcom_args_with_operators']) retrieved from /home/airflow/.local/lib/python3.9/site-packages/airflow/example_dags/example_xcomargs.py
[2022-10-18 21:14:17,672] {logging_mixin.py:115} INFO - [2022-10-18 21:14:17,672] {dag.py:2379} INFO - Sync 2 DAGs
[2022-10-18 21:14:18,065] {logging_mixin.py:115} INFO - [2022-10-18 21:14:18,064] {dag.py:2927} INFO - Setting next_dagrun for example_xcom_args to None, run_after=None
[2022-10-18 21:14:18,078] {logging_mixin.py:115} INFO - [2022-10-18 21:14:18,078] {dag.py:2927} INFO - Setting next_dagrun for example_xcom_args_with_operators to None, run_after=None
[2022-10-18 21:14:18,306] {processor.py:161} INFO - Processing /home/airflow/.local/lib/python3.9/site-packages/airflow/example_dags/example_xcomargs.py took 2.263 seconds
[2022-10-18 21:14:49,407] {processor.py:153} INFO - Started process (PID=461) to work on /home/airflow/.local/lib/python3.9/site-packages/airflow/example_dags/example_xcomargs.py
[2022-10-18 21:14:49,418] {processor.py:641} INFO - Processing file /home/airflow/.local/lib/python3.9/site-packages/airflow/example_dags/example_xcomargs.py for tasks to queue
[2022-10-18 21:14:49,428] {logging_mixin.py:115} INFO - [2022-10-18 21:14:49,425] {dagbag.py:507} INFO - Filling up the DagBag from /home/airflow/.local/lib/python3.9/site-packages/airflow/example_dags/example_xcomargs.py
[2022-10-18 21:14:49,766] {processor.py:651} INFO - DAG(s) dict_keys(['example_xcom_args', 'example_xcom_args_with_operators']) retrieved from /home/airflow/.local/lib/python3.9/site-packages/airflow/example_dags/example_xcomargs.py
[2022-10-18 21:14:51,036] {logging_mixin.py:115} INFO - [2022-10-18 21:14:51,035] {dag.py:2379} INFO - Sync 2 DAGs
[2022-10-18 21:14:51,382] {logging_mixin.py:115} INFO - [2022-10-18 21:14:51,381] {dag.py:2927} INFO - Setting next_dagrun for example_xcom_args to None, run_after=None
[2022-10-18 21:14:51,388] {logging_mixin.py:115} INFO - [2022-10-18 21:14:51,387] {dag.py:2927} INFO - Setting next_dagrun for example_xcom_args_with_operators to None, run_after=None
[2022-10-18 21:14:51,563] {processor.py:161} INFO - Processing /home/airflow/.local/lib/python3.9/site-packages/airflow/example_dags/example_xcomargs.py took 2.181 seconds
[2022-10-18 21:15:22,516] {processor.py:153} INFO - Started process (PID=552) to work on /home/airflow/.local/lib/python3.9/site-packages/airflow/example_dags/example_xcomargs.py
[2022-10-18 21:15:22,526] {processor.py:641} INFO - Processing file /home/airflow/.local/lib/python3.9/site-packages/airflow/example_dags/example_xcomargs.py for tasks to queue
[2022-10-18 21:15:22,538] {logging_mixin.py:115} INFO - [2022-10-18 21:15:22,537] {dagbag.py:507} INFO - Filling up the DagBag from /home/airflow/.local/lib/python3.9/site-packages/airflow/example_dags/example_xcomargs.py
[2022-10-18 21:15:23,053] {processor.py:651} INFO - DAG(s) dict_keys(['example_xcom_args', 'example_xcom_args_with_operators']) retrieved from /home/airflow/.local/lib/python3.9/site-packages/airflow/example_dags/example_xcomargs.py
[2022-10-18 21:15:24,482] {logging_mixin.py:115} INFO - [2022-10-18 21:15:24,477] {dag.py:2379} INFO - Sync 2 DAGs
[2022-10-18 21:15:24,896] {logging_mixin.py:115} INFO - [2022-10-18 21:15:24,895] {dag.py:2927} INFO - Setting next_dagrun for example_xcom_args to None, run_after=None
[2022-10-18 21:15:24,902] {logging_mixin.py:115} INFO - [2022-10-18 21:15:24,902] {dag.py:2927} INFO - Setting next_dagrun for example_xcom_args_with_operators to None, run_after=None
[2022-10-18 21:15:25,109] {processor.py:161} INFO - Processing /home/airflow/.local/lib/python3.9/site-packages/airflow/example_dags/example_xcomargs.py took 2.647 seconds
[2022-10-18 21:15:55,334] {processor.py:153} INFO - Started process (PID=651) to work on /home/airflow/.local/lib/python3.9/site-packages/airflow/example_dags/example_xcomargs.py
[2022-10-18 21:15:55,337] {processor.py:641} INFO - Processing file /home/airflow/.local/lib/python3.9/site-packages/airflow/example_dags/example_xcomargs.py for tasks to queue
[2022-10-18 21:15:55,347] {logging_mixin.py:115} INFO - [2022-10-18 21:15:55,347] {dagbag.py:507} INFO - Filling up the DagBag from /home/airflow/.local/lib/python3.9/site-packages/airflow/example_dags/example_xcomargs.py
[2022-10-18 21:15:55,902] {processor.py:651} INFO - DAG(s) dict_keys(['example_xcom_args', 'example_xcom_args_with_operators']) retrieved from /home/airflow/.local/lib/python3.9/site-packages/airflow/example_dags/example_xcomargs.py
[2022-10-18 21:15:56,567] {logging_mixin.py:115} INFO - [2022-10-18 21:15:56,566] {dag.py:2379} INFO - Sync 2 DAGs
[2022-10-18 21:15:56,751] {logging_mixin.py:115} INFO - [2022-10-18 21:15:56,751] {dag.py:2927} INFO - Setting next_dagrun for example_xcom_args to None, run_after=None
[2022-10-18 21:15:56,756] {logging_mixin.py:115} INFO - [2022-10-18 21:15:56,755] {dag.py:2927} INFO - Setting next_dagrun for example_xcom_args_with_operators to None, run_after=None
[2022-10-18 21:15:56,866] {processor.py:161} INFO - Processing /home/airflow/.local/lib/python3.9/site-packages/airflow/example_dags/example_xcomargs.py took 1.573 seconds
[2022-10-18 21:16:27,548] {processor.py:153} INFO - Started process (PID=736) to work on /home/airflow/.local/lib/python3.9/site-packages/airflow/example_dags/example_xcomargs.py
[2022-10-18 21:16:27,566] {processor.py:641} INFO - Processing file /home/airflow/.local/lib/python3.9/site-packages/airflow/example_dags/example_xcomargs.py for tasks to queue
[2022-10-18 21:16:27,574] {logging_mixin.py:115} INFO - [2022-10-18 21:16:27,574] {dagbag.py:507} INFO - Filling up the DagBag from /home/airflow/.local/lib/python3.9/site-packages/airflow/example_dags/example_xcomargs.py
[2022-10-18 21:16:27,939] {processor.py:651} INFO - DAG(s) dict_keys(['example_xcom_args', 'example_xcom_args_with_operators']) retrieved from /home/airflow/.local/lib/python3.9/site-packages/airflow/example_dags/example_xcomargs.py
[2022-10-18 21:16:28,940] {logging_mixin.py:115} INFO - [2022-10-18 21:16:28,940] {dag.py:2379} INFO - Sync 2 DAGs
[2022-10-18 21:16:29,170] {logging_mixin.py:115} INFO - [2022-10-18 21:16:29,170] {dag.py:2927} INFO - Setting next_dagrun for example_xcom_args to None, run_after=None
[2022-10-18 21:16:29,176] {logging_mixin.py:115} INFO - [2022-10-18 21:16:29,176] {dag.py:2927} INFO - Setting next_dagrun for example_xcom_args_with_operators to None, run_after=None
[2022-10-18 21:16:29,288] {processor.py:161} INFO - Processing /home/airflow/.local/lib/python3.9/site-packages/airflow/example_dags/example_xcomargs.py took 1.778 seconds
[2022-10-18 21:16:59,662] {processor.py:153} INFO - Started process (PID=831) to work on /home/airflow/.local/lib/python3.9/site-packages/airflow/example_dags/example_xcomargs.py
[2022-10-18 21:16:59,675] {processor.py:641} INFO - Processing file /home/airflow/.local/lib/python3.9/site-packages/airflow/example_dags/example_xcomargs.py for tasks to queue
[2022-10-18 21:16:59,680] {logging_mixin.py:115} INFO - [2022-10-18 21:16:59,679] {dagbag.py:507} INFO - Filling up the DagBag from /home/airflow/.local/lib/python3.9/site-packages/airflow/example_dags/example_xcomargs.py
[2022-10-18 21:17:00,113] {processor.py:651} INFO - DAG(s) dict_keys(['example_xcom_args', 'example_xcom_args_with_operators']) retrieved from /home/airflow/.local/lib/python3.9/site-packages/airflow/example_dags/example_xcomargs.py
[2022-10-18 21:17:00,552] {logging_mixin.py:115} INFO - [2022-10-18 21:17:00,551] {dag.py:2379} INFO - Sync 2 DAGs
[2022-10-18 21:17:00,802] {logging_mixin.py:115} INFO - [2022-10-18 21:17:00,802] {dag.py:2927} INFO - Setting next_dagrun for example_xcom_args to None, run_after=None
[2022-10-18 21:17:00,816] {logging_mixin.py:115} INFO - [2022-10-18 21:17:00,816] {dag.py:2927} INFO - Setting next_dagrun for example_xcom_args_with_operators to None, run_after=None
[2022-10-18 21:17:00,959] {processor.py:161} INFO - Processing /home/airflow/.local/lib/python3.9/site-packages/airflow/example_dags/example_xcomargs.py took 1.311 seconds
[2022-10-18 21:17:31,670] {processor.py:153} INFO - Started process (PID=926) to work on /home/airflow/.local/lib/python3.9/site-packages/airflow/example_dags/example_xcomargs.py
[2022-10-18 21:17:31,678] {processor.py:641} INFO - Processing file /home/airflow/.local/lib/python3.9/site-packages/airflow/example_dags/example_xcomargs.py for tasks to queue
[2022-10-18 21:17:31,693] {logging_mixin.py:115} INFO - [2022-10-18 21:17:31,691] {dagbag.py:507} INFO - Filling up the DagBag from /home/airflow/.local/lib/python3.9/site-packages/airflow/example_dags/example_xcomargs.py
[2022-10-18 21:17:32,234] {processor.py:651} INFO - DAG(s) dict_keys(['example_xcom_args', 'example_xcom_args_with_operators']) retrieved from /home/airflow/.local/lib/python3.9/site-packages/airflow/example_dags/example_xcomargs.py
[2022-10-18 21:17:33,204] {logging_mixin.py:115} INFO - [2022-10-18 21:17:33,204] {dag.py:2379} INFO - Sync 2 DAGs
[2022-10-18 21:17:33,640] {logging_mixin.py:115} INFO - [2022-10-18 21:17:33,640] {dag.py:2927} INFO - Setting next_dagrun for example_xcom_args to None, run_after=None
[2022-10-18 21:17:33,656] {logging_mixin.py:115} INFO - [2022-10-18 21:17:33,650] {dag.py:2927} INFO - Setting next_dagrun for example_xcom_args_with_operators to None, run_after=None
[2022-10-18 21:17:33,942] {processor.py:161} INFO - Processing /home/airflow/.local/lib/python3.9/site-packages/airflow/example_dags/example_xcomargs.py took 2.347 seconds
[2022-10-18 21:18:04,346] {processor.py:153} INFO - Started process (PID=1010) to work on /home/airflow/.local/lib/python3.9/site-packages/airflow/example_dags/example_xcomargs.py
[2022-10-18 21:18:04,352] {processor.py:641} INFO - Processing file /home/airflow/.local/lib/python3.9/site-packages/airflow/example_dags/example_xcomargs.py for tasks to queue
[2022-10-18 21:18:04,361] {logging_mixin.py:115} INFO - [2022-10-18 21:18:04,360] {dagbag.py:507} INFO - Filling up the DagBag from /home/airflow/.local/lib/python3.9/site-packages/airflow/example_dags/example_xcomargs.py
[2022-10-18 21:18:04,734] {processor.py:651} INFO - DAG(s) dict_keys(['example_xcom_args', 'example_xcom_args_with_operators']) retrieved from /home/airflow/.local/lib/python3.9/site-packages/airflow/example_dags/example_xcomargs.py
[2022-10-18 21:18:05,135] {logging_mixin.py:115} INFO - [2022-10-18 21:18:05,134] {dag.py:2379} INFO - Sync 2 DAGs
[2022-10-18 21:18:05,486] {logging_mixin.py:115} INFO - [2022-10-18 21:18:05,485] {dag.py:2927} INFO - Setting next_dagrun for example_xcom_args to None, run_after=None
[2022-10-18 21:18:05,490] {logging_mixin.py:115} INFO - [2022-10-18 21:18:05,489] {dag.py:2927} INFO - Setting next_dagrun for example_xcom_args_with_operators to None, run_after=None
[2022-10-18 21:18:05,588] {processor.py:161} INFO - Processing /home/airflow/.local/lib/python3.9/site-packages/airflow/example_dags/example_xcomargs.py took 1.279 seconds
[2022-10-18 21:18:36,043] {processor.py:153} INFO - Started process (PID=1107) to work on /home/airflow/.local/lib/python3.9/site-packages/airflow/example_dags/example_xcomargs.py
[2022-10-18 21:18:36,062] {processor.py:641} INFO - Processing file /home/airflow/.local/lib/python3.9/site-packages/airflow/example_dags/example_xcomargs.py for tasks to queue
[2022-10-18 21:18:36,067] {logging_mixin.py:115} INFO - [2022-10-18 21:18:36,067] {dagbag.py:507} INFO - Filling up the DagBag from /home/airflow/.local/lib/python3.9/site-packages/airflow/example_dags/example_xcomargs.py
[2022-10-18 21:18:36,606] {processor.py:651} INFO - DAG(s) dict_keys(['example_xcom_args', 'example_xcom_args_with_operators']) retrieved from /home/airflow/.local/lib/python3.9/site-packages/airflow/example_dags/example_xcomargs.py
[2022-10-18 21:18:37,141] {logging_mixin.py:115} INFO - [2022-10-18 21:18:37,139] {dag.py:2379} INFO - Sync 2 DAGs
[2022-10-18 21:18:37,367] {logging_mixin.py:115} INFO - [2022-10-18 21:18:37,366] {dag.py:2927} INFO - Setting next_dagrun for example_xcom_args to None, run_after=None
[2022-10-18 21:18:37,371] {logging_mixin.py:115} INFO - [2022-10-18 21:18:37,370] {dag.py:2927} INFO - Setting next_dagrun for example_xcom_args_with_operators to None, run_after=None
[2022-10-18 21:18:37,476] {processor.py:161} INFO - Processing /home/airflow/.local/lib/python3.9/site-packages/airflow/example_dags/example_xcomargs.py took 1.470 seconds
[2022-10-18 21:19:07,717] {processor.py:153} INFO - Started process (PID=1191) to work on /home/airflow/.local/lib/python3.9/site-packages/airflow/example_dags/example_xcomargs.py
[2022-10-18 21:19:07,722] {processor.py:641} INFO - Processing file /home/airflow/.local/lib/python3.9/site-packages/airflow/example_dags/example_xcomargs.py for tasks to queue
[2022-10-18 21:19:07,741] {logging_mixin.py:115} INFO - [2022-10-18 21:19:07,741] {dagbag.py:507} INFO - Filling up the DagBag from /home/airflow/.local/lib/python3.9/site-packages/airflow/example_dags/example_xcomargs.py
[2022-10-18 21:19:08,020] {processor.py:651} INFO - DAG(s) dict_keys(['example_xcom_args', 'example_xcom_args_with_operators']) retrieved from /home/airflow/.local/lib/python3.9/site-packages/airflow/example_dags/example_xcomargs.py
[2022-10-18 21:19:08,727] {logging_mixin.py:115} INFO - [2022-10-18 21:19:08,726] {dag.py:2379} INFO - Sync 2 DAGs
[2022-10-18 21:19:08,963] {logging_mixin.py:115} INFO - [2022-10-18 21:19:08,963] {dag.py:2927} INFO - Setting next_dagrun for example_xcom_args to None, run_after=None
[2022-10-18 21:19:08,976] {logging_mixin.py:115} INFO - [2022-10-18 21:19:08,975] {dag.py:2927} INFO - Setting next_dagrun for example_xcom_args_with_operators to None, run_after=None
[2022-10-18 21:19:09,150] {processor.py:161} INFO - Processing /home/airflow/.local/lib/python3.9/site-packages/airflow/example_dags/example_xcomargs.py took 1.510 seconds
[2022-10-18 21:19:39,958] {processor.py:153} INFO - Started process (PID=1287) to work on /home/airflow/.local/lib/python3.9/site-packages/airflow/example_dags/example_xcomargs.py
[2022-10-18 21:19:39,965] {processor.py:641} INFO - Processing file /home/airflow/.local/lib/python3.9/site-packages/airflow/example_dags/example_xcomargs.py for tasks to queue
[2022-10-18 21:19:39,970] {logging_mixin.py:115} INFO - [2022-10-18 21:19:39,970] {dagbag.py:507} INFO - Filling up the DagBag from /home/airflow/.local/lib/python3.9/site-packages/airflow/example_dags/example_xcomargs.py
[2022-10-18 21:19:40,207] {processor.py:651} INFO - DAG(s) dict_keys(['example_xcom_args', 'example_xcom_args_with_operators']) retrieved from /home/airflow/.local/lib/python3.9/site-packages/airflow/example_dags/example_xcomargs.py
[2022-10-18 21:19:40,799] {logging_mixin.py:115} INFO - [2022-10-18 21:19:40,799] {dag.py:2379} INFO - Sync 2 DAGs
[2022-10-18 21:19:41,007] {logging_mixin.py:115} INFO - [2022-10-18 21:19:41,006] {dag.py:2927} INFO - Setting next_dagrun for example_xcom_args to None, run_after=None
[2022-10-18 21:19:41,010] {logging_mixin.py:115} INFO - [2022-10-18 21:19:41,010] {dag.py:2927} INFO - Setting next_dagrun for example_xcom_args_with_operators to None, run_after=None
[2022-10-18 21:19:41,131] {processor.py:161} INFO - Processing /home/airflow/.local/lib/python3.9/site-packages/airflow/example_dags/example_xcomargs.py took 1.188 seconds
[2022-10-18 21:20:11,325] {processor.py:153} INFO - Started process (PID=1384) to work on /home/airflow/.local/lib/python3.9/site-packages/airflow/example_dags/example_xcomargs.py
[2022-10-18 21:20:11,334] {processor.py:641} INFO - Processing file /home/airflow/.local/lib/python3.9/site-packages/airflow/example_dags/example_xcomargs.py for tasks to queue
[2022-10-18 21:20:11,339] {logging_mixin.py:115} INFO - [2022-10-18 21:20:11,337] {dagbag.py:507} INFO - Filling up the DagBag from /home/airflow/.local/lib/python3.9/site-packages/airflow/example_dags/example_xcomargs.py
[2022-10-18 21:20:11,563] {processor.py:651} INFO - DAG(s) dict_keys(['example_xcom_args', 'example_xcom_args_with_operators']) retrieved from /home/airflow/.local/lib/python3.9/site-packages/airflow/example_dags/example_xcomargs.py
[2022-10-18 21:20:12,254] {logging_mixin.py:115} INFO - [2022-10-18 21:20:12,254] {dag.py:2379} INFO - Sync 2 DAGs
[2022-10-18 21:20:12,531] {logging_mixin.py:115} INFO - [2022-10-18 21:20:12,528] {dag.py:2927} INFO - Setting next_dagrun for example_xcom_args to None, run_after=None
[2022-10-18 21:20:12,536] {logging_mixin.py:115} INFO - [2022-10-18 21:20:12,535] {dag.py:2927} INFO - Setting next_dagrun for example_xcom_args_with_operators to None, run_after=None
[2022-10-18 21:20:12,630] {processor.py:161} INFO - Processing /home/airflow/.local/lib/python3.9/site-packages/airflow/example_dags/example_xcomargs.py took 1.335 seconds
[2022-10-18 21:20:43,115] {processor.py:153} INFO - Started process (PID=1466) to work on /home/airflow/.local/lib/python3.9/site-packages/airflow/example_dags/example_xcomargs.py
[2022-10-18 21:20:43,122] {processor.py:641} INFO - Processing file /home/airflow/.local/lib/python3.9/site-packages/airflow/example_dags/example_xcomargs.py for tasks to queue
[2022-10-18 21:20:43,127] {logging_mixin.py:115} INFO - [2022-10-18 21:20:43,126] {dagbag.py:507} INFO - Filling up the DagBag from /home/airflow/.local/lib/python3.9/site-packages/airflow/example_dags/example_xcomargs.py
[2022-10-18 21:20:43,360] {processor.py:651} INFO - DAG(s) dict_keys(['example_xcom_args', 'example_xcom_args_with_operators']) retrieved from /home/airflow/.local/lib/python3.9/site-packages/airflow/example_dags/example_xcomargs.py
[2022-10-18 21:20:43,938] {logging_mixin.py:115} INFO - [2022-10-18 21:20:43,937] {dag.py:2379} INFO - Sync 2 DAGs
[2022-10-18 21:20:44,040] {logging_mixin.py:115} INFO - [2022-10-18 21:20:44,039] {dag.py:2927} INFO - Setting next_dagrun for example_xcom_args to None, run_after=None
[2022-10-18 21:20:44,048] {logging_mixin.py:115} INFO - [2022-10-18 21:20:44,047] {dag.py:2927} INFO - Setting next_dagrun for example_xcom_args_with_operators to None, run_after=None
[2022-10-18 21:20:44,148] {processor.py:161} INFO - Processing /home/airflow/.local/lib/python3.9/site-packages/airflow/example_dags/example_xcomargs.py took 1.060 seconds
[2022-10-18 21:21:14,777] {processor.py:153} INFO - Started process (PID=1563) to work on /home/airflow/.local/lib/python3.9/site-packages/airflow/example_dags/example_xcomargs.py
[2022-10-18 21:21:14,783] {processor.py:641} INFO - Processing file /home/airflow/.local/lib/python3.9/site-packages/airflow/example_dags/example_xcomargs.py for tasks to queue
[2022-10-18 21:21:14,791] {logging_mixin.py:115} INFO - [2022-10-18 21:21:14,790] {dagbag.py:507} INFO - Filling up the DagBag from /home/airflow/.local/lib/python3.9/site-packages/airflow/example_dags/example_xcomargs.py
[2022-10-18 21:21:15,010] {processor.py:651} INFO - DAG(s) dict_keys(['example_xcom_args', 'example_xcom_args_with_operators']) retrieved from /home/airflow/.local/lib/python3.9/site-packages/airflow/example_dags/example_xcomargs.py
[2022-10-18 21:21:15,130] {logging_mixin.py:115} INFO - [2022-10-18 21:21:15,130] {dag.py:2379} INFO - Sync 2 DAGs
[2022-10-18 21:21:15,322] {logging_mixin.py:115} INFO - [2022-10-18 21:21:15,321] {dag.py:2927} INFO - Setting next_dagrun for example_xcom_args to None, run_after=None
[2022-10-18 21:21:15,325] {logging_mixin.py:115} INFO - [2022-10-18 21:21:15,325] {dag.py:2927} INFO - Setting next_dagrun for example_xcom_args_with_operators to None, run_after=None
[2022-10-18 21:21:15,410] {processor.py:161} INFO - Processing /home/airflow/.local/lib/python3.9/site-packages/airflow/example_dags/example_xcomargs.py took 0.653 seconds
[2022-10-18 21:21:45,708] {processor.py:153} INFO - Started process (PID=1648) to work on /home/airflow/.local/lib/python3.9/site-packages/airflow/example_dags/example_xcomargs.py
[2022-10-18 21:21:45,711] {processor.py:641} INFO - Processing file /home/airflow/.local/lib/python3.9/site-packages/airflow/example_dags/example_xcomargs.py for tasks to queue
[2022-10-18 21:21:45,714] {logging_mixin.py:115} INFO - [2022-10-18 21:21:45,714] {dagbag.py:507} INFO - Filling up the DagBag from /home/airflow/.local/lib/python3.9/site-packages/airflow/example_dags/example_xcomargs.py
[2022-10-18 21:21:45,896] {processor.py:651} INFO - DAG(s) dict_keys(['example_xcom_args', 'example_xcom_args_with_operators']) retrieved from /home/airflow/.local/lib/python3.9/site-packages/airflow/example_dags/example_xcomargs.py
[2022-10-18 21:21:46,357] {logging_mixin.py:115} INFO - [2022-10-18 21:21:46,356] {dag.py:2379} INFO - Sync 2 DAGs
[2022-10-18 21:21:46,518] {logging_mixin.py:115} INFO - [2022-10-18 21:21:46,518] {dag.py:2927} INFO - Setting next_dagrun for example_xcom_args to None, run_after=None
[2022-10-18 21:21:46,522] {logging_mixin.py:115} INFO - [2022-10-18 21:21:46,522] {dag.py:2927} INFO - Setting next_dagrun for example_xcom_args_with_operators to None, run_after=None
[2022-10-18 21:21:46,610] {processor.py:161} INFO - Processing /home/airflow/.local/lib/python3.9/site-packages/airflow/example_dags/example_xcomargs.py took 0.920 seconds
[2022-10-18 21:22:17,407] {processor.py:153} INFO - Started process (PID=1740) to work on /home/airflow/.local/lib/python3.9/site-packages/airflow/example_dags/example_xcomargs.py
[2022-10-18 21:22:17,410] {processor.py:641} INFO - Processing file /home/airflow/.local/lib/python3.9/site-packages/airflow/example_dags/example_xcomargs.py for tasks to queue
[2022-10-18 21:22:17,414] {logging_mixin.py:115} INFO - [2022-10-18 21:22:17,414] {dagbag.py:507} INFO - Filling up the DagBag from /home/airflow/.local/lib/python3.9/site-packages/airflow/example_dags/example_xcomargs.py
[2022-10-18 21:22:17,618] {processor.py:651} INFO - DAG(s) dict_keys(['example_xcom_args', 'example_xcom_args_with_operators']) retrieved from /home/airflow/.local/lib/python3.9/site-packages/airflow/example_dags/example_xcomargs.py
[2022-10-18 21:22:18,604] {logging_mixin.py:115} INFO - [2022-10-18 21:22:18,603] {dag.py:2379} INFO - Sync 2 DAGs
[2022-10-18 21:22:18,835] {logging_mixin.py:115} INFO - [2022-10-18 21:22:18,834] {dag.py:2927} INFO - Setting next_dagrun for example_xcom_args to None, run_after=None
[2022-10-18 21:22:18,849] {logging_mixin.py:115} INFO - [2022-10-18 21:22:18,848] {dag.py:2927} INFO - Setting next_dagrun for example_xcom_args_with_operators to None, run_after=None
[2022-10-18 21:22:18,927] {processor.py:161} INFO - Processing /home/airflow/.local/lib/python3.9/site-packages/airflow/example_dags/example_xcomargs.py took 1.539 seconds
[2022-10-18 21:35:40,397] {processor.py:153} INFO - Started process (PID=1884) to work on /home/airflow/.local/lib/python3.9/site-packages/airflow/example_dags/example_xcomargs.py
[2022-10-18 21:35:40,414] {processor.py:641} INFO - Processing file /home/airflow/.local/lib/python3.9/site-packages/airflow/example_dags/example_xcomargs.py for tasks to queue
[2022-10-18 21:35:40,419] {logging_mixin.py:115} INFO - [2022-10-18 21:35:40,418] {dagbag.py:507} INFO - Filling up the DagBag from /home/airflow/.local/lib/python3.9/site-packages/airflow/example_dags/example_xcomargs.py
[2022-10-18 21:35:40,800] {processor.py:651} INFO - DAG(s) dict_keys(['example_xcom_args', 'example_xcom_args_with_operators']) retrieved from /home/airflow/.local/lib/python3.9/site-packages/airflow/example_dags/example_xcomargs.py
[2022-10-18 21:35:41,490] {logging_mixin.py:115} INFO - [2022-10-18 21:35:41,489] {dag.py:2379} INFO - Sync 2 DAGs
[2022-10-18 21:35:41,844] {logging_mixin.py:115} INFO - [2022-10-18 21:35:41,843] {dag.py:2927} INFO - Setting next_dagrun for example_xcom_args to None, run_after=None
[2022-10-18 21:35:41,852] {logging_mixin.py:115} INFO - [2022-10-18 21:35:41,849] {dag.py:2927} INFO - Setting next_dagrun for example_xcom_args_with_operators to None, run_after=None
[2022-10-18 21:35:42,060] {processor.py:161} INFO - Processing /home/airflow/.local/lib/python3.9/site-packages/airflow/example_dags/example_xcomargs.py took 1.686 seconds
[2022-10-18 21:36:12,573] {processor.py:153} INFO - Started process (PID=1982) to work on /home/airflow/.local/lib/python3.9/site-packages/airflow/example_dags/example_xcomargs.py
[2022-10-18 21:36:12,583] {processor.py:641} INFO - Processing file /home/airflow/.local/lib/python3.9/site-packages/airflow/example_dags/example_xcomargs.py for tasks to queue
[2022-10-18 21:36:12,591] {logging_mixin.py:115} INFO - [2022-10-18 21:36:12,587] {dagbag.py:507} INFO - Filling up the DagBag from /home/airflow/.local/lib/python3.9/site-packages/airflow/example_dags/example_xcomargs.py
[2022-10-18 21:36:13,113] {processor.py:651} INFO - DAG(s) dict_keys(['example_xcom_args', 'example_xcom_args_with_operators']) retrieved from /home/airflow/.local/lib/python3.9/site-packages/airflow/example_dags/example_xcomargs.py
[2022-10-18 21:36:13,541] {logging_mixin.py:115} INFO - [2022-10-18 21:36:13,540] {dag.py:2379} INFO - Sync 2 DAGs
[2022-10-18 21:36:14,099] {logging_mixin.py:115} INFO - [2022-10-18 21:36:14,084] {dag.py:2927} INFO - Setting next_dagrun for example_xcom_args to None, run_after=None
[2022-10-18 21:36:14,121] {logging_mixin.py:115} INFO - [2022-10-18 21:36:14,108] {dag.py:2927} INFO - Setting next_dagrun for example_xcom_args_with_operators to None, run_after=None
[2022-10-18 21:36:14,357] {processor.py:161} INFO - Processing /home/airflow/.local/lib/python3.9/site-packages/airflow/example_dags/example_xcomargs.py took 1.830 seconds
[2022-10-18 21:36:45,669] {processor.py:153} INFO - Started process (PID=2078) to work on /home/airflow/.local/lib/python3.9/site-packages/airflow/example_dags/example_xcomargs.py
[2022-10-18 21:36:45,681] {processor.py:641} INFO - Processing file /home/airflow/.local/lib/python3.9/site-packages/airflow/example_dags/example_xcomargs.py for tasks to queue
[2022-10-18 21:36:45,684] {logging_mixin.py:115} INFO - [2022-10-18 21:36:45,684] {dagbag.py:507} INFO - Filling up the DagBag from /home/airflow/.local/lib/python3.9/site-packages/airflow/example_dags/example_xcomargs.py
[2022-10-18 21:36:46,051] {processor.py:651} INFO - DAG(s) dict_keys(['example_xcom_args', 'example_xcom_args_with_operators']) retrieved from /home/airflow/.local/lib/python3.9/site-packages/airflow/example_dags/example_xcomargs.py
[2022-10-18 21:36:46,704] {logging_mixin.py:115} INFO - [2022-10-18 21:36:46,704] {dag.py:2379} INFO - Sync 2 DAGs
[2022-10-18 21:36:46,954] {logging_mixin.py:115} INFO - [2022-10-18 21:36:46,954] {dag.py:2927} INFO - Setting next_dagrun for example_xcom_args to None, run_after=None
[2022-10-18 21:36:46,974] {logging_mixin.py:115} INFO - [2022-10-18 21:36:46,973] {dag.py:2927} INFO - Setting next_dagrun for example_xcom_args_with_operators to None, run_after=None
[2022-10-18 21:36:47,232] {processor.py:161} INFO - Processing /home/airflow/.local/lib/python3.9/site-packages/airflow/example_dags/example_xcomargs.py took 1.592 seconds
[2022-10-18 21:37:17,764] {processor.py:153} INFO - Started process (PID=2162) to work on /home/airflow/.local/lib/python3.9/site-packages/airflow/example_dags/example_xcomargs.py
[2022-10-18 21:37:17,777] {processor.py:641} INFO - Processing file /home/airflow/.local/lib/python3.9/site-packages/airflow/example_dags/example_xcomargs.py for tasks to queue
[2022-10-18 21:37:17,781] {logging_mixin.py:115} INFO - [2022-10-18 21:37:17,780] {dagbag.py:507} INFO - Filling up the DagBag from /home/airflow/.local/lib/python3.9/site-packages/airflow/example_dags/example_xcomargs.py
[2022-10-18 21:37:18,059] {processor.py:651} INFO - DAG(s) dict_keys(['example_xcom_args', 'example_xcom_args_with_operators']) retrieved from /home/airflow/.local/lib/python3.9/site-packages/airflow/example_dags/example_xcomargs.py
[2022-10-18 21:37:18,307] {logging_mixin.py:115} INFO - [2022-10-18 21:37:18,307] {dag.py:2379} INFO - Sync 2 DAGs
[2022-10-18 21:37:18,567] {logging_mixin.py:115} INFO - [2022-10-18 21:37:18,566] {dag.py:2927} INFO - Setting next_dagrun for example_xcom_args to None, run_after=None
[2022-10-18 21:37:18,587] {logging_mixin.py:115} INFO - [2022-10-18 21:37:18,574] {dag.py:2927} INFO - Setting next_dagrun for example_xcom_args_with_operators to None, run_after=None
[2022-10-18 21:37:18,696] {processor.py:161} INFO - Processing /home/airflow/.local/lib/python3.9/site-packages/airflow/example_dags/example_xcomargs.py took 0.955 seconds
[2022-10-18 21:37:49,637] {processor.py:153} INFO - Started process (PID=2257) to work on /home/airflow/.local/lib/python3.9/site-packages/airflow/example_dags/example_xcomargs.py
[2022-10-18 21:37:49,641] {processor.py:641} INFO - Processing file /home/airflow/.local/lib/python3.9/site-packages/airflow/example_dags/example_xcomargs.py for tasks to queue
[2022-10-18 21:37:49,652] {logging_mixin.py:115} INFO - [2022-10-18 21:37:49,652] {dagbag.py:507} INFO - Filling up the DagBag from /home/airflow/.local/lib/python3.9/site-packages/airflow/example_dags/example_xcomargs.py
[2022-10-18 21:37:50,041] {processor.py:651} INFO - DAG(s) dict_keys(['example_xcom_args', 'example_xcom_args_with_operators']) retrieved from /home/airflow/.local/lib/python3.9/site-packages/airflow/example_dags/example_xcomargs.py
[2022-10-18 21:37:50,453] {logging_mixin.py:115} INFO - [2022-10-18 21:37:50,452] {dag.py:2379} INFO - Sync 2 DAGs
[2022-10-18 21:37:50,821] {logging_mixin.py:115} INFO - [2022-10-18 21:37:50,821] {dag.py:2927} INFO - Setting next_dagrun for example_xcom_args to None, run_after=None
[2022-10-18 21:37:50,834] {logging_mixin.py:115} INFO - [2022-10-18 21:37:50,833] {dag.py:2927} INFO - Setting next_dagrun for example_xcom_args_with_operators to None, run_after=None
[2022-10-18 21:37:50,995] {processor.py:161} INFO - Processing /home/airflow/.local/lib/python3.9/site-packages/airflow/example_dags/example_xcomargs.py took 1.386 seconds
[2022-10-18 21:38:21,471] {processor.py:153} INFO - Started process (PID=2345) to work on /home/airflow/.local/lib/python3.9/site-packages/airflow/example_dags/example_xcomargs.py
[2022-10-18 21:38:21,473] {processor.py:641} INFO - Processing file /home/airflow/.local/lib/python3.9/site-packages/airflow/example_dags/example_xcomargs.py for tasks to queue
[2022-10-18 21:38:21,479] {logging_mixin.py:115} INFO - [2022-10-18 21:38:21,478] {dagbag.py:507} INFO - Filling up the DagBag from /home/airflow/.local/lib/python3.9/site-packages/airflow/example_dags/example_xcomargs.py
[2022-10-18 21:38:21,656] {processor.py:651} INFO - DAG(s) dict_keys(['example_xcom_args', 'example_xcom_args_with_operators']) retrieved from /home/airflow/.local/lib/python3.9/site-packages/airflow/example_dags/example_xcomargs.py
[2022-10-18 21:38:21,763] {logging_mixin.py:115} INFO - [2022-10-18 21:38:21,762] {dag.py:2379} INFO - Sync 2 DAGs
[2022-10-18 21:38:21,955] {logging_mixin.py:115} INFO - [2022-10-18 21:38:21,954] {dag.py:2927} INFO - Setting next_dagrun for example_xcom_args to None, run_after=None
[2022-10-18 21:38:21,964] {logging_mixin.py:115} INFO - [2022-10-18 21:38:21,963] {dag.py:2927} INFO - Setting next_dagrun for example_xcom_args_with_operators to None, run_after=None
[2022-10-18 21:38:22,076] {processor.py:161} INFO - Processing /home/airflow/.local/lib/python3.9/site-packages/airflow/example_dags/example_xcomargs.py took 0.625 seconds
[2022-10-18 21:38:53,051] {processor.py:153} INFO - Started process (PID=2435) to work on /home/airflow/.local/lib/python3.9/site-packages/airflow/example_dags/example_xcomargs.py
[2022-10-18 21:38:53,056] {processor.py:641} INFO - Processing file /home/airflow/.local/lib/python3.9/site-packages/airflow/example_dags/example_xcomargs.py for tasks to queue
[2022-10-18 21:38:53,066] {logging_mixin.py:115} INFO - [2022-10-18 21:38:53,066] {dagbag.py:507} INFO - Filling up the DagBag from /home/airflow/.local/lib/python3.9/site-packages/airflow/example_dags/example_xcomargs.py
[2022-10-18 21:38:53,349] {processor.py:651} INFO - DAG(s) dict_keys(['example_xcom_args', 'example_xcom_args_with_operators']) retrieved from /home/airflow/.local/lib/python3.9/site-packages/airflow/example_dags/example_xcomargs.py
[2022-10-18 21:38:53,577] {logging_mixin.py:115} INFO - [2022-10-18 21:38:53,575] {dag.py:2379} INFO - Sync 2 DAGs
[2022-10-18 21:38:53,788] {logging_mixin.py:115} INFO - [2022-10-18 21:38:53,787] {dag.py:2927} INFO - Setting next_dagrun for example_xcom_args to None, run_after=None
[2022-10-18 21:38:53,795] {logging_mixin.py:115} INFO - [2022-10-18 21:38:53,795] {dag.py:2927} INFO - Setting next_dagrun for example_xcom_args_with_operators to None, run_after=None
[2022-10-18 21:38:53,911] {processor.py:161} INFO - Processing /home/airflow/.local/lib/python3.9/site-packages/airflow/example_dags/example_xcomargs.py took 0.873 seconds
[2022-10-18 21:39:24,540] {processor.py:153} INFO - Started process (PID=2531) to work on /home/airflow/.local/lib/python3.9/site-packages/airflow/example_dags/example_xcomargs.py
[2022-10-18 21:39:24,556] {processor.py:641} INFO - Processing file /home/airflow/.local/lib/python3.9/site-packages/airflow/example_dags/example_xcomargs.py for tasks to queue
[2022-10-18 21:39:24,561] {logging_mixin.py:115} INFO - [2022-10-18 21:39:24,560] {dagbag.py:507} INFO - Filling up the DagBag from /home/airflow/.local/lib/python3.9/site-packages/airflow/example_dags/example_xcomargs.py
[2022-10-18 21:39:24,919] {processor.py:651} INFO - DAG(s) dict_keys(['example_xcom_args', 'example_xcom_args_with_operators']) retrieved from /home/airflow/.local/lib/python3.9/site-packages/airflow/example_dags/example_xcomargs.py
[2022-10-18 21:39:25,129] {logging_mixin.py:115} INFO - [2022-10-18 21:39:25,129] {dag.py:2379} INFO - Sync 2 DAGs
[2022-10-18 21:39:25,392] {logging_mixin.py:115} INFO - [2022-10-18 21:39:25,392] {dag.py:2927} INFO - Setting next_dagrun for example_xcom_args to None, run_after=None
[2022-10-18 21:39:25,400] {logging_mixin.py:115} INFO - [2022-10-18 21:39:25,399] {dag.py:2927} INFO - Setting next_dagrun for example_xcom_args_with_operators to None, run_after=None
[2022-10-18 21:39:25,527] {processor.py:161} INFO - Processing /home/airflow/.local/lib/python3.9/site-packages/airflow/example_dags/example_xcomargs.py took 1.013 seconds
[2022-10-18 21:39:55,955] {processor.py:153} INFO - Started process (PID=2613) to work on /home/airflow/.local/lib/python3.9/site-packages/airflow/example_dags/example_xcomargs.py
[2022-10-18 21:39:55,963] {processor.py:641} INFO - Processing file /home/airflow/.local/lib/python3.9/site-packages/airflow/example_dags/example_xcomargs.py for tasks to queue
[2022-10-18 21:39:55,970] {logging_mixin.py:115} INFO - [2022-10-18 21:39:55,970] {dagbag.py:507} INFO - Filling up the DagBag from /home/airflow/.local/lib/python3.9/site-packages/airflow/example_dags/example_xcomargs.py
[2022-10-18 21:39:56,224] {processor.py:651} INFO - DAG(s) dict_keys(['example_xcom_args', 'example_xcom_args_with_operators']) retrieved from /home/airflow/.local/lib/python3.9/site-packages/airflow/example_dags/example_xcomargs.py
[2022-10-18 21:39:56,423] {logging_mixin.py:115} INFO - [2022-10-18 21:39:56,422] {dag.py:2379} INFO - Sync 2 DAGs
[2022-10-18 21:39:56,591] {logging_mixin.py:115} INFO - [2022-10-18 21:39:56,591] {dag.py:2927} INFO - Setting next_dagrun for example_xcom_args to None, run_after=None
[2022-10-18 21:39:56,595] {logging_mixin.py:115} INFO - [2022-10-18 21:39:56,595] {dag.py:2927} INFO - Setting next_dagrun for example_xcom_args_with_operators to None, run_after=None
[2022-10-18 21:39:56,679] {processor.py:161} INFO - Processing /home/airflow/.local/lib/python3.9/site-packages/airflow/example_dags/example_xcomargs.py took 0.748 seconds
[2022-10-18 21:40:27,217] {processor.py:153} INFO - Started process (PID=2709) to work on /home/airflow/.local/lib/python3.9/site-packages/airflow/example_dags/example_xcomargs.py
[2022-10-18 21:40:27,223] {processor.py:641} INFO - Processing file /home/airflow/.local/lib/python3.9/site-packages/airflow/example_dags/example_xcomargs.py for tasks to queue
[2022-10-18 21:40:27,227] {logging_mixin.py:115} INFO - [2022-10-18 21:40:27,226] {dagbag.py:507} INFO - Filling up the DagBag from /home/airflow/.local/lib/python3.9/site-packages/airflow/example_dags/example_xcomargs.py
[2022-10-18 21:40:27,452] {processor.py:651} INFO - DAG(s) dict_keys(['example_xcom_args', 'example_xcom_args_with_operators']) retrieved from /home/airflow/.local/lib/python3.9/site-packages/airflow/example_dags/example_xcomargs.py
[2022-10-18 21:40:28,300] {logging_mixin.py:115} INFO - [2022-10-18 21:40:28,299] {dag.py:2379} INFO - Sync 2 DAGs
[2022-10-18 21:40:28,610] {logging_mixin.py:115} INFO - [2022-10-18 21:40:28,610] {dag.py:2927} INFO - Setting next_dagrun for example_xcom_args to None, run_after=None
[2022-10-18 21:40:28,617] {logging_mixin.py:115} INFO - [2022-10-18 21:40:28,616] {dag.py:2927} INFO - Setting next_dagrun for example_xcom_args_with_operators to None, run_after=None
[2022-10-18 21:40:28,801] {processor.py:161} INFO - Processing /home/airflow/.local/lib/python3.9/site-packages/airflow/example_dags/example_xcomargs.py took 1.596 seconds
[2022-10-18 21:40:59,010] {processor.py:153} INFO - Started process (PID=2796) to work on /home/airflow/.local/lib/python3.9/site-packages/airflow/example_dags/example_xcomargs.py
[2022-10-18 21:40:59,021] {processor.py:641} INFO - Processing file /home/airflow/.local/lib/python3.9/site-packages/airflow/example_dags/example_xcomargs.py for tasks to queue
[2022-10-18 21:40:59,027] {logging_mixin.py:115} INFO - [2022-10-18 21:40:59,026] {dagbag.py:507} INFO - Filling up the DagBag from /home/airflow/.local/lib/python3.9/site-packages/airflow/example_dags/example_xcomargs.py
[2022-10-18 21:40:59,297] {processor.py:651} INFO - DAG(s) dict_keys(['example_xcom_args', 'example_xcom_args_with_operators']) retrieved from /home/airflow/.local/lib/python3.9/site-packages/airflow/example_dags/example_xcomargs.py
[2022-10-18 21:40:59,522] {logging_mixin.py:115} INFO - [2022-10-18 21:40:59,522] {dag.py:2379} INFO - Sync 2 DAGs
[2022-10-18 21:40:59,811] {logging_mixin.py:115} INFO - [2022-10-18 21:40:59,811] {dag.py:2927} INFO - Setting next_dagrun for example_xcom_args to None, run_after=None
[2022-10-18 21:40:59,820] {logging_mixin.py:115} INFO - [2022-10-18 21:40:59,819] {dag.py:2927} INFO - Setting next_dagrun for example_xcom_args_with_operators to None, run_after=None
[2022-10-18 21:40:59,974] {processor.py:161} INFO - Processing /home/airflow/.local/lib/python3.9/site-packages/airflow/example_dags/example_xcomargs.py took 0.978 seconds
[2022-10-18 21:41:30,418] {processor.py:153} INFO - Started process (PID=2890) to work on /home/airflow/.local/lib/python3.9/site-packages/airflow/example_dags/example_xcomargs.py
[2022-10-18 21:41:30,422] {processor.py:641} INFO - Processing file /home/airflow/.local/lib/python3.9/site-packages/airflow/example_dags/example_xcomargs.py for tasks to queue
[2022-10-18 21:41:30,427] {logging_mixin.py:115} INFO - [2022-10-18 21:41:30,427] {dagbag.py:507} INFO - Filling up the DagBag from /home/airflow/.local/lib/python3.9/site-packages/airflow/example_dags/example_xcomargs.py
[2022-10-18 21:41:30,599] {processor.py:651} INFO - DAG(s) dict_keys(['example_xcom_args', 'example_xcom_args_with_operators']) retrieved from /home/airflow/.local/lib/python3.9/site-packages/airflow/example_dags/example_xcomargs.py
[2022-10-18 21:41:30,761] {logging_mixin.py:115} INFO - [2022-10-18 21:41:30,761] {dag.py:2379} INFO - Sync 2 DAGs
[2022-10-18 21:41:31,030] {logging_mixin.py:115} INFO - [2022-10-18 21:41:31,024] {dag.py:2927} INFO - Setting next_dagrun for example_xcom_args to None, run_after=None
[2022-10-18 21:41:31,037] {logging_mixin.py:115} INFO - [2022-10-18 21:41:31,035] {dag.py:2927} INFO - Setting next_dagrun for example_xcom_args_with_operators to None, run_after=None
[2022-10-18 21:41:31,145] {processor.py:161} INFO - Processing /home/airflow/.local/lib/python3.9/site-packages/airflow/example_dags/example_xcomargs.py took 0.745 seconds
[2022-10-18 21:42:01,288] {processor.py:153} INFO - Started process (PID=2974) to work on /home/airflow/.local/lib/python3.9/site-packages/airflow/example_dags/example_xcomargs.py
[2022-10-18 21:42:01,291] {processor.py:641} INFO - Processing file /home/airflow/.local/lib/python3.9/site-packages/airflow/example_dags/example_xcomargs.py for tasks to queue
[2022-10-18 21:42:01,297] {logging_mixin.py:115} INFO - [2022-10-18 21:42:01,297] {dagbag.py:507} INFO - Filling up the DagBag from /home/airflow/.local/lib/python3.9/site-packages/airflow/example_dags/example_xcomargs.py
[2022-10-18 21:42:01,450] {processor.py:651} INFO - DAG(s) dict_keys(['example_xcom_args', 'example_xcom_args_with_operators']) retrieved from /home/airflow/.local/lib/python3.9/site-packages/airflow/example_dags/example_xcomargs.py
[2022-10-18 21:42:01,542] {logging_mixin.py:115} INFO - [2022-10-18 21:42:01,541] {dag.py:2379} INFO - Sync 2 DAGs
[2022-10-18 21:42:01,667] {logging_mixin.py:115} INFO - [2022-10-18 21:42:01,666] {dag.py:2927} INFO - Setting next_dagrun for example_xcom_args to None, run_after=None
[2022-10-18 21:42:01,677] {logging_mixin.py:115} INFO - [2022-10-18 21:42:01,675] {dag.py:2927} INFO - Setting next_dagrun for example_xcom_args_with_operators to None, run_after=None
[2022-10-18 21:42:01,754] {processor.py:161} INFO - Processing /home/airflow/.local/lib/python3.9/site-packages/airflow/example_dags/example_xcomargs.py took 0.485 seconds
[2022-10-18 21:42:32,315] {processor.py:153} INFO - Started process (PID=3065) to work on /home/airflow/.local/lib/python3.9/site-packages/airflow/example_dags/example_xcomargs.py
[2022-10-18 21:42:32,325] {processor.py:641} INFO - Processing file /home/airflow/.local/lib/python3.9/site-packages/airflow/example_dags/example_xcomargs.py for tasks to queue
[2022-10-18 21:42:32,329] {logging_mixin.py:115} INFO - [2022-10-18 21:42:32,328] {dagbag.py:507} INFO - Filling up the DagBag from /home/airflow/.local/lib/python3.9/site-packages/airflow/example_dags/example_xcomargs.py
[2022-10-18 21:42:32,670] {processor.py:651} INFO - DAG(s) dict_keys(['example_xcom_args', 'example_xcom_args_with_operators']) retrieved from /home/airflow/.local/lib/python3.9/site-packages/airflow/example_dags/example_xcomargs.py
[2022-10-18 21:42:32,985] {logging_mixin.py:115} INFO - [2022-10-18 21:42:32,983] {dag.py:2379} INFO - Sync 2 DAGs
[2022-10-18 21:42:33,245] {logging_mixin.py:115} INFO - [2022-10-18 21:42:33,245] {dag.py:2927} INFO - Setting next_dagrun for example_xcom_args to None, run_after=None
[2022-10-18 21:42:33,252] {logging_mixin.py:115} INFO - [2022-10-18 21:42:33,251] {dag.py:2927} INFO - Setting next_dagrun for example_xcom_args_with_operators to None, run_after=None
[2022-10-18 21:42:33,330] {processor.py:161} INFO - Processing /home/airflow/.local/lib/python3.9/site-packages/airflow/example_dags/example_xcomargs.py took 1.039 seconds
[2022-10-18 21:43:03,732] {processor.py:153} INFO - Started process (PID=3162) to work on /home/airflow/.local/lib/python3.9/site-packages/airflow/example_dags/example_xcomargs.py
[2022-10-18 21:43:03,737] {processor.py:641} INFO - Processing file /home/airflow/.local/lib/python3.9/site-packages/airflow/example_dags/example_xcomargs.py for tasks to queue
[2022-10-18 21:43:03,740] {logging_mixin.py:115} INFO - [2022-10-18 21:43:03,740] {dagbag.py:507} INFO - Filling up the DagBag from /home/airflow/.local/lib/python3.9/site-packages/airflow/example_dags/example_xcomargs.py
[2022-10-18 21:43:04,031] {processor.py:651} INFO - DAG(s) dict_keys(['example_xcom_args', 'example_xcom_args_with_operators']) retrieved from /home/airflow/.local/lib/python3.9/site-packages/airflow/example_dags/example_xcomargs.py
[2022-10-18 21:43:04,231] {logging_mixin.py:115} INFO - [2022-10-18 21:43:04,230] {dag.py:2379} INFO - Sync 2 DAGs
[2022-10-18 21:43:04,615] {logging_mixin.py:115} INFO - [2022-10-18 21:43:04,615] {dag.py:2927} INFO - Setting next_dagrun for example_xcom_args to None, run_after=None
[2022-10-18 21:43:04,630] {logging_mixin.py:115} INFO - [2022-10-18 21:43:04,629] {dag.py:2927} INFO - Setting next_dagrun for example_xcom_args_with_operators to None, run_after=None
[2022-10-18 21:43:04,769] {processor.py:161} INFO - Processing /home/airflow/.local/lib/python3.9/site-packages/airflow/example_dags/example_xcomargs.py took 1.066 seconds
[2022-10-18 21:43:34,933] {processor.py:153} INFO - Started process (PID=3248) to work on /home/airflow/.local/lib/python3.9/site-packages/airflow/example_dags/example_xcomargs.py
[2022-10-18 21:43:34,947] {processor.py:641} INFO - Processing file /home/airflow/.local/lib/python3.9/site-packages/airflow/example_dags/example_xcomargs.py for tasks to queue
[2022-10-18 21:43:34,951] {logging_mixin.py:115} INFO - [2022-10-18 21:43:34,950] {dagbag.py:507} INFO - Filling up the DagBag from /home/airflow/.local/lib/python3.9/site-packages/airflow/example_dags/example_xcomargs.py
[2022-10-18 21:43:35,148] {processor.py:651} INFO - DAG(s) dict_keys(['example_xcom_args', 'example_xcom_args_with_operators']) retrieved from /home/airflow/.local/lib/python3.9/site-packages/airflow/example_dags/example_xcomargs.py
[2022-10-18 21:43:35,353] {logging_mixin.py:115} INFO - [2022-10-18 21:43:35,352] {dag.py:2379} INFO - Sync 2 DAGs
[2022-10-18 21:43:35,517] {logging_mixin.py:115} INFO - [2022-10-18 21:43:35,517] {dag.py:2927} INFO - Setting next_dagrun for example_xcom_args to None, run_after=None
[2022-10-18 21:43:35,522] {logging_mixin.py:115} INFO - [2022-10-18 21:43:35,521] {dag.py:2927} INFO - Setting next_dagrun for example_xcom_args_with_operators to None, run_after=None
[2022-10-18 21:43:35,599] {processor.py:161} INFO - Processing /home/airflow/.local/lib/python3.9/site-packages/airflow/example_dags/example_xcomargs.py took 0.674 seconds
[2022-10-18 21:44:05,930] {processor.py:153} INFO - Started process (PID=3337) to work on /home/airflow/.local/lib/python3.9/site-packages/airflow/example_dags/example_xcomargs.py
[2022-10-18 21:44:05,935] {processor.py:641} INFO - Processing file /home/airflow/.local/lib/python3.9/site-packages/airflow/example_dags/example_xcomargs.py for tasks to queue
[2022-10-18 21:44:05,941] {logging_mixin.py:115} INFO - [2022-10-18 21:44:05,940] {dagbag.py:507} INFO - Filling up the DagBag from /home/airflow/.local/lib/python3.9/site-packages/airflow/example_dags/example_xcomargs.py
[2022-10-18 21:44:06,262] {processor.py:651} INFO - DAG(s) dict_keys(['example_xcom_args', 'example_xcom_args_with_operators']) retrieved from /home/airflow/.local/lib/python3.9/site-packages/airflow/example_dags/example_xcomargs.py
[2022-10-18 21:44:06,601] {logging_mixin.py:115} INFO - [2022-10-18 21:44:06,601] {dag.py:2379} INFO - Sync 2 DAGs
[2022-10-18 21:44:06,970] {logging_mixin.py:115} INFO - [2022-10-18 21:44:06,970] {dag.py:2927} INFO - Setting next_dagrun for example_xcom_args to None, run_after=None
[2022-10-18 21:44:06,979] {logging_mixin.py:115} INFO - [2022-10-18 21:44:06,977] {dag.py:2927} INFO - Setting next_dagrun for example_xcom_args_with_operators to None, run_after=None
[2022-10-18 21:44:07,126] {processor.py:161} INFO - Processing /home/airflow/.local/lib/python3.9/site-packages/airflow/example_dags/example_xcomargs.py took 1.230 seconds
[2022-10-18 21:44:37,490] {processor.py:153} INFO - Started process (PID=3421) to work on /home/airflow/.local/lib/python3.9/site-packages/airflow/example_dags/example_xcomargs.py
[2022-10-18 21:44:37,496] {processor.py:641} INFO - Processing file /home/airflow/.local/lib/python3.9/site-packages/airflow/example_dags/example_xcomargs.py for tasks to queue
[2022-10-18 21:44:37,503] {logging_mixin.py:115} INFO - [2022-10-18 21:44:37,503] {dagbag.py:507} INFO - Filling up the DagBag from /home/airflow/.local/lib/python3.9/site-packages/airflow/example_dags/example_xcomargs.py
[2022-10-18 21:44:37,877] {processor.py:651} INFO - DAG(s) dict_keys(['example_xcom_args', 'example_xcom_args_with_operators']) retrieved from /home/airflow/.local/lib/python3.9/site-packages/airflow/example_dags/example_xcomargs.py
[2022-10-18 21:44:38,238] {logging_mixin.py:115} INFO - [2022-10-18 21:44:38,237] {dag.py:2379} INFO - Sync 2 DAGs
[2022-10-18 21:44:38,625] {logging_mixin.py:115} INFO - [2022-10-18 21:44:38,615] {dag.py:2927} INFO - Setting next_dagrun for example_xcom_args to None, run_after=None
[2022-10-18 21:44:38,634] {logging_mixin.py:115} INFO - [2022-10-18 21:44:38,634] {dag.py:2927} INFO - Setting next_dagrun for example_xcom_args_with_operators to None, run_after=None
[2022-10-18 21:44:38,845] {processor.py:161} INFO - Processing /home/airflow/.local/lib/python3.9/site-packages/airflow/example_dags/example_xcomargs.py took 1.389 seconds
[2022-10-18 21:45:09,311] {processor.py:153} INFO - Started process (PID=3513) to work on /home/airflow/.local/lib/python3.9/site-packages/airflow/example_dags/example_xcomargs.py
[2022-10-18 21:45:09,316] {processor.py:641} INFO - Processing file /home/airflow/.local/lib/python3.9/site-packages/airflow/example_dags/example_xcomargs.py for tasks to queue
[2022-10-18 21:45:09,336] {logging_mixin.py:115} INFO - [2022-10-18 21:45:09,328] {dagbag.py:507} INFO - Filling up the DagBag from /home/airflow/.local/lib/python3.9/site-packages/airflow/example_dags/example_xcomargs.py
[2022-10-18 21:45:09,892] {processor.py:651} INFO - DAG(s) dict_keys(['example_xcom_args', 'example_xcom_args_with_operators']) retrieved from /home/airflow/.local/lib/python3.9/site-packages/airflow/example_dags/example_xcomargs.py
[2022-10-18 21:45:10,279] {logging_mixin.py:115} INFO - [2022-10-18 21:45:10,279] {dag.py:2379} INFO - Sync 2 DAGs
[2022-10-18 21:45:10,649] {logging_mixin.py:115} INFO - [2022-10-18 21:45:10,641] {dag.py:2927} INFO - Setting next_dagrun for example_xcom_args to None, run_after=None
[2022-10-18 21:45:10,655] {logging_mixin.py:115} INFO - [2022-10-18 21:45:10,654] {dag.py:2927} INFO - Setting next_dagrun for example_xcom_args_with_operators to None, run_after=None
[2022-10-18 21:45:10,934] {processor.py:161} INFO - Processing /home/airflow/.local/lib/python3.9/site-packages/airflow/example_dags/example_xcomargs.py took 1.659 seconds
[2022-10-18 21:45:42,208] {processor.py:153} INFO - Started process (PID=3600) to work on /home/airflow/.local/lib/python3.9/site-packages/airflow/example_dags/example_xcomargs.py
[2022-10-18 21:45:42,260] {processor.py:641} INFO - Processing file /home/airflow/.local/lib/python3.9/site-packages/airflow/example_dags/example_xcomargs.py for tasks to queue
[2022-10-18 21:45:42,288] {logging_mixin.py:115} INFO - [2022-10-18 21:45:42,267] {dagbag.py:507} INFO - Filling up the DagBag from /home/airflow/.local/lib/python3.9/site-packages/airflow/example_dags/example_xcomargs.py
[2022-10-18 21:45:43,129] {processor.py:651} INFO - DAG(s) dict_keys(['example_xcom_args', 'example_xcom_args_with_operators']) retrieved from /home/airflow/.local/lib/python3.9/site-packages/airflow/example_dags/example_xcomargs.py
[2022-10-18 21:45:45,049] {logging_mixin.py:115} INFO - [2022-10-18 21:45:45,048] {dag.py:2379} INFO - Sync 2 DAGs
[2022-10-18 21:45:45,513] {logging_mixin.py:115} INFO - [2022-10-18 21:45:45,512] {dag.py:2927} INFO - Setting next_dagrun for example_xcom_args to None, run_after=None
[2022-10-18 21:45:45,520] {logging_mixin.py:115} INFO - [2022-10-18 21:45:45,518] {dag.py:2927} INFO - Setting next_dagrun for example_xcom_args_with_operators to None, run_after=None
[2022-10-18 21:45:45,753] {processor.py:161} INFO - Processing /home/airflow/.local/lib/python3.9/site-packages/airflow/example_dags/example_xcomargs.py took 3.595 seconds
[2022-10-18 21:46:21,736] {processor.py:153} INFO - Started process (PID=3696) to work on /home/airflow/.local/lib/python3.9/site-packages/airflow/example_dags/example_xcomargs.py
[2022-10-18 21:46:21,745] {processor.py:641} INFO - Processing file /home/airflow/.local/lib/python3.9/site-packages/airflow/example_dags/example_xcomargs.py for tasks to queue
[2022-10-18 21:46:21,758] {logging_mixin.py:115} INFO - [2022-10-18 21:46:21,758] {dagbag.py:507} INFO - Filling up the DagBag from /home/airflow/.local/lib/python3.9/site-packages/airflow/example_dags/example_xcomargs.py
[2022-10-18 21:46:22,413] {processor.py:651} INFO - DAG(s) dict_keys(['example_xcom_args', 'example_xcom_args_with_operators']) retrieved from /home/airflow/.local/lib/python3.9/site-packages/airflow/example_dags/example_xcomargs.py
[2022-10-18 21:46:23,178] {logging_mixin.py:115} INFO - [2022-10-18 21:46:23,178] {dag.py:2379} INFO - Sync 2 DAGs
[2022-10-18 21:46:23,800] {logging_mixin.py:115} INFO - [2022-10-18 21:46:23,800] {dag.py:2927} INFO - Setting next_dagrun for example_xcom_args to None, run_after=None
[2022-10-18 21:46:23,834] {logging_mixin.py:115} INFO - [2022-10-18 21:46:23,825] {dag.py:2927} INFO - Setting next_dagrun for example_xcom_args_with_operators to None, run_after=None
[2022-10-18 21:46:24,168] {processor.py:161} INFO - Processing /home/airflow/.local/lib/python3.9/site-packages/airflow/example_dags/example_xcomargs.py took 2.477 seconds
[2022-10-18 21:47:11,520] {processor.py:153} INFO - Started process (PID=3809) to work on /home/airflow/.local/lib/python3.9/site-packages/airflow/example_dags/example_xcomargs.py
[2022-10-18 21:47:11,531] {processor.py:641} INFO - Processing file /home/airflow/.local/lib/python3.9/site-packages/airflow/example_dags/example_xcomargs.py for tasks to queue
[2022-10-18 21:47:11,538] {logging_mixin.py:115} INFO - [2022-10-18 21:47:11,533] {dagbag.py:507} INFO - Filling up the DagBag from /home/airflow/.local/lib/python3.9/site-packages/airflow/example_dags/example_xcomargs.py
[2022-10-18 21:47:12,451] {processor.py:651} INFO - DAG(s) dict_keys(['example_xcom_args', 'example_xcom_args_with_operators']) retrieved from /home/airflow/.local/lib/python3.9/site-packages/airflow/example_dags/example_xcomargs.py
[2022-10-18 21:47:13,375] {logging_mixin.py:115} INFO - [2022-10-18 21:47:13,374] {dag.py:2379} INFO - Sync 2 DAGs
[2022-10-18 21:47:14,063] {logging_mixin.py:115} INFO - [2022-10-18 21:47:14,063] {dag.py:2927} INFO - Setting next_dagrun for example_xcom_args to None, run_after=None
[2022-10-18 21:47:14,084] {logging_mixin.py:115} INFO - [2022-10-18 21:47:14,084] {dag.py:2927} INFO - Setting next_dagrun for example_xcom_args_with_operators to None, run_after=None
[2022-10-18 21:47:14,438] {processor.py:161} INFO - Processing /home/airflow/.local/lib/python3.9/site-packages/airflow/example_dags/example_xcomargs.py took 2.947 seconds
