[2022-10-18 21:13:37,181] {processor.py:153} INFO - Started process (PID=268) to work on /home/airflow/.local/lib/python3.9/site-packages/airflow/example_dags/example_branch_python_dop_operator_3.py
[2022-10-18 21:13:37,200] {processor.py:641} INFO - Processing file /home/airflow/.local/lib/python3.9/site-packages/airflow/example_dags/example_branch_python_dop_operator_3.py for tasks to queue
[2022-10-18 21:13:37,204] {logging_mixin.py:115} INFO - [2022-10-18 21:13:37,203] {dagbag.py:507} INFO - Filling up the DagBag from /home/airflow/.local/lib/python3.9/site-packages/airflow/example_dags/example_branch_python_dop_operator_3.py
[2022-10-18 21:13:37,436] {processor.py:651} INFO - DAG(s) dict_keys(['example_branch_dop_operator_v3']) retrieved from /home/airflow/.local/lib/python3.9/site-packages/airflow/example_dags/example_branch_python_dop_operator_3.py
[2022-10-18 21:13:37,889] {logging_mixin.py:115} INFO - [2022-10-18 21:13:37,888] {dag.py:2379} INFO - Sync 1 DAGs
[2022-10-18 21:13:38,492] {logging_mixin.py:115} INFO - [2022-10-18 21:13:38,478] {dag.py:2927} INFO - Setting next_dagrun for example_branch_dop_operator_v3 to 2022-10-18T21:12:00+00:00, run_after=2022-10-18T21:13:00+00:00
[2022-10-18 21:13:38,667] {processor.py:161} INFO - Processing /home/airflow/.local/lib/python3.9/site-packages/airflow/example_dags/example_branch_python_dop_operator_3.py took 1.527 seconds
[2022-10-18 21:14:10,158] {processor.py:153} INFO - Started process (PID=363) to work on /home/airflow/.local/lib/python3.9/site-packages/airflow/example_dags/example_branch_python_dop_operator_3.py
[2022-10-18 21:14:10,162] {processor.py:641} INFO - Processing file /home/airflow/.local/lib/python3.9/site-packages/airflow/example_dags/example_branch_python_dop_operator_3.py for tasks to queue
[2022-10-18 21:14:10,166] {logging_mixin.py:115} INFO - [2022-10-18 21:14:10,166] {dagbag.py:507} INFO - Filling up the DagBag from /home/airflow/.local/lib/python3.9/site-packages/airflow/example_dags/example_branch_python_dop_operator_3.py
[2022-10-18 21:14:10,373] {processor.py:651} INFO - DAG(s) dict_keys(['example_branch_dop_operator_v3']) retrieved from /home/airflow/.local/lib/python3.9/site-packages/airflow/example_dags/example_branch_python_dop_operator_3.py
[2022-10-18 21:14:10,905] {logging_mixin.py:115} INFO - [2022-10-18 21:14:10,904] {dag.py:2379} INFO - Sync 1 DAGs
[2022-10-18 21:14:11,769] {logging_mixin.py:115} INFO - [2022-10-18 21:14:11,755] {dag.py:2927} INFO - Setting next_dagrun for example_branch_dop_operator_v3 to 2022-10-18T21:13:00+00:00, run_after=2022-10-18T21:14:00+00:00
[2022-10-18 21:14:11,973] {processor.py:161} INFO - Processing /home/airflow/.local/lib/python3.9/site-packages/airflow/example_dags/example_branch_python_dop_operator_3.py took 1.863 seconds
[2022-10-18 21:14:42,957] {processor.py:153} INFO - Started process (PID=445) to work on /home/airflow/.local/lib/python3.9/site-packages/airflow/example_dags/example_branch_python_dop_operator_3.py
[2022-10-18 21:14:42,963] {processor.py:641} INFO - Processing file /home/airflow/.local/lib/python3.9/site-packages/airflow/example_dags/example_branch_python_dop_operator_3.py for tasks to queue
[2022-10-18 21:14:42,972] {logging_mixin.py:115} INFO - [2022-10-18 21:14:42,971] {dagbag.py:507} INFO - Filling up the DagBag from /home/airflow/.local/lib/python3.9/site-packages/airflow/example_dags/example_branch_python_dop_operator_3.py
[2022-10-18 21:14:43,127] {processor.py:651} INFO - DAG(s) dict_keys(['example_branch_dop_operator_v3']) retrieved from /home/airflow/.local/lib/python3.9/site-packages/airflow/example_dags/example_branch_python_dop_operator_3.py
[2022-10-18 21:14:43,524] {logging_mixin.py:115} INFO - [2022-10-18 21:14:43,524] {dag.py:2379} INFO - Sync 1 DAGs
[2022-10-18 21:14:44,210] {logging_mixin.py:115} INFO - [2022-10-18 21:14:44,209] {dag.py:2927} INFO - Setting next_dagrun for example_branch_dop_operator_v3 to 2022-10-18T21:13:00+00:00, run_after=2022-10-18T21:14:00+00:00
[2022-10-18 21:14:44,379] {processor.py:161} INFO - Processing /home/airflow/.local/lib/python3.9/site-packages/airflow/example_dags/example_branch_python_dop_operator_3.py took 1.448 seconds
[2022-10-18 21:15:15,462] {processor.py:153} INFO - Started process (PID=540) to work on /home/airflow/.local/lib/python3.9/site-packages/airflow/example_dags/example_branch_python_dop_operator_3.py
[2022-10-18 21:15:15,483] {processor.py:641} INFO - Processing file /home/airflow/.local/lib/python3.9/site-packages/airflow/example_dags/example_branch_python_dop_operator_3.py for tasks to queue
[2022-10-18 21:15:15,492] {logging_mixin.py:115} INFO - [2022-10-18 21:15:15,491] {dagbag.py:507} INFO - Filling up the DagBag from /home/airflow/.local/lib/python3.9/site-packages/airflow/example_dags/example_branch_python_dop_operator_3.py
[2022-10-18 21:15:15,752] {processor.py:651} INFO - DAG(s) dict_keys(['example_branch_dop_operator_v3']) retrieved from /home/airflow/.local/lib/python3.9/site-packages/airflow/example_dags/example_branch_python_dop_operator_3.py
[2022-10-18 21:15:16,111] {logging_mixin.py:115} INFO - [2022-10-18 21:15:16,110] {dag.py:2379} INFO - Sync 1 DAGs
[2022-10-18 21:15:16,577] {logging_mixin.py:115} INFO - [2022-10-18 21:15:16,577] {dag.py:2927} INFO - Setting next_dagrun for example_branch_dop_operator_v3 to 2022-10-18T21:14:00+00:00, run_after=2022-10-18T21:15:00+00:00
[2022-10-18 21:15:16,743] {processor.py:161} INFO - Processing /home/airflow/.local/lib/python3.9/site-packages/airflow/example_dags/example_branch_python_dop_operator_3.py took 1.321 seconds
[2022-10-18 21:15:47,128] {processor.py:153} INFO - Started process (PID=626) to work on /home/airflow/.local/lib/python3.9/site-packages/airflow/example_dags/example_branch_python_dop_operator_3.py
[2022-10-18 21:15:47,145] {processor.py:641} INFO - Processing file /home/airflow/.local/lib/python3.9/site-packages/airflow/example_dags/example_branch_python_dop_operator_3.py for tasks to queue
[2022-10-18 21:15:47,152] {logging_mixin.py:115} INFO - [2022-10-18 21:15:47,149] {dagbag.py:507} INFO - Filling up the DagBag from /home/airflow/.local/lib/python3.9/site-packages/airflow/example_dags/example_branch_python_dop_operator_3.py
[2022-10-18 21:15:47,311] {processor.py:651} INFO - DAG(s) dict_keys(['example_branch_dop_operator_v3']) retrieved from /home/airflow/.local/lib/python3.9/site-packages/airflow/example_dags/example_branch_python_dop_operator_3.py
[2022-10-18 21:15:47,605] {logging_mixin.py:115} INFO - [2022-10-18 21:15:47,604] {dag.py:2379} INFO - Sync 1 DAGs
[2022-10-18 21:15:48,209] {logging_mixin.py:115} INFO - [2022-10-18 21:15:48,208] {dag.py:2927} INFO - Setting next_dagrun for example_branch_dop_operator_v3 to 2022-10-18T21:14:00+00:00, run_after=2022-10-18T21:15:00+00:00
[2022-10-18 21:15:48,348] {processor.py:161} INFO - Processing /home/airflow/.local/lib/python3.9/site-packages/airflow/example_dags/example_branch_python_dop_operator_3.py took 1.225 seconds
[2022-10-18 21:16:18,811] {processor.py:153} INFO - Started process (PID=722) to work on /home/airflow/.local/lib/python3.9/site-packages/airflow/example_dags/example_branch_python_dop_operator_3.py
[2022-10-18 21:16:18,826] {processor.py:641} INFO - Processing file /home/airflow/.local/lib/python3.9/site-packages/airflow/example_dags/example_branch_python_dop_operator_3.py for tasks to queue
[2022-10-18 21:16:18,839] {logging_mixin.py:115} INFO - [2022-10-18 21:16:18,838] {dagbag.py:507} INFO - Filling up the DagBag from /home/airflow/.local/lib/python3.9/site-packages/airflow/example_dags/example_branch_python_dop_operator_3.py
[2022-10-18 21:16:19,040] {processor.py:651} INFO - DAG(s) dict_keys(['example_branch_dop_operator_v3']) retrieved from /home/airflow/.local/lib/python3.9/site-packages/airflow/example_dags/example_branch_python_dop_operator_3.py
[2022-10-18 21:16:19,275] {logging_mixin.py:115} INFO - [2022-10-18 21:16:19,275] {dag.py:2379} INFO - Sync 1 DAGs
[2022-10-18 21:16:19,734] {logging_mixin.py:115} INFO - [2022-10-18 21:16:19,733] {dag.py:2927} INFO - Setting next_dagrun for example_branch_dop_operator_v3 to 2022-10-18T21:15:00+00:00, run_after=2022-10-18T21:16:00+00:00
[2022-10-18 21:16:19,831] {processor.py:161} INFO - Processing /home/airflow/.local/lib/python3.9/site-packages/airflow/example_dags/example_branch_python_dop_operator_3.py took 1.029 seconds
[2022-10-18 21:16:50,042] {processor.py:153} INFO - Started process (PID=808) to work on /home/airflow/.local/lib/python3.9/site-packages/airflow/example_dags/example_branch_python_dop_operator_3.py
[2022-10-18 21:16:50,046] {processor.py:641} INFO - Processing file /home/airflow/.local/lib/python3.9/site-packages/airflow/example_dags/example_branch_python_dop_operator_3.py for tasks to queue
[2022-10-18 21:16:50,054] {logging_mixin.py:115} INFO - [2022-10-18 21:16:50,052] {dagbag.py:507} INFO - Filling up the DagBag from /home/airflow/.local/lib/python3.9/site-packages/airflow/example_dags/example_branch_python_dop_operator_3.py
[2022-10-18 21:16:50,263] {processor.py:651} INFO - DAG(s) dict_keys(['example_branch_dop_operator_v3']) retrieved from /home/airflow/.local/lib/python3.9/site-packages/airflow/example_dags/example_branch_python_dop_operator_3.py
[2022-10-18 21:16:50,381] {logging_mixin.py:115} INFO - [2022-10-18 21:16:50,380] {dag.py:2379} INFO - Sync 1 DAGs
[2022-10-18 21:16:50,852] {logging_mixin.py:115} INFO - [2022-10-18 21:16:50,852] {dag.py:2927} INFO - Setting next_dagrun for example_branch_dop_operator_v3 to 2022-10-18T21:15:00+00:00, run_after=2022-10-18T21:16:00+00:00
[2022-10-18 21:16:51,041] {processor.py:161} INFO - Processing /home/airflow/.local/lib/python3.9/site-packages/airflow/example_dags/example_branch_python_dop_operator_3.py took 1.021 seconds
[2022-10-18 21:17:22,062] {processor.py:153} INFO - Started process (PID=896) to work on /home/airflow/.local/lib/python3.9/site-packages/airflow/example_dags/example_branch_python_dop_operator_3.py
[2022-10-18 21:17:22,065] {processor.py:641} INFO - Processing file /home/airflow/.local/lib/python3.9/site-packages/airflow/example_dags/example_branch_python_dop_operator_3.py for tasks to queue
[2022-10-18 21:17:22,069] {logging_mixin.py:115} INFO - [2022-10-18 21:17:22,069] {dagbag.py:507} INFO - Filling up the DagBag from /home/airflow/.local/lib/python3.9/site-packages/airflow/example_dags/example_branch_python_dop_operator_3.py
[2022-10-18 21:17:22,217] {processor.py:651} INFO - DAG(s) dict_keys(['example_branch_dop_operator_v3']) retrieved from /home/airflow/.local/lib/python3.9/site-packages/airflow/example_dags/example_branch_python_dop_operator_3.py
[2022-10-18 21:17:22,451] {logging_mixin.py:115} INFO - [2022-10-18 21:17:22,448] {dag.py:2379} INFO - Sync 1 DAGs
[2022-10-18 21:17:22,830] {logging_mixin.py:115} INFO - [2022-10-18 21:17:22,829] {dag.py:2927} INFO - Setting next_dagrun for example_branch_dop_operator_v3 to 2022-10-18T21:16:00+00:00, run_after=2022-10-18T21:17:00+00:00
[2022-10-18 21:17:22,966] {processor.py:161} INFO - Processing /home/airflow/.local/lib/python3.9/site-packages/airflow/example_dags/example_branch_python_dop_operator_3.py took 0.947 seconds
[2022-10-18 21:17:54,043] {processor.py:153} INFO - Started process (PID=992) to work on /home/airflow/.local/lib/python3.9/site-packages/airflow/example_dags/example_branch_python_dop_operator_3.py
[2022-10-18 21:17:54,052] {processor.py:641} INFO - Processing file /home/airflow/.local/lib/python3.9/site-packages/airflow/example_dags/example_branch_python_dop_operator_3.py for tasks to queue
[2022-10-18 21:17:54,057] {logging_mixin.py:115} INFO - [2022-10-18 21:17:54,056] {dagbag.py:507} INFO - Filling up the DagBag from /home/airflow/.local/lib/python3.9/site-packages/airflow/example_dags/example_branch_python_dop_operator_3.py
[2022-10-18 21:17:54,175] {processor.py:651} INFO - DAG(s) dict_keys(['example_branch_dop_operator_v3']) retrieved from /home/airflow/.local/lib/python3.9/site-packages/airflow/example_dags/example_branch_python_dop_operator_3.py
[2022-10-18 21:17:54,403] {logging_mixin.py:115} INFO - [2022-10-18 21:17:54,402] {dag.py:2379} INFO - Sync 1 DAGs
[2022-10-18 21:17:54,970] {logging_mixin.py:115} INFO - [2022-10-18 21:17:54,969] {dag.py:2927} INFO - Setting next_dagrun for example_branch_dop_operator_v3 to 2022-10-18T21:16:00+00:00, run_after=2022-10-18T21:17:00+00:00
[2022-10-18 21:17:55,133] {processor.py:161} INFO - Processing /home/airflow/.local/lib/python3.9/site-packages/airflow/example_dags/example_branch_python_dop_operator_3.py took 1.106 seconds
[2022-10-18 21:18:25,866] {processor.py:153} INFO - Started process (PID=1074) to work on /home/airflow/.local/lib/python3.9/site-packages/airflow/example_dags/example_branch_python_dop_operator_3.py
[2022-10-18 21:18:25,871] {processor.py:641} INFO - Processing file /home/airflow/.local/lib/python3.9/site-packages/airflow/example_dags/example_branch_python_dop_operator_3.py for tasks to queue
[2022-10-18 21:18:25,879] {logging_mixin.py:115} INFO - [2022-10-18 21:18:25,879] {dagbag.py:507} INFO - Filling up the DagBag from /home/airflow/.local/lib/python3.9/site-packages/airflow/example_dags/example_branch_python_dop_operator_3.py
[2022-10-18 21:18:26,016] {processor.py:651} INFO - DAG(s) dict_keys(['example_branch_dop_operator_v3']) retrieved from /home/airflow/.local/lib/python3.9/site-packages/airflow/example_dags/example_branch_python_dop_operator_3.py
[2022-10-18 21:18:26,386] {logging_mixin.py:115} INFO - [2022-10-18 21:18:26,386] {dag.py:2379} INFO - Sync 1 DAGs
[2022-10-18 21:18:26,935] {logging_mixin.py:115} INFO - [2022-10-18 21:18:26,934] {dag.py:2927} INFO - Setting next_dagrun for example_branch_dop_operator_v3 to 2022-10-18T21:17:00+00:00, run_after=2022-10-18T21:18:00+00:00
[2022-10-18 21:18:26,976] {processor.py:161} INFO - Processing /home/airflow/.local/lib/python3.9/site-packages/airflow/example_dags/example_branch_python_dop_operator_3.py took 1.137 seconds
[2022-10-18 21:18:58,103] {processor.py:153} INFO - Started process (PID=1169) to work on /home/airflow/.local/lib/python3.9/site-packages/airflow/example_dags/example_branch_python_dop_operator_3.py
[2022-10-18 21:18:58,113] {processor.py:641} INFO - Processing file /home/airflow/.local/lib/python3.9/site-packages/airflow/example_dags/example_branch_python_dop_operator_3.py for tasks to queue
[2022-10-18 21:18:58,119] {logging_mixin.py:115} INFO - [2022-10-18 21:18:58,118] {dagbag.py:507} INFO - Filling up the DagBag from /home/airflow/.local/lib/python3.9/site-packages/airflow/example_dags/example_branch_python_dop_operator_3.py
[2022-10-18 21:18:58,275] {processor.py:651} INFO - DAG(s) dict_keys(['example_branch_dop_operator_v3']) retrieved from /home/airflow/.local/lib/python3.9/site-packages/airflow/example_dags/example_branch_python_dop_operator_3.py
[2022-10-18 21:18:58,620] {logging_mixin.py:115} INFO - [2022-10-18 21:18:58,620] {dag.py:2379} INFO - Sync 1 DAGs
[2022-10-18 21:18:59,079] {logging_mixin.py:115} INFO - [2022-10-18 21:18:59,078] {dag.py:2927} INFO - Setting next_dagrun for example_branch_dop_operator_v3 to 2022-10-18T21:17:00+00:00, run_after=2022-10-18T21:18:00+00:00
[2022-10-18 21:18:59,168] {processor.py:161} INFO - Processing /home/airflow/.local/lib/python3.9/site-packages/airflow/example_dags/example_branch_python_dop_operator_3.py took 1.086 seconds
[2022-10-18 21:19:30,337] {processor.py:153} INFO - Started process (PID=1267) to work on /home/airflow/.local/lib/python3.9/site-packages/airflow/example_dags/example_branch_python_dop_operator_3.py
[2022-10-18 21:19:30,343] {processor.py:641} INFO - Processing file /home/airflow/.local/lib/python3.9/site-packages/airflow/example_dags/example_branch_python_dop_operator_3.py for tasks to queue
[2022-10-18 21:19:30,356] {logging_mixin.py:115} INFO - [2022-10-18 21:19:30,355] {dagbag.py:507} INFO - Filling up the DagBag from /home/airflow/.local/lib/python3.9/site-packages/airflow/example_dags/example_branch_python_dop_operator_3.py
[2022-10-18 21:19:30,526] {processor.py:651} INFO - DAG(s) dict_keys(['example_branch_dop_operator_v3']) retrieved from /home/airflow/.local/lib/python3.9/site-packages/airflow/example_dags/example_branch_python_dop_operator_3.py
[2022-10-18 21:19:30,782] {logging_mixin.py:115} INFO - [2022-10-18 21:19:30,781] {dag.py:2379} INFO - Sync 1 DAGs
[2022-10-18 21:19:31,312] {logging_mixin.py:115} INFO - [2022-10-18 21:19:31,311] {dag.py:2927} INFO - Setting next_dagrun for example_branch_dop_operator_v3 to 2022-10-18T21:18:00+00:00, run_after=2022-10-18T21:19:00+00:00
[2022-10-18 21:19:31,473] {processor.py:161} INFO - Processing /home/airflow/.local/lib/python3.9/site-packages/airflow/example_dags/example_branch_python_dop_operator_3.py took 1.167 seconds
[2022-10-18 21:20:02,541] {processor.py:153} INFO - Started process (PID=1348) to work on /home/airflow/.local/lib/python3.9/site-packages/airflow/example_dags/example_branch_python_dop_operator_3.py
[2022-10-18 21:20:02,551] {processor.py:641} INFO - Processing file /home/airflow/.local/lib/python3.9/site-packages/airflow/example_dags/example_branch_python_dop_operator_3.py for tasks to queue
[2022-10-18 21:20:02,556] {logging_mixin.py:115} INFO - [2022-10-18 21:20:02,556] {dagbag.py:507} INFO - Filling up the DagBag from /home/airflow/.local/lib/python3.9/site-packages/airflow/example_dags/example_branch_python_dop_operator_3.py
[2022-10-18 21:20:02,694] {processor.py:651} INFO - DAG(s) dict_keys(['example_branch_dop_operator_v3']) retrieved from /home/airflow/.local/lib/python3.9/site-packages/airflow/example_dags/example_branch_python_dop_operator_3.py
[2022-10-18 21:20:02,909] {logging_mixin.py:115} INFO - [2022-10-18 21:20:02,909] {dag.py:2379} INFO - Sync 1 DAGs
[2022-10-18 21:20:03,447] {logging_mixin.py:115} INFO - [2022-10-18 21:20:03,446] {dag.py:2927} INFO - Setting next_dagrun for example_branch_dop_operator_v3 to 2022-10-18T21:19:00+00:00, run_after=2022-10-18T21:20:00+00:00
[2022-10-18 21:20:03,560] {processor.py:161} INFO - Processing /home/airflow/.local/lib/python3.9/site-packages/airflow/example_dags/example_branch_python_dop_operator_3.py took 1.037 seconds
[2022-10-18 21:20:33,886] {processor.py:153} INFO - Started process (PID=1444) to work on /home/airflow/.local/lib/python3.9/site-packages/airflow/example_dags/example_branch_python_dop_operator_3.py
[2022-10-18 21:20:33,892] {processor.py:641} INFO - Processing file /home/airflow/.local/lib/python3.9/site-packages/airflow/example_dags/example_branch_python_dop_operator_3.py for tasks to queue
[2022-10-18 21:20:33,899] {logging_mixin.py:115} INFO - [2022-10-18 21:20:33,899] {dagbag.py:507} INFO - Filling up the DagBag from /home/airflow/.local/lib/python3.9/site-packages/airflow/example_dags/example_branch_python_dop_operator_3.py
[2022-10-18 21:20:34,035] {processor.py:651} INFO - DAG(s) dict_keys(['example_branch_dop_operator_v3']) retrieved from /home/airflow/.local/lib/python3.9/site-packages/airflow/example_dags/example_branch_python_dop_operator_3.py
[2022-10-18 21:20:34,235] {logging_mixin.py:115} INFO - [2022-10-18 21:20:34,235] {dag.py:2379} INFO - Sync 1 DAGs
[2022-10-18 21:20:34,584] {logging_mixin.py:115} INFO - [2022-10-18 21:20:34,583] {dag.py:2927} INFO - Setting next_dagrun for example_branch_dop_operator_v3 to 2022-10-18T21:19:00+00:00, run_after=2022-10-18T21:20:00+00:00
[2022-10-18 21:20:34,732] {processor.py:161} INFO - Processing /home/airflow/.local/lib/python3.9/site-packages/airflow/example_dags/example_branch_python_dop_operator_3.py took 0.874 seconds
[2022-10-18 21:21:05,445] {processor.py:153} INFO - Started process (PID=1527) to work on /home/airflow/.local/lib/python3.9/site-packages/airflow/example_dags/example_branch_python_dop_operator_3.py
[2022-10-18 21:21:05,450] {processor.py:641} INFO - Processing file /home/airflow/.local/lib/python3.9/site-packages/airflow/example_dags/example_branch_python_dop_operator_3.py for tasks to queue
[2022-10-18 21:21:05,453] {logging_mixin.py:115} INFO - [2022-10-18 21:21:05,453] {dagbag.py:507} INFO - Filling up the DagBag from /home/airflow/.local/lib/python3.9/site-packages/airflow/example_dags/example_branch_python_dop_operator_3.py
[2022-10-18 21:21:05,561] {processor.py:651} INFO - DAG(s) dict_keys(['example_branch_dop_operator_v3']) retrieved from /home/airflow/.local/lib/python3.9/site-packages/airflow/example_dags/example_branch_python_dop_operator_3.py
[2022-10-18 21:21:05,732] {logging_mixin.py:115} INFO - [2022-10-18 21:21:05,732] {dag.py:2379} INFO - Sync 1 DAGs
[2022-10-18 21:21:06,027] {logging_mixin.py:115} INFO - [2022-10-18 21:21:06,026] {dag.py:2927} INFO - Setting next_dagrun for example_branch_dop_operator_v3 to 2022-10-18T21:20:00+00:00, run_after=2022-10-18T21:21:00+00:00
[2022-10-18 21:21:06,104] {processor.py:161} INFO - Processing /home/airflow/.local/lib/python3.9/site-packages/airflow/example_dags/example_branch_python_dop_operator_3.py took 0.678 seconds
[2022-10-18 21:21:36,322] {processor.py:153} INFO - Started process (PID=1618) to work on /home/airflow/.local/lib/python3.9/site-packages/airflow/example_dags/example_branch_python_dop_operator_3.py
[2022-10-18 21:21:36,325] {processor.py:641} INFO - Processing file /home/airflow/.local/lib/python3.9/site-packages/airflow/example_dags/example_branch_python_dop_operator_3.py for tasks to queue
[2022-10-18 21:21:36,330] {logging_mixin.py:115} INFO - [2022-10-18 21:21:36,329] {dagbag.py:507} INFO - Filling up the DagBag from /home/airflow/.local/lib/python3.9/site-packages/airflow/example_dags/example_branch_python_dop_operator_3.py
[2022-10-18 21:21:36,422] {processor.py:651} INFO - DAG(s) dict_keys(['example_branch_dop_operator_v3']) retrieved from /home/airflow/.local/lib/python3.9/site-packages/airflow/example_dags/example_branch_python_dop_operator_3.py
[2022-10-18 21:21:36,570] {logging_mixin.py:115} INFO - [2022-10-18 21:21:36,569] {dag.py:2379} INFO - Sync 1 DAGs
[2022-10-18 21:21:36,831] {logging_mixin.py:115} INFO - [2022-10-18 21:21:36,830] {dag.py:2927} INFO - Setting next_dagrun for example_branch_dop_operator_v3 to 2022-10-18T21:20:00+00:00, run_after=2022-10-18T21:21:00+00:00
[2022-10-18 21:21:36,900] {processor.py:161} INFO - Processing /home/airflow/.local/lib/python3.9/site-packages/airflow/example_dags/example_branch_python_dop_operator_3.py took 0.609 seconds
[2022-10-18 21:22:07,124] {processor.py:153} INFO - Started process (PID=1704) to work on /home/airflow/.local/lib/python3.9/site-packages/airflow/example_dags/example_branch_python_dop_operator_3.py
[2022-10-18 21:22:07,128] {processor.py:641} INFO - Processing file /home/airflow/.local/lib/python3.9/site-packages/airflow/example_dags/example_branch_python_dop_operator_3.py for tasks to queue
[2022-10-18 21:22:07,132] {logging_mixin.py:115} INFO - [2022-10-18 21:22:07,132] {dagbag.py:507} INFO - Filling up the DagBag from /home/airflow/.local/lib/python3.9/site-packages/airflow/example_dags/example_branch_python_dop_operator_3.py
[2022-10-18 21:22:07,243] {processor.py:651} INFO - DAG(s) dict_keys(['example_branch_dop_operator_v3']) retrieved from /home/airflow/.local/lib/python3.9/site-packages/airflow/example_dags/example_branch_python_dop_operator_3.py
[2022-10-18 21:22:07,401] {logging_mixin.py:115} INFO - [2022-10-18 21:22:07,400] {dag.py:2379} INFO - Sync 1 DAGs
[2022-10-18 21:22:07,609] {logging_mixin.py:115} INFO - [2022-10-18 21:22:07,608] {dag.py:2927} INFO - Setting next_dagrun for example_branch_dop_operator_v3 to 2022-10-18T21:21:00+00:00, run_after=2022-10-18T21:22:00+00:00
[2022-10-18 21:22:07,648] {processor.py:161} INFO - Processing /home/airflow/.local/lib/python3.9/site-packages/airflow/example_dags/example_branch_python_dop_operator_3.py took 0.543 seconds
[2022-10-18 21:22:38,098] {processor.py:153} INFO - Started process (PID=1796) to work on /home/airflow/.local/lib/python3.9/site-packages/airflow/example_dags/example_branch_python_dop_operator_3.py
[2022-10-18 21:22:38,104] {processor.py:641} INFO - Processing file /home/airflow/.local/lib/python3.9/site-packages/airflow/example_dags/example_branch_python_dop_operator_3.py for tasks to queue
[2022-10-18 21:22:38,107] {logging_mixin.py:115} INFO - [2022-10-18 21:22:38,106] {dagbag.py:507} INFO - Filling up the DagBag from /home/airflow/.local/lib/python3.9/site-packages/airflow/example_dags/example_branch_python_dop_operator_3.py
[2022-10-18 21:22:38,197] {processor.py:651} INFO - DAG(s) dict_keys(['example_branch_dop_operator_v3']) retrieved from /home/airflow/.local/lib/python3.9/site-packages/airflow/example_dags/example_branch_python_dop_operator_3.py
[2022-10-18 21:22:38,348] {logging_mixin.py:115} INFO - [2022-10-18 21:22:38,347] {dag.py:2379} INFO - Sync 1 DAGs
[2022-10-18 21:22:38,494] {logging_mixin.py:115} INFO - [2022-10-18 21:22:38,493] {dag.py:2927} INFO - Setting next_dagrun for example_branch_dop_operator_v3 to 2022-10-18T21:21:00+00:00, run_after=2022-10-18T21:22:00+00:00
[2022-10-18 21:22:38,568] {processor.py:161} INFO - Processing /home/airflow/.local/lib/python3.9/site-packages/airflow/example_dags/example_branch_python_dop_operator_3.py took 0.478 seconds
[2022-10-18 21:35:33,859] {processor.py:153} INFO - Started process (PID=1874) to work on /home/airflow/.local/lib/python3.9/site-packages/airflow/example_dags/example_branch_python_dop_operator_3.py
[2022-10-18 21:35:33,889] {processor.py:641} INFO - Processing file /home/airflow/.local/lib/python3.9/site-packages/airflow/example_dags/example_branch_python_dop_operator_3.py for tasks to queue
[2022-10-18 21:35:33,909] {logging_mixin.py:115} INFO - [2022-10-18 21:35:33,908] {dagbag.py:507} INFO - Filling up the DagBag from /home/airflow/.local/lib/python3.9/site-packages/airflow/example_dags/example_branch_python_dop_operator_3.py
[2022-10-18 21:35:34,359] {processor.py:651} INFO - DAG(s) dict_keys(['example_branch_dop_operator_v3']) retrieved from /home/airflow/.local/lib/python3.9/site-packages/airflow/example_dags/example_branch_python_dop_operator_3.py
[2022-10-18 21:35:35,037] {logging_mixin.py:115} INFO - [2022-10-18 21:35:35,036] {dag.py:2379} INFO - Sync 1 DAGs
[2022-10-18 21:35:36,165] {logging_mixin.py:115} INFO - [2022-10-18 21:35:36,154] {dag.py:2927} INFO - Setting next_dagrun for example_branch_dop_operator_v3 to 2022-10-18T21:34:00+00:00, run_after=2022-10-18T21:35:00+00:00
[2022-10-18 21:35:36,412] {processor.py:161} INFO - Processing /home/airflow/.local/lib/python3.9/site-packages/airflow/example_dags/example_branch_python_dop_operator_3.py took 2.657 seconds
[2022-10-18 21:36:07,133] {processor.py:153} INFO - Started process (PID=1970) to work on /home/airflow/.local/lib/python3.9/site-packages/airflow/example_dags/example_branch_python_dop_operator_3.py
[2022-10-18 21:36:07,150] {processor.py:641} INFO - Processing file /home/airflow/.local/lib/python3.9/site-packages/airflow/example_dags/example_branch_python_dop_operator_3.py for tasks to queue
[2022-10-18 21:36:07,157] {logging_mixin.py:115} INFO - [2022-10-18 21:36:07,157] {dagbag.py:507} INFO - Filling up the DagBag from /home/airflow/.local/lib/python3.9/site-packages/airflow/example_dags/example_branch_python_dop_operator_3.py
[2022-10-18 21:36:07,313] {processor.py:651} INFO - DAG(s) dict_keys(['example_branch_dop_operator_v3']) retrieved from /home/airflow/.local/lib/python3.9/site-packages/airflow/example_dags/example_branch_python_dop_operator_3.py
[2022-10-18 21:36:07,532] {logging_mixin.py:115} INFO - [2022-10-18 21:36:07,532] {dag.py:2379} INFO - Sync 1 DAGs
[2022-10-18 21:36:08,139] {logging_mixin.py:115} INFO - [2022-10-18 21:36:08,138] {dag.py:2927} INFO - Setting next_dagrun for example_branch_dop_operator_v3 to 2022-10-18T21:35:00+00:00, run_after=2022-10-18T21:36:00+00:00
[2022-10-18 21:36:08,275] {processor.py:161} INFO - Processing /home/airflow/.local/lib/python3.9/site-packages/airflow/example_dags/example_branch_python_dop_operator_3.py took 1.158 seconds
[2022-10-18 21:36:38,931] {processor.py:153} INFO - Started process (PID=2052) to work on /home/airflow/.local/lib/python3.9/site-packages/airflow/example_dags/example_branch_python_dop_operator_3.py
[2022-10-18 21:36:38,943] {processor.py:641} INFO - Processing file /home/airflow/.local/lib/python3.9/site-packages/airflow/example_dags/example_branch_python_dop_operator_3.py for tasks to queue
[2022-10-18 21:36:38,955] {logging_mixin.py:115} INFO - [2022-10-18 21:36:38,954] {dagbag.py:507} INFO - Filling up the DagBag from /home/airflow/.local/lib/python3.9/site-packages/airflow/example_dags/example_branch_python_dop_operator_3.py
[2022-10-18 21:36:39,068] {processor.py:651} INFO - DAG(s) dict_keys(['example_branch_dop_operator_v3']) retrieved from /home/airflow/.local/lib/python3.9/site-packages/airflow/example_dags/example_branch_python_dop_operator_3.py
[2022-10-18 21:36:39,323] {logging_mixin.py:115} INFO - [2022-10-18 21:36:39,322] {dag.py:2379} INFO - Sync 1 DAGs
[2022-10-18 21:36:39,641] {logging_mixin.py:115} INFO - [2022-10-18 21:36:39,640] {dag.py:2927} INFO - Setting next_dagrun for example_branch_dop_operator_v3 to 2022-10-18T21:35:00+00:00, run_after=2022-10-18T21:36:00+00:00
[2022-10-18 21:36:39,764] {processor.py:161} INFO - Processing /home/airflow/.local/lib/python3.9/site-packages/airflow/example_dags/example_branch_python_dop_operator_3.py took 0.845 seconds
[2022-10-18 21:37:09,870] {processor.py:153} INFO - Started process (PID=2148) to work on /home/airflow/.local/lib/python3.9/site-packages/airflow/example_dags/example_branch_python_dop_operator_3.py
[2022-10-18 21:37:09,881] {processor.py:641} INFO - Processing file /home/airflow/.local/lib/python3.9/site-packages/airflow/example_dags/example_branch_python_dop_operator_3.py for tasks to queue
[2022-10-18 21:37:09,885] {logging_mixin.py:115} INFO - [2022-10-18 21:37:09,885] {dagbag.py:507} INFO - Filling up the DagBag from /home/airflow/.local/lib/python3.9/site-packages/airflow/example_dags/example_branch_python_dop_operator_3.py
[2022-10-18 21:37:09,968] {processor.py:651} INFO - DAG(s) dict_keys(['example_branch_dop_operator_v3']) retrieved from /home/airflow/.local/lib/python3.9/site-packages/airflow/example_dags/example_branch_python_dop_operator_3.py
[2022-10-18 21:37:10,168] {logging_mixin.py:115} INFO - [2022-10-18 21:37:10,168] {dag.py:2379} INFO - Sync 1 DAGs
[2022-10-18 21:37:10,551] {logging_mixin.py:115} INFO - [2022-10-18 21:37:10,551] {dag.py:2927} INFO - Setting next_dagrun for example_branch_dop_operator_v3 to 2022-10-18T21:36:00+00:00, run_after=2022-10-18T21:37:00+00:00
[2022-10-18 21:37:10,630] {processor.py:161} INFO - Processing /home/airflow/.local/lib/python3.9/site-packages/airflow/example_dags/example_branch_python_dop_operator_3.py took 0.767 seconds
[2022-10-18 21:37:41,191] {processor.py:153} INFO - Started process (PID=2229) to work on /home/airflow/.local/lib/python3.9/site-packages/airflow/example_dags/example_branch_python_dop_operator_3.py
[2022-10-18 21:37:41,199] {processor.py:641} INFO - Processing file /home/airflow/.local/lib/python3.9/site-packages/airflow/example_dags/example_branch_python_dop_operator_3.py for tasks to queue
[2022-10-18 21:37:41,208] {logging_mixin.py:115} INFO - [2022-10-18 21:37:41,207] {dagbag.py:507} INFO - Filling up the DagBag from /home/airflow/.local/lib/python3.9/site-packages/airflow/example_dags/example_branch_python_dop_operator_3.py
[2022-10-18 21:37:41,349] {processor.py:651} INFO - DAG(s) dict_keys(['example_branch_dop_operator_v3']) retrieved from /home/airflow/.local/lib/python3.9/site-packages/airflow/example_dags/example_branch_python_dop_operator_3.py
[2022-10-18 21:37:41,596] {logging_mixin.py:115} INFO - [2022-10-18 21:37:41,596] {dag.py:2379} INFO - Sync 1 DAGs
[2022-10-18 21:37:41,870] {logging_mixin.py:115} INFO - [2022-10-18 21:37:41,868] {dag.py:2927} INFO - Setting next_dagrun for example_branch_dop_operator_v3 to 2022-10-18T21:36:00+00:00, run_after=2022-10-18T21:37:00+00:00
[2022-10-18 21:37:41,976] {processor.py:161} INFO - Processing /home/airflow/.local/lib/python3.9/site-packages/airflow/example_dags/example_branch_python_dop_operator_3.py took 0.807 seconds
[2022-10-18 21:38:12,296] {processor.py:153} INFO - Started process (PID=2325) to work on /home/airflow/.local/lib/python3.9/site-packages/airflow/example_dags/example_branch_python_dop_operator_3.py
[2022-10-18 21:38:12,300] {processor.py:641} INFO - Processing file /home/airflow/.local/lib/python3.9/site-packages/airflow/example_dags/example_branch_python_dop_operator_3.py for tasks to queue
[2022-10-18 21:38:12,305] {logging_mixin.py:115} INFO - [2022-10-18 21:38:12,304] {dagbag.py:507} INFO - Filling up the DagBag from /home/airflow/.local/lib/python3.9/site-packages/airflow/example_dags/example_branch_python_dop_operator_3.py
[2022-10-18 21:38:12,394] {processor.py:651} INFO - DAG(s) dict_keys(['example_branch_dop_operator_v3']) retrieved from /home/airflow/.local/lib/python3.9/site-packages/airflow/example_dags/example_branch_python_dop_operator_3.py
[2022-10-18 21:38:12,553] {logging_mixin.py:115} INFO - [2022-10-18 21:38:12,552] {dag.py:2379} INFO - Sync 1 DAGs
[2022-10-18 21:38:12,866] {logging_mixin.py:115} INFO - [2022-10-18 21:38:12,865] {dag.py:2927} INFO - Setting next_dagrun for example_branch_dop_operator_v3 to 2022-10-18T21:37:00+00:00, run_after=2022-10-18T21:38:00+00:00
[2022-10-18 21:38:12,999] {processor.py:161} INFO - Processing /home/airflow/.local/lib/python3.9/site-packages/airflow/example_dags/example_branch_python_dop_operator_3.py took 0.716 seconds
[2022-10-18 21:38:43,567] {processor.py:153} INFO - Started process (PID=2421) to work on /home/airflow/.local/lib/python3.9/site-packages/airflow/example_dags/example_branch_python_dop_operator_3.py
[2022-10-18 21:38:43,572] {processor.py:641} INFO - Processing file /home/airflow/.local/lib/python3.9/site-packages/airflow/example_dags/example_branch_python_dop_operator_3.py for tasks to queue
[2022-10-18 21:38:43,577] {logging_mixin.py:115} INFO - [2022-10-18 21:38:43,576] {dagbag.py:507} INFO - Filling up the DagBag from /home/airflow/.local/lib/python3.9/site-packages/airflow/example_dags/example_branch_python_dop_operator_3.py
[2022-10-18 21:38:43,718] {processor.py:651} INFO - DAG(s) dict_keys(['example_branch_dop_operator_v3']) retrieved from /home/airflow/.local/lib/python3.9/site-packages/airflow/example_dags/example_branch_python_dop_operator_3.py
[2022-10-18 21:38:43,921] {logging_mixin.py:115} INFO - [2022-10-18 21:38:43,921] {dag.py:2379} INFO - Sync 1 DAGs
[2022-10-18 21:38:44,210] {logging_mixin.py:115} INFO - [2022-10-18 21:38:44,210] {dag.py:2927} INFO - Setting next_dagrun for example_branch_dop_operator_v3 to 2022-10-18T21:37:00+00:00, run_after=2022-10-18T21:38:00+00:00
[2022-10-18 21:38:44,295] {processor.py:161} INFO - Processing /home/airflow/.local/lib/python3.9/site-packages/airflow/example_dags/example_branch_python_dop_operator_3.py took 0.741 seconds
[2022-10-18 21:39:15,711] {processor.py:153} INFO - Started process (PID=2503) to work on /home/airflow/.local/lib/python3.9/site-packages/airflow/example_dags/example_branch_python_dop_operator_3.py
[2022-10-18 21:39:15,721] {processor.py:641} INFO - Processing file /home/airflow/.local/lib/python3.9/site-packages/airflow/example_dags/example_branch_python_dop_operator_3.py for tasks to queue
[2022-10-18 21:39:15,742] {logging_mixin.py:115} INFO - [2022-10-18 21:39:15,741] {dagbag.py:507} INFO - Filling up the DagBag from /home/airflow/.local/lib/python3.9/site-packages/airflow/example_dags/example_branch_python_dop_operator_3.py
[2022-10-18 21:39:15,980] {processor.py:651} INFO - DAG(s) dict_keys(['example_branch_dop_operator_v3']) retrieved from /home/airflow/.local/lib/python3.9/site-packages/airflow/example_dags/example_branch_python_dop_operator_3.py
[2022-10-18 21:39:16,343] {logging_mixin.py:115} INFO - [2022-10-18 21:39:16,343] {dag.py:2379} INFO - Sync 1 DAGs
[2022-10-18 21:39:16,747] {logging_mixin.py:115} INFO - [2022-10-18 21:39:16,746] {dag.py:2927} INFO - Setting next_dagrun for example_branch_dop_operator_v3 to 2022-10-18T21:38:00+00:00, run_after=2022-10-18T21:39:00+00:00
[2022-10-18 21:39:16,843] {processor.py:161} INFO - Processing /home/airflow/.local/lib/python3.9/site-packages/airflow/example_dags/example_branch_python_dop_operator_3.py took 1.161 seconds
[2022-10-18 21:39:47,376] {processor.py:153} INFO - Started process (PID=2599) to work on /home/airflow/.local/lib/python3.9/site-packages/airflow/example_dags/example_branch_python_dop_operator_3.py
[2022-10-18 21:39:47,382] {processor.py:641} INFO - Processing file /home/airflow/.local/lib/python3.9/site-packages/airflow/example_dags/example_branch_python_dop_operator_3.py for tasks to queue
[2022-10-18 21:39:47,387] {logging_mixin.py:115} INFO - [2022-10-18 21:39:47,387] {dagbag.py:507} INFO - Filling up the DagBag from /home/airflow/.local/lib/python3.9/site-packages/airflow/example_dags/example_branch_python_dop_operator_3.py
[2022-10-18 21:39:47,491] {processor.py:651} INFO - DAG(s) dict_keys(['example_branch_dop_operator_v3']) retrieved from /home/airflow/.local/lib/python3.9/site-packages/airflow/example_dags/example_branch_python_dop_operator_3.py
[2022-10-18 21:39:47,680] {logging_mixin.py:115} INFO - [2022-10-18 21:39:47,680] {dag.py:2379} INFO - Sync 1 DAGs
[2022-10-18 21:39:48,031] {logging_mixin.py:115} INFO - [2022-10-18 21:39:48,031] {dag.py:2927} INFO - Setting next_dagrun for example_branch_dop_operator_v3 to 2022-10-18T21:38:00+00:00, run_after=2022-10-18T21:39:00+00:00
[2022-10-18 21:39:48,166] {processor.py:161} INFO - Processing /home/airflow/.local/lib/python3.9/site-packages/airflow/example_dags/example_branch_python_dop_operator_3.py took 0.811 seconds
[2022-10-18 21:40:18,383] {processor.py:153} INFO - Started process (PID=2685) to work on /home/airflow/.local/lib/python3.9/site-packages/airflow/example_dags/example_branch_python_dop_operator_3.py
[2022-10-18 21:40:18,386] {processor.py:641} INFO - Processing file /home/airflow/.local/lib/python3.9/site-packages/airflow/example_dags/example_branch_python_dop_operator_3.py for tasks to queue
[2022-10-18 21:40:18,391] {logging_mixin.py:115} INFO - [2022-10-18 21:40:18,390] {dagbag.py:507} INFO - Filling up the DagBag from /home/airflow/.local/lib/python3.9/site-packages/airflow/example_dags/example_branch_python_dop_operator_3.py
[2022-10-18 21:40:18,476] {processor.py:651} INFO - DAG(s) dict_keys(['example_branch_dop_operator_v3']) retrieved from /home/airflow/.local/lib/python3.9/site-packages/airflow/example_dags/example_branch_python_dop_operator_3.py
[2022-10-18 21:40:18,597] {logging_mixin.py:115} INFO - [2022-10-18 21:40:18,595] {dag.py:2379} INFO - Sync 1 DAGs
[2022-10-18 21:40:18,829] {logging_mixin.py:115} INFO - [2022-10-18 21:40:18,828] {dag.py:2927} INFO - Setting next_dagrun for example_branch_dop_operator_v3 to 2022-10-18T21:39:00+00:00, run_after=2022-10-18T21:40:00+00:00
[2022-10-18 21:40:18,926] {processor.py:161} INFO - Processing /home/airflow/.local/lib/python3.9/site-packages/airflow/example_dags/example_branch_python_dop_operator_3.py took 0.562 seconds
[2022-10-18 21:40:50,126] {processor.py:153} INFO - Started process (PID=2778) to work on /home/airflow/.local/lib/python3.9/site-packages/airflow/example_dags/example_branch_python_dop_operator_3.py
[2022-10-18 21:40:50,142] {processor.py:641} INFO - Processing file /home/airflow/.local/lib/python3.9/site-packages/airflow/example_dags/example_branch_python_dop_operator_3.py for tasks to queue
[2022-10-18 21:40:50,145] {logging_mixin.py:115} INFO - [2022-10-18 21:40:50,145] {dagbag.py:507} INFO - Filling up the DagBag from /home/airflow/.local/lib/python3.9/site-packages/airflow/example_dags/example_branch_python_dop_operator_3.py
[2022-10-18 21:40:50,237] {processor.py:651} INFO - DAG(s) dict_keys(['example_branch_dop_operator_v3']) retrieved from /home/airflow/.local/lib/python3.9/site-packages/airflow/example_dags/example_branch_python_dop_operator_3.py
[2022-10-18 21:40:50,503] {logging_mixin.py:115} INFO - [2022-10-18 21:40:50,503] {dag.py:2379} INFO - Sync 1 DAGs
[2022-10-18 21:40:51,068] {logging_mixin.py:115} INFO - [2022-10-18 21:40:51,067] {dag.py:2927} INFO - Setting next_dagrun for example_branch_dop_operator_v3 to 2022-10-18T21:39:00+00:00, run_after=2022-10-18T21:40:00+00:00
[2022-10-18 21:40:51,182] {processor.py:161} INFO - Processing /home/airflow/.local/lib/python3.9/site-packages/airflow/example_dags/example_branch_python_dop_operator_3.py took 1.086 seconds
[2022-10-18 21:41:21,847] {processor.py:153} INFO - Started process (PID=2864) to work on /home/airflow/.local/lib/python3.9/site-packages/airflow/example_dags/example_branch_python_dop_operator_3.py
[2022-10-18 21:41:21,856] {processor.py:641} INFO - Processing file /home/airflow/.local/lib/python3.9/site-packages/airflow/example_dags/example_branch_python_dop_operator_3.py for tasks to queue
[2022-10-18 21:41:21,867] {logging_mixin.py:115} INFO - [2022-10-18 21:41:21,865] {dagbag.py:507} INFO - Filling up the DagBag from /home/airflow/.local/lib/python3.9/site-packages/airflow/example_dags/example_branch_python_dop_operator_3.py
[2022-10-18 21:41:21,960] {processor.py:651} INFO - DAG(s) dict_keys(['example_branch_dop_operator_v3']) retrieved from /home/airflow/.local/lib/python3.9/site-packages/airflow/example_dags/example_branch_python_dop_operator_3.py
[2022-10-18 21:41:22,199] {logging_mixin.py:115} INFO - [2022-10-18 21:41:22,189] {dag.py:2379} INFO - Sync 1 DAGs
[2022-10-18 21:41:22,652] {logging_mixin.py:115} INFO - [2022-10-18 21:41:22,651] {dag.py:2927} INFO - Setting next_dagrun for example_branch_dop_operator_v3 to 2022-10-18T21:40:00+00:00, run_after=2022-10-18T21:41:00+00:00
[2022-10-18 21:41:22,762] {processor.py:161} INFO - Processing /home/airflow/.local/lib/python3.9/site-packages/airflow/example_dags/example_branch_python_dop_operator_3.py took 0.940 seconds
[2022-10-18 21:41:53,398] {processor.py:153} INFO - Started process (PID=2956) to work on /home/airflow/.local/lib/python3.9/site-packages/airflow/example_dags/example_branch_python_dop_operator_3.py
[2022-10-18 21:41:53,403] {processor.py:641} INFO - Processing file /home/airflow/.local/lib/python3.9/site-packages/airflow/example_dags/example_branch_python_dop_operator_3.py for tasks to queue
[2022-10-18 21:41:53,406] {logging_mixin.py:115} INFO - [2022-10-18 21:41:53,405] {dagbag.py:507} INFO - Filling up the DagBag from /home/airflow/.local/lib/python3.9/site-packages/airflow/example_dags/example_branch_python_dop_operator_3.py
[2022-10-18 21:41:53,518] {processor.py:651} INFO - DAG(s) dict_keys(['example_branch_dop_operator_v3']) retrieved from /home/airflow/.local/lib/python3.9/site-packages/airflow/example_dags/example_branch_python_dop_operator_3.py
[2022-10-18 21:41:53,857] {logging_mixin.py:115} INFO - [2022-10-18 21:41:53,856] {dag.py:2379} INFO - Sync 1 DAGs
[2022-10-18 21:41:54,282] {logging_mixin.py:115} INFO - [2022-10-18 21:41:54,282] {dag.py:2927} INFO - Setting next_dagrun for example_branch_dop_operator_v3 to 2022-10-18T21:40:00+00:00, run_after=2022-10-18T21:41:00+00:00
[2022-10-18 21:41:54,376] {processor.py:161} INFO - Processing /home/airflow/.local/lib/python3.9/site-packages/airflow/example_dags/example_branch_python_dop_operator_3.py took 0.996 seconds
[2022-10-18 21:42:24,644] {processor.py:153} INFO - Started process (PID=3051) to work on /home/airflow/.local/lib/python3.9/site-packages/airflow/example_dags/example_branch_python_dop_operator_3.py
[2022-10-18 21:42:24,648] {processor.py:641} INFO - Processing file /home/airflow/.local/lib/python3.9/site-packages/airflow/example_dags/example_branch_python_dop_operator_3.py for tasks to queue
[2022-10-18 21:42:24,652] {logging_mixin.py:115} INFO - [2022-10-18 21:42:24,652] {dagbag.py:507} INFO - Filling up the DagBag from /home/airflow/.local/lib/python3.9/site-packages/airflow/example_dags/example_branch_python_dop_operator_3.py
[2022-10-18 21:42:24,791] {processor.py:651} INFO - DAG(s) dict_keys(['example_branch_dop_operator_v3']) retrieved from /home/airflow/.local/lib/python3.9/site-packages/airflow/example_dags/example_branch_python_dop_operator_3.py
[2022-10-18 21:42:25,087] {logging_mixin.py:115} INFO - [2022-10-18 21:42:25,087] {dag.py:2379} INFO - Sync 1 DAGs
[2022-10-18 21:42:25,541] {logging_mixin.py:115} INFO - [2022-10-18 21:42:25,540] {dag.py:2927} INFO - Setting next_dagrun for example_branch_dop_operator_v3 to 2022-10-18T21:41:00+00:00, run_after=2022-10-18T21:42:00+00:00
[2022-10-18 21:42:25,669] {processor.py:161} INFO - Processing /home/airflow/.local/lib/python3.9/site-packages/airflow/example_dags/example_branch_python_dop_operator_3.py took 1.046 seconds
[2022-10-18 21:42:56,183] {processor.py:153} INFO - Started process (PID=3137) to work on /home/airflow/.local/lib/python3.9/site-packages/airflow/example_dags/example_branch_python_dop_operator_3.py
[2022-10-18 21:42:56,187] {processor.py:641} INFO - Processing file /home/airflow/.local/lib/python3.9/site-packages/airflow/example_dags/example_branch_python_dop_operator_3.py for tasks to queue
[2022-10-18 21:42:56,193] {logging_mixin.py:115} INFO - [2022-10-18 21:42:56,192] {dagbag.py:507} INFO - Filling up the DagBag from /home/airflow/.local/lib/python3.9/site-packages/airflow/example_dags/example_branch_python_dop_operator_3.py
[2022-10-18 21:42:56,302] {processor.py:651} INFO - DAG(s) dict_keys(['example_branch_dop_operator_v3']) retrieved from /home/airflow/.local/lib/python3.9/site-packages/airflow/example_dags/example_branch_python_dop_operator_3.py
[2022-10-18 21:42:56,503] {logging_mixin.py:115} INFO - [2022-10-18 21:42:56,503] {dag.py:2379} INFO - Sync 1 DAGs
[2022-10-18 21:42:56,850] {logging_mixin.py:115} INFO - [2022-10-18 21:42:56,850] {dag.py:2927} INFO - Setting next_dagrun for example_branch_dop_operator_v3 to 2022-10-18T21:41:00+00:00, run_after=2022-10-18T21:42:00+00:00
[2022-10-18 21:42:56,937] {processor.py:161} INFO - Processing /home/airflow/.local/lib/python3.9/site-packages/airflow/example_dags/example_branch_python_dop_operator_3.py took 0.782 seconds
[2022-10-18 21:43:27,399] {processor.py:153} INFO - Started process (PID=3230) to work on /home/airflow/.local/lib/python3.9/site-packages/airflow/example_dags/example_branch_python_dop_operator_3.py
[2022-10-18 21:43:27,405] {processor.py:641} INFO - Processing file /home/airflow/.local/lib/python3.9/site-packages/airflow/example_dags/example_branch_python_dop_operator_3.py for tasks to queue
[2022-10-18 21:43:27,411] {logging_mixin.py:115} INFO - [2022-10-18 21:43:27,410] {dagbag.py:507} INFO - Filling up the DagBag from /home/airflow/.local/lib/python3.9/site-packages/airflow/example_dags/example_branch_python_dop_operator_3.py
[2022-10-18 21:43:27,538] {processor.py:651} INFO - DAG(s) dict_keys(['example_branch_dop_operator_v3']) retrieved from /home/airflow/.local/lib/python3.9/site-packages/airflow/example_dags/example_branch_python_dop_operator_3.py
[2022-10-18 21:43:27,842] {logging_mixin.py:115} INFO - [2022-10-18 21:43:27,841] {dag.py:2379} INFO - Sync 1 DAGs
[2022-10-18 21:43:28,381] {logging_mixin.py:115} INFO - [2022-10-18 21:43:28,380] {dag.py:2927} INFO - Setting next_dagrun for example_branch_dop_operator_v3 to 2022-10-18T21:42:00+00:00, run_after=2022-10-18T21:43:00+00:00
[2022-10-18 21:43:28,531] {processor.py:161} INFO - Processing /home/airflow/.local/lib/python3.9/site-packages/airflow/example_dags/example_branch_python_dop_operator_3.py took 1.160 seconds
[2022-10-18 21:43:58,916] {processor.py:153} INFO - Started process (PID=3315) to work on /home/airflow/.local/lib/python3.9/site-packages/airflow/example_dags/example_branch_python_dop_operator_3.py
[2022-10-18 21:43:58,921] {processor.py:641} INFO - Processing file /home/airflow/.local/lib/python3.9/site-packages/airflow/example_dags/example_branch_python_dop_operator_3.py for tasks to queue
[2022-10-18 21:43:58,924] {logging_mixin.py:115} INFO - [2022-10-18 21:43:58,924] {dagbag.py:507} INFO - Filling up the DagBag from /home/airflow/.local/lib/python3.9/site-packages/airflow/example_dags/example_branch_python_dop_operator_3.py
[2022-10-18 21:43:59,044] {processor.py:651} INFO - DAG(s) dict_keys(['example_branch_dop_operator_v3']) retrieved from /home/airflow/.local/lib/python3.9/site-packages/airflow/example_dags/example_branch_python_dop_operator_3.py
[2022-10-18 21:43:59,232] {logging_mixin.py:115} INFO - [2022-10-18 21:43:59,232] {dag.py:2379} INFO - Sync 1 DAGs
[2022-10-18 21:43:59,794] {logging_mixin.py:115} INFO - [2022-10-18 21:43:59,780] {dag.py:2927} INFO - Setting next_dagrun for example_branch_dop_operator_v3 to 2022-10-18T21:42:00+00:00, run_after=2022-10-18T21:43:00+00:00
[2022-10-18 21:43:59,898] {processor.py:161} INFO - Processing /home/airflow/.local/lib/python3.9/site-packages/airflow/example_dags/example_branch_python_dop_operator_3.py took 0.995 seconds
[2022-10-18 21:44:30,162] {processor.py:153} INFO - Started process (PID=3407) to work on /home/airflow/.local/lib/python3.9/site-packages/airflow/example_dags/example_branch_python_dop_operator_3.py
[2022-10-18 21:44:30,171] {processor.py:641} INFO - Processing file /home/airflow/.local/lib/python3.9/site-packages/airflow/example_dags/example_branch_python_dop_operator_3.py for tasks to queue
[2022-10-18 21:44:30,180] {logging_mixin.py:115} INFO - [2022-10-18 21:44:30,180] {dagbag.py:507} INFO - Filling up the DagBag from /home/airflow/.local/lib/python3.9/site-packages/airflow/example_dags/example_branch_python_dop_operator_3.py
[2022-10-18 21:44:30,392] {processor.py:651} INFO - DAG(s) dict_keys(['example_branch_dop_operator_v3']) retrieved from /home/airflow/.local/lib/python3.9/site-packages/airflow/example_dags/example_branch_python_dop_operator_3.py
[2022-10-18 21:44:30,772] {logging_mixin.py:115} INFO - [2022-10-18 21:44:30,771] {dag.py:2379} INFO - Sync 1 DAGs
[2022-10-18 21:44:31,349] {logging_mixin.py:115} INFO - [2022-10-18 21:44:31,338] {dag.py:2927} INFO - Setting next_dagrun for example_branch_dop_operator_v3 to 2022-10-18T21:43:00+00:00, run_after=2022-10-18T21:44:00+00:00
[2022-10-18 21:44:31,607] {processor.py:161} INFO - Processing /home/airflow/.local/lib/python3.9/site-packages/airflow/example_dags/example_branch_python_dop_operator_3.py took 1.502 seconds
[2022-10-18 21:45:02,372] {processor.py:153} INFO - Started process (PID=3495) to work on /home/airflow/.local/lib/python3.9/site-packages/airflow/example_dags/example_branch_python_dop_operator_3.py
[2022-10-18 21:45:02,384] {processor.py:641} INFO - Processing file /home/airflow/.local/lib/python3.9/site-packages/airflow/example_dags/example_branch_python_dop_operator_3.py for tasks to queue
[2022-10-18 21:45:02,399] {logging_mixin.py:115} INFO - [2022-10-18 21:45:02,399] {dagbag.py:507} INFO - Filling up the DagBag from /home/airflow/.local/lib/python3.9/site-packages/airflow/example_dags/example_branch_python_dop_operator_3.py
[2022-10-18 21:45:02,616] {processor.py:651} INFO - DAG(s) dict_keys(['example_branch_dop_operator_v3']) retrieved from /home/airflow/.local/lib/python3.9/site-packages/airflow/example_dags/example_branch_python_dop_operator_3.py
[2022-10-18 21:45:03,070] {logging_mixin.py:115} INFO - [2022-10-18 21:45:03,069] {dag.py:2379} INFO - Sync 1 DAGs
[2022-10-18 21:45:03,906] {logging_mixin.py:115} INFO - [2022-10-18 21:45:03,906] {dag.py:2927} INFO - Setting next_dagrun for example_branch_dop_operator_v3 to 2022-10-18T21:44:00+00:00, run_after=2022-10-18T21:45:00+00:00
[2022-10-18 21:45:04,096] {processor.py:161} INFO - Processing /home/airflow/.local/lib/python3.9/site-packages/airflow/example_dags/example_branch_python_dop_operator_3.py took 1.783 seconds
[2022-10-18 21:45:34,950] {processor.py:153} INFO - Started process (PID=3582) to work on /home/airflow/.local/lib/python3.9/site-packages/airflow/example_dags/example_branch_python_dop_operator_3.py
[2022-10-18 21:45:34,970] {processor.py:641} INFO - Processing file /home/airflow/.local/lib/python3.9/site-packages/airflow/example_dags/example_branch_python_dop_operator_3.py for tasks to queue
[2022-10-18 21:45:34,980] {logging_mixin.py:115} INFO - [2022-10-18 21:45:34,979] {dagbag.py:507} INFO - Filling up the DagBag from /home/airflow/.local/lib/python3.9/site-packages/airflow/example_dags/example_branch_python_dop_operator_3.py
[2022-10-18 21:45:35,249] {processor.py:651} INFO - DAG(s) dict_keys(['example_branch_dop_operator_v3']) retrieved from /home/airflow/.local/lib/python3.9/site-packages/airflow/example_dags/example_branch_python_dop_operator_3.py
[2022-10-18 21:45:35,435] {logging_mixin.py:115} INFO - [2022-10-18 21:45:35,435] {dag.py:2379} INFO - Sync 1 DAGs
[2022-10-18 21:45:35,876] {logging_mixin.py:115} INFO - [2022-10-18 21:45:35,876] {dag.py:2927} INFO - Setting next_dagrun for example_branch_dop_operator_v3 to 2022-10-18T21:44:00+00:00, run_after=2022-10-18T21:45:00+00:00
[2022-10-18 21:45:36,020] {processor.py:161} INFO - Processing /home/airflow/.local/lib/python3.9/site-packages/airflow/example_dags/example_branch_python_dop_operator_3.py took 1.131 seconds
[2022-10-18 21:46:14,222] {processor.py:153} INFO - Started process (PID=3680) to work on /home/airflow/.local/lib/python3.9/site-packages/airflow/example_dags/example_branch_python_dop_operator_3.py
[2022-10-18 21:46:14,231] {processor.py:641} INFO - Processing file /home/airflow/.local/lib/python3.9/site-packages/airflow/example_dags/example_branch_python_dop_operator_3.py for tasks to queue
[2022-10-18 21:46:14,235] {logging_mixin.py:115} INFO - [2022-10-18 21:46:14,235] {dagbag.py:507} INFO - Filling up the DagBag from /home/airflow/.local/lib/python3.9/site-packages/airflow/example_dags/example_branch_python_dop_operator_3.py
[2022-10-18 21:46:14,532] {processor.py:651} INFO - DAG(s) dict_keys(['example_branch_dop_operator_v3']) retrieved from /home/airflow/.local/lib/python3.9/site-packages/airflow/example_dags/example_branch_python_dop_operator_3.py
[2022-10-18 21:46:14,946] {logging_mixin.py:115} INFO - [2022-10-18 21:46:14,945] {dag.py:2379} INFO - Sync 1 DAGs
[2022-10-18 21:46:16,179] {logging_mixin.py:115} INFO - [2022-10-18 21:46:16,178] {dag.py:2927} INFO - Setting next_dagrun for example_branch_dop_operator_v3 to 2022-10-18T21:45:00+00:00, run_after=2022-10-18T21:46:00+00:00
[2022-10-18 21:46:16,487] {processor.py:161} INFO - Processing /home/airflow/.local/lib/python3.9/site-packages/airflow/example_dags/example_branch_python_dop_operator_3.py took 2.320 seconds
[2022-10-18 21:46:59,639] {processor.py:153} INFO - Started process (PID=3775) to work on /home/airflow/.local/lib/python3.9/site-packages/airflow/example_dags/example_branch_python_dop_operator_3.py
[2022-10-18 21:46:59,642] {processor.py:641} INFO - Processing file /home/airflow/.local/lib/python3.9/site-packages/airflow/example_dags/example_branch_python_dop_operator_3.py for tasks to queue
[2022-10-18 21:46:59,661] {logging_mixin.py:115} INFO - [2022-10-18 21:46:59,646] {dagbag.py:507} INFO - Filling up the DagBag from /home/airflow/.local/lib/python3.9/site-packages/airflow/example_dags/example_branch_python_dop_operator_3.py
[2022-10-18 21:47:00,087] {processor.py:651} INFO - DAG(s) dict_keys(['example_branch_dop_operator_v3']) retrieved from /home/airflow/.local/lib/python3.9/site-packages/airflow/example_dags/example_branch_python_dop_operator_3.py
[2022-10-18 21:47:00,781] {logging_mixin.py:115} INFO - [2022-10-18 21:47:00,779] {dag.py:2379} INFO - Sync 1 DAGs
[2022-10-18 21:47:02,154] {logging_mixin.py:115} INFO - [2022-10-18 21:47:02,152] {dag.py:2927} INFO - Setting next_dagrun for example_branch_dop_operator_v3 to 2022-10-18T21:46:00+00:00, run_after=2022-10-18T21:47:00+00:00
[2022-10-18 21:47:02,575] {processor.py:161} INFO - Processing /home/airflow/.local/lib/python3.9/site-packages/airflow/example_dags/example_branch_python_dop_operator_3.py took 2.999 seconds
[2022-10-18 21:47:49,792] {processor.py:153} INFO - Started process (PID=3884) to work on /home/airflow/.local/lib/python3.9/site-packages/airflow/example_dags/example_branch_python_dop_operator_3.py
[2022-10-18 21:47:49,819] {processor.py:641} INFO - Processing file /home/airflow/.local/lib/python3.9/site-packages/airflow/example_dags/example_branch_python_dop_operator_3.py for tasks to queue
[2022-10-18 21:47:49,839] {logging_mixin.py:115} INFO - [2022-10-18 21:47:49,838] {dagbag.py:507} INFO - Filling up the DagBag from /home/airflow/.local/lib/python3.9/site-packages/airflow/example_dags/example_branch_python_dop_operator_3.py
[2022-10-18 21:47:50,176] {processor.py:651} INFO - DAG(s) dict_keys(['example_branch_dop_operator_v3']) retrieved from /home/airflow/.local/lib/python3.9/site-packages/airflow/example_dags/example_branch_python_dop_operator_3.py
[2022-10-18 21:47:50,829] {logging_mixin.py:115} INFO - [2022-10-18 21:47:50,828] {dag.py:2379} INFO - Sync 1 DAGs
[2022-10-18 21:47:52,594] {logging_mixin.py:115} INFO - [2022-10-18 21:47:52,593] {dag.py:2927} INFO - Setting next_dagrun for example_branch_dop_operator_v3 to 2022-10-18T21:46:00+00:00, run_after=2022-10-18T21:47:00+00:00
