[2022-10-18 21:13:37,803] {processor.py:153} INFO - Started process (PID=270) to work on /home/airflow/.local/lib/python3.9/site-packages/airflow/example_dags/example_time_delta_sensor_async.py
[2022-10-18 21:13:37,813] {processor.py:641} INFO - Processing file /home/airflow/.local/lib/python3.9/site-packages/airflow/example_dags/example_time_delta_sensor_async.py for tasks to queue
[2022-10-18 21:13:37,825] {logging_mixin.py:115} INFO - [2022-10-18 21:13:37,824] {dagbag.py:507} INFO - Filling up the DagBag from /home/airflow/.local/lib/python3.9/site-packages/airflow/example_dags/example_time_delta_sensor_async.py
[2022-10-18 21:13:37,880] {processor.py:651} INFO - DAG(s) dict_keys(['example_time_delta_sensor_async']) retrieved from /home/airflow/.local/lib/python3.9/site-packages/airflow/example_dags/example_time_delta_sensor_async.py
[2022-10-18 21:13:38,646] {logging_mixin.py:115} INFO - [2022-10-18 21:13:38,645] {dag.py:2379} INFO - Sync 1 DAGs
[2022-10-18 21:13:39,089] {logging_mixin.py:115} INFO - [2022-10-18 21:13:39,088] {dag.py:2927} INFO - Setting next_dagrun for example_time_delta_sensor_async to None, run_after=None
[2022-10-18 21:13:39,282] {processor.py:161} INFO - Processing /home/airflow/.local/lib/python3.9/site-packages/airflow/example_dags/example_time_delta_sensor_async.py took 1.519 seconds
[2022-10-18 21:14:10,951] {processor.py:153} INFO - Started process (PID=365) to work on /home/airflow/.local/lib/python3.9/site-packages/airflow/example_dags/example_time_delta_sensor_async.py
[2022-10-18 21:14:10,979] {processor.py:641} INFO - Processing file /home/airflow/.local/lib/python3.9/site-packages/airflow/example_dags/example_time_delta_sensor_async.py for tasks to queue
[2022-10-18 21:14:10,984] {logging_mixin.py:115} INFO - [2022-10-18 21:14:10,984] {dagbag.py:507} INFO - Filling up the DagBag from /home/airflow/.local/lib/python3.9/site-packages/airflow/example_dags/example_time_delta_sensor_async.py
[2022-10-18 21:14:11,084] {processor.py:651} INFO - DAG(s) dict_keys(['example_time_delta_sensor_async']) retrieved from /home/airflow/.local/lib/python3.9/site-packages/airflow/example_dags/example_time_delta_sensor_async.py
[2022-10-18 21:14:11,810] {logging_mixin.py:115} INFO - [2022-10-18 21:14:11,809] {dag.py:2379} INFO - Sync 1 DAGs
[2022-10-18 21:14:12,213] {logging_mixin.py:115} INFO - [2022-10-18 21:14:12,212] {dag.py:2927} INFO - Setting next_dagrun for example_time_delta_sensor_async to None, run_after=None
[2022-10-18 21:14:12,399] {processor.py:161} INFO - Processing /home/airflow/.local/lib/python3.9/site-packages/airflow/example_dags/example_time_delta_sensor_async.py took 1.474 seconds
[2022-10-18 21:14:43,834] {processor.py:153} INFO - Started process (PID=447) to work on /home/airflow/.local/lib/python3.9/site-packages/airflow/example_dags/example_time_delta_sensor_async.py
[2022-10-18 21:14:43,850] {processor.py:641} INFO - Processing file /home/airflow/.local/lib/python3.9/site-packages/airflow/example_dags/example_time_delta_sensor_async.py for tasks to queue
[2022-10-18 21:14:43,864] {logging_mixin.py:115} INFO - [2022-10-18 21:14:43,858] {dagbag.py:507} INFO - Filling up the DagBag from /home/airflow/.local/lib/python3.9/site-packages/airflow/example_dags/example_time_delta_sensor_async.py
[2022-10-18 21:14:43,978] {processor.py:651} INFO - DAG(s) dict_keys(['example_time_delta_sensor_async']) retrieved from /home/airflow/.local/lib/python3.9/site-packages/airflow/example_dags/example_time_delta_sensor_async.py
[2022-10-18 21:14:44,753] {logging_mixin.py:115} INFO - [2022-10-18 21:14:44,753] {dag.py:2379} INFO - Sync 1 DAGs
[2022-10-18 21:14:45,268] {logging_mixin.py:115} INFO - [2022-10-18 21:14:45,268] {dag.py:2927} INFO - Setting next_dagrun for example_time_delta_sensor_async to None, run_after=None
[2022-10-18 21:14:45,456] {processor.py:161} INFO - Processing /home/airflow/.local/lib/python3.9/site-packages/airflow/example_dags/example_time_delta_sensor_async.py took 1.656 seconds
[2022-10-18 21:15:15,854] {processor.py:153} INFO - Started process (PID=542) to work on /home/airflow/.local/lib/python3.9/site-packages/airflow/example_dags/example_time_delta_sensor_async.py
[2022-10-18 21:15:15,860] {processor.py:641} INFO - Processing file /home/airflow/.local/lib/python3.9/site-packages/airflow/example_dags/example_time_delta_sensor_async.py for tasks to queue
[2022-10-18 21:15:15,875] {logging_mixin.py:115} INFO - [2022-10-18 21:15:15,875] {dagbag.py:507} INFO - Filling up the DagBag from /home/airflow/.local/lib/python3.9/site-packages/airflow/example_dags/example_time_delta_sensor_async.py
[2022-10-18 21:15:15,984] {processor.py:651} INFO - DAG(s) dict_keys(['example_time_delta_sensor_async']) retrieved from /home/airflow/.local/lib/python3.9/site-packages/airflow/example_dags/example_time_delta_sensor_async.py
[2022-10-18 21:15:16,797] {logging_mixin.py:115} INFO - [2022-10-18 21:15:16,797] {dag.py:2379} INFO - Sync 1 DAGs
[2022-10-18 21:15:17,311] {logging_mixin.py:115} INFO - [2022-10-18 21:15:17,311] {dag.py:2927} INFO - Setting next_dagrun for example_time_delta_sensor_async to None, run_after=None
[2022-10-18 21:15:17,496] {processor.py:161} INFO - Processing /home/airflow/.local/lib/python3.9/site-packages/airflow/example_dags/example_time_delta_sensor_async.py took 1.677 seconds
[2022-10-18 21:15:48,179] {processor.py:153} INFO - Started process (PID=628) to work on /home/airflow/.local/lib/python3.9/site-packages/airflow/example_dags/example_time_delta_sensor_async.py
[2022-10-18 21:15:48,185] {processor.py:641} INFO - Processing file /home/airflow/.local/lib/python3.9/site-packages/airflow/example_dags/example_time_delta_sensor_async.py for tasks to queue
[2022-10-18 21:15:48,190] {logging_mixin.py:115} INFO - [2022-10-18 21:15:48,190] {dagbag.py:507} INFO - Filling up the DagBag from /home/airflow/.local/lib/python3.9/site-packages/airflow/example_dags/example_time_delta_sensor_async.py
[2022-10-18 21:15:48,261] {processor.py:651} INFO - DAG(s) dict_keys(['example_time_delta_sensor_async']) retrieved from /home/airflow/.local/lib/python3.9/site-packages/airflow/example_dags/example_time_delta_sensor_async.py
[2022-10-18 21:15:48,841] {logging_mixin.py:115} INFO - [2022-10-18 21:15:48,840] {dag.py:2379} INFO - Sync 1 DAGs
[2022-10-18 21:15:49,144] {logging_mixin.py:115} INFO - [2022-10-18 21:15:49,143] {dag.py:2927} INFO - Setting next_dagrun for example_time_delta_sensor_async to None, run_after=None
[2022-10-18 21:15:49,267] {processor.py:161} INFO - Processing /home/airflow/.local/lib/python3.9/site-packages/airflow/example_dags/example_time_delta_sensor_async.py took 1.118 seconds
[2022-10-18 21:16:20,000] {processor.py:153} INFO - Started process (PID=724) to work on /home/airflow/.local/lib/python3.9/site-packages/airflow/example_dags/example_time_delta_sensor_async.py
[2022-10-18 21:16:20,015] {processor.py:641} INFO - Processing file /home/airflow/.local/lib/python3.9/site-packages/airflow/example_dags/example_time_delta_sensor_async.py for tasks to queue
[2022-10-18 21:16:20,028] {logging_mixin.py:115} INFO - [2022-10-18 21:16:20,028] {dagbag.py:507} INFO - Filling up the DagBag from /home/airflow/.local/lib/python3.9/site-packages/airflow/example_dags/example_time_delta_sensor_async.py
[2022-10-18 21:16:20,109] {processor.py:651} INFO - DAG(s) dict_keys(['example_time_delta_sensor_async']) retrieved from /home/airflow/.local/lib/python3.9/site-packages/airflow/example_dags/example_time_delta_sensor_async.py
[2022-10-18 21:16:20,791] {logging_mixin.py:115} INFO - [2022-10-18 21:16:20,791] {dag.py:2379} INFO - Sync 1 DAGs
[2022-10-18 21:16:21,202] {logging_mixin.py:115} INFO - [2022-10-18 21:16:21,199] {dag.py:2927} INFO - Setting next_dagrun for example_time_delta_sensor_async to None, run_after=None
[2022-10-18 21:16:21,321] {processor.py:161} INFO - Processing /home/airflow/.local/lib/python3.9/site-packages/airflow/example_dags/example_time_delta_sensor_async.py took 1.375 seconds
[2022-10-18 21:16:52,172] {processor.py:153} INFO - Started process (PID=815) to work on /home/airflow/.local/lib/python3.9/site-packages/airflow/example_dags/example_time_delta_sensor_async.py
[2022-10-18 21:16:52,183] {processor.py:641} INFO - Processing file /home/airflow/.local/lib/python3.9/site-packages/airflow/example_dags/example_time_delta_sensor_async.py for tasks to queue
[2022-10-18 21:16:52,200] {logging_mixin.py:115} INFO - [2022-10-18 21:16:52,200] {dagbag.py:507} INFO - Filling up the DagBag from /home/airflow/.local/lib/python3.9/site-packages/airflow/example_dags/example_time_delta_sensor_async.py
[2022-10-18 21:16:52,323] {processor.py:651} INFO - DAG(s) dict_keys(['example_time_delta_sensor_async']) retrieved from /home/airflow/.local/lib/python3.9/site-packages/airflow/example_dags/example_time_delta_sensor_async.py
[2022-10-18 21:16:53,050] {logging_mixin.py:115} INFO - [2022-10-18 21:16:53,049] {dag.py:2379} INFO - Sync 1 DAGs
[2022-10-18 21:16:53,409] {logging_mixin.py:115} INFO - [2022-10-18 21:16:53,406] {dag.py:2927} INFO - Setting next_dagrun for example_time_delta_sensor_async to None, run_after=None
[2022-10-18 21:16:53,523] {processor.py:161} INFO - Processing /home/airflow/.local/lib/python3.9/site-packages/airflow/example_dags/example_time_delta_sensor_async.py took 1.383 seconds
[2022-10-18 21:17:24,306] {processor.py:153} INFO - Started process (PID=900) to work on /home/airflow/.local/lib/python3.9/site-packages/airflow/example_dags/example_time_delta_sensor_async.py
[2022-10-18 21:17:24,311] {processor.py:641} INFO - Processing file /home/airflow/.local/lib/python3.9/site-packages/airflow/example_dags/example_time_delta_sensor_async.py for tasks to queue
[2022-10-18 21:17:24,318] {logging_mixin.py:115} INFO - [2022-10-18 21:17:24,317] {dagbag.py:507} INFO - Filling up the DagBag from /home/airflow/.local/lib/python3.9/site-packages/airflow/example_dags/example_time_delta_sensor_async.py
[2022-10-18 21:17:24,389] {processor.py:651} INFO - DAG(s) dict_keys(['example_time_delta_sensor_async']) retrieved from /home/airflow/.local/lib/python3.9/site-packages/airflow/example_dags/example_time_delta_sensor_async.py
[2022-10-18 21:17:25,049] {logging_mixin.py:115} INFO - [2022-10-18 21:17:25,049] {dag.py:2379} INFO - Sync 1 DAGs
[2022-10-18 21:17:25,426] {logging_mixin.py:115} INFO - [2022-10-18 21:17:25,426] {dag.py:2927} INFO - Setting next_dagrun for example_time_delta_sensor_async to None, run_after=None
[2022-10-18 21:17:25,560] {processor.py:161} INFO - Processing /home/airflow/.local/lib/python3.9/site-packages/airflow/example_dags/example_time_delta_sensor_async.py took 1.299 seconds
[2022-10-18 21:17:56,193] {processor.py:153} INFO - Started process (PID=996) to work on /home/airflow/.local/lib/python3.9/site-packages/airflow/example_dags/example_time_delta_sensor_async.py
[2022-10-18 21:17:56,201] {processor.py:641} INFO - Processing file /home/airflow/.local/lib/python3.9/site-packages/airflow/example_dags/example_time_delta_sensor_async.py for tasks to queue
[2022-10-18 21:17:56,204] {logging_mixin.py:115} INFO - [2022-10-18 21:17:56,204] {dagbag.py:507} INFO - Filling up the DagBag from /home/airflow/.local/lib/python3.9/site-packages/airflow/example_dags/example_time_delta_sensor_async.py
[2022-10-18 21:17:56,280] {processor.py:651} INFO - DAG(s) dict_keys(['example_time_delta_sensor_async']) retrieved from /home/airflow/.local/lib/python3.9/site-packages/airflow/example_dags/example_time_delta_sensor_async.py
[2022-10-18 21:17:57,030] {logging_mixin.py:115} INFO - [2022-10-18 21:17:57,030] {dag.py:2379} INFO - Sync 1 DAGs
[2022-10-18 21:17:57,282] {logging_mixin.py:115} INFO - [2022-10-18 21:17:57,282] {dag.py:2927} INFO - Setting next_dagrun for example_time_delta_sensor_async to None, run_after=None
[2022-10-18 21:17:57,406] {processor.py:161} INFO - Processing /home/airflow/.local/lib/python3.9/site-packages/airflow/example_dags/example_time_delta_sensor_async.py took 1.249 seconds
[2022-10-18 21:18:27,929] {processor.py:153} INFO - Started process (PID=1078) to work on /home/airflow/.local/lib/python3.9/site-packages/airflow/example_dags/example_time_delta_sensor_async.py
[2022-10-18 21:18:27,936] {processor.py:641} INFO - Processing file /home/airflow/.local/lib/python3.9/site-packages/airflow/example_dags/example_time_delta_sensor_async.py for tasks to queue
[2022-10-18 21:18:27,945] {logging_mixin.py:115} INFO - [2022-10-18 21:18:27,945] {dagbag.py:507} INFO - Filling up the DagBag from /home/airflow/.local/lib/python3.9/site-packages/airflow/example_dags/example_time_delta_sensor_async.py
[2022-10-18 21:18:28,022] {processor.py:651} INFO - DAG(s) dict_keys(['example_time_delta_sensor_async']) retrieved from /home/airflow/.local/lib/python3.9/site-packages/airflow/example_dags/example_time_delta_sensor_async.py
[2022-10-18 21:18:28,602] {logging_mixin.py:115} INFO - [2022-10-18 21:18:28,602] {dag.py:2379} INFO - Sync 1 DAGs
[2022-10-18 21:18:28,880] {logging_mixin.py:115} INFO - [2022-10-18 21:18:28,879] {dag.py:2927} INFO - Setting next_dagrun for example_time_delta_sensor_async to None, run_after=None
[2022-10-18 21:18:29,009] {processor.py:161} INFO - Processing /home/airflow/.local/lib/python3.9/site-packages/airflow/example_dags/example_time_delta_sensor_async.py took 1.118 seconds
[2022-10-18 21:18:59,305] {processor.py:153} INFO - Started process (PID=1173) to work on /home/airflow/.local/lib/python3.9/site-packages/airflow/example_dags/example_time_delta_sensor_async.py
[2022-10-18 21:18:59,310] {processor.py:641} INFO - Processing file /home/airflow/.local/lib/python3.9/site-packages/airflow/example_dags/example_time_delta_sensor_async.py for tasks to queue
[2022-10-18 21:18:59,322] {logging_mixin.py:115} INFO - [2022-10-18 21:18:59,321] {dagbag.py:507} INFO - Filling up the DagBag from /home/airflow/.local/lib/python3.9/site-packages/airflow/example_dags/example_time_delta_sensor_async.py
[2022-10-18 21:18:59,398] {processor.py:651} INFO - DAG(s) dict_keys(['example_time_delta_sensor_async']) retrieved from /home/airflow/.local/lib/python3.9/site-packages/airflow/example_dags/example_time_delta_sensor_async.py
[2022-10-18 21:19:00,027] {logging_mixin.py:115} INFO - [2022-10-18 21:19:00,026] {dag.py:2379} INFO - Sync 1 DAGs
[2022-10-18 21:19:00,312] {logging_mixin.py:115} INFO - [2022-10-18 21:19:00,310] {dag.py:2927} INFO - Setting next_dagrun for example_time_delta_sensor_async to None, run_after=None
[2022-10-18 21:19:00,413] {processor.py:161} INFO - Processing /home/airflow/.local/lib/python3.9/site-packages/airflow/example_dags/example_time_delta_sensor_async.py took 1.146 seconds
[2022-10-18 21:19:31,582] {processor.py:153} INFO - Started process (PID=1269) to work on /home/airflow/.local/lib/python3.9/site-packages/airflow/example_dags/example_time_delta_sensor_async.py
[2022-10-18 21:19:31,591] {processor.py:641} INFO - Processing file /home/airflow/.local/lib/python3.9/site-packages/airflow/example_dags/example_time_delta_sensor_async.py for tasks to queue
[2022-10-18 21:19:31,595] {logging_mixin.py:115} INFO - [2022-10-18 21:19:31,594] {dagbag.py:507} INFO - Filling up the DagBag from /home/airflow/.local/lib/python3.9/site-packages/airflow/example_dags/example_time_delta_sensor_async.py
[2022-10-18 21:19:31,658] {processor.py:651} INFO - DAG(s) dict_keys(['example_time_delta_sensor_async']) retrieved from /home/airflow/.local/lib/python3.9/site-packages/airflow/example_dags/example_time_delta_sensor_async.py
[2022-10-18 21:19:32,258] {logging_mixin.py:115} INFO - [2022-10-18 21:19:32,257] {dag.py:2379} INFO - Sync 1 DAGs
[2022-10-18 21:19:32,533] {logging_mixin.py:115} INFO - [2022-10-18 21:19:32,533] {dag.py:2927} INFO - Setting next_dagrun for example_time_delta_sensor_async to None, run_after=None
[2022-10-18 21:19:32,656] {processor.py:161} INFO - Processing /home/airflow/.local/lib/python3.9/site-packages/airflow/example_dags/example_time_delta_sensor_async.py took 1.115 seconds
[2022-10-18 21:20:03,387] {processor.py:153} INFO - Started process (PID=1350) to work on /home/airflow/.local/lib/python3.9/site-packages/airflow/example_dags/example_time_delta_sensor_async.py
[2022-10-18 21:20:03,394] {processor.py:641} INFO - Processing file /home/airflow/.local/lib/python3.9/site-packages/airflow/example_dags/example_time_delta_sensor_async.py for tasks to queue
[2022-10-18 21:20:03,408] {logging_mixin.py:115} INFO - [2022-10-18 21:20:03,408] {dagbag.py:507} INFO - Filling up the DagBag from /home/airflow/.local/lib/python3.9/site-packages/airflow/example_dags/example_time_delta_sensor_async.py
[2022-10-18 21:20:03,493] {processor.py:651} INFO - DAG(s) dict_keys(['example_time_delta_sensor_async']) retrieved from /home/airflow/.local/lib/python3.9/site-packages/airflow/example_dags/example_time_delta_sensor_async.py
[2022-10-18 21:20:03,872] {logging_mixin.py:115} INFO - [2022-10-18 21:20:03,872] {dag.py:2379} INFO - Sync 1 DAGs
[2022-10-18 21:20:04,174] {logging_mixin.py:115} INFO - [2022-10-18 21:20:04,174] {dag.py:2927} INFO - Setting next_dagrun for example_time_delta_sensor_async to None, run_after=None
[2022-10-18 21:20:04,320] {processor.py:161} INFO - Processing /home/airflow/.local/lib/python3.9/site-packages/airflow/example_dags/example_time_delta_sensor_async.py took 0.967 seconds
[2022-10-18 21:20:34,830] {processor.py:153} INFO - Started process (PID=1446) to work on /home/airflow/.local/lib/python3.9/site-packages/airflow/example_dags/example_time_delta_sensor_async.py
[2022-10-18 21:20:34,834] {processor.py:641} INFO - Processing file /home/airflow/.local/lib/python3.9/site-packages/airflow/example_dags/example_time_delta_sensor_async.py for tasks to queue
[2022-10-18 21:20:34,842] {logging_mixin.py:115} INFO - [2022-10-18 21:20:34,840] {dagbag.py:507} INFO - Filling up the DagBag from /home/airflow/.local/lib/python3.9/site-packages/airflow/example_dags/example_time_delta_sensor_async.py
[2022-10-18 21:20:34,889] {processor.py:651} INFO - DAG(s) dict_keys(['example_time_delta_sensor_async']) retrieved from /home/airflow/.local/lib/python3.9/site-packages/airflow/example_dags/example_time_delta_sensor_async.py
[2022-10-18 21:20:35,430] {logging_mixin.py:115} INFO - [2022-10-18 21:20:35,429] {dag.py:2379} INFO - Sync 1 DAGs
[2022-10-18 21:20:35,716] {logging_mixin.py:115} INFO - [2022-10-18 21:20:35,716] {dag.py:2927} INFO - Setting next_dagrun for example_time_delta_sensor_async to None, run_after=None
[2022-10-18 21:20:35,790] {processor.py:161} INFO - Processing /home/airflow/.local/lib/python3.9/site-packages/airflow/example_dags/example_time_delta_sensor_async.py took 0.983 seconds
[2022-10-18 21:21:06,268] {processor.py:153} INFO - Started process (PID=1531) to work on /home/airflow/.local/lib/python3.9/site-packages/airflow/example_dags/example_time_delta_sensor_async.py
[2022-10-18 21:21:06,274] {processor.py:641} INFO - Processing file /home/airflow/.local/lib/python3.9/site-packages/airflow/example_dags/example_time_delta_sensor_async.py for tasks to queue
[2022-10-18 21:21:06,279] {logging_mixin.py:115} INFO - [2022-10-18 21:21:06,278] {dagbag.py:507} INFO - Filling up the DagBag from /home/airflow/.local/lib/python3.9/site-packages/airflow/example_dags/example_time_delta_sensor_async.py
[2022-10-18 21:21:06,323] {processor.py:651} INFO - DAG(s) dict_keys(['example_time_delta_sensor_async']) retrieved from /home/airflow/.local/lib/python3.9/site-packages/airflow/example_dags/example_time_delta_sensor_async.py
[2022-10-18 21:21:06,738] {logging_mixin.py:115} INFO - [2022-10-18 21:21:06,738] {dag.py:2379} INFO - Sync 1 DAGs
[2022-10-18 21:21:06,973] {logging_mixin.py:115} INFO - [2022-10-18 21:21:06,973] {dag.py:2927} INFO - Setting next_dagrun for example_time_delta_sensor_async to None, run_after=None
[2022-10-18 21:21:07,052] {processor.py:161} INFO - Processing /home/airflow/.local/lib/python3.9/site-packages/airflow/example_dags/example_time_delta_sensor_async.py took 0.808 seconds
[2022-10-18 21:21:37,416] {processor.py:153} INFO - Started process (PID=1622) to work on /home/airflow/.local/lib/python3.9/site-packages/airflow/example_dags/example_time_delta_sensor_async.py
[2022-10-18 21:21:37,421] {processor.py:641} INFO - Processing file /home/airflow/.local/lib/python3.9/site-packages/airflow/example_dags/example_time_delta_sensor_async.py for tasks to queue
[2022-10-18 21:21:37,425] {logging_mixin.py:115} INFO - [2022-10-18 21:21:37,425] {dagbag.py:507} INFO - Filling up the DagBag from /home/airflow/.local/lib/python3.9/site-packages/airflow/example_dags/example_time_delta_sensor_async.py
[2022-10-18 21:21:37,464] {processor.py:651} INFO - DAG(s) dict_keys(['example_time_delta_sensor_async']) retrieved from /home/airflow/.local/lib/python3.9/site-packages/airflow/example_dags/example_time_delta_sensor_async.py
[2022-10-18 21:21:37,801] {logging_mixin.py:115} INFO - [2022-10-18 21:21:37,800] {dag.py:2379} INFO - Sync 1 DAGs
[2022-10-18 21:21:37,990] {logging_mixin.py:115} INFO - [2022-10-18 21:21:37,990] {dag.py:2927} INFO - Setting next_dagrun for example_time_delta_sensor_async to None, run_after=None
[2022-10-18 21:21:38,059] {processor.py:161} INFO - Processing /home/airflow/.local/lib/python3.9/site-packages/airflow/example_dags/example_time_delta_sensor_async.py took 0.657 seconds
[2022-10-18 21:22:08,240] {processor.py:153} INFO - Started process (PID=1706) to work on /home/airflow/.local/lib/python3.9/site-packages/airflow/example_dags/example_time_delta_sensor_async.py
[2022-10-18 21:22:08,245] {processor.py:641} INFO - Processing file /home/airflow/.local/lib/python3.9/site-packages/airflow/example_dags/example_time_delta_sensor_async.py for tasks to queue
[2022-10-18 21:22:08,249] {logging_mixin.py:115} INFO - [2022-10-18 21:22:08,249] {dagbag.py:507} INFO - Filling up the DagBag from /home/airflow/.local/lib/python3.9/site-packages/airflow/example_dags/example_time_delta_sensor_async.py
[2022-10-18 21:22:08,285] {processor.py:651} INFO - DAG(s) dict_keys(['example_time_delta_sensor_async']) retrieved from /home/airflow/.local/lib/python3.9/site-packages/airflow/example_dags/example_time_delta_sensor_async.py
[2022-10-18 21:22:08,577] {logging_mixin.py:115} INFO - [2022-10-18 21:22:08,576] {dag.py:2379} INFO - Sync 1 DAGs
[2022-10-18 21:22:08,670] {logging_mixin.py:115} INFO - [2022-10-18 21:22:08,670] {dag.py:2927} INFO - Setting next_dagrun for example_time_delta_sensor_async to None, run_after=None
[2022-10-18 21:22:08,712] {processor.py:161} INFO - Processing /home/airflow/.local/lib/python3.9/site-packages/airflow/example_dags/example_time_delta_sensor_async.py took 0.488 seconds
[2022-10-18 21:22:39,163] {processor.py:153} INFO - Started process (PID=1798) to work on /home/airflow/.local/lib/python3.9/site-packages/airflow/example_dags/example_time_delta_sensor_async.py
[2022-10-18 21:22:39,170] {processor.py:641} INFO - Processing file /home/airflow/.local/lib/python3.9/site-packages/airflow/example_dags/example_time_delta_sensor_async.py for tasks to queue
[2022-10-18 21:22:39,174] {logging_mixin.py:115} INFO - [2022-10-18 21:22:39,174] {dagbag.py:507} INFO - Filling up the DagBag from /home/airflow/.local/lib/python3.9/site-packages/airflow/example_dags/example_time_delta_sensor_async.py
[2022-10-18 21:22:39,227] {processor.py:651} INFO - DAG(s) dict_keys(['example_time_delta_sensor_async']) retrieved from /home/airflow/.local/lib/python3.9/site-packages/airflow/example_dags/example_time_delta_sensor_async.py
[2022-10-18 21:22:39,763] {logging_mixin.py:115} INFO - [2022-10-18 21:22:39,762] {dag.py:2379} INFO - Sync 1 DAGs
[2022-10-18 21:22:40,032] {logging_mixin.py:115} INFO - [2022-10-18 21:22:40,031] {dag.py:2927} INFO - Setting next_dagrun for example_time_delta_sensor_async to None, run_after=None
[2022-10-18 21:22:40,142] {processor.py:161} INFO - Processing /home/airflow/.local/lib/python3.9/site-packages/airflow/example_dags/example_time_delta_sensor_async.py took 1.008 seconds
[2022-10-18 21:35:34,852] {processor.py:153} INFO - Started process (PID=1876) to work on /home/airflow/.local/lib/python3.9/site-packages/airflow/example_dags/example_time_delta_sensor_async.py
[2022-10-18 21:35:34,860] {processor.py:641} INFO - Processing file /home/airflow/.local/lib/python3.9/site-packages/airflow/example_dags/example_time_delta_sensor_async.py for tasks to queue
[2022-10-18 21:35:34,869] {logging_mixin.py:115} INFO - [2022-10-18 21:35:34,869] {dagbag.py:507} INFO - Filling up the DagBag from /home/airflow/.local/lib/python3.9/site-packages/airflow/example_dags/example_time_delta_sensor_async.py
[2022-10-18 21:35:35,124] {processor.py:651} INFO - DAG(s) dict_keys(['example_time_delta_sensor_async']) retrieved from /home/airflow/.local/lib/python3.9/site-packages/airflow/example_dags/example_time_delta_sensor_async.py
[2022-10-18 21:35:36,710] {logging_mixin.py:115} INFO - [2022-10-18 21:35:36,710] {dag.py:2379} INFO - Sync 1 DAGs
[2022-10-18 21:35:37,514] {logging_mixin.py:115} INFO - [2022-10-18 21:35:37,513] {dag.py:2927} INFO - Setting next_dagrun for example_time_delta_sensor_async to None, run_after=None
[2022-10-18 21:35:37,810] {processor.py:161} INFO - Processing /home/airflow/.local/lib/python3.9/site-packages/airflow/example_dags/example_time_delta_sensor_async.py took 3.012 seconds
[2022-10-18 21:36:08,191] {processor.py:153} INFO - Started process (PID=1972) to work on /home/airflow/.local/lib/python3.9/site-packages/airflow/example_dags/example_time_delta_sensor_async.py
[2022-10-18 21:36:08,199] {processor.py:641} INFO - Processing file /home/airflow/.local/lib/python3.9/site-packages/airflow/example_dags/example_time_delta_sensor_async.py for tasks to queue
[2022-10-18 21:36:08,213] {logging_mixin.py:115} INFO - [2022-10-18 21:36:08,212] {dagbag.py:507} INFO - Filling up the DagBag from /home/airflow/.local/lib/python3.9/site-packages/airflow/example_dags/example_time_delta_sensor_async.py
[2022-10-18 21:36:08,386] {processor.py:651} INFO - DAG(s) dict_keys(['example_time_delta_sensor_async']) retrieved from /home/airflow/.local/lib/python3.9/site-packages/airflow/example_dags/example_time_delta_sensor_async.py
[2022-10-18 21:36:08,953] {logging_mixin.py:115} INFO - [2022-10-18 21:36:08,952] {dag.py:2379} INFO - Sync 1 DAGs
[2022-10-18 21:36:09,409] {logging_mixin.py:115} INFO - [2022-10-18 21:36:09,408] {dag.py:2927} INFO - Setting next_dagrun for example_time_delta_sensor_async to None, run_after=None
[2022-10-18 21:36:09,566] {processor.py:161} INFO - Processing /home/airflow/.local/lib/python3.9/site-packages/airflow/example_dags/example_time_delta_sensor_async.py took 1.408 seconds
[2022-10-18 21:36:39,874] {processor.py:153} INFO - Started process (PID=2054) to work on /home/airflow/.local/lib/python3.9/site-packages/airflow/example_dags/example_time_delta_sensor_async.py
[2022-10-18 21:36:39,880] {processor.py:641} INFO - Processing file /home/airflow/.local/lib/python3.9/site-packages/airflow/example_dags/example_time_delta_sensor_async.py for tasks to queue
[2022-10-18 21:36:39,884] {logging_mixin.py:115} INFO - [2022-10-18 21:36:39,883] {dagbag.py:507} INFO - Filling up the DagBag from /home/airflow/.local/lib/python3.9/site-packages/airflow/example_dags/example_time_delta_sensor_async.py
[2022-10-18 21:36:39,917] {processor.py:651} INFO - DAG(s) dict_keys(['example_time_delta_sensor_async']) retrieved from /home/airflow/.local/lib/python3.9/site-packages/airflow/example_dags/example_time_delta_sensor_async.py
[2022-10-18 21:36:40,376] {logging_mixin.py:115} INFO - [2022-10-18 21:36:40,376] {dag.py:2379} INFO - Sync 1 DAGs
[2022-10-18 21:36:40,707] {logging_mixin.py:115} INFO - [2022-10-18 21:36:40,706] {dag.py:2927} INFO - Setting next_dagrun for example_time_delta_sensor_async to None, run_after=None
[2022-10-18 21:36:40,888] {processor.py:161} INFO - Processing /home/airflow/.local/lib/python3.9/site-packages/airflow/example_dags/example_time_delta_sensor_async.py took 1.033 seconds
[2022-10-18 21:37:11,782] {processor.py:153} INFO - Started process (PID=2150) to work on /home/airflow/.local/lib/python3.9/site-packages/airflow/example_dags/example_time_delta_sensor_async.py
[2022-10-18 21:37:11,798] {processor.py:641} INFO - Processing file /home/airflow/.local/lib/python3.9/site-packages/airflow/example_dags/example_time_delta_sensor_async.py for tasks to queue
[2022-10-18 21:37:11,802] {logging_mixin.py:115} INFO - [2022-10-18 21:37:11,802] {dagbag.py:507} INFO - Filling up the DagBag from /home/airflow/.local/lib/python3.9/site-packages/airflow/example_dags/example_time_delta_sensor_async.py
[2022-10-18 21:37:11,872] {processor.py:651} INFO - DAG(s) dict_keys(['example_time_delta_sensor_async']) retrieved from /home/airflow/.local/lib/python3.9/site-packages/airflow/example_dags/example_time_delta_sensor_async.py
[2022-10-18 21:37:12,379] {logging_mixin.py:115} INFO - [2022-10-18 21:37:12,378] {dag.py:2379} INFO - Sync 1 DAGs
[2022-10-18 21:37:12,580] {logging_mixin.py:115} INFO - [2022-10-18 21:37:12,580] {dag.py:2927} INFO - Setting next_dagrun for example_time_delta_sensor_async to None, run_after=None
[2022-10-18 21:37:12,661] {processor.py:161} INFO - Processing /home/airflow/.local/lib/python3.9/site-packages/airflow/example_dags/example_time_delta_sensor_async.py took 0.902 seconds
[2022-10-18 21:37:43,125] {processor.py:153} INFO - Started process (PID=2241) to work on /home/airflow/.local/lib/python3.9/site-packages/airflow/example_dags/example_time_delta_sensor_async.py
[2022-10-18 21:37:43,137] {processor.py:641} INFO - Processing file /home/airflow/.local/lib/python3.9/site-packages/airflow/example_dags/example_time_delta_sensor_async.py for tasks to queue
[2022-10-18 21:37:43,141] {logging_mixin.py:115} INFO - [2022-10-18 21:37:43,141] {dagbag.py:507} INFO - Filling up the DagBag from /home/airflow/.local/lib/python3.9/site-packages/airflow/example_dags/example_time_delta_sensor_async.py
[2022-10-18 21:37:43,171] {processor.py:651} INFO - DAG(s) dict_keys(['example_time_delta_sensor_async']) retrieved from /home/airflow/.local/lib/python3.9/site-packages/airflow/example_dags/example_time_delta_sensor_async.py
[2022-10-18 21:37:43,715] {logging_mixin.py:115} INFO - [2022-10-18 21:37:43,715] {dag.py:2379} INFO - Sync 1 DAGs
[2022-10-18 21:37:44,183] {logging_mixin.py:115} INFO - [2022-10-18 21:37:44,181] {dag.py:2927} INFO - Setting next_dagrun for example_time_delta_sensor_async to None, run_after=None
[2022-10-18 21:37:44,267] {processor.py:161} INFO - Processing /home/airflow/.local/lib/python3.9/site-packages/airflow/example_dags/example_time_delta_sensor_async.py took 1.177 seconds
[2022-10-18 21:38:14,693] {processor.py:153} INFO - Started process (PID=2327) to work on /home/airflow/.local/lib/python3.9/site-packages/airflow/example_dags/example_time_delta_sensor_async.py
[2022-10-18 21:38:14,699] {processor.py:641} INFO - Processing file /home/airflow/.local/lib/python3.9/site-packages/airflow/example_dags/example_time_delta_sensor_async.py for tasks to queue
[2022-10-18 21:38:14,705] {logging_mixin.py:115} INFO - [2022-10-18 21:38:14,705] {dagbag.py:507} INFO - Filling up the DagBag from /home/airflow/.local/lib/python3.9/site-packages/airflow/example_dags/example_time_delta_sensor_async.py
[2022-10-18 21:38:14,762] {processor.py:651} INFO - DAG(s) dict_keys(['example_time_delta_sensor_async']) retrieved from /home/airflow/.local/lib/python3.9/site-packages/airflow/example_dags/example_time_delta_sensor_async.py
[2022-10-18 21:38:15,258] {logging_mixin.py:115} INFO - [2022-10-18 21:38:15,258] {dag.py:2379} INFO - Sync 1 DAGs
[2022-10-18 21:38:15,613] {logging_mixin.py:115} INFO - [2022-10-18 21:38:15,612] {dag.py:2927} INFO - Setting next_dagrun for example_time_delta_sensor_async to None, run_after=None
[2022-10-18 21:38:15,721] {processor.py:161} INFO - Processing /home/airflow/.local/lib/python3.9/site-packages/airflow/example_dags/example_time_delta_sensor_async.py took 1.057 seconds
[2022-10-18 21:38:45,907] {processor.py:153} INFO - Started process (PID=2423) to work on /home/airflow/.local/lib/python3.9/site-packages/airflow/example_dags/example_time_delta_sensor_async.py
[2022-10-18 21:38:45,914] {processor.py:641} INFO - Processing file /home/airflow/.local/lib/python3.9/site-packages/airflow/example_dags/example_time_delta_sensor_async.py for tasks to queue
[2022-10-18 21:38:45,918] {logging_mixin.py:115} INFO - [2022-10-18 21:38:45,917] {dagbag.py:507} INFO - Filling up the DagBag from /home/airflow/.local/lib/python3.9/site-packages/airflow/example_dags/example_time_delta_sensor_async.py
[2022-10-18 21:38:45,977] {processor.py:651} INFO - DAG(s) dict_keys(['example_time_delta_sensor_async']) retrieved from /home/airflow/.local/lib/python3.9/site-packages/airflow/example_dags/example_time_delta_sensor_async.py
[2022-10-18 21:38:46,567] {logging_mixin.py:115} INFO - [2022-10-18 21:38:46,564] {dag.py:2379} INFO - Sync 1 DAGs
[2022-10-18 21:38:46,762] {logging_mixin.py:115} INFO - [2022-10-18 21:38:46,761] {dag.py:2927} INFO - Setting next_dagrun for example_time_delta_sensor_async to None, run_after=None
[2022-10-18 21:38:46,845] {processor.py:161} INFO - Processing /home/airflow/.local/lib/python3.9/site-packages/airflow/example_dags/example_time_delta_sensor_async.py took 0.954 seconds
[2022-10-18 21:39:16,973] {processor.py:153} INFO - Started process (PID=2505) to work on /home/airflow/.local/lib/python3.9/site-packages/airflow/example_dags/example_time_delta_sensor_async.py
[2022-10-18 21:39:16,976] {processor.py:641} INFO - Processing file /home/airflow/.local/lib/python3.9/site-packages/airflow/example_dags/example_time_delta_sensor_async.py for tasks to queue
[2022-10-18 21:39:16,983] {logging_mixin.py:115} INFO - [2022-10-18 21:39:16,980] {dagbag.py:507} INFO - Filling up the DagBag from /home/airflow/.local/lib/python3.9/site-packages/airflow/example_dags/example_time_delta_sensor_async.py
[2022-10-18 21:39:17,027] {processor.py:651} INFO - DAG(s) dict_keys(['example_time_delta_sensor_async']) retrieved from /home/airflow/.local/lib/python3.9/site-packages/airflow/example_dags/example_time_delta_sensor_async.py
[2022-10-18 21:39:17,499] {logging_mixin.py:115} INFO - [2022-10-18 21:39:17,498] {dag.py:2379} INFO - Sync 1 DAGs
[2022-10-18 21:39:17,645] {logging_mixin.py:115} INFO - [2022-10-18 21:39:17,644] {dag.py:2927} INFO - Setting next_dagrun for example_time_delta_sensor_async to None, run_after=None
[2022-10-18 21:39:17,694] {processor.py:161} INFO - Processing /home/airflow/.local/lib/python3.9/site-packages/airflow/example_dags/example_time_delta_sensor_async.py took 0.747 seconds
[2022-10-18 21:39:48,279] {processor.py:153} INFO - Started process (PID=2601) to work on /home/airflow/.local/lib/python3.9/site-packages/airflow/example_dags/example_time_delta_sensor_async.py
[2022-10-18 21:39:48,282] {processor.py:641} INFO - Processing file /home/airflow/.local/lib/python3.9/site-packages/airflow/example_dags/example_time_delta_sensor_async.py for tasks to queue
[2022-10-18 21:39:48,288] {logging_mixin.py:115} INFO - [2022-10-18 21:39:48,287] {dagbag.py:507} INFO - Filling up the DagBag from /home/airflow/.local/lib/python3.9/site-packages/airflow/example_dags/example_time_delta_sensor_async.py
[2022-10-18 21:39:48,377] {processor.py:651} INFO - DAG(s) dict_keys(['example_time_delta_sensor_async']) retrieved from /home/airflow/.local/lib/python3.9/site-packages/airflow/example_dags/example_time_delta_sensor_async.py
[2022-10-18 21:39:48,965] {logging_mixin.py:115} INFO - [2022-10-18 21:39:48,965] {dag.py:2379} INFO - Sync 1 DAGs
[2022-10-18 21:39:49,287] {logging_mixin.py:115} INFO - [2022-10-18 21:39:49,287] {dag.py:2927} INFO - Setting next_dagrun for example_time_delta_sensor_async to None, run_after=None
[2022-10-18 21:39:49,423] {processor.py:161} INFO - Processing /home/airflow/.local/lib/python3.9/site-packages/airflow/example_dags/example_time_delta_sensor_async.py took 1.165 seconds
[2022-10-18 21:40:19,741] {processor.py:153} INFO - Started process (PID=2687) to work on /home/airflow/.local/lib/python3.9/site-packages/airflow/example_dags/example_time_delta_sensor_async.py
[2022-10-18 21:40:19,747] {processor.py:641} INFO - Processing file /home/airflow/.local/lib/python3.9/site-packages/airflow/example_dags/example_time_delta_sensor_async.py for tasks to queue
[2022-10-18 21:40:19,755] {logging_mixin.py:115} INFO - [2022-10-18 21:40:19,755] {dagbag.py:507} INFO - Filling up the DagBag from /home/airflow/.local/lib/python3.9/site-packages/airflow/example_dags/example_time_delta_sensor_async.py
[2022-10-18 21:40:19,810] {processor.py:651} INFO - DAG(s) dict_keys(['example_time_delta_sensor_async']) retrieved from /home/airflow/.local/lib/python3.9/site-packages/airflow/example_dags/example_time_delta_sensor_async.py
[2022-10-18 21:40:20,198] {logging_mixin.py:115} INFO - [2022-10-18 21:40:20,198] {dag.py:2379} INFO - Sync 1 DAGs
[2022-10-18 21:40:20,371] {logging_mixin.py:115} INFO - [2022-10-18 21:40:20,359] {dag.py:2927} INFO - Setting next_dagrun for example_time_delta_sensor_async to None, run_after=None
[2022-10-18 21:40:20,438] {processor.py:161} INFO - Processing /home/airflow/.local/lib/python3.9/site-packages/airflow/example_dags/example_time_delta_sensor_async.py took 0.729 seconds
[2022-10-18 21:40:50,636] {processor.py:153} INFO - Started process (PID=2780) to work on /home/airflow/.local/lib/python3.9/site-packages/airflow/example_dags/example_time_delta_sensor_async.py
[2022-10-18 21:40:50,642] {processor.py:641} INFO - Processing file /home/airflow/.local/lib/python3.9/site-packages/airflow/example_dags/example_time_delta_sensor_async.py for tasks to queue
[2022-10-18 21:40:50,650] {logging_mixin.py:115} INFO - [2022-10-18 21:40:50,646] {dagbag.py:507} INFO - Filling up the DagBag from /home/airflow/.local/lib/python3.9/site-packages/airflow/example_dags/example_time_delta_sensor_async.py
[2022-10-18 21:40:50,733] {processor.py:651} INFO - DAG(s) dict_keys(['example_time_delta_sensor_async']) retrieved from /home/airflow/.local/lib/python3.9/site-packages/airflow/example_dags/example_time_delta_sensor_async.py
[2022-10-18 21:40:51,332] {logging_mixin.py:115} INFO - [2022-10-18 21:40:51,331] {dag.py:2379} INFO - Sync 1 DAGs
[2022-10-18 21:40:51,570] {logging_mixin.py:115} INFO - [2022-10-18 21:40:51,570] {dag.py:2927} INFO - Setting next_dagrun for example_time_delta_sensor_async to None, run_after=None
[2022-10-18 21:40:51,674] {processor.py:161} INFO - Processing /home/airflow/.local/lib/python3.9/site-packages/airflow/example_dags/example_time_delta_sensor_async.py took 1.082 seconds
[2022-10-18 21:41:21,861] {processor.py:153} INFO - Started process (PID=2866) to work on /home/airflow/.local/lib/python3.9/site-packages/airflow/example_dags/example_time_delta_sensor_async.py
[2022-10-18 21:41:21,865] {processor.py:641} INFO - Processing file /home/airflow/.local/lib/python3.9/site-packages/airflow/example_dags/example_time_delta_sensor_async.py for tasks to queue
[2022-10-18 21:41:21,870] {logging_mixin.py:115} INFO - [2022-10-18 21:41:21,869] {dagbag.py:507} INFO - Filling up the DagBag from /home/airflow/.local/lib/python3.9/site-packages/airflow/example_dags/example_time_delta_sensor_async.py
[2022-10-18 21:41:21,907] {processor.py:651} INFO - DAG(s) dict_keys(['example_time_delta_sensor_async']) retrieved from /home/airflow/.local/lib/python3.9/site-packages/airflow/example_dags/example_time_delta_sensor_async.py
[2022-10-18 21:41:22,444] {logging_mixin.py:115} INFO - [2022-10-18 21:41:22,444] {dag.py:2379} INFO - Sync 1 DAGs
[2022-10-18 21:41:22,695] {logging_mixin.py:115} INFO - [2022-10-18 21:41:22,695] {dag.py:2927} INFO - Setting next_dagrun for example_time_delta_sensor_async to None, run_after=None
[2022-10-18 21:41:22,864] {processor.py:161} INFO - Processing /home/airflow/.local/lib/python3.9/site-packages/airflow/example_dags/example_time_delta_sensor_async.py took 1.020 seconds
[2022-10-18 21:41:53,443] {processor.py:153} INFO - Started process (PID=2958) to work on /home/airflow/.local/lib/python3.9/site-packages/airflow/example_dags/example_time_delta_sensor_async.py
[2022-10-18 21:41:53,447] {processor.py:641} INFO - Processing file /home/airflow/.local/lib/python3.9/site-packages/airflow/example_dags/example_time_delta_sensor_async.py for tasks to queue
[2022-10-18 21:41:53,454] {logging_mixin.py:115} INFO - [2022-10-18 21:41:53,454] {dagbag.py:507} INFO - Filling up the DagBag from /home/airflow/.local/lib/python3.9/site-packages/airflow/example_dags/example_time_delta_sensor_async.py
[2022-10-18 21:41:53,524] {processor.py:651} INFO - DAG(s) dict_keys(['example_time_delta_sensor_async']) retrieved from /home/airflow/.local/lib/python3.9/site-packages/airflow/example_dags/example_time_delta_sensor_async.py
[2022-10-18 21:41:54,092] {logging_mixin.py:115} INFO - [2022-10-18 21:41:54,092] {dag.py:2379} INFO - Sync 1 DAGs
[2022-10-18 21:41:54,317] {logging_mixin.py:115} INFO - [2022-10-18 21:41:54,317] {dag.py:2927} INFO - Setting next_dagrun for example_time_delta_sensor_async to None, run_after=None
[2022-10-18 21:41:54,484] {processor.py:161} INFO - Processing /home/airflow/.local/lib/python3.9/site-packages/airflow/example_dags/example_time_delta_sensor_async.py took 1.069 seconds
[2022-10-18 21:42:24,769] {processor.py:153} INFO - Started process (PID=3053) to work on /home/airflow/.local/lib/python3.9/site-packages/airflow/example_dags/example_time_delta_sensor_async.py
[2022-10-18 21:42:24,782] {processor.py:641} INFO - Processing file /home/airflow/.local/lib/python3.9/site-packages/airflow/example_dags/example_time_delta_sensor_async.py for tasks to queue
[2022-10-18 21:42:24,788] {logging_mixin.py:115} INFO - [2022-10-18 21:42:24,788] {dagbag.py:507} INFO - Filling up the DagBag from /home/airflow/.local/lib/python3.9/site-packages/airflow/example_dags/example_time_delta_sensor_async.py
[2022-10-18 21:42:24,850] {processor.py:651} INFO - DAG(s) dict_keys(['example_time_delta_sensor_async']) retrieved from /home/airflow/.local/lib/python3.9/site-packages/airflow/example_dags/example_time_delta_sensor_async.py
[2022-10-18 21:42:25,441] {logging_mixin.py:115} INFO - [2022-10-18 21:42:25,441] {dag.py:2379} INFO - Sync 1 DAGs
[2022-10-18 21:42:25,630] {logging_mixin.py:115} INFO - [2022-10-18 21:42:25,629] {dag.py:2927} INFO - Setting next_dagrun for example_time_delta_sensor_async to None, run_after=None
[2022-10-18 21:42:25,714] {processor.py:161} INFO - Processing /home/airflow/.local/lib/python3.9/site-packages/airflow/example_dags/example_time_delta_sensor_async.py took 0.967 seconds
[2022-10-18 21:42:56,409] {processor.py:153} INFO - Started process (PID=3139) to work on /home/airflow/.local/lib/python3.9/site-packages/airflow/example_dags/example_time_delta_sensor_async.py
[2022-10-18 21:42:56,414] {processor.py:641} INFO - Processing file /home/airflow/.local/lib/python3.9/site-packages/airflow/example_dags/example_time_delta_sensor_async.py for tasks to queue
[2022-10-18 21:42:56,418] {logging_mixin.py:115} INFO - [2022-10-18 21:42:56,417] {dagbag.py:507} INFO - Filling up the DagBag from /home/airflow/.local/lib/python3.9/site-packages/airflow/example_dags/example_time_delta_sensor_async.py
[2022-10-18 21:42:56,447] {processor.py:651} INFO - DAG(s) dict_keys(['example_time_delta_sensor_async']) retrieved from /home/airflow/.local/lib/python3.9/site-packages/airflow/example_dags/example_time_delta_sensor_async.py
[2022-10-18 21:42:56,794] {logging_mixin.py:115} INFO - [2022-10-18 21:42:56,793] {dag.py:2379} INFO - Sync 1 DAGs
[2022-10-18 21:42:56,972] {logging_mixin.py:115} INFO - [2022-10-18 21:42:56,971] {dag.py:2927} INFO - Setting next_dagrun for example_time_delta_sensor_async to None, run_after=None
[2022-10-18 21:42:57,074] {processor.py:161} INFO - Processing /home/airflow/.local/lib/python3.9/site-packages/airflow/example_dags/example_time_delta_sensor_async.py took 0.676 seconds
[2022-10-18 21:43:28,144] {processor.py:153} INFO - Started process (PID=3232) to work on /home/airflow/.local/lib/python3.9/site-packages/airflow/example_dags/example_time_delta_sensor_async.py
[2022-10-18 21:43:28,152] {processor.py:641} INFO - Processing file /home/airflow/.local/lib/python3.9/site-packages/airflow/example_dags/example_time_delta_sensor_async.py for tasks to queue
[2022-10-18 21:43:28,157] {logging_mixin.py:115} INFO - [2022-10-18 21:43:28,156] {dagbag.py:507} INFO - Filling up the DagBag from /home/airflow/.local/lib/python3.9/site-packages/airflow/example_dags/example_time_delta_sensor_async.py
[2022-10-18 21:43:28,202] {processor.py:651} INFO - DAG(s) dict_keys(['example_time_delta_sensor_async']) retrieved from /home/airflow/.local/lib/python3.9/site-packages/airflow/example_dags/example_time_delta_sensor_async.py
[2022-10-18 21:43:28,736] {logging_mixin.py:115} INFO - [2022-10-18 21:43:28,735] {dag.py:2379} INFO - Sync 1 DAGs
[2022-10-18 21:43:28,972] {logging_mixin.py:115} INFO - [2022-10-18 21:43:28,971] {dag.py:2927} INFO - Setting next_dagrun for example_time_delta_sensor_async to None, run_after=None
[2022-10-18 21:43:29,066] {processor.py:161} INFO - Processing /home/airflow/.local/lib/python3.9/site-packages/airflow/example_dags/example_time_delta_sensor_async.py took 0.948 seconds
[2022-10-18 21:43:59,289] {processor.py:153} INFO - Started process (PID=3317) to work on /home/airflow/.local/lib/python3.9/site-packages/airflow/example_dags/example_time_delta_sensor_async.py
[2022-10-18 21:43:59,304] {processor.py:641} INFO - Processing file /home/airflow/.local/lib/python3.9/site-packages/airflow/example_dags/example_time_delta_sensor_async.py for tasks to queue
[2022-10-18 21:43:59,308] {logging_mixin.py:115} INFO - [2022-10-18 21:43:59,307] {dagbag.py:507} INFO - Filling up the DagBag from /home/airflow/.local/lib/python3.9/site-packages/airflow/example_dags/example_time_delta_sensor_async.py
[2022-10-18 21:43:59,367] {processor.py:651} INFO - DAG(s) dict_keys(['example_time_delta_sensor_async']) retrieved from /home/airflow/.local/lib/python3.9/site-packages/airflow/example_dags/example_time_delta_sensor_async.py
[2022-10-18 21:43:59,982] {logging_mixin.py:115} INFO - [2022-10-18 21:43:59,981] {dag.py:2379} INFO - Sync 1 DAGs
[2022-10-18 21:44:00,248] {logging_mixin.py:115} INFO - [2022-10-18 21:44:00,247] {dag.py:2927} INFO - Setting next_dagrun for example_time_delta_sensor_async to None, run_after=None
[2022-10-18 21:44:00,362] {processor.py:161} INFO - Processing /home/airflow/.local/lib/python3.9/site-packages/airflow/example_dags/example_time_delta_sensor_async.py took 1.094 seconds
[2022-10-18 21:44:31,437] {processor.py:153} INFO - Started process (PID=3409) to work on /home/airflow/.local/lib/python3.9/site-packages/airflow/example_dags/example_time_delta_sensor_async.py
[2022-10-18 21:44:31,443] {processor.py:641} INFO - Processing file /home/airflow/.local/lib/python3.9/site-packages/airflow/example_dags/example_time_delta_sensor_async.py for tasks to queue
[2022-10-18 21:44:31,447] {logging_mixin.py:115} INFO - [2022-10-18 21:44:31,446] {dagbag.py:507} INFO - Filling up the DagBag from /home/airflow/.local/lib/python3.9/site-packages/airflow/example_dags/example_time_delta_sensor_async.py
[2022-10-18 21:44:31,499] {processor.py:651} INFO - DAG(s) dict_keys(['example_time_delta_sensor_async']) retrieved from /home/airflow/.local/lib/python3.9/site-packages/airflow/example_dags/example_time_delta_sensor_async.py
[2022-10-18 21:44:32,260] {logging_mixin.py:115} INFO - [2022-10-18 21:44:32,260] {dag.py:2379} INFO - Sync 1 DAGs
[2022-10-18 21:44:32,677] {logging_mixin.py:115} INFO - [2022-10-18 21:44:32,676] {dag.py:2927} INFO - Setting next_dagrun for example_time_delta_sensor_async to None, run_after=None
[2022-10-18 21:44:32,811] {processor.py:161} INFO - Processing /home/airflow/.local/lib/python3.9/site-packages/airflow/example_dags/example_time_delta_sensor_async.py took 1.400 seconds
[2022-10-18 21:45:03,148] {processor.py:153} INFO - Started process (PID=3501) to work on /home/airflow/.local/lib/python3.9/site-packages/airflow/example_dags/example_time_delta_sensor_async.py
[2022-10-18 21:45:03,166] {processor.py:641} INFO - Processing file /home/airflow/.local/lib/python3.9/site-packages/airflow/example_dags/example_time_delta_sensor_async.py for tasks to queue
[2022-10-18 21:45:03,177] {logging_mixin.py:115} INFO - [2022-10-18 21:45:03,177] {dagbag.py:507} INFO - Filling up the DagBag from /home/airflow/.local/lib/python3.9/site-packages/airflow/example_dags/example_time_delta_sensor_async.py
[2022-10-18 21:45:03,275] {processor.py:651} INFO - DAG(s) dict_keys(['example_time_delta_sensor_async']) retrieved from /home/airflow/.local/lib/python3.9/site-packages/airflow/example_dags/example_time_delta_sensor_async.py
[2022-10-18 21:45:04,250] {logging_mixin.py:115} INFO - [2022-10-18 21:45:04,250] {dag.py:2379} INFO - Sync 1 DAGs
[2022-10-18 21:45:04,582] {logging_mixin.py:115} INFO - [2022-10-18 21:45:04,582] {dag.py:2927} INFO - Setting next_dagrun for example_time_delta_sensor_async to None, run_after=None
[2022-10-18 21:45:04,756] {processor.py:161} INFO - Processing /home/airflow/.local/lib/python3.9/site-packages/airflow/example_dags/example_time_delta_sensor_async.py took 1.641 seconds
[2022-10-18 21:45:35,972] {processor.py:153} INFO - Started process (PID=3584) to work on /home/airflow/.local/lib/python3.9/site-packages/airflow/example_dags/example_time_delta_sensor_async.py
[2022-10-18 21:45:35,989] {processor.py:641} INFO - Processing file /home/airflow/.local/lib/python3.9/site-packages/airflow/example_dags/example_time_delta_sensor_async.py for tasks to queue
[2022-10-18 21:45:36,001] {logging_mixin.py:115} INFO - [2022-10-18 21:45:35,992] {dagbag.py:507} INFO - Filling up the DagBag from /home/airflow/.local/lib/python3.9/site-packages/airflow/example_dags/example_time_delta_sensor_async.py
[2022-10-18 21:45:36,087] {processor.py:651} INFO - DAG(s) dict_keys(['example_time_delta_sensor_async']) retrieved from /home/airflow/.local/lib/python3.9/site-packages/airflow/example_dags/example_time_delta_sensor_async.py
[2022-10-18 21:45:37,206] {logging_mixin.py:115} INFO - [2022-10-18 21:45:37,205] {dag.py:2379} INFO - Sync 1 DAGs
[2022-10-18 21:45:37,709] {logging_mixin.py:115} INFO - [2022-10-18 21:45:37,703] {dag.py:2927} INFO - Setting next_dagrun for example_time_delta_sensor_async to None, run_after=None
[2022-10-18 21:45:37,836] {processor.py:161} INFO - Processing /home/airflow/.local/lib/python3.9/site-packages/airflow/example_dags/example_time_delta_sensor_async.py took 1.905 seconds
[2022-10-18 21:46:14,745] {processor.py:153} INFO - Started process (PID=3682) to work on /home/airflow/.local/lib/python3.9/site-packages/airflow/example_dags/example_time_delta_sensor_async.py
[2022-10-18 21:46:14,768] {processor.py:641} INFO - Processing file /home/airflow/.local/lib/python3.9/site-packages/airflow/example_dags/example_time_delta_sensor_async.py for tasks to queue
[2022-10-18 21:46:14,777] {logging_mixin.py:115} INFO - [2022-10-18 21:46:14,775] {dagbag.py:507} INFO - Filling up the DagBag from /home/airflow/.local/lib/python3.9/site-packages/airflow/example_dags/example_time_delta_sensor_async.py
[2022-10-18 21:46:14,873] {processor.py:651} INFO - DAG(s) dict_keys(['example_time_delta_sensor_async']) retrieved from /home/airflow/.local/lib/python3.9/site-packages/airflow/example_dags/example_time_delta_sensor_async.py
[2022-10-18 21:46:16,060] {logging_mixin.py:115} INFO - [2022-10-18 21:46:16,056] {dag.py:2379} INFO - Sync 1 DAGs
[2022-10-18 21:46:16,830] {logging_mixin.py:115} INFO - [2022-10-18 21:46:16,808] {dag.py:2927} INFO - Setting next_dagrun for example_time_delta_sensor_async to None, run_after=None
[2022-10-18 21:46:17,199] {processor.py:161} INFO - Processing /home/airflow/.local/lib/python3.9/site-packages/airflow/example_dags/example_time_delta_sensor_async.py took 2.485 seconds
[2022-10-18 21:47:00,285] {processor.py:153} INFO - Started process (PID=3777) to work on /home/airflow/.local/lib/python3.9/site-packages/airflow/example_dags/example_time_delta_sensor_async.py
[2022-10-18 21:47:00,293] {processor.py:641} INFO - Processing file /home/airflow/.local/lib/python3.9/site-packages/airflow/example_dags/example_time_delta_sensor_async.py for tasks to queue
[2022-10-18 21:47:00,312] {logging_mixin.py:115} INFO - [2022-10-18 21:47:00,303] {dagbag.py:507} INFO - Filling up the DagBag from /home/airflow/.local/lib/python3.9/site-packages/airflow/example_dags/example_time_delta_sensor_async.py
[2022-10-18 21:47:00,481] {processor.py:651} INFO - DAG(s) dict_keys(['example_time_delta_sensor_async']) retrieved from /home/airflow/.local/lib/python3.9/site-packages/airflow/example_dags/example_time_delta_sensor_async.py
[2022-10-18 21:47:02,162] {logging_mixin.py:115} INFO - [2022-10-18 21:47:02,162] {dag.py:2379} INFO - Sync 1 DAGs
[2022-10-18 21:47:03,082] {logging_mixin.py:115} INFO - [2022-10-18 21:47:03,081] {dag.py:2927} INFO - Setting next_dagrun for example_time_delta_sensor_async to None, run_after=None
[2022-10-18 21:47:03,493] {processor.py:161} INFO - Processing /home/airflow/.local/lib/python3.9/site-packages/airflow/example_dags/example_time_delta_sensor_async.py took 3.284 seconds
