[2022-10-18 21:13:20,681] {processor.py:153} INFO - Started process (PID=223) to work on /home/airflow/.local/lib/python3.9/site-packages/airflow/example_dags/example_skip_dag.py
[2022-10-18 21:13:20,697] {processor.py:641} INFO - Processing file /home/airflow/.local/lib/python3.9/site-packages/airflow/example_dags/example_skip_dag.py for tasks to queue
[2022-10-18 21:13:20,703] {logging_mixin.py:115} INFO - [2022-10-18 21:13:20,702] {dagbag.py:507} INFO - Filling up the DagBag from /home/airflow/.local/lib/python3.9/site-packages/airflow/example_dags/example_skip_dag.py
[2022-10-18 21:13:20,825] {processor.py:651} INFO - DAG(s) dict_keys(['example_skip_dag']) retrieved from /home/airflow/.local/lib/python3.9/site-packages/airflow/example_dags/example_skip_dag.py
[2022-10-18 21:13:21,235] {logging_mixin.py:115} INFO - [2022-10-18 21:13:21,234] {dag.py:2379} INFO - Sync 1 DAGs
[2022-10-18 21:13:21,774] {logging_mixin.py:115} INFO - [2022-10-18 21:13:21,766] {dag.py:2927} INFO - Setting next_dagrun for example_skip_dag to 2022-10-17T21:13:21.764557+00:00, run_after=2022-10-18T21:13:21.764557+00:00
[2022-10-18 21:13:21,944] {processor.py:161} INFO - Processing /home/airflow/.local/lib/python3.9/site-packages/airflow/example_dags/example_skip_dag.py took 1.280 seconds
[2022-10-18 21:13:53,133] {processor.py:153} INFO - Started process (PID=317) to work on /home/airflow/.local/lib/python3.9/site-packages/airflow/example_dags/example_skip_dag.py
[2022-10-18 21:13:53,139] {processor.py:641} INFO - Processing file /home/airflow/.local/lib/python3.9/site-packages/airflow/example_dags/example_skip_dag.py for tasks to queue
[2022-10-18 21:13:53,148] {logging_mixin.py:115} INFO - [2022-10-18 21:13:53,143] {dagbag.py:507} INFO - Filling up the DagBag from /home/airflow/.local/lib/python3.9/site-packages/airflow/example_dags/example_skip_dag.py
[2022-10-18 21:13:53,221] {processor.py:651} INFO - DAG(s) dict_keys(['example_skip_dag']) retrieved from /home/airflow/.local/lib/python3.9/site-packages/airflow/example_dags/example_skip_dag.py
[2022-10-18 21:13:53,518] {logging_mixin.py:115} INFO - [2022-10-18 21:13:53,518] {dag.py:2379} INFO - Sync 1 DAGs
[2022-10-18 21:13:53,855] {logging_mixin.py:115} INFO - [2022-10-18 21:13:53,854] {dag.py:2927} INFO - Setting next_dagrun for example_skip_dag to 2022-10-17T21:13:53.840924+00:00, run_after=2022-10-18T21:13:53.840924+00:00
[2022-10-18 21:13:54,057] {processor.py:161} INFO - Processing /home/airflow/.local/lib/python3.9/site-packages/airflow/example_dags/example_skip_dag.py took 0.951 seconds
[2022-10-18 21:14:25,207] {processor.py:153} INFO - Started process (PID=399) to work on /home/airflow/.local/lib/python3.9/site-packages/airflow/example_dags/example_skip_dag.py
[2022-10-18 21:14:25,225] {processor.py:641} INFO - Processing file /home/airflow/.local/lib/python3.9/site-packages/airflow/example_dags/example_skip_dag.py for tasks to queue
[2022-10-18 21:14:25,243] {logging_mixin.py:115} INFO - [2022-10-18 21:14:25,243] {dagbag.py:507} INFO - Filling up the DagBag from /home/airflow/.local/lib/python3.9/site-packages/airflow/example_dags/example_skip_dag.py
[2022-10-18 21:14:25,348] {processor.py:651} INFO - DAG(s) dict_keys(['example_skip_dag']) retrieved from /home/airflow/.local/lib/python3.9/site-packages/airflow/example_dags/example_skip_dag.py
[2022-10-18 21:14:25,822] {logging_mixin.py:115} INFO - [2022-10-18 21:14:25,822] {dag.py:2379} INFO - Sync 1 DAGs
[2022-10-18 21:14:26,319] {logging_mixin.py:115} INFO - [2022-10-18 21:14:26,309] {dag.py:2927} INFO - Setting next_dagrun for example_skip_dag to 2022-10-17T21:14:26.290439+00:00, run_after=2022-10-18T21:14:26.290439+00:00
[2022-10-18 21:14:26,548] {processor.py:161} INFO - Processing /home/airflow/.local/lib/python3.9/site-packages/airflow/example_dags/example_skip_dag.py took 1.389 seconds
[2022-10-18 21:14:58,787] {processor.py:153} INFO - Started process (PID=494) to work on /home/airflow/.local/lib/python3.9/site-packages/airflow/example_dags/example_skip_dag.py
[2022-10-18 21:14:58,797] {processor.py:641} INFO - Processing file /home/airflow/.local/lib/python3.9/site-packages/airflow/example_dags/example_skip_dag.py for tasks to queue
[2022-10-18 21:14:58,807] {logging_mixin.py:115} INFO - [2022-10-18 21:14:58,806] {dagbag.py:507} INFO - Filling up the DagBag from /home/airflow/.local/lib/python3.9/site-packages/airflow/example_dags/example_skip_dag.py
[2022-10-18 21:14:58,951] {processor.py:651} INFO - DAG(s) dict_keys(['example_skip_dag']) retrieved from /home/airflow/.local/lib/python3.9/site-packages/airflow/example_dags/example_skip_dag.py
[2022-10-18 21:14:59,280] {logging_mixin.py:115} INFO - [2022-10-18 21:14:59,280] {dag.py:2379} INFO - Sync 1 DAGs
[2022-10-18 21:14:59,771] {logging_mixin.py:115} INFO - [2022-10-18 21:14:59,770] {dag.py:2927} INFO - Setting next_dagrun for example_skip_dag to 2022-10-17T21:14:59.768218+00:00, run_after=2022-10-18T21:14:59.768218+00:00
[2022-10-18 21:15:00,014] {processor.py:161} INFO - Processing /home/airflow/.local/lib/python3.9/site-packages/airflow/example_dags/example_skip_dag.py took 1.270 seconds
[2022-10-18 21:15:30,301] {processor.py:153} INFO - Started process (PID=590) to work on /home/airflow/.local/lib/python3.9/site-packages/airflow/example_dags/example_skip_dag.py
[2022-10-18 21:15:30,321] {processor.py:641} INFO - Processing file /home/airflow/.local/lib/python3.9/site-packages/airflow/example_dags/example_skip_dag.py for tasks to queue
[2022-10-18 21:15:30,331] {logging_mixin.py:115} INFO - [2022-10-18 21:15:30,331] {dagbag.py:507} INFO - Filling up the DagBag from /home/airflow/.local/lib/python3.9/site-packages/airflow/example_dags/example_skip_dag.py
[2022-10-18 21:15:30,560] {processor.py:651} INFO - DAG(s) dict_keys(['example_skip_dag']) retrieved from /home/airflow/.local/lib/python3.9/site-packages/airflow/example_dags/example_skip_dag.py
[2022-10-18 21:15:30,893] {logging_mixin.py:115} INFO - [2022-10-18 21:15:30,892] {dag.py:2379} INFO - Sync 1 DAGs
[2022-10-18 21:15:31,311] {logging_mixin.py:115} INFO - [2022-10-18 21:15:31,310] {dag.py:2927} INFO - Setting next_dagrun for example_skip_dag to 2022-10-17T21:15:31.296284+00:00, run_after=2022-10-18T21:15:31.296284+00:00
[2022-10-18 21:15:31,528] {processor.py:161} INFO - Processing /home/airflow/.local/lib/python3.9/site-packages/airflow/example_dags/example_skip_dag.py took 1.276 seconds
[2022-10-18 21:16:02,941] {processor.py:153} INFO - Started process (PID=677) to work on /home/airflow/.local/lib/python3.9/site-packages/airflow/example_dags/example_skip_dag.py
[2022-10-18 21:16:02,945] {processor.py:641} INFO - Processing file /home/airflow/.local/lib/python3.9/site-packages/airflow/example_dags/example_skip_dag.py for tasks to queue
[2022-10-18 21:16:02,950] {logging_mixin.py:115} INFO - [2022-10-18 21:16:02,949] {dagbag.py:507} INFO - Filling up the DagBag from /home/airflow/.local/lib/python3.9/site-packages/airflow/example_dags/example_skip_dag.py
[2022-10-18 21:16:03,002] {processor.py:651} INFO - DAG(s) dict_keys(['example_skip_dag']) retrieved from /home/airflow/.local/lib/python3.9/site-packages/airflow/example_dags/example_skip_dag.py
[2022-10-18 21:16:03,268] {logging_mixin.py:115} INFO - [2022-10-18 21:16:03,267] {dag.py:2379} INFO - Sync 1 DAGs
[2022-10-18 21:16:03,678] {logging_mixin.py:115} INFO - [2022-10-18 21:16:03,674] {dag.py:2927} INFO - Setting next_dagrun for example_skip_dag to 2022-10-17T21:16:03.658128+00:00, run_after=2022-10-18T21:16:03.658128+00:00
[2022-10-18 21:16:03,925] {processor.py:161} INFO - Processing /home/airflow/.local/lib/python3.9/site-packages/airflow/example_dags/example_skip_dag.py took 1.007 seconds
[2022-10-18 21:16:34,123] {processor.py:153} INFO - Started process (PID=768) to work on /home/airflow/.local/lib/python3.9/site-packages/airflow/example_dags/example_skip_dag.py
[2022-10-18 21:16:34,144] {processor.py:641} INFO - Processing file /home/airflow/.local/lib/python3.9/site-packages/airflow/example_dags/example_skip_dag.py for tasks to queue
[2022-10-18 21:16:34,154] {logging_mixin.py:115} INFO - [2022-10-18 21:16:34,153] {dagbag.py:507} INFO - Filling up the DagBag from /home/airflow/.local/lib/python3.9/site-packages/airflow/example_dags/example_skip_dag.py
[2022-10-18 21:16:34,272] {processor.py:651} INFO - DAG(s) dict_keys(['example_skip_dag']) retrieved from /home/airflow/.local/lib/python3.9/site-packages/airflow/example_dags/example_skip_dag.py
[2022-10-18 21:16:34,474] {logging_mixin.py:115} INFO - [2022-10-18 21:16:34,474] {dag.py:2379} INFO - Sync 1 DAGs
[2022-10-18 21:16:34,741] {logging_mixin.py:115} INFO - [2022-10-18 21:16:34,741] {dag.py:2927} INFO - Setting next_dagrun for example_skip_dag to 2022-10-17T21:16:34.732859+00:00, run_after=2022-10-18T21:16:34.732859+00:00
[2022-10-18 21:16:34,897] {processor.py:161} INFO - Processing /home/airflow/.local/lib/python3.9/site-packages/airflow/example_dags/example_skip_dag.py took 0.792 seconds
[2022-10-18 21:17:05,211] {processor.py:153} INFO - Started process (PID=851) to work on /home/airflow/.local/lib/python3.9/site-packages/airflow/example_dags/example_skip_dag.py
[2022-10-18 21:17:05,229] {processor.py:641} INFO - Processing file /home/airflow/.local/lib/python3.9/site-packages/airflow/example_dags/example_skip_dag.py for tasks to queue
[2022-10-18 21:17:05,233] {logging_mixin.py:115} INFO - [2022-10-18 21:17:05,233] {dagbag.py:507} INFO - Filling up the DagBag from /home/airflow/.local/lib/python3.9/site-packages/airflow/example_dags/example_skip_dag.py
[2022-10-18 21:17:05,283] {processor.py:651} INFO - DAG(s) dict_keys(['example_skip_dag']) retrieved from /home/airflow/.local/lib/python3.9/site-packages/airflow/example_dags/example_skip_dag.py
[2022-10-18 21:17:05,682] {logging_mixin.py:115} INFO - [2022-10-18 21:17:05,682] {dag.py:2379} INFO - Sync 1 DAGs
[2022-10-18 21:17:06,154] {logging_mixin.py:115} INFO - [2022-10-18 21:17:06,143] {dag.py:2927} INFO - Setting next_dagrun for example_skip_dag to 2022-10-17T21:17:06.141886+00:00, run_after=2022-10-18T21:17:06.141886+00:00
[2022-10-18 21:17:06,298] {processor.py:161} INFO - Processing /home/airflow/.local/lib/python3.9/site-packages/airflow/example_dags/example_skip_dag.py took 1.109 seconds
[2022-10-18 21:17:36,947] {processor.py:153} INFO - Started process (PID=944) to work on /home/airflow/.local/lib/python3.9/site-packages/airflow/example_dags/example_skip_dag.py
[2022-10-18 21:17:36,953] {processor.py:641} INFO - Processing file /home/airflow/.local/lib/python3.9/site-packages/airflow/example_dags/example_skip_dag.py for tasks to queue
[2022-10-18 21:17:36,963] {logging_mixin.py:115} INFO - [2022-10-18 21:17:36,962] {dagbag.py:507} INFO - Filling up the DagBag from /home/airflow/.local/lib/python3.9/site-packages/airflow/example_dags/example_skip_dag.py
[2022-10-18 21:17:37,063] {processor.py:651} INFO - DAG(s) dict_keys(['example_skip_dag']) retrieved from /home/airflow/.local/lib/python3.9/site-packages/airflow/example_dags/example_skip_dag.py
[2022-10-18 21:17:37,414] {logging_mixin.py:115} INFO - [2022-10-18 21:17:37,414] {dag.py:2379} INFO - Sync 1 DAGs
[2022-10-18 21:17:37,838] {logging_mixin.py:115} INFO - [2022-10-18 21:17:37,837] {dag.py:2927} INFO - Setting next_dagrun for example_skip_dag to 2022-10-17T21:17:37.828900+00:00, run_after=2022-10-18T21:17:37.828900+00:00
[2022-10-18 21:17:37,991] {processor.py:161} INFO - Processing /home/airflow/.local/lib/python3.9/site-packages/airflow/example_dags/example_skip_dag.py took 1.077 seconds
[2022-10-18 21:18:08,281] {processor.py:153} INFO - Started process (PID=1024) to work on /home/airflow/.local/lib/python3.9/site-packages/airflow/example_dags/example_skip_dag.py
[2022-10-18 21:18:08,302] {processor.py:641} INFO - Processing file /home/airflow/.local/lib/python3.9/site-packages/airflow/example_dags/example_skip_dag.py for tasks to queue
[2022-10-18 21:18:08,307] {logging_mixin.py:115} INFO - [2022-10-18 21:18:08,306] {dagbag.py:507} INFO - Filling up the DagBag from /home/airflow/.local/lib/python3.9/site-packages/airflow/example_dags/example_skip_dag.py
[2022-10-18 21:18:08,411] {processor.py:651} INFO - DAG(s) dict_keys(['example_skip_dag']) retrieved from /home/airflow/.local/lib/python3.9/site-packages/airflow/example_dags/example_skip_dag.py
[2022-10-18 21:18:08,644] {logging_mixin.py:115} INFO - [2022-10-18 21:18:08,637] {dag.py:2379} INFO - Sync 1 DAGs
[2022-10-18 21:18:08,948] {logging_mixin.py:115} INFO - [2022-10-18 21:18:08,948] {dag.py:2927} INFO - Setting next_dagrun for example_skip_dag to 2022-10-17T21:18:08.946906+00:00, run_after=2022-10-18T21:18:08.946906+00:00
[2022-10-18 21:18:09,081] {processor.py:161} INFO - Processing /home/airflow/.local/lib/python3.9/site-packages/airflow/example_dags/example_skip_dag.py took 0.819 seconds
[2022-10-18 21:18:40,431] {processor.py:153} INFO - Started process (PID=1121) to work on /home/airflow/.local/lib/python3.9/site-packages/airflow/example_dags/example_skip_dag.py
[2022-10-18 21:18:40,467] {processor.py:641} INFO - Processing file /home/airflow/.local/lib/python3.9/site-packages/airflow/example_dags/example_skip_dag.py for tasks to queue
[2022-10-18 21:18:40,484] {logging_mixin.py:115} INFO - [2022-10-18 21:18:40,484] {dagbag.py:507} INFO - Filling up the DagBag from /home/airflow/.local/lib/python3.9/site-packages/airflow/example_dags/example_skip_dag.py
[2022-10-18 21:18:40,591] {processor.py:651} INFO - DAG(s) dict_keys(['example_skip_dag']) retrieved from /home/airflow/.local/lib/python3.9/site-packages/airflow/example_dags/example_skip_dag.py
[2022-10-18 21:18:40,796] {logging_mixin.py:115} INFO - [2022-10-18 21:18:40,796] {dag.py:2379} INFO - Sync 1 DAGs
[2022-10-18 21:18:41,023] {logging_mixin.py:115} INFO - [2022-10-18 21:18:41,022] {dag.py:2927} INFO - Setting next_dagrun for example_skip_dag to 2022-10-17T21:18:41.019580+00:00, run_after=2022-10-18T21:18:41.019580+00:00
[2022-10-18 21:18:41,156] {processor.py:161} INFO - Processing /home/airflow/.local/lib/python3.9/site-packages/airflow/example_dags/example_skip_dag.py took 0.745 seconds
[2022-10-18 21:19:12,337] {processor.py:153} INFO - Started process (PID=1217) to work on /home/airflow/.local/lib/python3.9/site-packages/airflow/example_dags/example_skip_dag.py
[2022-10-18 21:19:12,341] {processor.py:641} INFO - Processing file /home/airflow/.local/lib/python3.9/site-packages/airflow/example_dags/example_skip_dag.py for tasks to queue
[2022-10-18 21:19:12,347] {logging_mixin.py:115} INFO - [2022-10-18 21:19:12,347] {dagbag.py:507} INFO - Filling up the DagBag from /home/airflow/.local/lib/python3.9/site-packages/airflow/example_dags/example_skip_dag.py
[2022-10-18 21:19:12,462] {processor.py:651} INFO - DAG(s) dict_keys(['example_skip_dag']) retrieved from /home/airflow/.local/lib/python3.9/site-packages/airflow/example_dags/example_skip_dag.py
[2022-10-18 21:19:12,809] {logging_mixin.py:115} INFO - [2022-10-18 21:19:12,809] {dag.py:2379} INFO - Sync 1 DAGs
[2022-10-18 21:19:13,214] {logging_mixin.py:115} INFO - [2022-10-18 21:19:13,213] {dag.py:2927} INFO - Setting next_dagrun for example_skip_dag to 2022-10-17T21:19:13.211139+00:00, run_after=2022-10-18T21:19:13.211139+00:00
[2022-10-18 21:19:13,342] {processor.py:161} INFO - Processing /home/airflow/.local/lib/python3.9/site-packages/airflow/example_dags/example_skip_dag.py took 1.043 seconds
[2022-10-18 21:19:43,654] {processor.py:153} INFO - Started process (PID=1297) to work on /home/airflow/.local/lib/python3.9/site-packages/airflow/example_dags/example_skip_dag.py
[2022-10-18 21:19:43,659] {processor.py:641} INFO - Processing file /home/airflow/.local/lib/python3.9/site-packages/airflow/example_dags/example_skip_dag.py for tasks to queue
[2022-10-18 21:19:43,664] {logging_mixin.py:115} INFO - [2022-10-18 21:19:43,663] {dagbag.py:507} INFO - Filling up the DagBag from /home/airflow/.local/lib/python3.9/site-packages/airflow/example_dags/example_skip_dag.py
[2022-10-18 21:19:43,730] {processor.py:651} INFO - DAG(s) dict_keys(['example_skip_dag']) retrieved from /home/airflow/.local/lib/python3.9/site-packages/airflow/example_dags/example_skip_dag.py
[2022-10-18 21:19:44,026] {logging_mixin.py:115} INFO - [2022-10-18 21:19:44,022] {dag.py:2379} INFO - Sync 1 DAGs
[2022-10-18 21:19:44,452] {logging_mixin.py:115} INFO - [2022-10-18 21:19:44,451] {dag.py:2927} INFO - Setting next_dagrun for example_skip_dag to 2022-10-17T21:19:44.442073+00:00, run_after=2022-10-18T21:19:44.442073+00:00
[2022-10-18 21:19:44,610] {processor.py:161} INFO - Processing /home/airflow/.local/lib/python3.9/site-packages/airflow/example_dags/example_skip_dag.py took 0.979 seconds
[2022-10-18 21:20:14,807] {processor.py:153} INFO - Started process (PID=1390) to work on /home/airflow/.local/lib/python3.9/site-packages/airflow/example_dags/example_skip_dag.py
[2022-10-18 21:20:14,823] {processor.py:641} INFO - Processing file /home/airflow/.local/lib/python3.9/site-packages/airflow/example_dags/example_skip_dag.py for tasks to queue
[2022-10-18 21:20:14,829] {logging_mixin.py:115} INFO - [2022-10-18 21:20:14,829] {dagbag.py:507} INFO - Filling up the DagBag from /home/airflow/.local/lib/python3.9/site-packages/airflow/example_dags/example_skip_dag.py
[2022-10-18 21:20:14,894] {processor.py:651} INFO - DAG(s) dict_keys(['example_skip_dag']) retrieved from /home/airflow/.local/lib/python3.9/site-packages/airflow/example_dags/example_skip_dag.py
[2022-10-18 21:20:15,169] {logging_mixin.py:115} INFO - [2022-10-18 21:20:15,164] {dag.py:2379} INFO - Sync 1 DAGs
[2022-10-18 21:20:15,486] {logging_mixin.py:115} INFO - [2022-10-18 21:20:15,485] {dag.py:2927} INFO - Setting next_dagrun for example_skip_dag to 2022-10-17T21:20:15.483669+00:00, run_after=2022-10-18T21:20:15.483669+00:00
[2022-10-18 21:20:15,626] {processor.py:161} INFO - Processing /home/airflow/.local/lib/python3.9/site-packages/airflow/example_dags/example_skip_dag.py took 0.837 seconds
[2022-10-18 21:20:46,094] {processor.py:153} INFO - Started process (PID=1476) to work on /home/airflow/.local/lib/python3.9/site-packages/airflow/example_dags/example_skip_dag.py
[2022-10-18 21:20:46,098] {processor.py:641} INFO - Processing file /home/airflow/.local/lib/python3.9/site-packages/airflow/example_dags/example_skip_dag.py for tasks to queue
[2022-10-18 21:20:46,104] {logging_mixin.py:115} INFO - [2022-10-18 21:20:46,102] {dagbag.py:507} INFO - Filling up the DagBag from /home/airflow/.local/lib/python3.9/site-packages/airflow/example_dags/example_skip_dag.py
[2022-10-18 21:20:46,148] {processor.py:651} INFO - DAG(s) dict_keys(['example_skip_dag']) retrieved from /home/airflow/.local/lib/python3.9/site-packages/airflow/example_dags/example_skip_dag.py
[2022-10-18 21:20:46,276] {logging_mixin.py:115} INFO - [2022-10-18 21:20:46,276] {dag.py:2379} INFO - Sync 1 DAGs
[2022-10-18 21:20:46,470] {logging_mixin.py:115} INFO - [2022-10-18 21:20:46,469] {dag.py:2927} INFO - Setting next_dagrun for example_skip_dag to 2022-10-17T21:20:46.467991+00:00, run_after=2022-10-18T21:20:46.467991+00:00
[2022-10-18 21:20:46,532] {processor.py:161} INFO - Processing /home/airflow/.local/lib/python3.9/site-packages/airflow/example_dags/example_skip_dag.py took 0.454 seconds
[2022-10-18 21:21:16,940] {processor.py:153} INFO - Started process (PID=1567) to work on /home/airflow/.local/lib/python3.9/site-packages/airflow/example_dags/example_skip_dag.py
[2022-10-18 21:21:16,946] {processor.py:641} INFO - Processing file /home/airflow/.local/lib/python3.9/site-packages/airflow/example_dags/example_skip_dag.py for tasks to queue
[2022-10-18 21:21:16,955] {logging_mixin.py:115} INFO - [2022-10-18 21:21:16,954] {dagbag.py:507} INFO - Filling up the DagBag from /home/airflow/.local/lib/python3.9/site-packages/airflow/example_dags/example_skip_dag.py
[2022-10-18 21:21:17,036] {processor.py:651} INFO - DAG(s) dict_keys(['example_skip_dag']) retrieved from /home/airflow/.local/lib/python3.9/site-packages/airflow/example_dags/example_skip_dag.py
[2022-10-18 21:21:17,221] {logging_mixin.py:115} INFO - [2022-10-18 21:21:17,221] {dag.py:2379} INFO - Sync 1 DAGs
[2022-10-18 21:21:17,388] {logging_mixin.py:115} INFO - [2022-10-18 21:21:17,387] {dag.py:2927} INFO - Setting next_dagrun for example_skip_dag to 2022-10-17T21:21:17.385999+00:00, run_after=2022-10-18T21:21:17.385999+00:00
[2022-10-18 21:21:17,461] {processor.py:161} INFO - Processing /home/airflow/.local/lib/python3.9/site-packages/airflow/example_dags/example_skip_dag.py took 0.542 seconds
[2022-10-18 21:21:47,709] {processor.py:153} INFO - Started process (PID=1650) to work on /home/airflow/.local/lib/python3.9/site-packages/airflow/example_dags/example_skip_dag.py
[2022-10-18 21:21:47,720] {processor.py:641} INFO - Processing file /home/airflow/.local/lib/python3.9/site-packages/airflow/example_dags/example_skip_dag.py for tasks to queue
[2022-10-18 21:21:47,724] {logging_mixin.py:115} INFO - [2022-10-18 21:21:47,724] {dagbag.py:507} INFO - Filling up the DagBag from /home/airflow/.local/lib/python3.9/site-packages/airflow/example_dags/example_skip_dag.py
[2022-10-18 21:21:47,776] {processor.py:651} INFO - DAG(s) dict_keys(['example_skip_dag']) retrieved from /home/airflow/.local/lib/python3.9/site-packages/airflow/example_dags/example_skip_dag.py
[2022-10-18 21:21:47,972] {logging_mixin.py:115} INFO - [2022-10-18 21:21:47,971] {dag.py:2379} INFO - Sync 1 DAGs
[2022-10-18 21:21:48,152] {logging_mixin.py:115} INFO - [2022-10-18 21:21:48,151] {dag.py:2927} INFO - Setting next_dagrun for example_skip_dag to 2022-10-17T21:21:48.150078+00:00, run_after=2022-10-18T21:21:48.150078+00:00
[2022-10-18 21:21:48,245] {processor.py:161} INFO - Processing /home/airflow/.local/lib/python3.9/site-packages/airflow/example_dags/example_skip_dag.py took 0.554 seconds
[2022-10-18 21:22:18,575] {processor.py:153} INFO - Started process (PID=1742) to work on /home/airflow/.local/lib/python3.9/site-packages/airflow/example_dags/example_skip_dag.py
[2022-10-18 21:22:18,585] {processor.py:641} INFO - Processing file /home/airflow/.local/lib/python3.9/site-packages/airflow/example_dags/example_skip_dag.py for tasks to queue
[2022-10-18 21:22:18,591] {logging_mixin.py:115} INFO - [2022-10-18 21:22:18,591] {dagbag.py:507} INFO - Filling up the DagBag from /home/airflow/.local/lib/python3.9/site-packages/airflow/example_dags/example_skip_dag.py
[2022-10-18 21:22:18,691] {processor.py:651} INFO - DAG(s) dict_keys(['example_skip_dag']) retrieved from /home/airflow/.local/lib/python3.9/site-packages/airflow/example_dags/example_skip_dag.py
[2022-10-18 21:22:18,920] {logging_mixin.py:115} INFO - [2022-10-18 21:22:18,919] {dag.py:2379} INFO - Sync 1 DAGs
[2022-10-18 21:22:19,203] {logging_mixin.py:115} INFO - [2022-10-18 21:22:19,200] {dag.py:2927} INFO - Setting next_dagrun for example_skip_dag to 2022-10-17T21:22:19.198411+00:00, run_after=2022-10-18T21:22:19.198411+00:00
[2022-10-18 21:22:19,339] {processor.py:161} INFO - Processing /home/airflow/.local/lib/python3.9/site-packages/airflow/example_dags/example_skip_dag.py took 0.819 seconds
[2022-10-18 21:35:20,926] {processor.py:153} INFO - Started process (PID=1832) to work on /home/airflow/.local/lib/python3.9/site-packages/airflow/example_dags/example_skip_dag.py
[2022-10-18 21:35:20,930] {processor.py:641} INFO - Processing file /home/airflow/.local/lib/python3.9/site-packages/airflow/example_dags/example_skip_dag.py for tasks to queue
[2022-10-18 21:35:20,934] {logging_mixin.py:115} INFO - [2022-10-18 21:35:20,934] {dagbag.py:507} INFO - Filling up the DagBag from /home/airflow/.local/lib/python3.9/site-packages/airflow/example_dags/example_skip_dag.py
[2022-10-18 21:35:21,005] {processor.py:651} INFO - DAG(s) dict_keys(['example_skip_dag']) retrieved from /home/airflow/.local/lib/python3.9/site-packages/airflow/example_dags/example_skip_dag.py
[2022-10-18 21:35:21,269] {logging_mixin.py:115} INFO - [2022-10-18 21:35:21,268] {dag.py:2379} INFO - Sync 1 DAGs
[2022-10-18 21:35:21,539] {logging_mixin.py:115} INFO - [2022-10-18 21:35:21,538] {dag.py:2927} INFO - Setting next_dagrun for example_skip_dag to 2022-10-17T21:35:21.537007+00:00, run_after=2022-10-18T21:35:21.537007+00:00
[2022-10-18 21:35:21,625] {processor.py:161} INFO - Processing /home/airflow/.local/lib/python3.9/site-packages/airflow/example_dags/example_skip_dag.py took 0.725 seconds
[2022-10-18 21:35:52,632] {processor.py:153} INFO - Started process (PID=1924) to work on /home/airflow/.local/lib/python3.9/site-packages/airflow/example_dags/example_skip_dag.py
[2022-10-18 21:35:52,645] {processor.py:641} INFO - Processing file /home/airflow/.local/lib/python3.9/site-packages/airflow/example_dags/example_skip_dag.py for tasks to queue
[2022-10-18 21:35:52,649] {logging_mixin.py:115} INFO - [2022-10-18 21:35:52,648] {dagbag.py:507} INFO - Filling up the DagBag from /home/airflow/.local/lib/python3.9/site-packages/airflow/example_dags/example_skip_dag.py
[2022-10-18 21:35:52,747] {processor.py:651} INFO - DAG(s) dict_keys(['example_skip_dag']) retrieved from /home/airflow/.local/lib/python3.9/site-packages/airflow/example_dags/example_skip_dag.py
[2022-10-18 21:35:53,114] {logging_mixin.py:115} INFO - [2022-10-18 21:35:53,113] {dag.py:2379} INFO - Sync 1 DAGs
[2022-10-18 21:35:53,442] {logging_mixin.py:115} INFO - [2022-10-18 21:35:53,441] {dag.py:2927} INFO - Setting next_dagrun for example_skip_dag to 2022-10-17T21:35:53.434930+00:00, run_after=2022-10-18T21:35:53.434930+00:00
[2022-10-18 21:35:53,640] {processor.py:161} INFO - Processing /home/airflow/.local/lib/python3.9/site-packages/airflow/example_dags/example_skip_dag.py took 1.022 seconds
[2022-10-18 21:36:24,503] {processor.py:153} INFO - Started process (PID=2016) to work on /home/airflow/.local/lib/python3.9/site-packages/airflow/example_dags/example_skip_dag.py
[2022-10-18 21:36:24,506] {processor.py:641} INFO - Processing file /home/airflow/.local/lib/python3.9/site-packages/airflow/example_dags/example_skip_dag.py for tasks to queue
[2022-10-18 21:36:24,512] {logging_mixin.py:115} INFO - [2022-10-18 21:36:24,512] {dagbag.py:507} INFO - Filling up the DagBag from /home/airflow/.local/lib/python3.9/site-packages/airflow/example_dags/example_skip_dag.py
[2022-10-18 21:36:24,586] {processor.py:651} INFO - DAG(s) dict_keys(['example_skip_dag']) retrieved from /home/airflow/.local/lib/python3.9/site-packages/airflow/example_dags/example_skip_dag.py
[2022-10-18 21:36:24,943] {logging_mixin.py:115} INFO - [2022-10-18 21:36:24,942] {dag.py:2379} INFO - Sync 1 DAGs
[2022-10-18 21:36:25,338] {logging_mixin.py:115} INFO - [2022-10-18 21:36:25,338] {dag.py:2927} INFO - Setting next_dagrun for example_skip_dag to 2022-10-17T21:36:25.335639+00:00, run_after=2022-10-18T21:36:25.335639+00:00
[2022-10-18 21:36:25,476] {processor.py:161} INFO - Processing /home/airflow/.local/lib/python3.9/site-packages/airflow/example_dags/example_skip_dag.py took 1.006 seconds
[2022-10-18 21:36:56,374] {processor.py:153} INFO - Started process (PID=2102) to work on /home/airflow/.local/lib/python3.9/site-packages/airflow/example_dags/example_skip_dag.py
[2022-10-18 21:36:56,399] {processor.py:641} INFO - Processing file /home/airflow/.local/lib/python3.9/site-packages/airflow/example_dags/example_skip_dag.py for tasks to queue
[2022-10-18 21:36:56,407] {logging_mixin.py:115} INFO - [2022-10-18 21:36:56,406] {dagbag.py:507} INFO - Filling up the DagBag from /home/airflow/.local/lib/python3.9/site-packages/airflow/example_dags/example_skip_dag.py
[2022-10-18 21:36:56,471] {processor.py:651} INFO - DAG(s) dict_keys(['example_skip_dag']) retrieved from /home/airflow/.local/lib/python3.9/site-packages/airflow/example_dags/example_skip_dag.py
[2022-10-18 21:36:56,694] {logging_mixin.py:115} INFO - [2022-10-18 21:36:56,694] {dag.py:2379} INFO - Sync 1 DAGs
[2022-10-18 21:36:56,913] {logging_mixin.py:115} INFO - [2022-10-18 21:36:56,912] {dag.py:2927} INFO - Setting next_dagrun for example_skip_dag to 2022-10-17T21:36:56.910122+00:00, run_after=2022-10-18T21:36:56.910122+00:00
[2022-10-18 21:36:57,002] {processor.py:161} INFO - Processing /home/airflow/.local/lib/python3.9/site-packages/airflow/example_dags/example_skip_dag.py took 0.659 seconds
[2022-10-18 21:37:27,965] {processor.py:153} INFO - Started process (PID=2197) to work on /home/airflow/.local/lib/python3.9/site-packages/airflow/example_dags/example_skip_dag.py
[2022-10-18 21:37:27,968] {processor.py:641} INFO - Processing file /home/airflow/.local/lib/python3.9/site-packages/airflow/example_dags/example_skip_dag.py for tasks to queue
[2022-10-18 21:37:27,978] {logging_mixin.py:115} INFO - [2022-10-18 21:37:27,977] {dagbag.py:507} INFO - Filling up the DagBag from /home/airflow/.local/lib/python3.9/site-packages/airflow/example_dags/example_skip_dag.py
[2022-10-18 21:37:28,087] {processor.py:651} INFO - DAG(s) dict_keys(['example_skip_dag']) retrieved from /home/airflow/.local/lib/python3.9/site-packages/airflow/example_dags/example_skip_dag.py
[2022-10-18 21:37:28,203] {logging_mixin.py:115} INFO - [2022-10-18 21:37:28,203] {dag.py:2379} INFO - Sync 1 DAGs
[2022-10-18 21:37:28,439] {logging_mixin.py:115} INFO - [2022-10-18 21:37:28,438] {dag.py:2927} INFO - Setting next_dagrun for example_skip_dag to 2022-10-17T21:37:28.431795+00:00, run_after=2022-10-18T21:37:28.431795+00:00
[2022-10-18 21:37:28,623] {processor.py:161} INFO - Processing /home/airflow/.local/lib/python3.9/site-packages/airflow/example_dags/example_skip_dag.py took 0.691 seconds
[2022-10-18 21:37:59,723] {processor.py:153} INFO - Started process (PID=2279) to work on /home/airflow/.local/lib/python3.9/site-packages/airflow/example_dags/example_skip_dag.py
[2022-10-18 21:37:59,738] {processor.py:641} INFO - Processing file /home/airflow/.local/lib/python3.9/site-packages/airflow/example_dags/example_skip_dag.py for tasks to queue
[2022-10-18 21:37:59,742] {logging_mixin.py:115} INFO - [2022-10-18 21:37:59,742] {dagbag.py:507} INFO - Filling up the DagBag from /home/airflow/.local/lib/python3.9/site-packages/airflow/example_dags/example_skip_dag.py
[2022-10-18 21:37:59,816] {processor.py:651} INFO - DAG(s) dict_keys(['example_skip_dag']) retrieved from /home/airflow/.local/lib/python3.9/site-packages/airflow/example_dags/example_skip_dag.py
[2022-10-18 21:38:00,076] {logging_mixin.py:115} INFO - [2022-10-18 21:38:00,076] {dag.py:2379} INFO - Sync 1 DAGs
[2022-10-18 21:38:00,383] {logging_mixin.py:115} INFO - [2022-10-18 21:38:00,383] {dag.py:2927} INFO - Setting next_dagrun for example_skip_dag to 2022-10-17T21:38:00.381144+00:00, run_after=2022-10-18T21:38:00.381144+00:00
[2022-10-18 21:38:00,545] {processor.py:161} INFO - Processing /home/airflow/.local/lib/python3.9/site-packages/airflow/example_dags/example_skip_dag.py took 0.840 seconds
[2022-10-18 21:38:30,637] {processor.py:153} INFO - Started process (PID=2375) to work on /home/airflow/.local/lib/python3.9/site-packages/airflow/example_dags/example_skip_dag.py
[2022-10-18 21:38:30,648] {processor.py:641} INFO - Processing file /home/airflow/.local/lib/python3.9/site-packages/airflow/example_dags/example_skip_dag.py for tasks to queue
[2022-10-18 21:38:30,652] {logging_mixin.py:115} INFO - [2022-10-18 21:38:30,651] {dagbag.py:507} INFO - Filling up the DagBag from /home/airflow/.local/lib/python3.9/site-packages/airflow/example_dags/example_skip_dag.py
[2022-10-18 21:38:30,689] {processor.py:651} INFO - DAG(s) dict_keys(['example_skip_dag']) retrieved from /home/airflow/.local/lib/python3.9/site-packages/airflow/example_dags/example_skip_dag.py
[2022-10-18 21:38:30,953] {logging_mixin.py:115} INFO - [2022-10-18 21:38:30,952] {dag.py:2379} INFO - Sync 1 DAGs
[2022-10-18 21:38:31,267] {logging_mixin.py:115} INFO - [2022-10-18 21:38:31,259] {dag.py:2927} INFO - Setting next_dagrun for example_skip_dag to 2022-10-17T21:38:31.258141+00:00, run_after=2022-10-18T21:38:31.258141+00:00
[2022-10-18 21:38:31,417] {processor.py:161} INFO - Processing /home/airflow/.local/lib/python3.9/site-packages/airflow/example_dags/example_skip_dag.py took 0.788 seconds
[2022-10-18 21:39:01,882] {processor.py:153} INFO - Started process (PID=2461) to work on /home/airflow/.local/lib/python3.9/site-packages/airflow/example_dags/example_skip_dag.py
[2022-10-18 21:39:01,896] {processor.py:641} INFO - Processing file /home/airflow/.local/lib/python3.9/site-packages/airflow/example_dags/example_skip_dag.py for tasks to queue
[2022-10-18 21:39:01,900] {logging_mixin.py:115} INFO - [2022-10-18 21:39:01,899] {dagbag.py:507} INFO - Filling up the DagBag from /home/airflow/.local/lib/python3.9/site-packages/airflow/example_dags/example_skip_dag.py
[2022-10-18 21:39:01,975] {processor.py:651} INFO - DAG(s) dict_keys(['example_skip_dag']) retrieved from /home/airflow/.local/lib/python3.9/site-packages/airflow/example_dags/example_skip_dag.py
[2022-10-18 21:39:02,217] {logging_mixin.py:115} INFO - [2022-10-18 21:39:02,216] {dag.py:2379} INFO - Sync 1 DAGs
[2022-10-18 21:39:02,511] {logging_mixin.py:115} INFO - [2022-10-18 21:39:02,510] {dag.py:2927} INFO - Setting next_dagrun for example_skip_dag to 2022-10-17T21:39:02.508936+00:00, run_after=2022-10-18T21:39:02.508936+00:00
[2022-10-18 21:39:02,669] {processor.py:161} INFO - Processing /home/airflow/.local/lib/python3.9/site-packages/airflow/example_dags/example_skip_dag.py took 0.811 seconds
[2022-10-18 21:39:32,814] {processor.py:153} INFO - Started process (PID=2553) to work on /home/airflow/.local/lib/python3.9/site-packages/airflow/example_dags/example_skip_dag.py
[2022-10-18 21:39:32,817] {processor.py:641} INFO - Processing file /home/airflow/.local/lib/python3.9/site-packages/airflow/example_dags/example_skip_dag.py for tasks to queue
[2022-10-18 21:39:32,820] {logging_mixin.py:115} INFO - [2022-10-18 21:39:32,820] {dagbag.py:507} INFO - Filling up the DagBag from /home/airflow/.local/lib/python3.9/site-packages/airflow/example_dags/example_skip_dag.py
[2022-10-18 21:39:32,910] {processor.py:651} INFO - DAG(s) dict_keys(['example_skip_dag']) retrieved from /home/airflow/.local/lib/python3.9/site-packages/airflow/example_dags/example_skip_dag.py
[2022-10-18 21:39:33,262] {logging_mixin.py:115} INFO - [2022-10-18 21:39:33,261] {dag.py:2379} INFO - Sync 1 DAGs
[2022-10-18 21:39:33,545] {logging_mixin.py:115} INFO - [2022-10-18 21:39:33,545] {dag.py:2927} INFO - Setting next_dagrun for example_skip_dag to 2022-10-17T21:39:33.539858+00:00, run_after=2022-10-18T21:39:33.539858+00:00
[2022-10-18 21:39:33,667] {processor.py:161} INFO - Processing /home/airflow/.local/lib/python3.9/site-packages/airflow/example_dags/example_skip_dag.py took 0.882 seconds
[2022-10-18 21:40:03,912] {processor.py:153} INFO - Started process (PID=2649) to work on /home/airflow/.local/lib/python3.9/site-packages/airflow/example_dags/example_skip_dag.py
[2022-10-18 21:40:03,921] {processor.py:641} INFO - Processing file /home/airflow/.local/lib/python3.9/site-packages/airflow/example_dags/example_skip_dag.py for tasks to queue
[2022-10-18 21:40:03,930] {logging_mixin.py:115} INFO - [2022-10-18 21:40:03,929] {dagbag.py:507} INFO - Filling up the DagBag from /home/airflow/.local/lib/python3.9/site-packages/airflow/example_dags/example_skip_dag.py
[2022-10-18 21:40:03,996] {processor.py:651} INFO - DAG(s) dict_keys(['example_skip_dag']) retrieved from /home/airflow/.local/lib/python3.9/site-packages/airflow/example_dags/example_skip_dag.py
[2022-10-18 21:40:04,205] {logging_mixin.py:115} INFO - [2022-10-18 21:40:04,203] {dag.py:2379} INFO - Sync 1 DAGs
[2022-10-18 21:40:04,582] {logging_mixin.py:115} INFO - [2022-10-18 21:40:04,581] {dag.py:2927} INFO - Setting next_dagrun for example_skip_dag to 2022-10-17T21:40:04.580237+00:00, run_after=2022-10-18T21:40:04.580237+00:00
[2022-10-18 21:40:04,664] {processor.py:161} INFO - Processing /home/airflow/.local/lib/python3.9/site-packages/airflow/example_dags/example_skip_dag.py took 0.779 seconds
[2022-10-18 21:40:34,981] {processor.py:153} INFO - Started process (PID=2729) to work on /home/airflow/.local/lib/python3.9/site-packages/airflow/example_dags/example_skip_dag.py
[2022-10-18 21:40:34,995] {processor.py:641} INFO - Processing file /home/airflow/.local/lib/python3.9/site-packages/airflow/example_dags/example_skip_dag.py for tasks to queue
[2022-10-18 21:40:35,001] {logging_mixin.py:115} INFO - [2022-10-18 21:40:35,000] {dagbag.py:507} INFO - Filling up the DagBag from /home/airflow/.local/lib/python3.9/site-packages/airflow/example_dags/example_skip_dag.py
[2022-10-18 21:40:35,050] {processor.py:651} INFO - DAG(s) dict_keys(['example_skip_dag']) retrieved from /home/airflow/.local/lib/python3.9/site-packages/airflow/example_dags/example_skip_dag.py
[2022-10-18 21:40:35,290] {logging_mixin.py:115} INFO - [2022-10-18 21:40:35,290] {dag.py:2379} INFO - Sync 1 DAGs
[2022-10-18 21:40:35,576] {logging_mixin.py:115} INFO - [2022-10-18 21:40:35,576] {dag.py:2927} INFO - Setting next_dagrun for example_skip_dag to 2022-10-17T21:40:35.574180+00:00, run_after=2022-10-18T21:40:35.574180+00:00
[2022-10-18 21:40:35,654] {processor.py:161} INFO - Processing /home/airflow/.local/lib/python3.9/site-packages/airflow/example_dags/example_skip_dag.py took 0.701 seconds
[2022-10-18 21:41:06,130] {processor.py:153} INFO - Started process (PID=2826) to work on /home/airflow/.local/lib/python3.9/site-packages/airflow/example_dags/example_skip_dag.py
[2022-10-18 21:41:06,136] {processor.py:641} INFO - Processing file /home/airflow/.local/lib/python3.9/site-packages/airflow/example_dags/example_skip_dag.py for tasks to queue
[2022-10-18 21:41:06,148] {logging_mixin.py:115} INFO - [2022-10-18 21:41:06,146] {dagbag.py:507} INFO - Filling up the DagBag from /home/airflow/.local/lib/python3.9/site-packages/airflow/example_dags/example_skip_dag.py
[2022-10-18 21:41:06,233] {processor.py:651} INFO - DAG(s) dict_keys(['example_skip_dag']) retrieved from /home/airflow/.local/lib/python3.9/site-packages/airflow/example_dags/example_skip_dag.py
[2022-10-18 21:41:06,506] {logging_mixin.py:115} INFO - [2022-10-18 21:41:06,505] {dag.py:2379} INFO - Sync 1 DAGs
[2022-10-18 21:41:06,730] {logging_mixin.py:115} INFO - [2022-10-18 21:41:06,730] {dag.py:2927} INFO - Setting next_dagrun for example_skip_dag to 2022-10-17T21:41:06.728240+00:00, run_after=2022-10-18T21:41:06.728240+00:00
[2022-10-18 21:41:06,817] {processor.py:161} INFO - Processing /home/airflow/.local/lib/python3.9/site-packages/airflow/example_dags/example_skip_dag.py took 0.697 seconds
[2022-10-18 21:41:36,948] {processor.py:153} INFO - Started process (PID=2908) to work on /home/airflow/.local/lib/python3.9/site-packages/airflow/example_dags/example_skip_dag.py
[2022-10-18 21:41:36,954] {processor.py:641} INFO - Processing file /home/airflow/.local/lib/python3.9/site-packages/airflow/example_dags/example_skip_dag.py for tasks to queue
[2022-10-18 21:41:36,958] {logging_mixin.py:115} INFO - [2022-10-18 21:41:36,958] {dagbag.py:507} INFO - Filling up the DagBag from /home/airflow/.local/lib/python3.9/site-packages/airflow/example_dags/example_skip_dag.py
[2022-10-18 21:41:37,005] {processor.py:651} INFO - DAG(s) dict_keys(['example_skip_dag']) retrieved from /home/airflow/.local/lib/python3.9/site-packages/airflow/example_dags/example_skip_dag.py
[2022-10-18 21:41:37,150] {logging_mixin.py:115} INFO - [2022-10-18 21:41:37,150] {dag.py:2379} INFO - Sync 1 DAGs
[2022-10-18 21:41:37,313] {logging_mixin.py:115} INFO - [2022-10-18 21:41:37,312] {dag.py:2927} INFO - Setting next_dagrun for example_skip_dag to 2022-10-17T21:41:37.310802+00:00, run_after=2022-10-18T21:41:37.310802+00:00
[2022-10-18 21:41:37,392] {processor.py:161} INFO - Processing /home/airflow/.local/lib/python3.9/site-packages/airflow/example_dags/example_skip_dag.py took 0.456 seconds
[2022-10-18 21:42:07,776] {processor.py:153} INFO - Started process (PID=3002) to work on /home/airflow/.local/lib/python3.9/site-packages/airflow/example_dags/example_skip_dag.py
[2022-10-18 21:42:07,784] {processor.py:641} INFO - Processing file /home/airflow/.local/lib/python3.9/site-packages/airflow/example_dags/example_skip_dag.py for tasks to queue
[2022-10-18 21:42:07,791] {logging_mixin.py:115} INFO - [2022-10-18 21:42:07,791] {dagbag.py:507} INFO - Filling up the DagBag from /home/airflow/.local/lib/python3.9/site-packages/airflow/example_dags/example_skip_dag.py
[2022-10-18 21:42:07,864] {processor.py:651} INFO - DAG(s) dict_keys(['example_skip_dag']) retrieved from /home/airflow/.local/lib/python3.9/site-packages/airflow/example_dags/example_skip_dag.py
[2022-10-18 21:42:07,971] {logging_mixin.py:115} INFO - [2022-10-18 21:42:07,970] {dag.py:2379} INFO - Sync 1 DAGs
[2022-10-18 21:42:08,277] {logging_mixin.py:115} INFO - [2022-10-18 21:42:08,276] {dag.py:2927} INFO - Setting next_dagrun for example_skip_dag to 2022-10-17T21:42:08.271734+00:00, run_after=2022-10-18T21:42:08.271734+00:00
[2022-10-18 21:42:08,397] {processor.py:161} INFO - Processing /home/airflow/.local/lib/python3.9/site-packages/airflow/example_dags/example_skip_dag.py took 0.656 seconds
[2022-10-18 21:42:38,795] {processor.py:153} INFO - Started process (PID=3087) to work on /home/airflow/.local/lib/python3.9/site-packages/airflow/example_dags/example_skip_dag.py
[2022-10-18 21:42:38,800] {processor.py:641} INFO - Processing file /home/airflow/.local/lib/python3.9/site-packages/airflow/example_dags/example_skip_dag.py for tasks to queue
[2022-10-18 21:42:38,805] {logging_mixin.py:115} INFO - [2022-10-18 21:42:38,804] {dagbag.py:507} INFO - Filling up the DagBag from /home/airflow/.local/lib/python3.9/site-packages/airflow/example_dags/example_skip_dag.py
[2022-10-18 21:42:38,847] {processor.py:651} INFO - DAG(s) dict_keys(['example_skip_dag']) retrieved from /home/airflow/.local/lib/python3.9/site-packages/airflow/example_dags/example_skip_dag.py
[2022-10-18 21:42:39,136] {logging_mixin.py:115} INFO - [2022-10-18 21:42:39,135] {dag.py:2379} INFO - Sync 1 DAGs
[2022-10-18 21:42:39,355] {logging_mixin.py:115} INFO - [2022-10-18 21:42:39,354] {dag.py:2927} INFO - Setting next_dagrun for example_skip_dag to 2022-10-17T21:42:39.352482+00:00, run_after=2022-10-18T21:42:39.352482+00:00
[2022-10-18 21:42:39,439] {processor.py:161} INFO - Processing /home/airflow/.local/lib/python3.9/site-packages/airflow/example_dags/example_skip_dag.py took 0.663 seconds
[2022-10-18 21:43:09,633] {processor.py:153} INFO - Started process (PID=3180) to work on /home/airflow/.local/lib/python3.9/site-packages/airflow/example_dags/example_skip_dag.py
[2022-10-18 21:43:09,636] {processor.py:641} INFO - Processing file /home/airflow/.local/lib/python3.9/site-packages/airflow/example_dags/example_skip_dag.py for tasks to queue
[2022-10-18 21:43:09,646] {logging_mixin.py:115} INFO - [2022-10-18 21:43:09,645] {dagbag.py:507} INFO - Filling up the DagBag from /home/airflow/.local/lib/python3.9/site-packages/airflow/example_dags/example_skip_dag.py
[2022-10-18 21:43:09,712] {processor.py:651} INFO - DAG(s) dict_keys(['example_skip_dag']) retrieved from /home/airflow/.local/lib/python3.9/site-packages/airflow/example_dags/example_skip_dag.py
[2022-10-18 21:43:09,955] {logging_mixin.py:115} INFO - [2022-10-18 21:43:09,950] {dag.py:2379} INFO - Sync 1 DAGs
[2022-10-18 21:43:10,189] {logging_mixin.py:115} INFO - [2022-10-18 21:43:10,189] {dag.py:2927} INFO - Setting next_dagrun for example_skip_dag to 2022-10-17T21:43:10.183927+00:00, run_after=2022-10-18T21:43:10.183927+00:00
[2022-10-18 21:43:10,295] {processor.py:161} INFO - Processing /home/airflow/.local/lib/python3.9/site-packages/airflow/example_dags/example_skip_dag.py took 0.691 seconds
[2022-10-18 21:43:40,479] {processor.py:153} INFO - Started process (PID=3266) to work on /home/airflow/.local/lib/python3.9/site-packages/airflow/example_dags/example_skip_dag.py
[2022-10-18 21:43:40,485] {processor.py:641} INFO - Processing file /home/airflow/.local/lib/python3.9/site-packages/airflow/example_dags/example_skip_dag.py for tasks to queue
[2022-10-18 21:43:40,489] {logging_mixin.py:115} INFO - [2022-10-18 21:43:40,489] {dagbag.py:507} INFO - Filling up the DagBag from /home/airflow/.local/lib/python3.9/site-packages/airflow/example_dags/example_skip_dag.py
[2022-10-18 21:43:40,531] {processor.py:651} INFO - DAG(s) dict_keys(['example_skip_dag']) retrieved from /home/airflow/.local/lib/python3.9/site-packages/airflow/example_dags/example_skip_dag.py
[2022-10-18 21:43:40,714] {logging_mixin.py:115} INFO - [2022-10-18 21:43:40,713] {dag.py:2379} INFO - Sync 1 DAGs
[2022-10-18 21:43:40,856] {logging_mixin.py:115} INFO - [2022-10-18 21:43:40,855] {dag.py:2927} INFO - Setting next_dagrun for example_skip_dag to 2022-10-17T21:43:40.853897+00:00, run_after=2022-10-18T21:43:40.853897+00:00
[2022-10-18 21:43:40,895] {processor.py:161} INFO - Processing /home/airflow/.local/lib/python3.9/site-packages/airflow/example_dags/example_skip_dag.py took 0.428 seconds
[2022-10-18 21:44:10,996] {processor.py:153} INFO - Started process (PID=3353) to work on /home/airflow/.local/lib/python3.9/site-packages/airflow/example_dags/example_skip_dag.py
[2022-10-18 21:44:11,015] {processor.py:641} INFO - Processing file /home/airflow/.local/lib/python3.9/site-packages/airflow/example_dags/example_skip_dag.py for tasks to queue
[2022-10-18 21:44:11,021] {logging_mixin.py:115} INFO - [2022-10-18 21:44:11,020] {dagbag.py:507} INFO - Filling up the DagBag from /home/airflow/.local/lib/python3.9/site-packages/airflow/example_dags/example_skip_dag.py
[2022-10-18 21:44:11,097] {processor.py:651} INFO - DAG(s) dict_keys(['example_skip_dag']) retrieved from /home/airflow/.local/lib/python3.9/site-packages/airflow/example_dags/example_skip_dag.py
[2022-10-18 21:44:11,441] {logging_mixin.py:115} INFO - [2022-10-18 21:44:11,436] {dag.py:2379} INFO - Sync 1 DAGs
[2022-10-18 21:44:11,875] {logging_mixin.py:115} INFO - [2022-10-18 21:44:11,875] {dag.py:2927} INFO - Setting next_dagrun for example_skip_dag to 2022-10-17T21:44:11.867978+00:00, run_after=2022-10-18T21:44:11.867978+00:00
[2022-10-18 21:44:12,046] {processor.py:161} INFO - Processing /home/airflow/.local/lib/python3.9/site-packages/airflow/example_dags/example_skip_dag.py took 1.065 seconds
[2022-10-18 21:44:42,281] {processor.py:153} INFO - Started process (PID=3435) to work on /home/airflow/.local/lib/python3.9/site-packages/airflow/example_dags/example_skip_dag.py
[2022-10-18 21:44:42,322] {processor.py:641} INFO - Processing file /home/airflow/.local/lib/python3.9/site-packages/airflow/example_dags/example_skip_dag.py for tasks to queue
[2022-10-18 21:44:42,346] {logging_mixin.py:115} INFO - [2022-10-18 21:44:42,345] {dagbag.py:507} INFO - Filling up the DagBag from /home/airflow/.local/lib/python3.9/site-packages/airflow/example_dags/example_skip_dag.py
[2022-10-18 21:44:42,474] {processor.py:651} INFO - DAG(s) dict_keys(['example_skip_dag']) retrieved from /home/airflow/.local/lib/python3.9/site-packages/airflow/example_dags/example_skip_dag.py
[2022-10-18 21:44:42,725] {logging_mixin.py:115} INFO - [2022-10-18 21:44:42,724] {dag.py:2379} INFO - Sync 1 DAGs
[2022-10-18 21:44:43,161] {logging_mixin.py:115} INFO - [2022-10-18 21:44:43,145] {dag.py:2927} INFO - Setting next_dagrun for example_skip_dag to 2022-10-17T21:44:43.135169+00:00, run_after=2022-10-18T21:44:43.135169+00:00
[2022-10-18 21:44:43,417] {processor.py:161} INFO - Processing /home/airflow/.local/lib/python3.9/site-packages/airflow/example_dags/example_skip_dag.py took 1.203 seconds
[2022-10-18 21:45:14,304] {processor.py:153} INFO - Started process (PID=3527) to work on /home/airflow/.local/lib/python3.9/site-packages/airflow/example_dags/example_skip_dag.py
[2022-10-18 21:45:14,308] {processor.py:641} INFO - Processing file /home/airflow/.local/lib/python3.9/site-packages/airflow/example_dags/example_skip_dag.py for tasks to queue
[2022-10-18 21:45:14,320] {logging_mixin.py:115} INFO - [2022-10-18 21:45:14,313] {dagbag.py:507} INFO - Filling up the DagBag from /home/airflow/.local/lib/python3.9/site-packages/airflow/example_dags/example_skip_dag.py
[2022-10-18 21:45:14,393] {processor.py:651} INFO - DAG(s) dict_keys(['example_skip_dag']) retrieved from /home/airflow/.local/lib/python3.9/site-packages/airflow/example_dags/example_skip_dag.py
[2022-10-18 21:45:14,752] {logging_mixin.py:115} INFO - [2022-10-18 21:45:14,751] {dag.py:2379} INFO - Sync 1 DAGs
[2022-10-18 21:45:15,190] {logging_mixin.py:115} INFO - [2022-10-18 21:45:15,188] {dag.py:2927} INFO - Setting next_dagrun for example_skip_dag to 2022-10-17T21:45:15.179599+00:00, run_after=2022-10-18T21:45:15.179599+00:00
[2022-10-18 21:45:15,398] {processor.py:161} INFO - Processing /home/airflow/.local/lib/python3.9/site-packages/airflow/example_dags/example_skip_dag.py took 1.115 seconds
[2022-10-18 21:45:47,898] {processor.py:153} INFO - Started process (PID=3620) to work on /home/airflow/.local/lib/python3.9/site-packages/airflow/example_dags/example_skip_dag.py
[2022-10-18 21:45:47,915] {processor.py:641} INFO - Processing file /home/airflow/.local/lib/python3.9/site-packages/airflow/example_dags/example_skip_dag.py for tasks to queue
[2022-10-18 21:45:47,925] {logging_mixin.py:115} INFO - [2022-10-18 21:45:47,924] {dagbag.py:507} INFO - Filling up the DagBag from /home/airflow/.local/lib/python3.9/site-packages/airflow/example_dags/example_skip_dag.py
[2022-10-18 21:45:48,051] {processor.py:651} INFO - DAG(s) dict_keys(['example_skip_dag']) retrieved from /home/airflow/.local/lib/python3.9/site-packages/airflow/example_dags/example_skip_dag.py
[2022-10-18 21:45:48,648] {logging_mixin.py:115} INFO - [2022-10-18 21:45:48,648] {dag.py:2379} INFO - Sync 1 DAGs
[2022-10-18 21:45:49,407] {logging_mixin.py:115} INFO - [2022-10-18 21:45:49,406] {dag.py:2927} INFO - Setting next_dagrun for example_skip_dag to 2022-10-17T21:45:49.390130+00:00, run_after=2022-10-18T21:45:49.390130+00:00
[2022-10-18 21:45:49,679] {processor.py:161} INFO - Processing /home/airflow/.local/lib/python3.9/site-packages/airflow/example_dags/example_skip_dag.py took 1.810 seconds
[2022-10-18 21:46:28,069] {processor.py:153} INFO - Started process (PID=3718) to work on /home/airflow/.local/lib/python3.9/site-packages/airflow/example_dags/example_skip_dag.py
[2022-10-18 21:46:28,072] {processor.py:641} INFO - Processing file /home/airflow/.local/lib/python3.9/site-packages/airflow/example_dags/example_skip_dag.py for tasks to queue
[2022-10-18 21:46:28,076] {logging_mixin.py:115} INFO - [2022-10-18 21:46:28,076] {dagbag.py:507} INFO - Filling up the DagBag from /home/airflow/.local/lib/python3.9/site-packages/airflow/example_dags/example_skip_dag.py
[2022-10-18 21:46:28,131] {processor.py:651} INFO - DAG(s) dict_keys(['example_skip_dag']) retrieved from /home/airflow/.local/lib/python3.9/site-packages/airflow/example_dags/example_skip_dag.py
[2022-10-18 21:46:28,452] {logging_mixin.py:115} INFO - [2022-10-18 21:46:28,446] {dag.py:2379} INFO - Sync 1 DAGs
[2022-10-18 21:46:29,081] {logging_mixin.py:115} INFO - [2022-10-18 21:46:29,061] {dag.py:2927} INFO - Setting next_dagrun for example_skip_dag to 2022-10-17T21:46:29.058816+00:00, run_after=2022-10-18T21:46:29.058816+00:00
[2022-10-18 21:46:29,342] {processor.py:161} INFO - Processing /home/airflow/.local/lib/python3.9/site-packages/airflow/example_dags/example_skip_dag.py took 1.284 seconds
[2022-10-18 21:47:08,973] {processor.py:153} INFO - Started process (PID=3805) to work on /home/airflow/.local/lib/python3.9/site-packages/airflow/example_dags/example_skip_dag.py
[2022-10-18 21:47:09,019] {processor.py:641} INFO - Processing file /home/airflow/.local/lib/python3.9/site-packages/airflow/example_dags/example_skip_dag.py for tasks to queue
[2022-10-18 21:47:09,040] {logging_mixin.py:115} INFO - [2022-10-18 21:47:09,039] {dagbag.py:507} INFO - Filling up the DagBag from /home/airflow/.local/lib/python3.9/site-packages/airflow/example_dags/example_skip_dag.py
[2022-10-18 21:47:09,253] {processor.py:651} INFO - DAG(s) dict_keys(['example_skip_dag']) retrieved from /home/airflow/.local/lib/python3.9/site-packages/airflow/example_dags/example_skip_dag.py
[2022-10-18 21:47:09,942] {logging_mixin.py:115} INFO - [2022-10-18 21:47:09,941] {dag.py:2379} INFO - Sync 1 DAGs
[2022-10-18 21:47:10,810] {logging_mixin.py:115} INFO - [2022-10-18 21:47:10,809] {dag.py:2927} INFO - Setting next_dagrun for example_skip_dag to 2022-10-17T21:47:10.807228+00:00, run_after=2022-10-18T21:47:10.807228+00:00
[2022-10-18 21:47:11,247] {processor.py:161} INFO - Processing /home/airflow/.local/lib/python3.9/site-packages/airflow/example_dags/example_skip_dag.py took 2.355 seconds
