[2022-10-18 21:13:43,974] {processor.py:153} INFO - Started process (PID=282) to work on /home/airflow/.local/lib/python3.9/site-packages/airflow/example_dags/example_branch_operator_decorator.py
[2022-10-18 21:13:43,979] {processor.py:641} INFO - Processing file /home/airflow/.local/lib/python3.9/site-packages/airflow/example_dags/example_branch_operator_decorator.py for tasks to queue
[2022-10-18 21:13:43,986] {logging_mixin.py:115} INFO - [2022-10-18 21:13:43,986] {dagbag.py:507} INFO - Filling up the DagBag from /home/airflow/.local/lib/python3.9/site-packages/airflow/example_dags/example_branch_operator_decorator.py
[2022-10-18 21:13:44,648] {processor.py:651} INFO - DAG(s) dict_keys(['example_branch_python_operator_decorator']) retrieved from /home/airflow/.local/lib/python3.9/site-packages/airflow/example_dags/example_branch_operator_decorator.py
[2022-10-18 21:13:45,090] {logging_mixin.py:115} INFO - [2022-10-18 21:13:45,090] {dag.py:2379} INFO - Sync 1 DAGs
[2022-10-18 21:13:45,622] {logging_mixin.py:115} INFO - [2022-10-18 21:13:45,621] {dag.py:2927} INFO - Setting next_dagrun for example_branch_python_operator_decorator to 2022-10-17T00:00:00+00:00, run_after=2022-10-18T00:00:00+00:00
[2022-10-18 21:13:45,802] {processor.py:161} INFO - Processing /home/airflow/.local/lib/python3.9/site-packages/airflow/example_dags/example_branch_operator_decorator.py took 1.864 seconds
[2022-10-18 21:14:16,623] {processor.py:153} INFO - Started process (PID=377) to work on /home/airflow/.local/lib/python3.9/site-packages/airflow/example_dags/example_branch_operator_decorator.py
[2022-10-18 21:14:16,653] {processor.py:641} INFO - Processing file /home/airflow/.local/lib/python3.9/site-packages/airflow/example_dags/example_branch_operator_decorator.py for tasks to queue
[2022-10-18 21:14:16,660] {logging_mixin.py:115} INFO - [2022-10-18 21:14:16,659] {dagbag.py:507} INFO - Filling up the DagBag from /home/airflow/.local/lib/python3.9/site-packages/airflow/example_dags/example_branch_operator_decorator.py
[2022-10-18 21:14:17,158] {processor.py:651} INFO - DAG(s) dict_keys(['example_branch_python_operator_decorator']) retrieved from /home/airflow/.local/lib/python3.9/site-packages/airflow/example_dags/example_branch_operator_decorator.py
[2022-10-18 21:14:17,528] {logging_mixin.py:115} INFO - [2022-10-18 21:14:17,527] {dag.py:2379} INFO - Sync 1 DAGs
[2022-10-18 21:14:18,026] {logging_mixin.py:115} INFO - [2022-10-18 21:14:18,020] {dag.py:2927} INFO - Setting next_dagrun for example_branch_python_operator_decorator to 2022-10-17T00:00:00+00:00, run_after=2022-10-18T00:00:00+00:00
[2022-10-18 21:14:18,189] {processor.py:161} INFO - Processing /home/airflow/.local/lib/python3.9/site-packages/airflow/example_dags/example_branch_operator_decorator.py took 1.603 seconds
[2022-10-18 21:14:50,522] {processor.py:153} INFO - Started process (PID=472) to work on /home/airflow/.local/lib/python3.9/site-packages/airflow/example_dags/example_branch_operator_decorator.py
[2022-10-18 21:14:50,529] {processor.py:641} INFO - Processing file /home/airflow/.local/lib/python3.9/site-packages/airflow/example_dags/example_branch_operator_decorator.py for tasks to queue
[2022-10-18 21:14:50,536] {logging_mixin.py:115} INFO - [2022-10-18 21:14:50,536] {dagbag.py:507} INFO - Filling up the DagBag from /home/airflow/.local/lib/python3.9/site-packages/airflow/example_dags/example_branch_operator_decorator.py
[2022-10-18 21:14:50,975] {processor.py:651} INFO - DAG(s) dict_keys(['example_branch_python_operator_decorator']) retrieved from /home/airflow/.local/lib/python3.9/site-packages/airflow/example_dags/example_branch_operator_decorator.py
[2022-10-18 21:14:51,429] {logging_mixin.py:115} INFO - [2022-10-18 21:14:51,429] {dag.py:2379} INFO - Sync 1 DAGs
[2022-10-18 21:14:52,070] {logging_mixin.py:115} INFO - [2022-10-18 21:14:52,069] {dag.py:2927} INFO - Setting next_dagrun for example_branch_python_operator_decorator to 2022-10-17T00:00:00+00:00, run_after=2022-10-18T00:00:00+00:00
[2022-10-18 21:14:52,153] {processor.py:161} INFO - Processing /home/airflow/.local/lib/python3.9/site-packages/airflow/example_dags/example_branch_operator_decorator.py took 1.686 seconds
[2022-10-18 21:15:22,567] {processor.py:153} INFO - Started process (PID=554) to work on /home/airflow/.local/lib/python3.9/site-packages/airflow/example_dags/example_branch_operator_decorator.py
[2022-10-18 21:15:22,569] {processor.py:641} INFO - Processing file /home/airflow/.local/lib/python3.9/site-packages/airflow/example_dags/example_branch_operator_decorator.py for tasks to queue
[2022-10-18 21:15:22,572] {logging_mixin.py:115} INFO - [2022-10-18 21:15:22,572] {dagbag.py:507} INFO - Filling up the DagBag from /home/airflow/.local/lib/python3.9/site-packages/airflow/example_dags/example_branch_operator_decorator.py
[2022-10-18 21:15:23,191] {processor.py:651} INFO - DAG(s) dict_keys(['example_branch_python_operator_decorator']) retrieved from /home/airflow/.local/lib/python3.9/site-packages/airflow/example_dags/example_branch_operator_decorator.py
[2022-10-18 21:15:23,555] {logging_mixin.py:115} INFO - [2022-10-18 21:15:23,554] {dag.py:2379} INFO - Sync 1 DAGs
[2022-10-18 21:15:24,046] {logging_mixin.py:115} INFO - [2022-10-18 21:15:24,045] {dag.py:2927} INFO - Setting next_dagrun for example_branch_python_operator_decorator to 2022-10-17T00:00:00+00:00, run_after=2022-10-18T00:00:00+00:00
[2022-10-18 21:15:24,250] {processor.py:161} INFO - Processing /home/airflow/.local/lib/python3.9/site-packages/airflow/example_dags/example_branch_operator_decorator.py took 1.705 seconds
[2022-10-18 21:15:54,480] {processor.py:153} INFO - Started process (PID=649) to work on /home/airflow/.local/lib/python3.9/site-packages/airflow/example_dags/example_branch_operator_decorator.py
[2022-10-18 21:15:54,491] {processor.py:641} INFO - Processing file /home/airflow/.local/lib/python3.9/site-packages/airflow/example_dags/example_branch_operator_decorator.py for tasks to queue
[2022-10-18 21:15:54,499] {logging_mixin.py:115} INFO - [2022-10-18 21:15:54,499] {dagbag.py:507} INFO - Filling up the DagBag from /home/airflow/.local/lib/python3.9/site-packages/airflow/example_dags/example_branch_operator_decorator.py
[2022-10-18 21:15:54,986] {processor.py:651} INFO - DAG(s) dict_keys(['example_branch_python_operator_decorator']) retrieved from /home/airflow/.local/lib/python3.9/site-packages/airflow/example_dags/example_branch_operator_decorator.py
[2022-10-18 21:15:55,432] {logging_mixin.py:115} INFO - [2022-10-18 21:15:55,431] {dag.py:2379} INFO - Sync 1 DAGs
[2022-10-18 21:15:56,104] {logging_mixin.py:115} INFO - [2022-10-18 21:15:56,103] {dag.py:2927} INFO - Setting next_dagrun for example_branch_python_operator_decorator to 2022-10-17T00:00:00+00:00, run_after=2022-10-18T00:00:00+00:00
[2022-10-18 21:15:56,279] {processor.py:161} INFO - Processing /home/airflow/.local/lib/python3.9/site-packages/airflow/example_dags/example_branch_operator_decorator.py took 1.831 seconds
[2022-10-18 21:16:26,776] {processor.py:153} INFO - Started process (PID=734) to work on /home/airflow/.local/lib/python3.9/site-packages/airflow/example_dags/example_branch_operator_decorator.py
[2022-10-18 21:16:26,785] {processor.py:641} INFO - Processing file /home/airflow/.local/lib/python3.9/site-packages/airflow/example_dags/example_branch_operator_decorator.py for tasks to queue
[2022-10-18 21:16:26,793] {logging_mixin.py:115} INFO - [2022-10-18 21:16:26,793] {dagbag.py:507} INFO - Filling up the DagBag from /home/airflow/.local/lib/python3.9/site-packages/airflow/example_dags/example_branch_operator_decorator.py
[2022-10-18 21:16:27,333] {processor.py:651} INFO - DAG(s) dict_keys(['example_branch_python_operator_decorator']) retrieved from /home/airflow/.local/lib/python3.9/site-packages/airflow/example_dags/example_branch_operator_decorator.py
[2022-10-18 21:16:27,648] {logging_mixin.py:115} INFO - [2022-10-18 21:16:27,647] {dag.py:2379} INFO - Sync 1 DAGs
[2022-10-18 21:16:28,009] {logging_mixin.py:115} INFO - [2022-10-18 21:16:28,008] {dag.py:2927} INFO - Setting next_dagrun for example_branch_python_operator_decorator to 2022-10-17T00:00:00+00:00, run_after=2022-10-18T00:00:00+00:00
[2022-10-18 21:16:28,285] {processor.py:161} INFO - Processing /home/airflow/.local/lib/python3.9/site-packages/airflow/example_dags/example_branch_operator_decorator.py took 1.546 seconds
[2022-10-18 21:16:58,404] {processor.py:153} INFO - Started process (PID=829) to work on /home/airflow/.local/lib/python3.9/site-packages/airflow/example_dags/example_branch_operator_decorator.py
[2022-10-18 21:16:58,418] {processor.py:641} INFO - Processing file /home/airflow/.local/lib/python3.9/site-packages/airflow/example_dags/example_branch_operator_decorator.py for tasks to queue
[2022-10-18 21:16:58,426] {logging_mixin.py:115} INFO - [2022-10-18 21:16:58,425] {dagbag.py:507} INFO - Filling up the DagBag from /home/airflow/.local/lib/python3.9/site-packages/airflow/example_dags/example_branch_operator_decorator.py
[2022-10-18 21:16:58,824] {processor.py:651} INFO - DAG(s) dict_keys(['example_branch_python_operator_decorator']) retrieved from /home/airflow/.local/lib/python3.9/site-packages/airflow/example_dags/example_branch_operator_decorator.py
[2022-10-18 21:16:59,190] {logging_mixin.py:115} INFO - [2022-10-18 21:16:59,190] {dag.py:2379} INFO - Sync 1 DAGs
[2022-10-18 21:16:59,664] {logging_mixin.py:115} INFO - [2022-10-18 21:16:59,664] {dag.py:2927} INFO - Setting next_dagrun for example_branch_python_operator_decorator to 2022-10-17T00:00:00+00:00, run_after=2022-10-18T00:00:00+00:00
[2022-10-18 21:16:59,814] {processor.py:161} INFO - Processing /home/airflow/.local/lib/python3.9/site-packages/airflow/example_dags/example_branch_operator_decorator.py took 1.424 seconds
[2022-10-18 21:17:30,030] {processor.py:153} INFO - Started process (PID=917) to work on /home/airflow/.local/lib/python3.9/site-packages/airflow/example_dags/example_branch_operator_decorator.py
[2022-10-18 21:17:30,041] {processor.py:641} INFO - Processing file /home/airflow/.local/lib/python3.9/site-packages/airflow/example_dags/example_branch_operator_decorator.py for tasks to queue
[2022-10-18 21:17:30,046] {logging_mixin.py:115} INFO - [2022-10-18 21:17:30,045] {dagbag.py:507} INFO - Filling up the DagBag from /home/airflow/.local/lib/python3.9/site-packages/airflow/example_dags/example_branch_operator_decorator.py
[2022-10-18 21:17:30,505] {processor.py:651} INFO - DAG(s) dict_keys(['example_branch_python_operator_decorator']) retrieved from /home/airflow/.local/lib/python3.9/site-packages/airflow/example_dags/example_branch_operator_decorator.py
[2022-10-18 21:17:30,887] {logging_mixin.py:115} INFO - [2022-10-18 21:17:30,887] {dag.py:2379} INFO - Sync 1 DAGs
[2022-10-18 21:17:31,258] {logging_mixin.py:115} INFO - [2022-10-18 21:17:31,256] {dag.py:2927} INFO - Setting next_dagrun for example_branch_python_operator_decorator to 2022-10-17T00:00:00+00:00, run_after=2022-10-18T00:00:00+00:00
[2022-10-18 21:17:31,396] {processor.py:161} INFO - Processing /home/airflow/.local/lib/python3.9/site-packages/airflow/example_dags/example_branch_operator_decorator.py took 1.391 seconds
[2022-10-18 21:18:01,692] {processor.py:153} INFO - Started process (PID=1006) to work on /home/airflow/.local/lib/python3.9/site-packages/airflow/example_dags/example_branch_operator_decorator.py
[2022-10-18 21:18:01,703] {processor.py:641} INFO - Processing file /home/airflow/.local/lib/python3.9/site-packages/airflow/example_dags/example_branch_operator_decorator.py for tasks to queue
[2022-10-18 21:18:01,706] {logging_mixin.py:115} INFO - [2022-10-18 21:18:01,706] {dagbag.py:507} INFO - Filling up the DagBag from /home/airflow/.local/lib/python3.9/site-packages/airflow/example_dags/example_branch_operator_decorator.py
[2022-10-18 21:18:01,992] {processor.py:651} INFO - DAG(s) dict_keys(['example_branch_python_operator_decorator']) retrieved from /home/airflow/.local/lib/python3.9/site-packages/airflow/example_dags/example_branch_operator_decorator.py
[2022-10-18 21:18:02,319] {logging_mixin.py:115} INFO - [2022-10-18 21:18:02,319] {dag.py:2379} INFO - Sync 1 DAGs
[2022-10-18 21:18:02,611] {logging_mixin.py:115} INFO - [2022-10-18 21:18:02,611] {dag.py:2927} INFO - Setting next_dagrun for example_branch_python_operator_decorator to 2022-10-17T00:00:00+00:00, run_after=2022-10-18T00:00:00+00:00
[2022-10-18 21:18:02,703] {processor.py:161} INFO - Processing /home/airflow/.local/lib/python3.9/site-packages/airflow/example_dags/example_branch_operator_decorator.py took 1.052 seconds
[2022-10-18 21:18:33,459] {processor.py:153} INFO - Started process (PID=1101) to work on /home/airflow/.local/lib/python3.9/site-packages/airflow/example_dags/example_branch_operator_decorator.py
[2022-10-18 21:18:33,465] {processor.py:641} INFO - Processing file /home/airflow/.local/lib/python3.9/site-packages/airflow/example_dags/example_branch_operator_decorator.py for tasks to queue
[2022-10-18 21:18:33,473] {logging_mixin.py:115} INFO - [2022-10-18 21:18:33,472] {dagbag.py:507} INFO - Filling up the DagBag from /home/airflow/.local/lib/python3.9/site-packages/airflow/example_dags/example_branch_operator_decorator.py
[2022-10-18 21:18:33,764] {processor.py:651} INFO - DAG(s) dict_keys(['example_branch_python_operator_decorator']) retrieved from /home/airflow/.local/lib/python3.9/site-packages/airflow/example_dags/example_branch_operator_decorator.py
[2022-10-18 21:18:34,105] {logging_mixin.py:115} INFO - [2022-10-18 21:18:34,105] {dag.py:2379} INFO - Sync 1 DAGs
[2022-10-18 21:18:34,501] {logging_mixin.py:115} INFO - [2022-10-18 21:18:34,500] {dag.py:2927} INFO - Setting next_dagrun for example_branch_python_operator_decorator to 2022-10-17T00:00:00+00:00, run_after=2022-10-18T00:00:00+00:00
[2022-10-18 21:18:34,579] {processor.py:161} INFO - Processing /home/airflow/.local/lib/python3.9/site-packages/airflow/example_dags/example_branch_operator_decorator.py took 1.143 seconds
[2022-10-18 21:19:04,701] {processor.py:153} INFO - Started process (PID=1181) to work on /home/airflow/.local/lib/python3.9/site-packages/airflow/example_dags/example_branch_operator_decorator.py
[2022-10-18 21:19:04,705] {processor.py:641} INFO - Processing file /home/airflow/.local/lib/python3.9/site-packages/airflow/example_dags/example_branch_operator_decorator.py for tasks to queue
[2022-10-18 21:19:04,709] {logging_mixin.py:115} INFO - [2022-10-18 21:19:04,709] {dagbag.py:507} INFO - Filling up the DagBag from /home/airflow/.local/lib/python3.9/site-packages/airflow/example_dags/example_branch_operator_decorator.py
[2022-10-18 21:19:04,901] {processor.py:651} INFO - DAG(s) dict_keys(['example_branch_python_operator_decorator']) retrieved from /home/airflow/.local/lib/python3.9/site-packages/airflow/example_dags/example_branch_operator_decorator.py
[2022-10-18 21:19:05,133] {logging_mixin.py:115} INFO - [2022-10-18 21:19:05,129] {dag.py:2379} INFO - Sync 1 DAGs
[2022-10-18 21:19:05,393] {logging_mixin.py:115} INFO - [2022-10-18 21:19:05,392] {dag.py:2927} INFO - Setting next_dagrun for example_branch_python_operator_decorator to 2022-10-17T00:00:00+00:00, run_after=2022-10-18T00:00:00+00:00
[2022-10-18 21:19:05,495] {processor.py:161} INFO - Processing /home/airflow/.local/lib/python3.9/site-packages/airflow/example_dags/example_branch_operator_decorator.py took 0.816 seconds
[2022-10-18 21:19:35,876] {processor.py:153} INFO - Started process (PID=1277) to work on /home/airflow/.local/lib/python3.9/site-packages/airflow/example_dags/example_branch_operator_decorator.py
[2022-10-18 21:19:35,883] {processor.py:641} INFO - Processing file /home/airflow/.local/lib/python3.9/site-packages/airflow/example_dags/example_branch_operator_decorator.py for tasks to queue
[2022-10-18 21:19:35,889] {logging_mixin.py:115} INFO - [2022-10-18 21:19:35,888] {dagbag.py:507} INFO - Filling up the DagBag from /home/airflow/.local/lib/python3.9/site-packages/airflow/example_dags/example_branch_operator_decorator.py
[2022-10-18 21:19:36,216] {processor.py:651} INFO - DAG(s) dict_keys(['example_branch_python_operator_decorator']) retrieved from /home/airflow/.local/lib/python3.9/site-packages/airflow/example_dags/example_branch_operator_decorator.py
[2022-10-18 21:19:36,459] {logging_mixin.py:115} INFO - [2022-10-18 21:19:36,459] {dag.py:2379} INFO - Sync 1 DAGs
[2022-10-18 21:19:36,706] {logging_mixin.py:115} INFO - [2022-10-18 21:19:36,705] {dag.py:2927} INFO - Setting next_dagrun for example_branch_python_operator_decorator to 2022-10-17T00:00:00+00:00, run_after=2022-10-18T00:00:00+00:00
[2022-10-18 21:19:36,813] {processor.py:161} INFO - Processing /home/airflow/.local/lib/python3.9/site-packages/airflow/example_dags/example_branch_operator_decorator.py took 0.954 seconds
[2022-10-18 21:20:07,276] {processor.py:153} INFO - Started process (PID=1362) to work on /home/airflow/.local/lib/python3.9/site-packages/airflow/example_dags/example_branch_operator_decorator.py
[2022-10-18 21:20:07,283] {processor.py:641} INFO - Processing file /home/airflow/.local/lib/python3.9/site-packages/airflow/example_dags/example_branch_operator_decorator.py for tasks to queue
[2022-10-18 21:20:07,286] {logging_mixin.py:115} INFO - [2022-10-18 21:20:07,285] {dagbag.py:507} INFO - Filling up the DagBag from /home/airflow/.local/lib/python3.9/site-packages/airflow/example_dags/example_branch_operator_decorator.py
[2022-10-18 21:20:07,520] {processor.py:651} INFO - DAG(s) dict_keys(['example_branch_python_operator_decorator']) retrieved from /home/airflow/.local/lib/python3.9/site-packages/airflow/example_dags/example_branch_operator_decorator.py
[2022-10-18 21:20:07,766] {logging_mixin.py:115} INFO - [2022-10-18 21:20:07,766] {dag.py:2379} INFO - Sync 1 DAGs
[2022-10-18 21:20:07,951] {logging_mixin.py:115} INFO - [2022-10-18 21:20:07,950] {dag.py:2927} INFO - Setting next_dagrun for example_branch_python_operator_decorator to 2022-10-17T00:00:00+00:00, run_after=2022-10-18T00:00:00+00:00
[2022-10-18 21:20:08,014] {processor.py:161} INFO - Processing /home/airflow/.local/lib/python3.9/site-packages/airflow/example_dags/example_branch_operator_decorator.py took 0.752 seconds
[2022-10-18 21:20:38,270] {processor.py:153} INFO - Started process (PID=1454) to work on /home/airflow/.local/lib/python3.9/site-packages/airflow/example_dags/example_branch_operator_decorator.py
[2022-10-18 21:20:38,273] {processor.py:641} INFO - Processing file /home/airflow/.local/lib/python3.9/site-packages/airflow/example_dags/example_branch_operator_decorator.py for tasks to queue
[2022-10-18 21:20:38,276] {logging_mixin.py:115} INFO - [2022-10-18 21:20:38,275] {dagbag.py:507} INFO - Filling up the DagBag from /home/airflow/.local/lib/python3.9/site-packages/airflow/example_dags/example_branch_operator_decorator.py
[2022-10-18 21:20:38,634] {processor.py:651} INFO - DAG(s) dict_keys(['example_branch_python_operator_decorator']) retrieved from /home/airflow/.local/lib/python3.9/site-packages/airflow/example_dags/example_branch_operator_decorator.py
[2022-10-18 21:20:38,861] {logging_mixin.py:115} INFO - [2022-10-18 21:20:38,861] {dag.py:2379} INFO - Sync 1 DAGs
[2022-10-18 21:20:39,173] {logging_mixin.py:115} INFO - [2022-10-18 21:20:39,158] {dag.py:2927} INFO - Setting next_dagrun for example_branch_python_operator_decorator to 2022-10-17T00:00:00+00:00, run_after=2022-10-18T00:00:00+00:00
[2022-10-18 21:20:39,315] {processor.py:161} INFO - Processing /home/airflow/.local/lib/python3.9/site-packages/airflow/example_dags/example_branch_operator_decorator.py took 1.080 seconds
[2022-10-18 21:21:09,582] {processor.py:153} INFO - Started process (PID=1537) to work on /home/airflow/.local/lib/python3.9/site-packages/airflow/example_dags/example_branch_operator_decorator.py
[2022-10-18 21:21:09,590] {processor.py:641} INFO - Processing file /home/airflow/.local/lib/python3.9/site-packages/airflow/example_dags/example_branch_operator_decorator.py for tasks to queue
[2022-10-18 21:21:09,595] {logging_mixin.py:115} INFO - [2022-10-18 21:21:09,594] {dagbag.py:507} INFO - Filling up the DagBag from /home/airflow/.local/lib/python3.9/site-packages/airflow/example_dags/example_branch_operator_decorator.py
[2022-10-18 21:21:09,774] {processor.py:651} INFO - DAG(s) dict_keys(['example_branch_python_operator_decorator']) retrieved from /home/airflow/.local/lib/python3.9/site-packages/airflow/example_dags/example_branch_operator_decorator.py
[2022-10-18 21:21:10,018] {logging_mixin.py:115} INFO - [2022-10-18 21:21:10,017] {dag.py:2379} INFO - Sync 1 DAGs
[2022-10-18 21:21:10,281] {logging_mixin.py:115} INFO - [2022-10-18 21:21:10,280] {dag.py:2927} INFO - Setting next_dagrun for example_branch_python_operator_decorator to 2022-10-17T00:00:00+00:00, run_after=2022-10-18T00:00:00+00:00
[2022-10-18 21:21:10,411] {processor.py:161} INFO - Processing /home/airflow/.local/lib/python3.9/site-packages/airflow/example_dags/example_branch_operator_decorator.py took 0.842 seconds
[2022-10-18 21:21:40,823] {processor.py:153} INFO - Started process (PID=1632) to work on /home/airflow/.local/lib/python3.9/site-packages/airflow/example_dags/example_branch_operator_decorator.py
[2022-10-18 21:21:40,825] {processor.py:641} INFO - Processing file /home/airflow/.local/lib/python3.9/site-packages/airflow/example_dags/example_branch_operator_decorator.py for tasks to queue
[2022-10-18 21:21:40,829] {logging_mixin.py:115} INFO - [2022-10-18 21:21:40,828] {dagbag.py:507} INFO - Filling up the DagBag from /home/airflow/.local/lib/python3.9/site-packages/airflow/example_dags/example_branch_operator_decorator.py
[2022-10-18 21:21:41,054] {processor.py:651} INFO - DAG(s) dict_keys(['example_branch_python_operator_decorator']) retrieved from /home/airflow/.local/lib/python3.9/site-packages/airflow/example_dags/example_branch_operator_decorator.py
[2022-10-18 21:21:41,275] {logging_mixin.py:115} INFO - [2022-10-18 21:21:41,274] {dag.py:2379} INFO - Sync 1 DAGs
[2022-10-18 21:21:41,442] {logging_mixin.py:115} INFO - [2022-10-18 21:21:41,442] {dag.py:2927} INFO - Setting next_dagrun for example_branch_python_operator_decorator to 2022-10-17T00:00:00+00:00, run_after=2022-10-18T00:00:00+00:00
[2022-10-18 21:21:41,518] {processor.py:161} INFO - Processing /home/airflow/.local/lib/python3.9/site-packages/airflow/example_dags/example_branch_operator_decorator.py took 0.714 seconds
[2022-10-18 21:22:11,916] {processor.py:153} INFO - Started process (PID=1724) to work on /home/airflow/.local/lib/python3.9/site-packages/airflow/example_dags/example_branch_operator_decorator.py
[2022-10-18 21:22:11,923] {processor.py:641} INFO - Processing file /home/airflow/.local/lib/python3.9/site-packages/airflow/example_dags/example_branch_operator_decorator.py for tasks to queue
[2022-10-18 21:22:11,931] {logging_mixin.py:115} INFO - [2022-10-18 21:22:11,930] {dagbag.py:507} INFO - Filling up the DagBag from /home/airflow/.local/lib/python3.9/site-packages/airflow/example_dags/example_branch_operator_decorator.py
[2022-10-18 21:22:12,287] {processor.py:651} INFO - DAG(s) dict_keys(['example_branch_python_operator_decorator']) retrieved from /home/airflow/.local/lib/python3.9/site-packages/airflow/example_dags/example_branch_operator_decorator.py
[2022-10-18 21:22:12,457] {logging_mixin.py:115} INFO - [2022-10-18 21:22:12,457] {dag.py:2379} INFO - Sync 1 DAGs
[2022-10-18 21:22:12,670] {logging_mixin.py:115} INFO - [2022-10-18 21:22:12,669] {dag.py:2927} INFO - Setting next_dagrun for example_branch_python_operator_decorator to 2022-10-17T00:00:00+00:00, run_after=2022-10-18T00:00:00+00:00
[2022-10-18 21:22:12,748] {processor.py:161} INFO - Processing /home/airflow/.local/lib/python3.9/site-packages/airflow/example_dags/example_branch_operator_decorator.py took 0.860 seconds
[2022-10-18 21:22:42,909] {processor.py:153} INFO - Started process (PID=1810) to work on /home/airflow/.local/lib/python3.9/site-packages/airflow/example_dags/example_branch_operator_decorator.py
[2022-10-18 21:22:42,912] {processor.py:641} INFO - Processing file /home/airflow/.local/lib/python3.9/site-packages/airflow/example_dags/example_branch_operator_decorator.py for tasks to queue
[2022-10-18 21:22:42,916] {logging_mixin.py:115} INFO - [2022-10-18 21:22:42,915] {dagbag.py:507} INFO - Filling up the DagBag from /home/airflow/.local/lib/python3.9/site-packages/airflow/example_dags/example_branch_operator_decorator.py
[2022-10-18 21:22:43,060] {processor.py:651} INFO - DAG(s) dict_keys(['example_branch_python_operator_decorator']) retrieved from /home/airflow/.local/lib/python3.9/site-packages/airflow/example_dags/example_branch_operator_decorator.py
[2022-10-18 21:22:43,211] {logging_mixin.py:115} INFO - [2022-10-18 21:22:43,210] {dag.py:2379} INFO - Sync 1 DAGs
[2022-10-18 21:22:43,364] {logging_mixin.py:115} INFO - [2022-10-18 21:22:43,363] {dag.py:2927} INFO - Setting next_dagrun for example_branch_python_operator_decorator to 2022-10-17T00:00:00+00:00, run_after=2022-10-18T00:00:00+00:00
[2022-10-18 21:22:43,455] {processor.py:161} INFO - Processing /home/airflow/.local/lib/python3.9/site-packages/airflow/example_dags/example_branch_operator_decorator.py took 0.570 seconds
[2022-10-18 21:35:41,502] {processor.py:153} INFO - Started process (PID=1888) to work on /home/airflow/.local/lib/python3.9/site-packages/airflow/example_dags/example_branch_operator_decorator.py
[2022-10-18 21:35:41,511] {processor.py:641} INFO - Processing file /home/airflow/.local/lib/python3.9/site-packages/airflow/example_dags/example_branch_operator_decorator.py for tasks to queue
[2022-10-18 21:35:41,517] {logging_mixin.py:115} INFO - [2022-10-18 21:35:41,517] {dagbag.py:507} INFO - Filling up the DagBag from /home/airflow/.local/lib/python3.9/site-packages/airflow/example_dags/example_branch_operator_decorator.py
[2022-10-18 21:35:41,826] {processor.py:651} INFO - DAG(s) dict_keys(['example_branch_python_operator_decorator']) retrieved from /home/airflow/.local/lib/python3.9/site-packages/airflow/example_dags/example_branch_operator_decorator.py
[2022-10-18 21:35:42,248] {logging_mixin.py:115} INFO - [2022-10-18 21:35:42,248] {dag.py:2379} INFO - Sync 1 DAGs
[2022-10-18 21:35:42,722] {logging_mixin.py:115} INFO - [2022-10-18 21:35:42,712] {dag.py:2927} INFO - Setting next_dagrun for example_branch_python_operator_decorator to 2022-10-17T00:00:00+00:00, run_after=2022-10-18T00:00:00+00:00
[2022-10-18 21:35:42,912] {processor.py:161} INFO - Processing /home/airflow/.local/lib/python3.9/site-packages/airflow/example_dags/example_branch_operator_decorator.py took 1.429 seconds
[2022-10-18 21:36:13,624] {processor.py:153} INFO - Started process (PID=1984) to work on /home/airflow/.local/lib/python3.9/site-packages/airflow/example_dags/example_branch_operator_decorator.py
[2022-10-18 21:36:13,630] {processor.py:641} INFO - Processing file /home/airflow/.local/lib/python3.9/site-packages/airflow/example_dags/example_branch_operator_decorator.py for tasks to queue
[2022-10-18 21:36:13,633] {logging_mixin.py:115} INFO - [2022-10-18 21:36:13,633] {dagbag.py:507} INFO - Filling up the DagBag from /home/airflow/.local/lib/python3.9/site-packages/airflow/example_dags/example_branch_operator_decorator.py
[2022-10-18 21:36:14,103] {processor.py:651} INFO - DAG(s) dict_keys(['example_branch_python_operator_decorator']) retrieved from /home/airflow/.local/lib/python3.9/site-packages/airflow/example_dags/example_branch_operator_decorator.py
[2022-10-18 21:36:14,362] {logging_mixin.py:115} INFO - [2022-10-18 21:36:14,361] {dag.py:2379} INFO - Sync 1 DAGs
[2022-10-18 21:36:14,683] {logging_mixin.py:115} INFO - [2022-10-18 21:36:14,681] {dag.py:2927} INFO - Setting next_dagrun for example_branch_python_operator_decorator to 2022-10-17T00:00:00+00:00, run_after=2022-10-18T00:00:00+00:00
[2022-10-18 21:36:14,872] {processor.py:161} INFO - Processing /home/airflow/.local/lib/python3.9/site-packages/airflow/example_dags/example_branch_operator_decorator.py took 1.265 seconds
[2022-10-18 21:36:45,699] {processor.py:153} INFO - Started process (PID=2080) to work on /home/airflow/.local/lib/python3.9/site-packages/airflow/example_dags/example_branch_operator_decorator.py
[2022-10-18 21:36:45,705] {processor.py:641} INFO - Processing file /home/airflow/.local/lib/python3.9/site-packages/airflow/example_dags/example_branch_operator_decorator.py for tasks to queue
[2022-10-18 21:36:45,712] {logging_mixin.py:115} INFO - [2022-10-18 21:36:45,710] {dagbag.py:507} INFO - Filling up the DagBag from /home/airflow/.local/lib/python3.9/site-packages/airflow/example_dags/example_branch_operator_decorator.py
[2022-10-18 21:36:46,049] {processor.py:651} INFO - DAG(s) dict_keys(['example_branch_python_operator_decorator']) retrieved from /home/airflow/.local/lib/python3.9/site-packages/airflow/example_dags/example_branch_operator_decorator.py
[2022-10-18 21:36:46,412] {logging_mixin.py:115} INFO - [2022-10-18 21:36:46,412] {dag.py:2379} INFO - Sync 1 DAGs
[2022-10-18 21:36:46,796] {logging_mixin.py:115} INFO - [2022-10-18 21:36:46,795] {dag.py:2927} INFO - Setting next_dagrun for example_branch_python_operator_decorator to 2022-10-17T00:00:00+00:00, run_after=2022-10-18T00:00:00+00:00
[2022-10-18 21:36:46,987] {processor.py:161} INFO - Processing /home/airflow/.local/lib/python3.9/site-packages/airflow/example_dags/example_branch_operator_decorator.py took 1.316 seconds
[2022-10-18 21:37:17,284] {processor.py:153} INFO - Started process (PID=2160) to work on /home/airflow/.local/lib/python3.9/site-packages/airflow/example_dags/example_branch_operator_decorator.py
[2022-10-18 21:37:17,288] {processor.py:641} INFO - Processing file /home/airflow/.local/lib/python3.9/site-packages/airflow/example_dags/example_branch_operator_decorator.py for tasks to queue
[2022-10-18 21:37:17,294] {logging_mixin.py:115} INFO - [2022-10-18 21:37:17,293] {dagbag.py:507} INFO - Filling up the DagBag from /home/airflow/.local/lib/python3.9/site-packages/airflow/example_dags/example_branch_operator_decorator.py
[2022-10-18 21:37:17,527] {processor.py:651} INFO - DAG(s) dict_keys(['example_branch_python_operator_decorator']) retrieved from /home/airflow/.local/lib/python3.9/site-packages/airflow/example_dags/example_branch_operator_decorator.py
[2022-10-18 21:37:17,736] {logging_mixin.py:115} INFO - [2022-10-18 21:37:17,735] {dag.py:2379} INFO - Sync 1 DAGs
[2022-10-18 21:37:18,050] {logging_mixin.py:115} INFO - [2022-10-18 21:37:18,049] {dag.py:2927} INFO - Setting next_dagrun for example_branch_python_operator_decorator to 2022-10-17T00:00:00+00:00, run_after=2022-10-18T00:00:00+00:00
[2022-10-18 21:37:18,181] {processor.py:161} INFO - Processing /home/airflow/.local/lib/python3.9/site-packages/airflow/example_dags/example_branch_operator_decorator.py took 0.913 seconds
[2022-10-18 21:37:48,674] {processor.py:153} INFO - Started process (PID=2255) to work on /home/airflow/.local/lib/python3.9/site-packages/airflow/example_dags/example_branch_operator_decorator.py
[2022-10-18 21:37:48,680] {processor.py:641} INFO - Processing file /home/airflow/.local/lib/python3.9/site-packages/airflow/example_dags/example_branch_operator_decorator.py for tasks to queue
[2022-10-18 21:37:48,687] {logging_mixin.py:115} INFO - [2022-10-18 21:37:48,687] {dagbag.py:507} INFO - Filling up the DagBag from /home/airflow/.local/lib/python3.9/site-packages/airflow/example_dags/example_branch_operator_decorator.py
[2022-10-18 21:37:49,063] {processor.py:651} INFO - DAG(s) dict_keys(['example_branch_python_operator_decorator']) retrieved from /home/airflow/.local/lib/python3.9/site-packages/airflow/example_dags/example_branch_operator_decorator.py
[2022-10-18 21:37:49,303] {logging_mixin.py:115} INFO - [2022-10-18 21:37:49,303] {dag.py:2379} INFO - Sync 1 DAGs
[2022-10-18 21:37:49,558] {logging_mixin.py:115} INFO - [2022-10-18 21:37:49,558] {dag.py:2927} INFO - Setting next_dagrun for example_branch_python_operator_decorator to 2022-10-17T00:00:00+00:00, run_after=2022-10-18T00:00:00+00:00
[2022-10-18 21:37:49,676] {processor.py:161} INFO - Processing /home/airflow/.local/lib/python3.9/site-packages/airflow/example_dags/example_branch_operator_decorator.py took 1.024 seconds
[2022-10-18 21:38:20,623] {processor.py:153} INFO - Started process (PID=2337) to work on /home/airflow/.local/lib/python3.9/site-packages/airflow/example_dags/example_branch_operator_decorator.py
[2022-10-18 21:38:20,630] {processor.py:641} INFO - Processing file /home/airflow/.local/lib/python3.9/site-packages/airflow/example_dags/example_branch_operator_decorator.py for tasks to queue
[2022-10-18 21:38:20,643] {logging_mixin.py:115} INFO - [2022-10-18 21:38:20,639] {dagbag.py:507} INFO - Filling up the DagBag from /home/airflow/.local/lib/python3.9/site-packages/airflow/example_dags/example_branch_operator_decorator.py
[2022-10-18 21:38:20,809] {processor.py:651} INFO - DAG(s) dict_keys(['example_branch_python_operator_decorator']) retrieved from /home/airflow/.local/lib/python3.9/site-packages/airflow/example_dags/example_branch_operator_decorator.py
[2022-10-18 21:38:21,004] {logging_mixin.py:115} INFO - [2022-10-18 21:38:21,004] {dag.py:2379} INFO - Sync 1 DAGs
[2022-10-18 21:38:21,281] {logging_mixin.py:115} INFO - [2022-10-18 21:38:21,280] {dag.py:2927} INFO - Setting next_dagrun for example_branch_python_operator_decorator to 2022-10-17T00:00:00+00:00, run_after=2022-10-18T00:00:00+00:00
[2022-10-18 21:38:21,377] {processor.py:161} INFO - Processing /home/airflow/.local/lib/python3.9/site-packages/airflow/example_dags/example_branch_operator_decorator.py took 0.789 seconds
[2022-10-18 21:38:51,696] {processor.py:153} INFO - Started process (PID=2433) to work on /home/airflow/.local/lib/python3.9/site-packages/airflow/example_dags/example_branch_operator_decorator.py
[2022-10-18 21:38:51,709] {processor.py:641} INFO - Processing file /home/airflow/.local/lib/python3.9/site-packages/airflow/example_dags/example_branch_operator_decorator.py for tasks to queue
[2022-10-18 21:38:51,729] {logging_mixin.py:115} INFO - [2022-10-18 21:38:51,724] {dagbag.py:507} INFO - Filling up the DagBag from /home/airflow/.local/lib/python3.9/site-packages/airflow/example_dags/example_branch_operator_decorator.py
[2022-10-18 21:38:52,076] {processor.py:651} INFO - DAG(s) dict_keys(['example_branch_python_operator_decorator']) retrieved from /home/airflow/.local/lib/python3.9/site-packages/airflow/example_dags/example_branch_operator_decorator.py
[2022-10-18 21:38:52,399] {logging_mixin.py:115} INFO - [2022-10-18 21:38:52,398] {dag.py:2379} INFO - Sync 1 DAGs
[2022-10-18 21:38:52,801] {logging_mixin.py:115} INFO - [2022-10-18 21:38:52,801] {dag.py:2927} INFO - Setting next_dagrun for example_branch_python_operator_decorator to 2022-10-17T00:00:00+00:00, run_after=2022-10-18T00:00:00+00:00
[2022-10-18 21:38:52,936] {processor.py:161} INFO - Processing /home/airflow/.local/lib/python3.9/site-packages/airflow/example_dags/example_branch_operator_decorator.py took 1.278 seconds
[2022-10-18 21:39:23,396] {processor.py:153} INFO - Started process (PID=2529) to work on /home/airflow/.local/lib/python3.9/site-packages/airflow/example_dags/example_branch_operator_decorator.py
[2022-10-18 21:39:23,409] {processor.py:641} INFO - Processing file /home/airflow/.local/lib/python3.9/site-packages/airflow/example_dags/example_branch_operator_decorator.py for tasks to queue
[2022-10-18 21:39:23,413] {logging_mixin.py:115} INFO - [2022-10-18 21:39:23,413] {dagbag.py:507} INFO - Filling up the DagBag from /home/airflow/.local/lib/python3.9/site-packages/airflow/example_dags/example_branch_operator_decorator.py
[2022-10-18 21:39:23,740] {processor.py:651} INFO - DAG(s) dict_keys(['example_branch_python_operator_decorator']) retrieved from /home/airflow/.local/lib/python3.9/site-packages/airflow/example_dags/example_branch_operator_decorator.py
[2022-10-18 21:39:24,006] {logging_mixin.py:115} INFO - [2022-10-18 21:39:24,005] {dag.py:2379} INFO - Sync 1 DAGs
[2022-10-18 21:39:24,279] {logging_mixin.py:115} INFO - [2022-10-18 21:39:24,279] {dag.py:2927} INFO - Setting next_dagrun for example_branch_python_operator_decorator to 2022-10-17T00:00:00+00:00, run_after=2022-10-18T00:00:00+00:00
[2022-10-18 21:39:24,414] {processor.py:161} INFO - Processing /home/airflow/.local/lib/python3.9/site-packages/airflow/example_dags/example_branch_operator_decorator.py took 1.055 seconds
[2022-10-18 21:39:54,641] {processor.py:153} INFO - Started process (PID=2611) to work on /home/airflow/.local/lib/python3.9/site-packages/airflow/example_dags/example_branch_operator_decorator.py
[2022-10-18 21:39:54,649] {processor.py:641} INFO - Processing file /home/airflow/.local/lib/python3.9/site-packages/airflow/example_dags/example_branch_operator_decorator.py for tasks to queue
[2022-10-18 21:39:54,665] {logging_mixin.py:115} INFO - [2022-10-18 21:39:54,665] {dagbag.py:507} INFO - Filling up the DagBag from /home/airflow/.local/lib/python3.9/site-packages/airflow/example_dags/example_branch_operator_decorator.py
[2022-10-18 21:39:54,956] {processor.py:651} INFO - DAG(s) dict_keys(['example_branch_python_operator_decorator']) retrieved from /home/airflow/.local/lib/python3.9/site-packages/airflow/example_dags/example_branch_operator_decorator.py
[2022-10-18 21:39:55,272] {logging_mixin.py:115} INFO - [2022-10-18 21:39:55,271] {dag.py:2379} INFO - Sync 1 DAGs
[2022-10-18 21:39:55,739] {logging_mixin.py:115} INFO - [2022-10-18 21:39:55,738] {dag.py:2927} INFO - Setting next_dagrun for example_branch_python_operator_decorator to 2022-10-17T00:00:00+00:00, run_after=2022-10-18T00:00:00+00:00
[2022-10-18 21:39:55,853] {processor.py:161} INFO - Processing /home/airflow/.local/lib/python3.9/site-packages/airflow/example_dags/example_branch_operator_decorator.py took 1.244 seconds
[2022-10-18 21:40:26,109] {processor.py:153} INFO - Started process (PID=2706) to work on /home/airflow/.local/lib/python3.9/site-packages/airflow/example_dags/example_branch_operator_decorator.py
[2022-10-18 21:40:26,121] {processor.py:641} INFO - Processing file /home/airflow/.local/lib/python3.9/site-packages/airflow/example_dags/example_branch_operator_decorator.py for tasks to queue
[2022-10-18 21:40:26,133] {logging_mixin.py:115} INFO - [2022-10-18 21:40:26,133] {dagbag.py:507} INFO - Filling up the DagBag from /home/airflow/.local/lib/python3.9/site-packages/airflow/example_dags/example_branch_operator_decorator.py
[2022-10-18 21:40:26,442] {processor.py:651} INFO - DAG(s) dict_keys(['example_branch_python_operator_decorator']) retrieved from /home/airflow/.local/lib/python3.9/site-packages/airflow/example_dags/example_branch_operator_decorator.py
[2022-10-18 21:40:26,718] {logging_mixin.py:115} INFO - [2022-10-18 21:40:26,715] {dag.py:2379} INFO - Sync 1 DAGs
[2022-10-18 21:40:27,043] {logging_mixin.py:115} INFO - [2022-10-18 21:40:27,031] {dag.py:2927} INFO - Setting next_dagrun for example_branch_python_operator_decorator to 2022-10-17T00:00:00+00:00, run_after=2022-10-18T00:00:00+00:00
[2022-10-18 21:40:27,141] {processor.py:161} INFO - Processing /home/airflow/.local/lib/python3.9/site-packages/airflow/example_dags/example_branch_operator_decorator.py took 1.047 seconds
[2022-10-18 21:40:57,641] {processor.py:153} INFO - Started process (PID=2792) to work on /home/airflow/.local/lib/python3.9/site-packages/airflow/example_dags/example_branch_operator_decorator.py
[2022-10-18 21:40:57,644] {processor.py:641} INFO - Processing file /home/airflow/.local/lib/python3.9/site-packages/airflow/example_dags/example_branch_operator_decorator.py for tasks to queue
[2022-10-18 21:40:57,650] {logging_mixin.py:115} INFO - [2022-10-18 21:40:57,650] {dagbag.py:507} INFO - Filling up the DagBag from /home/airflow/.local/lib/python3.9/site-packages/airflow/example_dags/example_branch_operator_decorator.py
[2022-10-18 21:40:57,823] {processor.py:651} INFO - DAG(s) dict_keys(['example_branch_python_operator_decorator']) retrieved from /home/airflow/.local/lib/python3.9/site-packages/airflow/example_dags/example_branch_operator_decorator.py
[2022-10-18 21:40:58,102] {logging_mixin.py:115} INFO - [2022-10-18 21:40:58,101] {dag.py:2379} INFO - Sync 1 DAGs
[2022-10-18 21:40:58,356] {logging_mixin.py:115} INFO - [2022-10-18 21:40:58,355] {dag.py:2927} INFO - Setting next_dagrun for example_branch_python_operator_decorator to 2022-10-17T00:00:00+00:00, run_after=2022-10-18T00:00:00+00:00
[2022-10-18 21:40:58,439] {processor.py:161} INFO - Processing /home/airflow/.local/lib/python3.9/site-packages/airflow/example_dags/example_branch_operator_decorator.py took 0.819 seconds
[2022-10-18 21:41:28,972] {processor.py:153} INFO - Started process (PID=2884) to work on /home/airflow/.local/lib/python3.9/site-packages/airflow/example_dags/example_branch_operator_decorator.py
[2022-10-18 21:41:28,985] {processor.py:641} INFO - Processing file /home/airflow/.local/lib/python3.9/site-packages/airflow/example_dags/example_branch_operator_decorator.py for tasks to queue
[2022-10-18 21:41:28,990] {logging_mixin.py:115} INFO - [2022-10-18 21:41:28,989] {dagbag.py:507} INFO - Filling up the DagBag from /home/airflow/.local/lib/python3.9/site-packages/airflow/example_dags/example_branch_operator_decorator.py
[2022-10-18 21:41:29,320] {processor.py:651} INFO - DAG(s) dict_keys(['example_branch_python_operator_decorator']) retrieved from /home/airflow/.local/lib/python3.9/site-packages/airflow/example_dags/example_branch_operator_decorator.py
[2022-10-18 21:41:29,668] {logging_mixin.py:115} INFO - [2022-10-18 21:41:29,667] {dag.py:2379} INFO - Sync 1 DAGs
[2022-10-18 21:41:29,992] {logging_mixin.py:115} INFO - [2022-10-18 21:41:29,991] {dag.py:2927} INFO - Setting next_dagrun for example_branch_python_operator_decorator to 2022-10-17T00:00:00+00:00, run_after=2022-10-18T00:00:00+00:00
[2022-10-18 21:41:30,112] {processor.py:161} INFO - Processing /home/airflow/.local/lib/python3.9/site-packages/airflow/example_dags/example_branch_operator_decorator.py took 1.149 seconds
[2022-10-18 21:42:00,256] {processor.py:153} INFO - Started process (PID=2970) to work on /home/airflow/.local/lib/python3.9/site-packages/airflow/example_dags/example_branch_operator_decorator.py
[2022-10-18 21:42:00,265] {processor.py:641} INFO - Processing file /home/airflow/.local/lib/python3.9/site-packages/airflow/example_dags/example_branch_operator_decorator.py for tasks to queue
[2022-10-18 21:42:00,269] {logging_mixin.py:115} INFO - [2022-10-18 21:42:00,268] {dagbag.py:507} INFO - Filling up the DagBag from /home/airflow/.local/lib/python3.9/site-packages/airflow/example_dags/example_branch_operator_decorator.py
[2022-10-18 21:42:00,466] {processor.py:651} INFO - DAG(s) dict_keys(['example_branch_python_operator_decorator']) retrieved from /home/airflow/.local/lib/python3.9/site-packages/airflow/example_dags/example_branch_operator_decorator.py
[2022-10-18 21:42:00,610] {logging_mixin.py:115} INFO - [2022-10-18 21:42:00,609] {dag.py:2379} INFO - Sync 1 DAGs
[2022-10-18 21:42:00,789] {logging_mixin.py:115} INFO - [2022-10-18 21:42:00,789] {dag.py:2927} INFO - Setting next_dagrun for example_branch_python_operator_decorator to 2022-10-17T00:00:00+00:00, run_after=2022-10-18T00:00:00+00:00
[2022-10-18 21:42:00,839] {processor.py:161} INFO - Processing /home/airflow/.local/lib/python3.9/site-packages/airflow/example_dags/example_branch_operator_decorator.py took 0.596 seconds
[2022-10-18 21:42:31,334] {processor.py:153} INFO - Started process (PID=3061) to work on /home/airflow/.local/lib/python3.9/site-packages/airflow/example_dags/example_branch_operator_decorator.py
[2022-10-18 21:42:31,339] {processor.py:641} INFO - Processing file /home/airflow/.local/lib/python3.9/site-packages/airflow/example_dags/example_branch_operator_decorator.py for tasks to queue
[2022-10-18 21:42:31,344] {logging_mixin.py:115} INFO - [2022-10-18 21:42:31,343] {dagbag.py:507} INFO - Filling up the DagBag from /home/airflow/.local/lib/python3.9/site-packages/airflow/example_dags/example_branch_operator_decorator.py
[2022-10-18 21:42:31,537] {processor.py:651} INFO - DAG(s) dict_keys(['example_branch_python_operator_decorator']) retrieved from /home/airflow/.local/lib/python3.9/site-packages/airflow/example_dags/example_branch_operator_decorator.py
[2022-10-18 21:42:31,748] {logging_mixin.py:115} INFO - [2022-10-18 21:42:31,747] {dag.py:2379} INFO - Sync 1 DAGs
[2022-10-18 21:42:32,068] {logging_mixin.py:115} INFO - [2022-10-18 21:42:32,067] {dag.py:2927} INFO - Setting next_dagrun for example_branch_python_operator_decorator to 2022-10-17T00:00:00+00:00, run_after=2022-10-18T00:00:00+00:00
[2022-10-18 21:42:32,162] {processor.py:161} INFO - Processing /home/airflow/.local/lib/python3.9/site-packages/airflow/example_dags/example_branch_operator_decorator.py took 0.862 seconds
[2022-10-18 21:43:02,493] {processor.py:153} INFO - Started process (PID=3158) to work on /home/airflow/.local/lib/python3.9/site-packages/airflow/example_dags/example_branch_operator_decorator.py
[2022-10-18 21:43:02,502] {processor.py:641} INFO - Processing file /home/airflow/.local/lib/python3.9/site-packages/airflow/example_dags/example_branch_operator_decorator.py for tasks to queue
[2022-10-18 21:43:02,507] {logging_mixin.py:115} INFO - [2022-10-18 21:43:02,506] {dagbag.py:507} INFO - Filling up the DagBag from /home/airflow/.local/lib/python3.9/site-packages/airflow/example_dags/example_branch_operator_decorator.py
[2022-10-18 21:43:02,697] {processor.py:651} INFO - DAG(s) dict_keys(['example_branch_python_operator_decorator']) retrieved from /home/airflow/.local/lib/python3.9/site-packages/airflow/example_dags/example_branch_operator_decorator.py
[2022-10-18 21:43:02,879] {logging_mixin.py:115} INFO - [2022-10-18 21:43:02,878] {dag.py:2379} INFO - Sync 1 DAGs
[2022-10-18 21:43:03,074] {logging_mixin.py:115} INFO - [2022-10-18 21:43:03,073] {dag.py:2927} INFO - Setting next_dagrun for example_branch_python_operator_decorator to 2022-10-17T00:00:00+00:00, run_after=2022-10-18T00:00:00+00:00
[2022-10-18 21:43:03,166] {processor.py:161} INFO - Processing /home/airflow/.local/lib/python3.9/site-packages/airflow/example_dags/example_branch_operator_decorator.py took 0.688 seconds
[2022-10-18 21:43:33,471] {processor.py:153} INFO - Started process (PID=3240) to work on /home/airflow/.local/lib/python3.9/site-packages/airflow/example_dags/example_branch_operator_decorator.py
[2022-10-18 21:43:33,475] {processor.py:641} INFO - Processing file /home/airflow/.local/lib/python3.9/site-packages/airflow/example_dags/example_branch_operator_decorator.py for tasks to queue
[2022-10-18 21:43:33,478] {logging_mixin.py:115} INFO - [2022-10-18 21:43:33,477] {dagbag.py:507} INFO - Filling up the DagBag from /home/airflow/.local/lib/python3.9/site-packages/airflow/example_dags/example_branch_operator_decorator.py
[2022-10-18 21:43:33,661] {processor.py:651} INFO - DAG(s) dict_keys(['example_branch_python_operator_decorator']) retrieved from /home/airflow/.local/lib/python3.9/site-packages/airflow/example_dags/example_branch_operator_decorator.py
[2022-10-18 21:43:33,775] {logging_mixin.py:115} INFO - [2022-10-18 21:43:33,774] {dag.py:2379} INFO - Sync 1 DAGs
[2022-10-18 21:43:33,882] {logging_mixin.py:115} INFO - [2022-10-18 21:43:33,882] {dag.py:2927} INFO - Setting next_dagrun for example_branch_python_operator_decorator to 2022-10-17T00:00:00+00:00, run_after=2022-10-18T00:00:00+00:00
[2022-10-18 21:43:33,923] {processor.py:161} INFO - Processing /home/airflow/.local/lib/python3.9/site-packages/airflow/example_dags/example_branch_operator_decorator.py took 0.466 seconds
[2022-10-18 21:44:04,453] {processor.py:153} INFO - Started process (PID=3335) to work on /home/airflow/.local/lib/python3.9/site-packages/airflow/example_dags/example_branch_operator_decorator.py
[2022-10-18 21:44:04,456] {processor.py:641} INFO - Processing file /home/airflow/.local/lib/python3.9/site-packages/airflow/example_dags/example_branch_operator_decorator.py for tasks to queue
[2022-10-18 21:44:04,461] {logging_mixin.py:115} INFO - [2022-10-18 21:44:04,460] {dagbag.py:507} INFO - Filling up the DagBag from /home/airflow/.local/lib/python3.9/site-packages/airflow/example_dags/example_branch_operator_decorator.py
[2022-10-18 21:44:04,673] {processor.py:651} INFO - DAG(s) dict_keys(['example_branch_python_operator_decorator']) retrieved from /home/airflow/.local/lib/python3.9/site-packages/airflow/example_dags/example_branch_operator_decorator.py
[2022-10-18 21:44:04,874] {logging_mixin.py:115} INFO - [2022-10-18 21:44:04,873] {dag.py:2379} INFO - Sync 1 DAGs
[2022-10-18 21:44:05,121] {logging_mixin.py:115} INFO - [2022-10-18 21:44:05,120] {dag.py:2927} INFO - Setting next_dagrun for example_branch_python_operator_decorator to 2022-10-17T00:00:00+00:00, run_after=2022-10-18T00:00:00+00:00
[2022-10-18 21:44:05,258] {processor.py:161} INFO - Processing /home/airflow/.local/lib/python3.9/site-packages/airflow/example_dags/example_branch_operator_decorator.py took 0.833 seconds
[2022-10-18 21:44:35,525] {processor.py:153} INFO - Started process (PID=3417) to work on /home/airflow/.local/lib/python3.9/site-packages/airflow/example_dags/example_branch_operator_decorator.py
[2022-10-18 21:44:35,529] {processor.py:641} INFO - Processing file /home/airflow/.local/lib/python3.9/site-packages/airflow/example_dags/example_branch_operator_decorator.py for tasks to queue
[2022-10-18 21:44:35,544] {logging_mixin.py:115} INFO - [2022-10-18 21:44:35,543] {dagbag.py:507} INFO - Filling up the DagBag from /home/airflow/.local/lib/python3.9/site-packages/airflow/example_dags/example_branch_operator_decorator.py
[2022-10-18 21:44:35,944] {processor.py:651} INFO - DAG(s) dict_keys(['example_branch_python_operator_decorator']) retrieved from /home/airflow/.local/lib/python3.9/site-packages/airflow/example_dags/example_branch_operator_decorator.py
[2022-10-18 21:44:36,205] {logging_mixin.py:115} INFO - [2022-10-18 21:44:36,204] {dag.py:2379} INFO - Sync 1 DAGs
[2022-10-18 21:44:36,657] {logging_mixin.py:115} INFO - [2022-10-18 21:44:36,656] {dag.py:2927} INFO - Setting next_dagrun for example_branch_python_operator_decorator to 2022-10-17T00:00:00+00:00, run_after=2022-10-18T00:00:00+00:00
[2022-10-18 21:44:36,782] {processor.py:161} INFO - Processing /home/airflow/.local/lib/python3.9/site-packages/airflow/example_dags/example_branch_operator_decorator.py took 1.286 seconds
[2022-10-18 21:45:07,243] {processor.py:153} INFO - Started process (PID=3511) to work on /home/airflow/.local/lib/python3.9/site-packages/airflow/example_dags/example_branch_operator_decorator.py
[2022-10-18 21:45:07,251] {processor.py:641} INFO - Processing file /home/airflow/.local/lib/python3.9/site-packages/airflow/example_dags/example_branch_operator_decorator.py for tasks to queue
[2022-10-18 21:45:07,256] {logging_mixin.py:115} INFO - [2022-10-18 21:45:07,256] {dagbag.py:507} INFO - Filling up the DagBag from /home/airflow/.local/lib/python3.9/site-packages/airflow/example_dags/example_branch_operator_decorator.py
[2022-10-18 21:45:07,821] {processor.py:651} INFO - DAG(s) dict_keys(['example_branch_python_operator_decorator']) retrieved from /home/airflow/.local/lib/python3.9/site-packages/airflow/example_dags/example_branch_operator_decorator.py
[2022-10-18 21:45:08,129] {logging_mixin.py:115} INFO - [2022-10-18 21:45:08,129] {dag.py:2379} INFO - Sync 1 DAGs
[2022-10-18 21:45:08,444] {logging_mixin.py:115} INFO - [2022-10-18 21:45:08,443] {dag.py:2927} INFO - Setting next_dagrun for example_branch_python_operator_decorator to 2022-10-17T00:00:00+00:00, run_after=2022-10-18T00:00:00+00:00
[2022-10-18 21:45:08,570] {processor.py:161} INFO - Processing /home/airflow/.local/lib/python3.9/site-packages/airflow/example_dags/example_branch_operator_decorator.py took 1.362 seconds
[2022-10-18 21:45:40,078] {processor.py:153} INFO - Started process (PID=3594) to work on /home/airflow/.local/lib/python3.9/site-packages/airflow/example_dags/example_branch_operator_decorator.py
[2022-10-18 21:45:40,088] {processor.py:641} INFO - Processing file /home/airflow/.local/lib/python3.9/site-packages/airflow/example_dags/example_branch_operator_decorator.py for tasks to queue
[2022-10-18 21:45:40,095] {logging_mixin.py:115} INFO - [2022-10-18 21:45:40,094] {dagbag.py:507} INFO - Filling up the DagBag from /home/airflow/.local/lib/python3.9/site-packages/airflow/example_dags/example_branch_operator_decorator.py
[2022-10-18 21:45:40,854] {processor.py:651} INFO - DAG(s) dict_keys(['example_branch_python_operator_decorator']) retrieved from /home/airflow/.local/lib/python3.9/site-packages/airflow/example_dags/example_branch_operator_decorator.py
[2022-10-18 21:45:41,612] {logging_mixin.py:115} INFO - [2022-10-18 21:45:41,612] {dag.py:2379} INFO - Sync 1 DAGs
[2022-10-18 21:45:42,169] {logging_mixin.py:115} INFO - [2022-10-18 21:45:42,168] {dag.py:2927} INFO - Setting next_dagrun for example_branch_python_operator_decorator to 2022-10-17T00:00:00+00:00, run_after=2022-10-18T00:00:00+00:00
[2022-10-18 21:45:42,355] {processor.py:161} INFO - Processing /home/airflow/.local/lib/python3.9/site-packages/airflow/example_dags/example_branch_operator_decorator.py took 2.359 seconds
[2022-10-18 21:46:24,435] {processor.py:153} INFO - Started process (PID=3708) to work on /home/airflow/.local/lib/python3.9/site-packages/airflow/example_dags/example_branch_operator_decorator.py
[2022-10-18 21:46:24,455] {processor.py:641} INFO - Processing file /home/airflow/.local/lib/python3.9/site-packages/airflow/example_dags/example_branch_operator_decorator.py for tasks to queue
[2022-10-18 21:46:24,459] {logging_mixin.py:115} INFO - [2022-10-18 21:46:24,459] {dagbag.py:507} INFO - Filling up the DagBag from /home/airflow/.local/lib/python3.9/site-packages/airflow/example_dags/example_branch_operator_decorator.py
[2022-10-18 21:46:25,293] {processor.py:651} INFO - DAG(s) dict_keys(['example_branch_python_operator_decorator']) retrieved from /home/airflow/.local/lib/python3.9/site-packages/airflow/example_dags/example_branch_operator_decorator.py
[2022-10-18 21:46:25,850] {logging_mixin.py:115} INFO - [2022-10-18 21:46:25,850] {dag.py:2379} INFO - Sync 1 DAGs
[2022-10-18 21:46:26,353] {logging_mixin.py:115} INFO - [2022-10-18 21:46:26,353] {dag.py:2927} INFO - Setting next_dagrun for example_branch_python_operator_decorator to 2022-10-17T00:00:00+00:00, run_after=2022-10-18T00:00:00+00:00
[2022-10-18 21:46:26,622] {processor.py:161} INFO - Processing /home/airflow/.local/lib/python3.9/site-packages/airflow/example_dags/example_branch_operator_decorator.py took 2.257 seconds
[2022-10-18 21:47:14,781] {processor.py:153} INFO - Started process (PID=3811) to work on /home/airflow/.local/lib/python3.9/site-packages/airflow/example_dags/example_branch_operator_decorator.py
[2022-10-18 21:47:14,794] {processor.py:641} INFO - Processing file /home/airflow/.local/lib/python3.9/site-packages/airflow/example_dags/example_branch_operator_decorator.py for tasks to queue
[2022-10-18 21:47:14,803] {logging_mixin.py:115} INFO - [2022-10-18 21:47:14,802] {dagbag.py:507} INFO - Filling up the DagBag from /home/airflow/.local/lib/python3.9/site-packages/airflow/example_dags/example_branch_operator_decorator.py
[2022-10-18 21:47:15,717] {processor.py:651} INFO - DAG(s) dict_keys(['example_branch_python_operator_decorator']) retrieved from /home/airflow/.local/lib/python3.9/site-packages/airflow/example_dags/example_branch_operator_decorator.py
[2022-10-18 21:47:16,635] {logging_mixin.py:115} INFO - [2022-10-18 21:47:16,635] {dag.py:2379} INFO - Sync 1 DAGs
[2022-10-18 21:47:17,545] {logging_mixin.py:115} INFO - [2022-10-18 21:47:17,544] {dag.py:2927} INFO - Setting next_dagrun for example_branch_python_operator_decorator to 2022-10-17T00:00:00+00:00, run_after=2022-10-18T00:00:00+00:00
[2022-10-18 21:47:17,849] {processor.py:161} INFO - Processing /home/airflow/.local/lib/python3.9/site-packages/airflow/example_dags/example_branch_operator_decorator.py took 3.140 seconds
