[2022-10-18 21:13:25,558] {processor.py:153} INFO - Started process (PID=235) to work on /home/airflow/.local/lib/python3.9/site-packages/airflow/example_dags/example_branch_day_of_week_operator.py
[2022-10-18 21:13:25,571] {processor.py:641} INFO - Processing file /home/airflow/.local/lib/python3.9/site-packages/airflow/example_dags/example_branch_day_of_week_operator.py for tasks to queue
[2022-10-18 21:13:25,578] {logging_mixin.py:115} INFO - [2022-10-18 21:13:25,577] {dagbag.py:507} INFO - Filling up the DagBag from /home/airflow/.local/lib/python3.9/site-packages/airflow/example_dags/example_branch_day_of_week_operator.py
[2022-10-18 21:13:25,796] {processor.py:651} INFO - DAG(s) dict_keys(['example_weekday_branch_operator']) retrieved from /home/airflow/.local/lib/python3.9/site-packages/airflow/example_dags/example_branch_day_of_week_operator.py
[2022-10-18 21:13:26,253] {logging_mixin.py:115} INFO - [2022-10-18 21:13:26,250] {dag.py:2379} INFO - Sync 1 DAGs
[2022-10-18 21:13:26,774] {logging_mixin.py:115} INFO - [2022-10-18 21:13:26,773] {dag.py:2927} INFO - Setting next_dagrun for example_weekday_branch_operator to 2022-10-17T00:00:00+00:00, run_after=2022-10-18T00:00:00+00:00
[2022-10-18 21:13:26,950] {processor.py:161} INFO - Processing /home/airflow/.local/lib/python3.9/site-packages/airflow/example_dags/example_branch_day_of_week_operator.py took 1.415 seconds
[2022-10-18 21:13:57,145] {processor.py:153} INFO - Started process (PID=325) to work on /home/airflow/.local/lib/python3.9/site-packages/airflow/example_dags/example_branch_day_of_week_operator.py
[2022-10-18 21:13:57,149] {processor.py:641} INFO - Processing file /home/airflow/.local/lib/python3.9/site-packages/airflow/example_dags/example_branch_day_of_week_operator.py for tasks to queue
[2022-10-18 21:13:57,170] {logging_mixin.py:115} INFO - [2022-10-18 21:13:57,157] {dagbag.py:507} INFO - Filling up the DagBag from /home/airflow/.local/lib/python3.9/site-packages/airflow/example_dags/example_branch_day_of_week_operator.py
[2022-10-18 21:13:57,307] {processor.py:651} INFO - DAG(s) dict_keys(['example_weekday_branch_operator']) retrieved from /home/airflow/.local/lib/python3.9/site-packages/airflow/example_dags/example_branch_day_of_week_operator.py
[2022-10-18 21:13:57,549] {logging_mixin.py:115} INFO - [2022-10-18 21:13:57,548] {dag.py:2379} INFO - Sync 1 DAGs
[2022-10-18 21:13:57,906] {logging_mixin.py:115} INFO - [2022-10-18 21:13:57,900] {dag.py:2927} INFO - Setting next_dagrun for example_weekday_branch_operator to 2022-10-17T00:00:00+00:00, run_after=2022-10-18T00:00:00+00:00
[2022-10-18 21:13:58,037] {processor.py:161} INFO - Processing /home/airflow/.local/lib/python3.9/site-packages/airflow/example_dags/example_branch_day_of_week_operator.py took 0.925 seconds
[2022-10-18 21:14:28,582] {processor.py:153} INFO - Started process (PID=410) to work on /home/airflow/.local/lib/python3.9/site-packages/airflow/example_dags/example_branch_day_of_week_operator.py
[2022-10-18 21:14:28,585] {processor.py:641} INFO - Processing file /home/airflow/.local/lib/python3.9/site-packages/airflow/example_dags/example_branch_day_of_week_operator.py for tasks to queue
[2022-10-18 21:14:28,589] {logging_mixin.py:115} INFO - [2022-10-18 21:14:28,588] {dagbag.py:507} INFO - Filling up the DagBag from /home/airflow/.local/lib/python3.9/site-packages/airflow/example_dags/example_branch_day_of_week_operator.py
[2022-10-18 21:14:28,702] {processor.py:651} INFO - DAG(s) dict_keys(['example_weekday_branch_operator']) retrieved from /home/airflow/.local/lib/python3.9/site-packages/airflow/example_dags/example_branch_day_of_week_operator.py
[2022-10-18 21:14:28,915] {logging_mixin.py:115} INFO - [2022-10-18 21:14:28,911] {dag.py:2379} INFO - Sync 1 DAGs
[2022-10-18 21:14:29,054] {logging_mixin.py:115} INFO - [2022-10-18 21:14:29,053] {dag.py:2927} INFO - Setting next_dagrun for example_weekday_branch_operator to 2022-10-17T00:00:00+00:00, run_after=2022-10-18T00:00:00+00:00
[2022-10-18 21:14:29,129] {processor.py:161} INFO - Processing /home/airflow/.local/lib/python3.9/site-packages/airflow/example_dags/example_branch_day_of_week_operator.py took 0.587 seconds
[2022-10-18 21:15:01,825] {processor.py:153} INFO - Started process (PID=502) to work on /home/airflow/.local/lib/python3.9/site-packages/airflow/example_dags/example_branch_day_of_week_operator.py
[2022-10-18 21:15:01,834] {processor.py:641} INFO - Processing file /home/airflow/.local/lib/python3.9/site-packages/airflow/example_dags/example_branch_day_of_week_operator.py for tasks to queue
[2022-10-18 21:15:01,840] {logging_mixin.py:115} INFO - [2022-10-18 21:15:01,839] {dagbag.py:507} INFO - Filling up the DagBag from /home/airflow/.local/lib/python3.9/site-packages/airflow/example_dags/example_branch_day_of_week_operator.py
[2022-10-18 21:15:01,998] {processor.py:651} INFO - DAG(s) dict_keys(['example_weekday_branch_operator']) retrieved from /home/airflow/.local/lib/python3.9/site-packages/airflow/example_dags/example_branch_day_of_week_operator.py
[2022-10-18 21:15:02,328] {logging_mixin.py:115} INFO - [2022-10-18 21:15:02,327] {dag.py:2379} INFO - Sync 1 DAGs
[2022-10-18 21:15:02,799] {logging_mixin.py:115} INFO - [2022-10-18 21:15:02,798] {dag.py:2927} INFO - Setting next_dagrun for example_weekday_branch_operator to 2022-10-17T00:00:00+00:00, run_after=2022-10-18T00:00:00+00:00
[2022-10-18 21:15:02,961] {processor.py:161} INFO - Processing /home/airflow/.local/lib/python3.9/site-packages/airflow/example_dags/example_branch_day_of_week_operator.py took 1.162 seconds
[2022-10-18 21:15:33,216] {processor.py:153} INFO - Started process (PID=598) to work on /home/airflow/.local/lib/python3.9/site-packages/airflow/example_dags/example_branch_day_of_week_operator.py
[2022-10-18 21:15:33,222] {processor.py:641} INFO - Processing file /home/airflow/.local/lib/python3.9/site-packages/airflow/example_dags/example_branch_day_of_week_operator.py for tasks to queue
[2022-10-18 21:15:33,236] {logging_mixin.py:115} INFO - [2022-10-18 21:15:33,225] {dagbag.py:507} INFO - Filling up the DagBag from /home/airflow/.local/lib/python3.9/site-packages/airflow/example_dags/example_branch_day_of_week_operator.py
[2022-10-18 21:15:33,412] {processor.py:651} INFO - DAG(s) dict_keys(['example_weekday_branch_operator']) retrieved from /home/airflow/.local/lib/python3.9/site-packages/airflow/example_dags/example_branch_day_of_week_operator.py
[2022-10-18 21:15:33,749] {logging_mixin.py:115} INFO - [2022-10-18 21:15:33,744] {dag.py:2379} INFO - Sync 1 DAGs
[2022-10-18 21:15:34,185] {logging_mixin.py:115} INFO - [2022-10-18 21:15:34,185] {dag.py:2927} INFO - Setting next_dagrun for example_weekday_branch_operator to 2022-10-17T00:00:00+00:00, run_after=2022-10-18T00:00:00+00:00
[2022-10-18 21:15:34,335] {processor.py:161} INFO - Processing /home/airflow/.local/lib/python3.9/site-packages/airflow/example_dags/example_branch_day_of_week_operator.py took 1.147 seconds
[2022-10-18 21:16:05,711] {processor.py:153} INFO - Started process (PID=685) to work on /home/airflow/.local/lib/python3.9/site-packages/airflow/example_dags/example_branch_day_of_week_operator.py
[2022-10-18 21:16:05,720] {processor.py:641} INFO - Processing file /home/airflow/.local/lib/python3.9/site-packages/airflow/example_dags/example_branch_day_of_week_operator.py for tasks to queue
[2022-10-18 21:16:05,726] {logging_mixin.py:115} INFO - [2022-10-18 21:16:05,726] {dagbag.py:507} INFO - Filling up the DagBag from /home/airflow/.local/lib/python3.9/site-packages/airflow/example_dags/example_branch_day_of_week_operator.py
[2022-10-18 21:16:05,857] {processor.py:651} INFO - DAG(s) dict_keys(['example_weekday_branch_operator']) retrieved from /home/airflow/.local/lib/python3.9/site-packages/airflow/example_dags/example_branch_day_of_week_operator.py
[2022-10-18 21:16:06,169] {logging_mixin.py:115} INFO - [2022-10-18 21:16:06,168] {dag.py:2379} INFO - Sync 1 DAGs
[2022-10-18 21:16:06,612] {logging_mixin.py:115} INFO - [2022-10-18 21:16:06,611] {dag.py:2927} INFO - Setting next_dagrun for example_weekday_branch_operator to 2022-10-17T00:00:00+00:00, run_after=2022-10-18T00:00:00+00:00
[2022-10-18 21:16:06,817] {processor.py:161} INFO - Processing /home/airflow/.local/lib/python3.9/site-packages/airflow/example_dags/example_branch_day_of_week_operator.py took 1.159 seconds
[2022-10-18 21:16:37,647] {processor.py:153} INFO - Started process (PID=780) to work on /home/airflow/.local/lib/python3.9/site-packages/airflow/example_dags/example_branch_day_of_week_operator.py
[2022-10-18 21:16:37,659] {processor.py:641} INFO - Processing file /home/airflow/.local/lib/python3.9/site-packages/airflow/example_dags/example_branch_day_of_week_operator.py for tasks to queue
[2022-10-18 21:16:37,663] {logging_mixin.py:115} INFO - [2022-10-18 21:16:37,663] {dagbag.py:507} INFO - Filling up the DagBag from /home/airflow/.local/lib/python3.9/site-packages/airflow/example_dags/example_branch_day_of_week_operator.py
[2022-10-18 21:16:37,761] {processor.py:651} INFO - DAG(s) dict_keys(['example_weekday_branch_operator']) retrieved from /home/airflow/.local/lib/python3.9/site-packages/airflow/example_dags/example_branch_day_of_week_operator.py
[2022-10-18 21:16:38,136] {logging_mixin.py:115} INFO - [2022-10-18 21:16:38,136] {dag.py:2379} INFO - Sync 1 DAGs
[2022-10-18 21:16:38,692] {logging_mixin.py:115} INFO - [2022-10-18 21:16:38,675] {dag.py:2927} INFO - Setting next_dagrun for example_weekday_branch_operator to 2022-10-17T00:00:00+00:00, run_after=2022-10-18T00:00:00+00:00
[2022-10-18 21:16:38,866] {processor.py:161} INFO - Processing /home/airflow/.local/lib/python3.9/site-packages/airflow/example_dags/example_branch_day_of_week_operator.py took 1.238 seconds
[2022-10-18 21:17:09,001] {processor.py:153} INFO - Started process (PID=861) to work on /home/airflow/.local/lib/python3.9/site-packages/airflow/example_dags/example_branch_day_of_week_operator.py
[2022-10-18 21:17:09,004] {processor.py:641} INFO - Processing file /home/airflow/.local/lib/python3.9/site-packages/airflow/example_dags/example_branch_day_of_week_operator.py for tasks to queue
[2022-10-18 21:17:09,007] {logging_mixin.py:115} INFO - [2022-10-18 21:17:09,007] {dagbag.py:507} INFO - Filling up the DagBag from /home/airflow/.local/lib/python3.9/site-packages/airflow/example_dags/example_branch_day_of_week_operator.py
[2022-10-18 21:17:09,096] {processor.py:651} INFO - DAG(s) dict_keys(['example_weekday_branch_operator']) retrieved from /home/airflow/.local/lib/python3.9/site-packages/airflow/example_dags/example_branch_day_of_week_operator.py
[2022-10-18 21:17:09,384] {logging_mixin.py:115} INFO - [2022-10-18 21:17:09,383] {dag.py:2379} INFO - Sync 1 DAGs
[2022-10-18 21:17:09,730] {logging_mixin.py:115} INFO - [2022-10-18 21:17:09,729] {dag.py:2927} INFO - Setting next_dagrun for example_weekday_branch_operator to 2022-10-17T00:00:00+00:00, run_after=2022-10-18T00:00:00+00:00
[2022-10-18 21:17:09,830] {processor.py:161} INFO - Processing /home/airflow/.local/lib/python3.9/site-packages/airflow/example_dags/example_branch_day_of_week_operator.py took 0.845 seconds
[2022-10-18 21:17:41,740] {processor.py:153} INFO - Started process (PID=956) to work on /home/airflow/.local/lib/python3.9/site-packages/airflow/example_dags/example_branch_day_of_week_operator.py
[2022-10-18 21:17:41,761] {processor.py:641} INFO - Processing file /home/airflow/.local/lib/python3.9/site-packages/airflow/example_dags/example_branch_day_of_week_operator.py for tasks to queue
[2022-10-18 21:17:41,768] {logging_mixin.py:115} INFO - [2022-10-18 21:17:41,767] {dagbag.py:507} INFO - Filling up the DagBag from /home/airflow/.local/lib/python3.9/site-packages/airflow/example_dags/example_branch_day_of_week_operator.py
[2022-10-18 21:17:41,935] {processor.py:651} INFO - DAG(s) dict_keys(['example_weekday_branch_operator']) retrieved from /home/airflow/.local/lib/python3.9/site-packages/airflow/example_dags/example_branch_day_of_week_operator.py
[2022-10-18 21:17:42,211] {logging_mixin.py:115} INFO - [2022-10-18 21:17:42,210] {dag.py:2379} INFO - Sync 1 DAGs
[2022-10-18 21:17:42,678] {logging_mixin.py:115} INFO - [2022-10-18 21:17:42,678] {dag.py:2927} INFO - Setting next_dagrun for example_weekday_branch_operator to 2022-10-17T00:00:00+00:00, run_after=2022-10-18T00:00:00+00:00
[2022-10-18 21:17:42,955] {processor.py:161} INFO - Processing /home/airflow/.local/lib/python3.9/site-packages/airflow/example_dags/example_branch_day_of_week_operator.py took 1.237 seconds
[2022-10-18 21:18:13,657] {processor.py:153} INFO - Started process (PID=1052) to work on /home/airflow/.local/lib/python3.9/site-packages/airflow/example_dags/example_branch_day_of_week_operator.py
[2022-10-18 21:18:13,676] {processor.py:641} INFO - Processing file /home/airflow/.local/lib/python3.9/site-packages/airflow/example_dags/example_branch_day_of_week_operator.py for tasks to queue
[2022-10-18 21:18:13,683] {logging_mixin.py:115} INFO - [2022-10-18 21:18:13,682] {dagbag.py:507} INFO - Filling up the DagBag from /home/airflow/.local/lib/python3.9/site-packages/airflow/example_dags/example_branch_day_of_week_operator.py
[2022-10-18 21:18:13,806] {processor.py:651} INFO - DAG(s) dict_keys(['example_weekday_branch_operator']) retrieved from /home/airflow/.local/lib/python3.9/site-packages/airflow/example_dags/example_branch_day_of_week_operator.py
[2022-10-18 21:18:14,242] {logging_mixin.py:115} INFO - [2022-10-18 21:18:14,241] {dag.py:2379} INFO - Sync 1 DAGs
[2022-10-18 21:18:14,693] {logging_mixin.py:115} INFO - [2022-10-18 21:18:14,692] {dag.py:2927} INFO - Setting next_dagrun for example_weekday_branch_operator to 2022-10-17T00:00:00+00:00, run_after=2022-10-18T00:00:00+00:00
[2022-10-18 21:18:14,839] {processor.py:161} INFO - Processing /home/airflow/.local/lib/python3.9/site-packages/airflow/example_dags/example_branch_day_of_week_operator.py took 1.218 seconds
[2022-10-18 21:18:45,312] {processor.py:153} INFO - Started process (PID=1133) to work on /home/airflow/.local/lib/python3.9/site-packages/airflow/example_dags/example_branch_day_of_week_operator.py
[2022-10-18 21:18:45,326] {processor.py:641} INFO - Processing file /home/airflow/.local/lib/python3.9/site-packages/airflow/example_dags/example_branch_day_of_week_operator.py for tasks to queue
[2022-10-18 21:18:45,330] {logging_mixin.py:115} INFO - [2022-10-18 21:18:45,329] {dagbag.py:507} INFO - Filling up the DagBag from /home/airflow/.local/lib/python3.9/site-packages/airflow/example_dags/example_branch_day_of_week_operator.py
[2022-10-18 21:18:45,468] {processor.py:651} INFO - DAG(s) dict_keys(['example_weekday_branch_operator']) retrieved from /home/airflow/.local/lib/python3.9/site-packages/airflow/example_dags/example_branch_day_of_week_operator.py
[2022-10-18 21:18:45,750] {logging_mixin.py:115} INFO - [2022-10-18 21:18:45,750] {dag.py:2379} INFO - Sync 1 DAGs
[2022-10-18 21:18:46,084] {logging_mixin.py:115} INFO - [2022-10-18 21:18:46,083] {dag.py:2927} INFO - Setting next_dagrun for example_weekday_branch_operator to 2022-10-17T00:00:00+00:00, run_after=2022-10-18T00:00:00+00:00
[2022-10-18 21:18:46,175] {processor.py:161} INFO - Processing /home/airflow/.local/lib/python3.9/site-packages/airflow/example_dags/example_branch_day_of_week_operator.py took 0.877 seconds
[2022-10-18 21:19:17,012] {processor.py:153} INFO - Started process (PID=1229) to work on /home/airflow/.local/lib/python3.9/site-packages/airflow/example_dags/example_branch_day_of_week_operator.py
[2022-10-18 21:19:17,027] {processor.py:641} INFO - Processing file /home/airflow/.local/lib/python3.9/site-packages/airflow/example_dags/example_branch_day_of_week_operator.py for tasks to queue
[2022-10-18 21:19:17,035] {logging_mixin.py:115} INFO - [2022-10-18 21:19:17,034] {dagbag.py:507} INFO - Filling up the DagBag from /home/airflow/.local/lib/python3.9/site-packages/airflow/example_dags/example_branch_day_of_week_operator.py
[2022-10-18 21:19:17,115] {processor.py:651} INFO - DAG(s) dict_keys(['example_weekday_branch_operator']) retrieved from /home/airflow/.local/lib/python3.9/site-packages/airflow/example_dags/example_branch_day_of_week_operator.py
[2022-10-18 21:19:17,358] {logging_mixin.py:115} INFO - [2022-10-18 21:19:17,358] {dag.py:2379} INFO - Sync 1 DAGs
[2022-10-18 21:19:17,615] {logging_mixin.py:115} INFO - [2022-10-18 21:19:17,614] {dag.py:2927} INFO - Setting next_dagrun for example_weekday_branch_operator to 2022-10-17T00:00:00+00:00, run_after=2022-10-18T00:00:00+00:00
[2022-10-18 21:19:17,754] {processor.py:161} INFO - Processing /home/airflow/.local/lib/python3.9/site-packages/airflow/example_dags/example_branch_day_of_week_operator.py took 0.762 seconds
[2022-10-18 21:19:48,014] {processor.py:153} INFO - Started process (PID=1311) to work on /home/airflow/.local/lib/python3.9/site-packages/airflow/example_dags/example_branch_day_of_week_operator.py
[2022-10-18 21:19:48,018] {processor.py:641} INFO - Processing file /home/airflow/.local/lib/python3.9/site-packages/airflow/example_dags/example_branch_day_of_week_operator.py for tasks to queue
[2022-10-18 21:19:48,021] {logging_mixin.py:115} INFO - [2022-10-18 21:19:48,020] {dagbag.py:507} INFO - Filling up the DagBag from /home/airflow/.local/lib/python3.9/site-packages/airflow/example_dags/example_branch_day_of_week_operator.py
[2022-10-18 21:19:48,106] {processor.py:651} INFO - DAG(s) dict_keys(['example_weekday_branch_operator']) retrieved from /home/airflow/.local/lib/python3.9/site-packages/airflow/example_dags/example_branch_day_of_week_operator.py
[2022-10-18 21:19:48,398] {logging_mixin.py:115} INFO - [2022-10-18 21:19:48,397] {dag.py:2379} INFO - Sync 1 DAGs
[2022-10-18 21:19:48,796] {logging_mixin.py:115} INFO - [2022-10-18 21:19:48,793] {dag.py:2927} INFO - Setting next_dagrun for example_weekday_branch_operator to 2022-10-17T00:00:00+00:00, run_after=2022-10-18T00:00:00+00:00
[2022-10-18 21:19:48,936] {processor.py:161} INFO - Processing /home/airflow/.local/lib/python3.9/site-packages/airflow/example_dags/example_branch_day_of_week_operator.py took 0.949 seconds
[2022-10-18 21:20:19,411] {processor.py:153} INFO - Started process (PID=1406) to work on /home/airflow/.local/lib/python3.9/site-packages/airflow/example_dags/example_branch_day_of_week_operator.py
[2022-10-18 21:20:19,420] {processor.py:641} INFO - Processing file /home/airflow/.local/lib/python3.9/site-packages/airflow/example_dags/example_branch_day_of_week_operator.py for tasks to queue
[2022-10-18 21:20:19,424] {logging_mixin.py:115} INFO - [2022-10-18 21:20:19,423] {dagbag.py:507} INFO - Filling up the DagBag from /home/airflow/.local/lib/python3.9/site-packages/airflow/example_dags/example_branch_day_of_week_operator.py
[2022-10-18 21:20:19,528] {processor.py:651} INFO - DAG(s) dict_keys(['example_weekday_branch_operator']) retrieved from /home/airflow/.local/lib/python3.9/site-packages/airflow/example_dags/example_branch_day_of_week_operator.py
[2022-10-18 21:20:19,770] {logging_mixin.py:115} INFO - [2022-10-18 21:20:19,769] {dag.py:2379} INFO - Sync 1 DAGs
[2022-10-18 21:20:20,097] {logging_mixin.py:115} INFO - [2022-10-18 21:20:20,097] {dag.py:2927} INFO - Setting next_dagrun for example_weekday_branch_operator to 2022-10-17T00:00:00+00:00, run_after=2022-10-18T00:00:00+00:00
[2022-10-18 21:20:20,217] {processor.py:161} INFO - Processing /home/airflow/.local/lib/python3.9/site-packages/airflow/example_dags/example_branch_day_of_week_operator.py took 0.829 seconds
[2022-10-18 21:20:50,674] {processor.py:153} INFO - Started process (PID=1501) to work on /home/airflow/.local/lib/python3.9/site-packages/airflow/example_dags/example_branch_day_of_week_operator.py
[2022-10-18 21:20:50,684] {processor.py:641} INFO - Processing file /home/airflow/.local/lib/python3.9/site-packages/airflow/example_dags/example_branch_day_of_week_operator.py for tasks to queue
[2022-10-18 21:20:50,688] {logging_mixin.py:115} INFO - [2022-10-18 21:20:50,688] {dagbag.py:507} INFO - Filling up the DagBag from /home/airflow/.local/lib/python3.9/site-packages/airflow/example_dags/example_branch_day_of_week_operator.py
[2022-10-18 21:20:50,844] {processor.py:651} INFO - DAG(s) dict_keys(['example_weekday_branch_operator']) retrieved from /home/airflow/.local/lib/python3.9/site-packages/airflow/example_dags/example_branch_day_of_week_operator.py
[2022-10-18 21:20:51,029] {logging_mixin.py:115} INFO - [2022-10-18 21:20:51,028] {dag.py:2379} INFO - Sync 1 DAGs
[2022-10-18 21:20:51,307] {logging_mixin.py:115} INFO - [2022-10-18 21:20:51,293] {dag.py:2927} INFO - Setting next_dagrun for example_weekday_branch_operator to 2022-10-17T00:00:00+00:00, run_after=2022-10-18T00:00:00+00:00
[2022-10-18 21:20:51,446] {processor.py:161} INFO - Processing /home/airflow/.local/lib/python3.9/site-packages/airflow/example_dags/example_branch_day_of_week_operator.py took 0.809 seconds
[2022-10-18 21:21:21,942] {processor.py:153} INFO - Started process (PID=1583) to work on /home/airflow/.local/lib/python3.9/site-packages/airflow/example_dags/example_branch_day_of_week_operator.py
[2022-10-18 21:21:21,948] {processor.py:641} INFO - Processing file /home/airflow/.local/lib/python3.9/site-packages/airflow/example_dags/example_branch_day_of_week_operator.py for tasks to queue
[2022-10-18 21:21:21,953] {logging_mixin.py:115} INFO - [2022-10-18 21:21:21,953] {dagbag.py:507} INFO - Filling up the DagBag from /home/airflow/.local/lib/python3.9/site-packages/airflow/example_dags/example_branch_day_of_week_operator.py
[2022-10-18 21:21:22,037] {processor.py:651} INFO - DAG(s) dict_keys(['example_weekday_branch_operator']) retrieved from /home/airflow/.local/lib/python3.9/site-packages/airflow/example_dags/example_branch_day_of_week_operator.py
[2022-10-18 21:21:22,239] {logging_mixin.py:115} INFO - [2022-10-18 21:21:22,238] {dag.py:2379} INFO - Sync 1 DAGs
[2022-10-18 21:21:22,460] {logging_mixin.py:115} INFO - [2022-10-18 21:21:22,459] {dag.py:2927} INFO - Setting next_dagrun for example_weekday_branch_operator to 2022-10-17T00:00:00+00:00, run_after=2022-10-18T00:00:00+00:00
[2022-10-18 21:21:22,641] {processor.py:161} INFO - Processing /home/airflow/.local/lib/python3.9/site-packages/airflow/example_dags/example_branch_day_of_week_operator.py took 0.719 seconds
[2022-10-18 21:21:53,798] {processor.py:153} INFO - Started process (PID=1678) to work on /home/airflow/.local/lib/python3.9/site-packages/airflow/example_dags/example_branch_day_of_week_operator.py
[2022-10-18 21:21:53,809] {processor.py:641} INFO - Processing file /home/airflow/.local/lib/python3.9/site-packages/airflow/example_dags/example_branch_day_of_week_operator.py for tasks to queue
[2022-10-18 21:21:53,813] {logging_mixin.py:115} INFO - [2022-10-18 21:21:53,812] {dagbag.py:507} INFO - Filling up the DagBag from /home/airflow/.local/lib/python3.9/site-packages/airflow/example_dags/example_branch_day_of_week_operator.py
[2022-10-18 21:21:53,881] {processor.py:651} INFO - DAG(s) dict_keys(['example_weekday_branch_operator']) retrieved from /home/airflow/.local/lib/python3.9/site-packages/airflow/example_dags/example_branch_day_of_week_operator.py
[2022-10-18 21:21:54,061] {logging_mixin.py:115} INFO - [2022-10-18 21:21:54,060] {dag.py:2379} INFO - Sync 1 DAGs
[2022-10-18 21:21:54,305] {logging_mixin.py:115} INFO - [2022-10-18 21:21:54,302] {dag.py:2927} INFO - Setting next_dagrun for example_weekday_branch_operator to 2022-10-17T00:00:00+00:00, run_after=2022-10-18T00:00:00+00:00
[2022-10-18 21:21:54,392] {processor.py:161} INFO - Processing /home/airflow/.local/lib/python3.9/site-packages/airflow/example_dags/example_branch_day_of_week_operator.py took 0.614 seconds
[2022-10-18 21:22:25,123] {processor.py:153} INFO - Started process (PID=1764) to work on /home/airflow/.local/lib/python3.9/site-packages/airflow/example_dags/example_branch_day_of_week_operator.py
[2022-10-18 21:22:25,131] {processor.py:641} INFO - Processing file /home/airflow/.local/lib/python3.9/site-packages/airflow/example_dags/example_branch_day_of_week_operator.py for tasks to queue
[2022-10-18 21:22:25,136] {logging_mixin.py:115} INFO - [2022-10-18 21:22:25,135] {dagbag.py:507} INFO - Filling up the DagBag from /home/airflow/.local/lib/python3.9/site-packages/airflow/example_dags/example_branch_day_of_week_operator.py
[2022-10-18 21:22:25,209] {processor.py:651} INFO - DAG(s) dict_keys(['example_weekday_branch_operator']) retrieved from /home/airflow/.local/lib/python3.9/site-packages/airflow/example_dags/example_branch_day_of_week_operator.py
[2022-10-18 21:22:25,422] {logging_mixin.py:115} INFO - [2022-10-18 21:22:25,421] {dag.py:2379} INFO - Sync 1 DAGs
[2022-10-18 21:22:25,697] {logging_mixin.py:115} INFO - [2022-10-18 21:22:25,688] {dag.py:2927} INFO - Setting next_dagrun for example_weekday_branch_operator to 2022-10-17T00:00:00+00:00, run_after=2022-10-18T00:00:00+00:00
[2022-10-18 21:22:25,833] {processor.py:161} INFO - Processing /home/airflow/.local/lib/python3.9/site-packages/airflow/example_dags/example_branch_day_of_week_operator.py took 0.725 seconds
[2022-10-18 21:35:23,298] {processor.py:153} INFO - Started process (PID=1850) to work on /home/airflow/.local/lib/python3.9/site-packages/airflow/example_dags/example_branch_day_of_week_operator.py
[2022-10-18 21:35:23,306] {processor.py:641} INFO - Processing file /home/airflow/.local/lib/python3.9/site-packages/airflow/example_dags/example_branch_day_of_week_operator.py for tasks to queue
[2022-10-18 21:35:23,309] {logging_mixin.py:115} INFO - [2022-10-18 21:35:23,309] {dagbag.py:507} INFO - Filling up the DagBag from /home/airflow/.local/lib/python3.9/site-packages/airflow/example_dags/example_branch_day_of_week_operator.py
[2022-10-18 21:35:23,448] {processor.py:651} INFO - DAG(s) dict_keys(['example_weekday_branch_operator']) retrieved from /home/airflow/.local/lib/python3.9/site-packages/airflow/example_dags/example_branch_day_of_week_operator.py
[2022-10-18 21:35:23,855] {logging_mixin.py:115} INFO - [2022-10-18 21:35:23,854] {dag.py:2379} INFO - Sync 1 DAGs
[2022-10-18 21:35:24,442] {logging_mixin.py:115} INFO - [2022-10-18 21:35:24,441] {dag.py:2927} INFO - Setting next_dagrun for example_weekday_branch_operator to 2022-10-17T00:00:00+00:00, run_after=2022-10-18T00:00:00+00:00
[2022-10-18 21:35:24,627] {processor.py:161} INFO - Processing /home/airflow/.local/lib/python3.9/site-packages/airflow/example_dags/example_branch_day_of_week_operator.py took 1.352 seconds
[2022-10-18 21:35:54,773] {processor.py:153} INFO - Started process (PID=1930) to work on /home/airflow/.local/lib/python3.9/site-packages/airflow/example_dags/example_branch_day_of_week_operator.py
[2022-10-18 21:35:54,777] {processor.py:641} INFO - Processing file /home/airflow/.local/lib/python3.9/site-packages/airflow/example_dags/example_branch_day_of_week_operator.py for tasks to queue
[2022-10-18 21:35:54,780] {logging_mixin.py:115} INFO - [2022-10-18 21:35:54,780] {dagbag.py:507} INFO - Filling up the DagBag from /home/airflow/.local/lib/python3.9/site-packages/airflow/example_dags/example_branch_day_of_week_operator.py
[2022-10-18 21:35:54,840] {processor.py:651} INFO - DAG(s) dict_keys(['example_weekday_branch_operator']) retrieved from /home/airflow/.local/lib/python3.9/site-packages/airflow/example_dags/example_branch_day_of_week_operator.py
[2022-10-18 21:35:55,067] {logging_mixin.py:115} INFO - [2022-10-18 21:35:55,067] {dag.py:2379} INFO - Sync 1 DAGs
[2022-10-18 21:35:55,357] {logging_mixin.py:115} INFO - [2022-10-18 21:35:55,357] {dag.py:2927} INFO - Setting next_dagrun for example_weekday_branch_operator to 2022-10-17T00:00:00+00:00, run_after=2022-10-18T00:00:00+00:00
[2022-10-18 21:35:55,490] {processor.py:161} INFO - Processing /home/airflow/.local/lib/python3.9/site-packages/airflow/example_dags/example_branch_day_of_week_operator.py took 0.737 seconds
[2022-10-18 21:36:26,789] {processor.py:153} INFO - Started process (PID=2024) to work on /home/airflow/.local/lib/python3.9/site-packages/airflow/example_dags/example_branch_day_of_week_operator.py
[2022-10-18 21:36:26,795] {processor.py:641} INFO - Processing file /home/airflow/.local/lib/python3.9/site-packages/airflow/example_dags/example_branch_day_of_week_operator.py for tasks to queue
[2022-10-18 21:36:26,798] {logging_mixin.py:115} INFO - [2022-10-18 21:36:26,798] {dagbag.py:507} INFO - Filling up the DagBag from /home/airflow/.local/lib/python3.9/site-packages/airflow/example_dags/example_branch_day_of_week_operator.py
[2022-10-18 21:36:26,861] {processor.py:651} INFO - DAG(s) dict_keys(['example_weekday_branch_operator']) retrieved from /home/airflow/.local/lib/python3.9/site-packages/airflow/example_dags/example_branch_day_of_week_operator.py
[2022-10-18 21:36:27,179] {logging_mixin.py:115} INFO - [2022-10-18 21:36:27,179] {dag.py:2379} INFO - Sync 1 DAGs
[2022-10-18 21:36:27,630] {logging_mixin.py:115} INFO - [2022-10-18 21:36:27,629] {dag.py:2927} INFO - Setting next_dagrun for example_weekday_branch_operator to 2022-10-17T00:00:00+00:00, run_after=2022-10-18T00:00:00+00:00
[2022-10-18 21:36:27,714] {processor.py:161} INFO - Processing /home/airflow/.local/lib/python3.9/site-packages/airflow/example_dags/example_branch_day_of_week_operator.py took 0.943 seconds
[2022-10-18 21:36:58,404] {processor.py:153} INFO - Started process (PID=2110) to work on /home/airflow/.local/lib/python3.9/site-packages/airflow/example_dags/example_branch_day_of_week_operator.py
[2022-10-18 21:36:58,408] {processor.py:641} INFO - Processing file /home/airflow/.local/lib/python3.9/site-packages/airflow/example_dags/example_branch_day_of_week_operator.py for tasks to queue
[2022-10-18 21:36:58,417] {logging_mixin.py:115} INFO - [2022-10-18 21:36:58,417] {dagbag.py:507} INFO - Filling up the DagBag from /home/airflow/.local/lib/python3.9/site-packages/airflow/example_dags/example_branch_day_of_week_operator.py
[2022-10-18 21:36:58,526] {processor.py:651} INFO - DAG(s) dict_keys(['example_weekday_branch_operator']) retrieved from /home/airflow/.local/lib/python3.9/site-packages/airflow/example_dags/example_branch_day_of_week_operator.py
[2022-10-18 21:36:58,745] {logging_mixin.py:115} INFO - [2022-10-18 21:36:58,744] {dag.py:2379} INFO - Sync 1 DAGs
[2022-10-18 21:36:59,163] {logging_mixin.py:115} INFO - [2022-10-18 21:36:59,155] {dag.py:2927} INFO - Setting next_dagrun for example_weekday_branch_operator to 2022-10-17T00:00:00+00:00, run_after=2022-10-18T00:00:00+00:00
[2022-10-18 21:36:59,262] {processor.py:161} INFO - Processing /home/airflow/.local/lib/python3.9/site-packages/airflow/example_dags/example_branch_day_of_week_operator.py took 0.881 seconds
[2022-10-18 21:37:30,214] {processor.py:153} INFO - Started process (PID=2205) to work on /home/airflow/.local/lib/python3.9/site-packages/airflow/example_dags/example_branch_day_of_week_operator.py
[2022-10-18 21:37:30,230] {processor.py:641} INFO - Processing file /home/airflow/.local/lib/python3.9/site-packages/airflow/example_dags/example_branch_day_of_week_operator.py for tasks to queue
[2022-10-18 21:37:30,242] {logging_mixin.py:115} INFO - [2022-10-18 21:37:30,241] {dagbag.py:507} INFO - Filling up the DagBag from /home/airflow/.local/lib/python3.9/site-packages/airflow/example_dags/example_branch_day_of_week_operator.py
[2022-10-18 21:37:30,395] {processor.py:651} INFO - DAG(s) dict_keys(['example_weekday_branch_operator']) retrieved from /home/airflow/.local/lib/python3.9/site-packages/airflow/example_dags/example_branch_day_of_week_operator.py
[2022-10-18 21:37:30,641] {logging_mixin.py:115} INFO - [2022-10-18 21:37:30,641] {dag.py:2379} INFO - Sync 1 DAGs
[2022-10-18 21:37:31,217] {logging_mixin.py:115} INFO - [2022-10-18 21:37:31,216] {dag.py:2927} INFO - Setting next_dagrun for example_weekday_branch_operator to 2022-10-17T00:00:00+00:00, run_after=2022-10-18T00:00:00+00:00
[2022-10-18 21:37:31,352] {processor.py:161} INFO - Processing /home/airflow/.local/lib/python3.9/site-packages/airflow/example_dags/example_branch_day_of_week_operator.py took 1.165 seconds
[2022-10-18 21:38:01,712] {processor.py:153} INFO - Started process (PID=2291) to work on /home/airflow/.local/lib/python3.9/site-packages/airflow/example_dags/example_branch_day_of_week_operator.py
[2022-10-18 21:38:01,714] {processor.py:641} INFO - Processing file /home/airflow/.local/lib/python3.9/site-packages/airflow/example_dags/example_branch_day_of_week_operator.py for tasks to queue
[2022-10-18 21:38:01,718] {logging_mixin.py:115} INFO - [2022-10-18 21:38:01,717] {dagbag.py:507} INFO - Filling up the DagBag from /home/airflow/.local/lib/python3.9/site-packages/airflow/example_dags/example_branch_day_of_week_operator.py
[2022-10-18 21:38:01,777] {processor.py:651} INFO - DAG(s) dict_keys(['example_weekday_branch_operator']) retrieved from /home/airflow/.local/lib/python3.9/site-packages/airflow/example_dags/example_branch_day_of_week_operator.py
[2022-10-18 21:38:02,006] {logging_mixin.py:115} INFO - [2022-10-18 21:38:02,005] {dag.py:2379} INFO - Sync 1 DAGs
[2022-10-18 21:38:02,399] {logging_mixin.py:115} INFO - [2022-10-18 21:38:02,398] {dag.py:2927} INFO - Setting next_dagrun for example_weekday_branch_operator to 2022-10-17T00:00:00+00:00, run_after=2022-10-18T00:00:00+00:00
[2022-10-18 21:38:02,526] {processor.py:161} INFO - Processing /home/airflow/.local/lib/python3.9/site-packages/airflow/example_dags/example_branch_day_of_week_operator.py took 0.835 seconds
[2022-10-18 21:38:33,219] {processor.py:153} INFO - Started process (PID=2383) to work on /home/airflow/.local/lib/python3.9/site-packages/airflow/example_dags/example_branch_day_of_week_operator.py
[2022-10-18 21:38:33,225] {processor.py:641} INFO - Processing file /home/airflow/.local/lib/python3.9/site-packages/airflow/example_dags/example_branch_day_of_week_operator.py for tasks to queue
[2022-10-18 21:38:33,229] {logging_mixin.py:115} INFO - [2022-10-18 21:38:33,229] {dagbag.py:507} INFO - Filling up the DagBag from /home/airflow/.local/lib/python3.9/site-packages/airflow/example_dags/example_branch_day_of_week_operator.py
[2022-10-18 21:38:33,286] {processor.py:651} INFO - DAG(s) dict_keys(['example_weekday_branch_operator']) retrieved from /home/airflow/.local/lib/python3.9/site-packages/airflow/example_dags/example_branch_day_of_week_operator.py
[2022-10-18 21:38:33,487] {logging_mixin.py:115} INFO - [2022-10-18 21:38:33,487] {dag.py:2379} INFO - Sync 1 DAGs
[2022-10-18 21:38:33,744] {logging_mixin.py:115} INFO - [2022-10-18 21:38:33,743] {dag.py:2927} INFO - Setting next_dagrun for example_weekday_branch_operator to 2022-10-17T00:00:00+00:00, run_after=2022-10-18T00:00:00+00:00
[2022-10-18 21:38:33,861] {processor.py:161} INFO - Processing /home/airflow/.local/lib/python3.9/site-packages/airflow/example_dags/example_branch_day_of_week_operator.py took 0.651 seconds
[2022-10-18 21:39:04,155] {processor.py:153} INFO - Started process (PID=2477) to work on /home/airflow/.local/lib/python3.9/site-packages/airflow/example_dags/example_branch_day_of_week_operator.py
[2022-10-18 21:39:04,171] {processor.py:641} INFO - Processing file /home/airflow/.local/lib/python3.9/site-packages/airflow/example_dags/example_branch_day_of_week_operator.py for tasks to queue
[2022-10-18 21:39:04,185] {logging_mixin.py:115} INFO - [2022-10-18 21:39:04,185] {dagbag.py:507} INFO - Filling up the DagBag from /home/airflow/.local/lib/python3.9/site-packages/airflow/example_dags/example_branch_day_of_week_operator.py
[2022-10-18 21:39:04,270] {processor.py:651} INFO - DAG(s) dict_keys(['example_weekday_branch_operator']) retrieved from /home/airflow/.local/lib/python3.9/site-packages/airflow/example_dags/example_branch_day_of_week_operator.py
[2022-10-18 21:39:04,342] {logging_mixin.py:115} INFO - [2022-10-18 21:39:04,341] {dag.py:2379} INFO - Sync 1 DAGs
[2022-10-18 21:39:04,596] {logging_mixin.py:115} INFO - [2022-10-18 21:39:04,596] {dag.py:2927} INFO - Setting next_dagrun for example_weekday_branch_operator to 2022-10-17T00:00:00+00:00, run_after=2022-10-18T00:00:00+00:00
[2022-10-18 21:39:04,776] {processor.py:161} INFO - Processing /home/airflow/.local/lib/python3.9/site-packages/airflow/example_dags/example_branch_day_of_week_operator.py took 0.652 seconds
[2022-10-18 21:39:35,594] {processor.py:153} INFO - Started process (PID=2559) to work on /home/airflow/.local/lib/python3.9/site-packages/airflow/example_dags/example_branch_day_of_week_operator.py
[2022-10-18 21:39:35,601] {processor.py:641} INFO - Processing file /home/airflow/.local/lib/python3.9/site-packages/airflow/example_dags/example_branch_day_of_week_operator.py for tasks to queue
[2022-10-18 21:39:35,605] {logging_mixin.py:115} INFO - [2022-10-18 21:39:35,605] {dagbag.py:507} INFO - Filling up the DagBag from /home/airflow/.local/lib/python3.9/site-packages/airflow/example_dags/example_branch_day_of_week_operator.py
[2022-10-18 21:39:35,767] {processor.py:651} INFO - DAG(s) dict_keys(['example_weekday_branch_operator']) retrieved from /home/airflow/.local/lib/python3.9/site-packages/airflow/example_dags/example_branch_day_of_week_operator.py
[2022-10-18 21:39:36,072] {logging_mixin.py:115} INFO - [2022-10-18 21:39:36,066] {dag.py:2379} INFO - Sync 1 DAGs
[2022-10-18 21:39:36,508] {logging_mixin.py:115} INFO - [2022-10-18 21:39:36,507] {dag.py:2927} INFO - Setting next_dagrun for example_weekday_branch_operator to 2022-10-17T00:00:00+00:00, run_after=2022-10-18T00:00:00+00:00
[2022-10-18 21:39:36,630] {processor.py:161} INFO - Processing /home/airflow/.local/lib/python3.9/site-packages/airflow/example_dags/example_branch_day_of_week_operator.py took 1.058 seconds
[2022-10-18 21:40:07,266] {processor.py:153} INFO - Started process (PID=2655) to work on /home/airflow/.local/lib/python3.9/site-packages/airflow/example_dags/example_branch_day_of_week_operator.py
[2022-10-18 21:40:07,270] {processor.py:641} INFO - Processing file /home/airflow/.local/lib/python3.9/site-packages/airflow/example_dags/example_branch_day_of_week_operator.py for tasks to queue
[2022-10-18 21:40:07,274] {logging_mixin.py:115} INFO - [2022-10-18 21:40:07,273] {dagbag.py:507} INFO - Filling up the DagBag from /home/airflow/.local/lib/python3.9/site-packages/airflow/example_dags/example_branch_day_of_week_operator.py
[2022-10-18 21:40:07,399] {processor.py:651} INFO - DAG(s) dict_keys(['example_weekday_branch_operator']) retrieved from /home/airflow/.local/lib/python3.9/site-packages/airflow/example_dags/example_branch_day_of_week_operator.py
[2022-10-18 21:40:07,616] {logging_mixin.py:115} INFO - [2022-10-18 21:40:07,615] {dag.py:2379} INFO - Sync 1 DAGs
[2022-10-18 21:40:07,901] {logging_mixin.py:115} INFO - [2022-10-18 21:40:07,900] {dag.py:2927} INFO - Setting next_dagrun for example_weekday_branch_operator to 2022-10-17T00:00:00+00:00, run_after=2022-10-18T00:00:00+00:00
[2022-10-18 21:40:08,068] {processor.py:161} INFO - Processing /home/airflow/.local/lib/python3.9/site-packages/airflow/example_dags/example_branch_day_of_week_operator.py took 0.822 seconds
[2022-10-18 21:40:38,749] {processor.py:153} INFO - Started process (PID=2741) to work on /home/airflow/.local/lib/python3.9/site-packages/airflow/example_dags/example_branch_day_of_week_operator.py
[2022-10-18 21:40:38,764] {processor.py:641} INFO - Processing file /home/airflow/.local/lib/python3.9/site-packages/airflow/example_dags/example_branch_day_of_week_operator.py for tasks to queue
[2022-10-18 21:40:38,787] {logging_mixin.py:115} INFO - [2022-10-18 21:40:38,787] {dagbag.py:507} INFO - Filling up the DagBag from /home/airflow/.local/lib/python3.9/site-packages/airflow/example_dags/example_branch_day_of_week_operator.py
[2022-10-18 21:40:38,989] {processor.py:651} INFO - DAG(s) dict_keys(['example_weekday_branch_operator']) retrieved from /home/airflow/.local/lib/python3.9/site-packages/airflow/example_dags/example_branch_day_of_week_operator.py
[2022-10-18 21:40:39,609] {logging_mixin.py:115} INFO - [2022-10-18 21:40:39,607] {dag.py:2379} INFO - Sync 1 DAGs
[2022-10-18 21:40:39,972] {logging_mixin.py:115} INFO - [2022-10-18 21:40:39,971] {dag.py:2927} INFO - Setting next_dagrun for example_weekday_branch_operator to 2022-10-17T00:00:00+00:00, run_after=2022-10-18T00:00:00+00:00
[2022-10-18 21:40:40,054] {processor.py:161} INFO - Processing /home/airflow/.local/lib/python3.9/site-packages/airflow/example_dags/example_branch_day_of_week_operator.py took 1.366 seconds
[2022-10-18 21:41:10,151] {processor.py:153} INFO - Started process (PID=2832) to work on /home/airflow/.local/lib/python3.9/site-packages/airflow/example_dags/example_branch_day_of_week_operator.py
[2022-10-18 21:41:10,154] {processor.py:641} INFO - Processing file /home/airflow/.local/lib/python3.9/site-packages/airflow/example_dags/example_branch_day_of_week_operator.py for tasks to queue
[2022-10-18 21:41:10,159] {logging_mixin.py:115} INFO - [2022-10-18 21:41:10,158] {dagbag.py:507} INFO - Filling up the DagBag from /home/airflow/.local/lib/python3.9/site-packages/airflow/example_dags/example_branch_day_of_week_operator.py
[2022-10-18 21:41:10,258] {processor.py:651} INFO - DAG(s) dict_keys(['example_weekday_branch_operator']) retrieved from /home/airflow/.local/lib/python3.9/site-packages/airflow/example_dags/example_branch_day_of_week_operator.py
[2022-10-18 21:41:10,572] {logging_mixin.py:115} INFO - [2022-10-18 21:41:10,571] {dag.py:2379} INFO - Sync 1 DAGs
[2022-10-18 21:41:10,832] {logging_mixin.py:115} INFO - [2022-10-18 21:41:10,831] {dag.py:2927} INFO - Setting next_dagrun for example_weekday_branch_operator to 2022-10-17T00:00:00+00:00, run_after=2022-10-18T00:00:00+00:00
[2022-10-18 21:41:10,915] {processor.py:161} INFO - Processing /home/airflow/.local/lib/python3.9/site-packages/airflow/example_dags/example_branch_day_of_week_operator.py took 0.781 seconds
[2022-10-18 21:41:41,434] {processor.py:153} INFO - Started process (PID=2918) to work on /home/airflow/.local/lib/python3.9/site-packages/airflow/example_dags/example_branch_day_of_week_operator.py
[2022-10-18 21:41:41,442] {processor.py:641} INFO - Processing file /home/airflow/.local/lib/python3.9/site-packages/airflow/example_dags/example_branch_day_of_week_operator.py for tasks to queue
[2022-10-18 21:41:41,447] {logging_mixin.py:115} INFO - [2022-10-18 21:41:41,447] {dagbag.py:507} INFO - Filling up the DagBag from /home/airflow/.local/lib/python3.9/site-packages/airflow/example_dags/example_branch_day_of_week_operator.py
[2022-10-18 21:41:41,509] {processor.py:651} INFO - DAG(s) dict_keys(['example_weekday_branch_operator']) retrieved from /home/airflow/.local/lib/python3.9/site-packages/airflow/example_dags/example_branch_day_of_week_operator.py
[2022-10-18 21:41:41,628] {logging_mixin.py:115} INFO - [2022-10-18 21:41:41,628] {dag.py:2379} INFO - Sync 1 DAGs
[2022-10-18 21:41:41,727] {logging_mixin.py:115} INFO - [2022-10-18 21:41:41,726] {dag.py:2927} INFO - Setting next_dagrun for example_weekday_branch_operator to 2022-10-17T00:00:00+00:00, run_after=2022-10-18T00:00:00+00:00
[2022-10-18 21:41:41,801] {processor.py:161} INFO - Processing /home/airflow/.local/lib/python3.9/site-packages/airflow/example_dags/example_branch_day_of_week_operator.py took 0.381 seconds
[2022-10-18 21:42:12,256] {processor.py:153} INFO - Started process (PID=3010) to work on /home/airflow/.local/lib/python3.9/site-packages/airflow/example_dags/example_branch_day_of_week_operator.py
[2022-10-18 21:42:12,263] {processor.py:641} INFO - Processing file /home/airflow/.local/lib/python3.9/site-packages/airflow/example_dags/example_branch_day_of_week_operator.py for tasks to queue
[2022-10-18 21:42:12,268] {logging_mixin.py:115} INFO - [2022-10-18 21:42:12,268] {dagbag.py:507} INFO - Filling up the DagBag from /home/airflow/.local/lib/python3.9/site-packages/airflow/example_dags/example_branch_day_of_week_operator.py
[2022-10-18 21:42:12,341] {processor.py:651} INFO - DAG(s) dict_keys(['example_weekday_branch_operator']) retrieved from /home/airflow/.local/lib/python3.9/site-packages/airflow/example_dags/example_branch_day_of_week_operator.py
[2022-10-18 21:42:12,547] {logging_mixin.py:115} INFO - [2022-10-18 21:42:12,546] {dag.py:2379} INFO - Sync 1 DAGs
[2022-10-18 21:42:12,749] {logging_mixin.py:115} INFO - [2022-10-18 21:42:12,749] {dag.py:2927} INFO - Setting next_dagrun for example_weekday_branch_operator to 2022-10-17T00:00:00+00:00, run_after=2022-10-18T00:00:00+00:00
[2022-10-18 21:42:12,839] {processor.py:161} INFO - Processing /home/airflow/.local/lib/python3.9/site-packages/airflow/example_dags/example_branch_day_of_week_operator.py took 0.596 seconds
[2022-10-18 21:42:43,045] {processor.py:153} INFO - Started process (PID=3105) to work on /home/airflow/.local/lib/python3.9/site-packages/airflow/example_dags/example_branch_day_of_week_operator.py
[2022-10-18 21:42:43,049] {processor.py:641} INFO - Processing file /home/airflow/.local/lib/python3.9/site-packages/airflow/example_dags/example_branch_day_of_week_operator.py for tasks to queue
[2022-10-18 21:42:43,055] {logging_mixin.py:115} INFO - [2022-10-18 21:42:43,054] {dagbag.py:507} INFO - Filling up the DagBag from /home/airflow/.local/lib/python3.9/site-packages/airflow/example_dags/example_branch_day_of_week_operator.py
[2022-10-18 21:42:43,142] {processor.py:651} INFO - DAG(s) dict_keys(['example_weekday_branch_operator']) retrieved from /home/airflow/.local/lib/python3.9/site-packages/airflow/example_dags/example_branch_day_of_week_operator.py
[2022-10-18 21:42:43,327] {logging_mixin.py:115} INFO - [2022-10-18 21:42:43,326] {dag.py:2379} INFO - Sync 1 DAGs
[2022-10-18 21:42:43,596] {logging_mixin.py:115} INFO - [2022-10-18 21:42:43,596] {dag.py:2927} INFO - Setting next_dagrun for example_weekday_branch_operator to 2022-10-17T00:00:00+00:00, run_after=2022-10-18T00:00:00+00:00
[2022-10-18 21:42:43,683] {processor.py:161} INFO - Processing /home/airflow/.local/lib/python3.9/site-packages/airflow/example_dags/example_branch_day_of_week_operator.py took 0.660 seconds
[2022-10-18 21:43:14,128] {processor.py:153} INFO - Started process (PID=3188) to work on /home/airflow/.local/lib/python3.9/site-packages/airflow/example_dags/example_branch_day_of_week_operator.py
[2022-10-18 21:43:14,136] {processor.py:641} INFO - Processing file /home/airflow/.local/lib/python3.9/site-packages/airflow/example_dags/example_branch_day_of_week_operator.py for tasks to queue
[2022-10-18 21:43:14,139] {logging_mixin.py:115} INFO - [2022-10-18 21:43:14,139] {dagbag.py:507} INFO - Filling up the DagBag from /home/airflow/.local/lib/python3.9/site-packages/airflow/example_dags/example_branch_day_of_week_operator.py
[2022-10-18 21:43:14,205] {processor.py:651} INFO - DAG(s) dict_keys(['example_weekday_branch_operator']) retrieved from /home/airflow/.local/lib/python3.9/site-packages/airflow/example_dags/example_branch_day_of_week_operator.py
[2022-10-18 21:43:14,387] {logging_mixin.py:115} INFO - [2022-10-18 21:43:14,386] {dag.py:2379} INFO - Sync 1 DAGs
[2022-10-18 21:43:14,618] {logging_mixin.py:115} INFO - [2022-10-18 21:43:14,617] {dag.py:2927} INFO - Setting next_dagrun for example_weekday_branch_operator to 2022-10-17T00:00:00+00:00, run_after=2022-10-18T00:00:00+00:00
[2022-10-18 21:43:14,696] {processor.py:161} INFO - Processing /home/airflow/.local/lib/python3.9/site-packages/airflow/example_dags/example_branch_day_of_week_operator.py took 0.584 seconds
[2022-10-18 21:43:44,836] {processor.py:153} INFO - Started process (PID=3283) to work on /home/airflow/.local/lib/python3.9/site-packages/airflow/example_dags/example_branch_day_of_week_operator.py
[2022-10-18 21:43:44,840] {processor.py:641} INFO - Processing file /home/airflow/.local/lib/python3.9/site-packages/airflow/example_dags/example_branch_day_of_week_operator.py for tasks to queue
[2022-10-18 21:43:44,844] {logging_mixin.py:115} INFO - [2022-10-18 21:43:44,844] {dagbag.py:507} INFO - Filling up the DagBag from /home/airflow/.local/lib/python3.9/site-packages/airflow/example_dags/example_branch_day_of_week_operator.py
[2022-10-18 21:43:44,914] {processor.py:651} INFO - DAG(s) dict_keys(['example_weekday_branch_operator']) retrieved from /home/airflow/.local/lib/python3.9/site-packages/airflow/example_dags/example_branch_day_of_week_operator.py
[2022-10-18 21:43:45,096] {logging_mixin.py:115} INFO - [2022-10-18 21:43:45,095] {dag.py:2379} INFO - Sync 1 DAGs
[2022-10-18 21:43:45,297] {logging_mixin.py:115} INFO - [2022-10-18 21:43:45,296] {dag.py:2927} INFO - Setting next_dagrun for example_weekday_branch_operator to 2022-10-17T00:00:00+00:00, run_after=2022-10-18T00:00:00+00:00
[2022-10-18 21:43:45,396] {processor.py:161} INFO - Processing /home/airflow/.local/lib/python3.9/site-packages/airflow/example_dags/example_branch_day_of_week_operator.py took 0.568 seconds
[2022-10-18 21:44:16,675] {processor.py:153} INFO - Started process (PID=3365) to work on /home/airflow/.local/lib/python3.9/site-packages/airflow/example_dags/example_branch_day_of_week_operator.py
[2022-10-18 21:44:16,678] {processor.py:641} INFO - Processing file /home/airflow/.local/lib/python3.9/site-packages/airflow/example_dags/example_branch_day_of_week_operator.py for tasks to queue
[2022-10-18 21:44:16,698] {logging_mixin.py:115} INFO - [2022-10-18 21:44:16,697] {dagbag.py:507} INFO - Filling up the DagBag from /home/airflow/.local/lib/python3.9/site-packages/airflow/example_dags/example_branch_day_of_week_operator.py
[2022-10-18 21:44:16,794] {processor.py:651} INFO - DAG(s) dict_keys(['example_weekday_branch_operator']) retrieved from /home/airflow/.local/lib/python3.9/site-packages/airflow/example_dags/example_branch_day_of_week_operator.py
[2022-10-18 21:44:16,882] {logging_mixin.py:115} INFO - [2022-10-18 21:44:16,881] {dag.py:2379} INFO - Sync 1 DAGs
[2022-10-18 21:44:17,108] {logging_mixin.py:115} INFO - [2022-10-18 21:44:17,107] {dag.py:2927} INFO - Setting next_dagrun for example_weekday_branch_operator to 2022-10-17T00:00:00+00:00, run_after=2022-10-18T00:00:00+00:00
[2022-10-18 21:44:17,235] {processor.py:161} INFO - Processing /home/airflow/.local/lib/python3.9/site-packages/airflow/example_dags/example_branch_day_of_week_operator.py took 0.601 seconds
[2022-10-18 21:44:48,836] {processor.py:153} INFO - Started process (PID=3457) to work on /home/airflow/.local/lib/python3.9/site-packages/airflow/example_dags/example_branch_day_of_week_operator.py
[2022-10-18 21:44:48,840] {processor.py:641} INFO - Processing file /home/airflow/.local/lib/python3.9/site-packages/airflow/example_dags/example_branch_day_of_week_operator.py for tasks to queue
[2022-10-18 21:44:48,851] {logging_mixin.py:115} INFO - [2022-10-18 21:44:48,849] {dagbag.py:507} INFO - Filling up the DagBag from /home/airflow/.local/lib/python3.9/site-packages/airflow/example_dags/example_branch_day_of_week_operator.py
[2022-10-18 21:44:48,947] {processor.py:651} INFO - DAG(s) dict_keys(['example_weekday_branch_operator']) retrieved from /home/airflow/.local/lib/python3.9/site-packages/airflow/example_dags/example_branch_day_of_week_operator.py
[2022-10-18 21:44:49,325] {logging_mixin.py:115} INFO - [2022-10-18 21:44:49,325] {dag.py:2379} INFO - Sync 1 DAGs
[2022-10-18 21:44:49,734] {logging_mixin.py:115} INFO - [2022-10-18 21:44:49,733] {dag.py:2927} INFO - Setting next_dagrun for example_weekday_branch_operator to 2022-10-17T00:00:00+00:00, run_after=2022-10-18T00:00:00+00:00
[2022-10-18 21:44:49,989] {processor.py:161} INFO - Processing /home/airflow/.local/lib/python3.9/site-packages/airflow/example_dags/example_branch_day_of_week_operator.py took 1.216 seconds
[2022-10-18 21:45:21,183] {processor.py:153} INFO - Started process (PID=3545) to work on /home/airflow/.local/lib/python3.9/site-packages/airflow/example_dags/example_branch_day_of_week_operator.py
[2022-10-18 21:45:21,188] {processor.py:641} INFO - Processing file /home/airflow/.local/lib/python3.9/site-packages/airflow/example_dags/example_branch_day_of_week_operator.py for tasks to queue
[2022-10-18 21:45:21,191] {logging_mixin.py:115} INFO - [2022-10-18 21:45:21,191] {dagbag.py:507} INFO - Filling up the DagBag from /home/airflow/.local/lib/python3.9/site-packages/airflow/example_dags/example_branch_day_of_week_operator.py
[2022-10-18 21:45:21,396] {processor.py:651} INFO - DAG(s) dict_keys(['example_weekday_branch_operator']) retrieved from /home/airflow/.local/lib/python3.9/site-packages/airflow/example_dags/example_branch_day_of_week_operator.py
[2022-10-18 21:45:21,656] {logging_mixin.py:115} INFO - [2022-10-18 21:45:21,655] {dag.py:2379} INFO - Sync 1 DAGs
[2022-10-18 21:45:21,928] {logging_mixin.py:115} INFO - [2022-10-18 21:45:21,921] {dag.py:2927} INFO - Setting next_dagrun for example_weekday_branch_operator to 2022-10-17T00:00:00+00:00, run_after=2022-10-18T00:00:00+00:00
[2022-10-18 21:45:22,137] {processor.py:161} INFO - Processing /home/airflow/.local/lib/python3.9/site-packages/airflow/example_dags/example_branch_day_of_week_operator.py took 0.997 seconds
[2022-10-18 21:45:58,105] {processor.py:153} INFO - Started process (PID=3638) to work on /home/airflow/.local/lib/python3.9/site-packages/airflow/example_dags/example_branch_day_of_week_operator.py
[2022-10-18 21:45:58,120] {processor.py:641} INFO - Processing file /home/airflow/.local/lib/python3.9/site-packages/airflow/example_dags/example_branch_day_of_week_operator.py for tasks to queue
[2022-10-18 21:45:58,124] {logging_mixin.py:115} INFO - [2022-10-18 21:45:58,124] {dagbag.py:507} INFO - Filling up the DagBag from /home/airflow/.local/lib/python3.9/site-packages/airflow/example_dags/example_branch_day_of_week_operator.py
[2022-10-18 21:45:58,349] {processor.py:651} INFO - DAG(s) dict_keys(['example_weekday_branch_operator']) retrieved from /home/airflow/.local/lib/python3.9/site-packages/airflow/example_dags/example_branch_day_of_week_operator.py
[2022-10-18 21:45:58,955] {logging_mixin.py:115} INFO - [2022-10-18 21:45:58,954] {dag.py:2379} INFO - Sync 1 DAGs
[2022-10-18 21:45:59,595] {logging_mixin.py:115} INFO - [2022-10-18 21:45:59,585] {dag.py:2927} INFO - Setting next_dagrun for example_weekday_branch_operator to 2022-10-17T00:00:00+00:00, run_after=2022-10-18T00:00:00+00:00
[2022-10-18 21:45:59,836] {processor.py:161} INFO - Processing /home/airflow/.local/lib/python3.9/site-packages/airflow/example_dags/example_branch_day_of_week_operator.py took 1.814 seconds
[2022-10-18 21:46:41,737] {processor.py:153} INFO - Started process (PID=3740) to work on /home/airflow/.local/lib/python3.9/site-packages/airflow/example_dags/example_branch_day_of_week_operator.py
[2022-10-18 21:46:41,763] {processor.py:641} INFO - Processing file /home/airflow/.local/lib/python3.9/site-packages/airflow/example_dags/example_branch_day_of_week_operator.py for tasks to queue
[2022-10-18 21:46:41,769] {logging_mixin.py:115} INFO - [2022-10-18 21:46:41,768] {dagbag.py:507} INFO - Filling up the DagBag from /home/airflow/.local/lib/python3.9/site-packages/airflow/example_dags/example_branch_day_of_week_operator.py
[2022-10-18 21:46:42,065] {processor.py:651} INFO - DAG(s) dict_keys(['example_weekday_branch_operator']) retrieved from /home/airflow/.local/lib/python3.9/site-packages/airflow/example_dags/example_branch_day_of_week_operator.py
[2022-10-18 21:46:42,856] {logging_mixin.py:115} INFO - [2022-10-18 21:46:42,855] {dag.py:2379} INFO - Sync 1 DAGs
[2022-10-18 21:46:43,828] {logging_mixin.py:115} INFO - [2022-10-18 21:46:43,828] {dag.py:2927} INFO - Setting next_dagrun for example_weekday_branch_operator to 2022-10-17T00:00:00+00:00, run_after=2022-10-18T00:00:00+00:00
[2022-10-18 21:46:44,221] {processor.py:161} INFO - Processing /home/airflow/.local/lib/python3.9/site-packages/airflow/example_dags/example_branch_day_of_week_operator.py took 2.531 seconds
[2022-10-18 21:47:30,991] {processor.py:153} INFO - Started process (PID=3846) to work on /home/airflow/.local/lib/python3.9/site-packages/airflow/example_dags/example_branch_day_of_week_operator.py
[2022-10-18 21:47:30,996] {processor.py:641} INFO - Processing file /home/airflow/.local/lib/python3.9/site-packages/airflow/example_dags/example_branch_day_of_week_operator.py for tasks to queue
[2022-10-18 21:47:31,013] {logging_mixin.py:115} INFO - [2022-10-18 21:47:31,012] {dagbag.py:507} INFO - Filling up the DagBag from /home/airflow/.local/lib/python3.9/site-packages/airflow/example_dags/example_branch_day_of_week_operator.py
[2022-10-18 21:47:31,381] {processor.py:651} INFO - DAG(s) dict_keys(['example_weekday_branch_operator']) retrieved from /home/airflow/.local/lib/python3.9/site-packages/airflow/example_dags/example_branch_day_of_week_operator.py
[2022-10-18 21:47:32,007] {logging_mixin.py:115} INFO - [2022-10-18 21:47:32,006] {dag.py:2379} INFO - Sync 1 DAGs
[2022-10-18 21:47:33,036] {logging_mixin.py:115} INFO - [2022-10-18 21:47:33,036] {dag.py:2927} INFO - Setting next_dagrun for example_weekday_branch_operator to 2022-10-17T00:00:00+00:00, run_after=2022-10-18T00:00:00+00:00
[2022-10-18 21:47:33,491] {processor.py:161} INFO - Processing /home/airflow/.local/lib/python3.9/site-packages/airflow/example_dags/example_branch_day_of_week_operator.py took 2.615 seconds
