[2022-10-18 21:13:22,117] {processor.py:153} INFO - Started process (PID=225) to work on /home/airflow/.local/lib/python3.9/site-packages/airflow/example_dags/example_branch_operator.py
[2022-10-18 21:13:22,127] {processor.py:641} INFO - Processing file /home/airflow/.local/lib/python3.9/site-packages/airflow/example_dags/example_branch_operator.py for tasks to queue
[2022-10-18 21:13:22,144] {logging_mixin.py:115} INFO - [2022-10-18 21:13:22,144] {dagbag.py:507} INFO - Filling up the DagBag from /home/airflow/.local/lib/python3.9/site-packages/airflow/example_dags/example_branch_operator.py
[2022-10-18 21:13:22,401] {processor.py:651} INFO - DAG(s) dict_keys(['example_branch_operator']) retrieved from /home/airflow/.local/lib/python3.9/site-packages/airflow/example_dags/example_branch_operator.py
[2022-10-18 21:13:22,853] {logging_mixin.py:115} INFO - [2022-10-18 21:13:22,852] {dag.py:2379} INFO - Sync 1 DAGs
[2022-10-18 21:13:23,357] {logging_mixin.py:115} INFO - [2022-10-18 21:13:23,356] {dag.py:2927} INFO - Setting next_dagrun for example_branch_operator to 2022-10-17T00:00:00+00:00, run_after=2022-10-18T00:00:00+00:00
[2022-10-18 21:13:23,566] {processor.py:161} INFO - Processing /home/airflow/.local/lib/python3.9/site-packages/airflow/example_dags/example_branch_operator.py took 1.494 seconds
[2022-10-18 21:13:54,239] {processor.py:153} INFO - Started process (PID=319) to work on /home/airflow/.local/lib/python3.9/site-packages/airflow/example_dags/example_branch_operator.py
[2022-10-18 21:13:54,255] {processor.py:641} INFO - Processing file /home/airflow/.local/lib/python3.9/site-packages/airflow/example_dags/example_branch_operator.py for tasks to queue
[2022-10-18 21:13:54,266] {logging_mixin.py:115} INFO - [2022-10-18 21:13:54,261] {dagbag.py:507} INFO - Filling up the DagBag from /home/airflow/.local/lib/python3.9/site-packages/airflow/example_dags/example_branch_operator.py
[2022-10-18 21:13:54,519] {processor.py:651} INFO - DAG(s) dict_keys(['example_branch_operator']) retrieved from /home/airflow/.local/lib/python3.9/site-packages/airflow/example_dags/example_branch_operator.py
[2022-10-18 21:13:54,940] {logging_mixin.py:115} INFO - [2022-10-18 21:13:54,940] {dag.py:2379} INFO - Sync 1 DAGs
[2022-10-18 21:13:55,486] {logging_mixin.py:115} INFO - [2022-10-18 21:13:55,481] {dag.py:2927} INFO - Setting next_dagrun for example_branch_operator to 2022-10-17T00:00:00+00:00, run_after=2022-10-18T00:00:00+00:00
[2022-10-18 21:13:55,687] {processor.py:161} INFO - Processing /home/airflow/.local/lib/python3.9/site-packages/airflow/example_dags/example_branch_operator.py took 1.478 seconds
[2022-10-18 21:14:26,748] {processor.py:153} INFO - Started process (PID=405) to work on /home/airflow/.local/lib/python3.9/site-packages/airflow/example_dags/example_branch_operator.py
[2022-10-18 21:14:26,757] {processor.py:641} INFO - Processing file /home/airflow/.local/lib/python3.9/site-packages/airflow/example_dags/example_branch_operator.py for tasks to queue
[2022-10-18 21:14:26,771] {logging_mixin.py:115} INFO - [2022-10-18 21:14:26,770] {dagbag.py:507} INFO - Filling up the DagBag from /home/airflow/.local/lib/python3.9/site-packages/airflow/example_dags/example_branch_operator.py
[2022-10-18 21:14:26,960] {processor.py:651} INFO - DAG(s) dict_keys(['example_branch_operator']) retrieved from /home/airflow/.local/lib/python3.9/site-packages/airflow/example_dags/example_branch_operator.py
[2022-10-18 21:14:27,329] {logging_mixin.py:115} INFO - [2022-10-18 21:14:27,328] {dag.py:2379} INFO - Sync 1 DAGs
[2022-10-18 21:14:27,842] {logging_mixin.py:115} INFO - [2022-10-18 21:14:27,841] {dag.py:2927} INFO - Setting next_dagrun for example_branch_operator to 2022-10-17T00:00:00+00:00, run_after=2022-10-18T00:00:00+00:00
[2022-10-18 21:14:28,000] {processor.py:161} INFO - Processing /home/airflow/.local/lib/python3.9/site-packages/airflow/example_dags/example_branch_operator.py took 1.291 seconds
[2022-10-18 21:14:59,088] {processor.py:153} INFO - Started process (PID=496) to work on /home/airflow/.local/lib/python3.9/site-packages/airflow/example_dags/example_branch_operator.py
[2022-10-18 21:14:59,103] {processor.py:641} INFO - Processing file /home/airflow/.local/lib/python3.9/site-packages/airflow/example_dags/example_branch_operator.py for tasks to queue
[2022-10-18 21:14:59,107] {logging_mixin.py:115} INFO - [2022-10-18 21:14:59,106] {dagbag.py:507} INFO - Filling up the DagBag from /home/airflow/.local/lib/python3.9/site-packages/airflow/example_dags/example_branch_operator.py
[2022-10-18 21:14:59,343] {processor.py:651} INFO - DAG(s) dict_keys(['example_branch_operator']) retrieved from /home/airflow/.local/lib/python3.9/site-packages/airflow/example_dags/example_branch_operator.py
[2022-10-18 21:14:59,752] {logging_mixin.py:115} INFO - [2022-10-18 21:14:59,752] {dag.py:2379} INFO - Sync 1 DAGs
[2022-10-18 21:15:00,360] {logging_mixin.py:115} INFO - [2022-10-18 21:15:00,359] {dag.py:2927} INFO - Setting next_dagrun for example_branch_operator to 2022-10-17T00:00:00+00:00, run_after=2022-10-18T00:00:00+00:00
[2022-10-18 21:15:00,526] {processor.py:161} INFO - Processing /home/airflow/.local/lib/python3.9/site-packages/airflow/example_dags/example_branch_operator.py took 1.475 seconds
[2022-10-18 21:15:30,734] {processor.py:153} INFO - Started process (PID=592) to work on /home/airflow/.local/lib/python3.9/site-packages/airflow/example_dags/example_branch_operator.py
[2022-10-18 21:15:30,739] {processor.py:641} INFO - Processing file /home/airflow/.local/lib/python3.9/site-packages/airflow/example_dags/example_branch_operator.py for tasks to queue
[2022-10-18 21:15:30,750] {logging_mixin.py:115} INFO - [2022-10-18 21:15:30,750] {dagbag.py:507} INFO - Filling up the DagBag from /home/airflow/.local/lib/python3.9/site-packages/airflow/example_dags/example_branch_operator.py
[2022-10-18 21:15:30,938] {processor.py:651} INFO - DAG(s) dict_keys(['example_branch_operator']) retrieved from /home/airflow/.local/lib/python3.9/site-packages/airflow/example_dags/example_branch_operator.py
[2022-10-18 21:15:31,202] {logging_mixin.py:115} INFO - [2022-10-18 21:15:31,201] {dag.py:2379} INFO - Sync 1 DAGs
[2022-10-18 21:15:31,680] {logging_mixin.py:115} INFO - [2022-10-18 21:15:31,679] {dag.py:2927} INFO - Setting next_dagrun for example_branch_operator to 2022-10-17T00:00:00+00:00, run_after=2022-10-18T00:00:00+00:00
[2022-10-18 21:15:31,790] {processor.py:161} INFO - Processing /home/airflow/.local/lib/python3.9/site-packages/airflow/example_dags/example_branch_operator.py took 1.092 seconds
[2022-10-18 21:16:03,442] {processor.py:153} INFO - Started process (PID=679) to work on /home/airflow/.local/lib/python3.9/site-packages/airflow/example_dags/example_branch_operator.py
[2022-10-18 21:16:03,452] {processor.py:641} INFO - Processing file /home/airflow/.local/lib/python3.9/site-packages/airflow/example_dags/example_branch_operator.py for tasks to queue
[2022-10-18 21:16:03,460] {logging_mixin.py:115} INFO - [2022-10-18 21:16:03,460] {dagbag.py:507} INFO - Filling up the DagBag from /home/airflow/.local/lib/python3.9/site-packages/airflow/example_dags/example_branch_operator.py
[2022-10-18 21:16:03,694] {processor.py:651} INFO - DAG(s) dict_keys(['example_branch_operator']) retrieved from /home/airflow/.local/lib/python3.9/site-packages/airflow/example_dags/example_branch_operator.py
[2022-10-18 21:16:04,089] {logging_mixin.py:115} INFO - [2022-10-18 21:16:04,088] {dag.py:2379} INFO - Sync 1 DAGs
[2022-10-18 21:16:04,538] {logging_mixin.py:115} INFO - [2022-10-18 21:16:04,537] {dag.py:2927} INFO - Setting next_dagrun for example_branch_operator to 2022-10-17T00:00:00+00:00, run_after=2022-10-18T00:00:00+00:00
[2022-10-18 21:16:04,687] {processor.py:161} INFO - Processing /home/airflow/.local/lib/python3.9/site-packages/airflow/example_dags/example_branch_operator.py took 1.273 seconds
[2022-10-18 21:16:35,090] {processor.py:153} INFO - Started process (PID=770) to work on /home/airflow/.local/lib/python3.9/site-packages/airflow/example_dags/example_branch_operator.py
[2022-10-18 21:16:35,106] {processor.py:641} INFO - Processing file /home/airflow/.local/lib/python3.9/site-packages/airflow/example_dags/example_branch_operator.py for tasks to queue
[2022-10-18 21:16:35,114] {logging_mixin.py:115} INFO - [2022-10-18 21:16:35,114] {dagbag.py:507} INFO - Filling up the DagBag from /home/airflow/.local/lib/python3.9/site-packages/airflow/example_dags/example_branch_operator.py
[2022-10-18 21:16:35,286] {processor.py:651} INFO - DAG(s) dict_keys(['example_branch_operator']) retrieved from /home/airflow/.local/lib/python3.9/site-packages/airflow/example_dags/example_branch_operator.py
[2022-10-18 21:16:35,615] {logging_mixin.py:115} INFO - [2022-10-18 21:16:35,614] {dag.py:2379} INFO - Sync 1 DAGs
[2022-10-18 21:16:35,892] {logging_mixin.py:115} INFO - [2022-10-18 21:16:35,892] {dag.py:2927} INFO - Setting next_dagrun for example_branch_operator to 2022-10-17T00:00:00+00:00, run_after=2022-10-18T00:00:00+00:00
[2022-10-18 21:16:36,040] {processor.py:161} INFO - Processing /home/airflow/.local/lib/python3.9/site-packages/airflow/example_dags/example_branch_operator.py took 1.000 seconds
[2022-10-18 21:17:06,475] {processor.py:153} INFO - Started process (PID=855) to work on /home/airflow/.local/lib/python3.9/site-packages/airflow/example_dags/example_branch_operator.py
[2022-10-18 21:17:06,496] {processor.py:641} INFO - Processing file /home/airflow/.local/lib/python3.9/site-packages/airflow/example_dags/example_branch_operator.py for tasks to queue
[2022-10-18 21:17:06,502] {logging_mixin.py:115} INFO - [2022-10-18 21:17:06,502] {dagbag.py:507} INFO - Filling up the DagBag from /home/airflow/.local/lib/python3.9/site-packages/airflow/example_dags/example_branch_operator.py
[2022-10-18 21:17:06,620] {processor.py:651} INFO - DAG(s) dict_keys(['example_branch_operator']) retrieved from /home/airflow/.local/lib/python3.9/site-packages/airflow/example_dags/example_branch_operator.py
[2022-10-18 21:17:06,964] {logging_mixin.py:115} INFO - [2022-10-18 21:17:06,964] {dag.py:2379} INFO - Sync 1 DAGs
[2022-10-18 21:17:07,426] {logging_mixin.py:115} INFO - [2022-10-18 21:17:07,425] {dag.py:2927} INFO - Setting next_dagrun for example_branch_operator to 2022-10-17T00:00:00+00:00, run_after=2022-10-18T00:00:00+00:00
[2022-10-18 21:17:07,615] {processor.py:161} INFO - Processing /home/airflow/.local/lib/python3.9/site-packages/airflow/example_dags/example_branch_operator.py took 1.172 seconds
[2022-10-18 21:17:39,709] {processor.py:153} INFO - Started process (PID=950) to work on /home/airflow/.local/lib/python3.9/site-packages/airflow/example_dags/example_branch_operator.py
[2022-10-18 21:17:39,713] {processor.py:641} INFO - Processing file /home/airflow/.local/lib/python3.9/site-packages/airflow/example_dags/example_branch_operator.py for tasks to queue
[2022-10-18 21:17:39,718] {logging_mixin.py:115} INFO - [2022-10-18 21:17:39,717] {dagbag.py:507} INFO - Filling up the DagBag from /home/airflow/.local/lib/python3.9/site-packages/airflow/example_dags/example_branch_operator.py
[2022-10-18 21:17:39,877] {processor.py:651} INFO - DAG(s) dict_keys(['example_branch_operator']) retrieved from /home/airflow/.local/lib/python3.9/site-packages/airflow/example_dags/example_branch_operator.py
[2022-10-18 21:17:40,231] {logging_mixin.py:115} INFO - [2022-10-18 21:17:40,231] {dag.py:2379} INFO - Sync 1 DAGs
[2022-10-18 21:17:40,624] {logging_mixin.py:115} INFO - [2022-10-18 21:17:40,623] {dag.py:2927} INFO - Setting next_dagrun for example_branch_operator to 2022-10-17T00:00:00+00:00, run_after=2022-10-18T00:00:00+00:00
[2022-10-18 21:17:40,809] {processor.py:161} INFO - Processing /home/airflow/.local/lib/python3.9/site-packages/airflow/example_dags/example_branch_operator.py took 1.128 seconds
[2022-10-18 21:18:11,486] {processor.py:153} INFO - Started process (PID=1046) to work on /home/airflow/.local/lib/python3.9/site-packages/airflow/example_dags/example_branch_operator.py
[2022-10-18 21:18:11,495] {processor.py:641} INFO - Processing file /home/airflow/.local/lib/python3.9/site-packages/airflow/example_dags/example_branch_operator.py for tasks to queue
[2022-10-18 21:18:11,499] {logging_mixin.py:115} INFO - [2022-10-18 21:18:11,499] {dagbag.py:507} INFO - Filling up the DagBag from /home/airflow/.local/lib/python3.9/site-packages/airflow/example_dags/example_branch_operator.py
[2022-10-18 21:18:11,634] {processor.py:651} INFO - DAG(s) dict_keys(['example_branch_operator']) retrieved from /home/airflow/.local/lib/python3.9/site-packages/airflow/example_dags/example_branch_operator.py
[2022-10-18 21:18:12,081] {logging_mixin.py:115} INFO - [2022-10-18 21:18:12,076] {dag.py:2379} INFO - Sync 1 DAGs
[2022-10-18 21:18:12,552] {logging_mixin.py:115} INFO - [2022-10-18 21:18:12,551] {dag.py:2927} INFO - Setting next_dagrun for example_branch_operator to 2022-10-17T00:00:00+00:00, run_after=2022-10-18T00:00:00+00:00
[2022-10-18 21:18:12,702] {processor.py:161} INFO - Processing /home/airflow/.local/lib/python3.9/site-packages/airflow/example_dags/example_branch_operator.py took 1.238 seconds
[2022-10-18 21:18:43,374] {processor.py:153} INFO - Started process (PID=1127) to work on /home/airflow/.local/lib/python3.9/site-packages/airflow/example_dags/example_branch_operator.py
[2022-10-18 21:18:43,401] {processor.py:641} INFO - Processing file /home/airflow/.local/lib/python3.9/site-packages/airflow/example_dags/example_branch_operator.py for tasks to queue
[2022-10-18 21:18:43,404] {logging_mixin.py:115} INFO - [2022-10-18 21:18:43,404] {dagbag.py:507} INFO - Filling up the DagBag from /home/airflow/.local/lib/python3.9/site-packages/airflow/example_dags/example_branch_operator.py
[2022-10-18 21:18:43,512] {processor.py:651} INFO - DAG(s) dict_keys(['example_branch_operator']) retrieved from /home/airflow/.local/lib/python3.9/site-packages/airflow/example_dags/example_branch_operator.py
[2022-10-18 21:18:43,784] {logging_mixin.py:115} INFO - [2022-10-18 21:18:43,783] {dag.py:2379} INFO - Sync 1 DAGs
[2022-10-18 21:18:44,048] {logging_mixin.py:115} INFO - [2022-10-18 21:18:44,040] {dag.py:2927} INFO - Setting next_dagrun for example_branch_operator to 2022-10-17T00:00:00+00:00, run_after=2022-10-18T00:00:00+00:00
[2022-10-18 21:18:44,128] {processor.py:161} INFO - Processing /home/airflow/.local/lib/python3.9/site-packages/airflow/example_dags/example_branch_operator.py took 0.768 seconds
[2022-10-18 21:19:14,601] {processor.py:153} INFO - Started process (PID=1223) to work on /home/airflow/.local/lib/python3.9/site-packages/airflow/example_dags/example_branch_operator.py
[2022-10-18 21:19:14,605] {processor.py:641} INFO - Processing file /home/airflow/.local/lib/python3.9/site-packages/airflow/example_dags/example_branch_operator.py for tasks to queue
[2022-10-18 21:19:14,609] {logging_mixin.py:115} INFO - [2022-10-18 21:19:14,608] {dagbag.py:507} INFO - Filling up the DagBag from /home/airflow/.local/lib/python3.9/site-packages/airflow/example_dags/example_branch_operator.py
[2022-10-18 21:19:14,710] {processor.py:651} INFO - DAG(s) dict_keys(['example_branch_operator']) retrieved from /home/airflow/.local/lib/python3.9/site-packages/airflow/example_dags/example_branch_operator.py
[2022-10-18 21:19:14,945] {logging_mixin.py:115} INFO - [2022-10-18 21:19:14,944] {dag.py:2379} INFO - Sync 1 DAGs
[2022-10-18 21:19:15,173] {logging_mixin.py:115} INFO - [2022-10-18 21:19:15,173] {dag.py:2927} INFO - Setting next_dagrun for example_branch_operator to 2022-10-17T00:00:00+00:00, run_after=2022-10-18T00:00:00+00:00
[2022-10-18 21:19:15,245] {processor.py:161} INFO - Processing /home/airflow/.local/lib/python3.9/site-packages/airflow/example_dags/example_branch_operator.py took 0.661 seconds
[2022-10-18 21:19:45,888] {processor.py:153} INFO - Started process (PID=1305) to work on /home/airflow/.local/lib/python3.9/site-packages/airflow/example_dags/example_branch_operator.py
[2022-10-18 21:19:45,909] {processor.py:641} INFO - Processing file /home/airflow/.local/lib/python3.9/site-packages/airflow/example_dags/example_branch_operator.py for tasks to queue
[2022-10-18 21:19:45,913] {logging_mixin.py:115} INFO - [2022-10-18 21:19:45,913] {dagbag.py:507} INFO - Filling up the DagBag from /home/airflow/.local/lib/python3.9/site-packages/airflow/example_dags/example_branch_operator.py
[2022-10-18 21:19:46,174] {processor.py:651} INFO - DAG(s) dict_keys(['example_branch_operator']) retrieved from /home/airflow/.local/lib/python3.9/site-packages/airflow/example_dags/example_branch_operator.py
[2022-10-18 21:19:46,550] {logging_mixin.py:115} INFO - [2022-10-18 21:19:46,549] {dag.py:2379} INFO - Sync 1 DAGs
[2022-10-18 21:19:46,827] {logging_mixin.py:115} INFO - [2022-10-18 21:19:46,827] {dag.py:2927} INFO - Setting next_dagrun for example_branch_operator to 2022-10-17T00:00:00+00:00, run_after=2022-10-18T00:00:00+00:00
[2022-10-18 21:19:46,951] {processor.py:161} INFO - Processing /home/airflow/.local/lib/python3.9/site-packages/airflow/example_dags/example_branch_operator.py took 1.087 seconds
[2022-10-18 21:20:17,205] {processor.py:153} INFO - Started process (PID=1400) to work on /home/airflow/.local/lib/python3.9/site-packages/airflow/example_dags/example_branch_operator.py
[2022-10-18 21:20:17,209] {processor.py:641} INFO - Processing file /home/airflow/.local/lib/python3.9/site-packages/airflow/example_dags/example_branch_operator.py for tasks to queue
[2022-10-18 21:20:17,214] {logging_mixin.py:115} INFO - [2022-10-18 21:20:17,213] {dagbag.py:507} INFO - Filling up the DagBag from /home/airflow/.local/lib/python3.9/site-packages/airflow/example_dags/example_branch_operator.py
[2022-10-18 21:20:17,350] {processor.py:651} INFO - DAG(s) dict_keys(['example_branch_operator']) retrieved from /home/airflow/.local/lib/python3.9/site-packages/airflow/example_dags/example_branch_operator.py
[2022-10-18 21:20:17,692] {logging_mixin.py:115} INFO - [2022-10-18 21:20:17,692] {dag.py:2379} INFO - Sync 1 DAGs
[2022-10-18 21:20:17,981] {logging_mixin.py:115} INFO - [2022-10-18 21:20:17,975] {dag.py:2927} INFO - Setting next_dagrun for example_branch_operator to 2022-10-17T00:00:00+00:00, run_after=2022-10-18T00:00:00+00:00
[2022-10-18 21:20:18,050] {processor.py:161} INFO - Processing /home/airflow/.local/lib/python3.9/site-packages/airflow/example_dags/example_branch_operator.py took 0.884 seconds
[2022-10-18 21:20:49,016] {processor.py:153} INFO - Started process (PID=1486) to work on /home/airflow/.local/lib/python3.9/site-packages/airflow/example_dags/example_branch_operator.py
[2022-10-18 21:20:49,023] {processor.py:641} INFO - Processing file /home/airflow/.local/lib/python3.9/site-packages/airflow/example_dags/example_branch_operator.py for tasks to queue
[2022-10-18 21:20:49,027] {logging_mixin.py:115} INFO - [2022-10-18 21:20:49,027] {dagbag.py:507} INFO - Filling up the DagBag from /home/airflow/.local/lib/python3.9/site-packages/airflow/example_dags/example_branch_operator.py
[2022-10-18 21:20:49,119] {processor.py:651} INFO - DAG(s) dict_keys(['example_branch_operator']) retrieved from /home/airflow/.local/lib/python3.9/site-packages/airflow/example_dags/example_branch_operator.py
[2022-10-18 21:20:49,306] {logging_mixin.py:115} INFO - [2022-10-18 21:20:49,305] {dag.py:2379} INFO - Sync 1 DAGs
[2022-10-18 21:20:49,501] {logging_mixin.py:115} INFO - [2022-10-18 21:20:49,500] {dag.py:2927} INFO - Setting next_dagrun for example_branch_operator to 2022-10-17T00:00:00+00:00, run_after=2022-10-18T00:00:00+00:00
[2022-10-18 21:20:49,579] {processor.py:161} INFO - Processing /home/airflow/.local/lib/python3.9/site-packages/airflow/example_dags/example_branch_operator.py took 0.578 seconds
[2022-10-18 21:21:20,269] {processor.py:153} INFO - Started process (PID=1577) to work on /home/airflow/.local/lib/python3.9/site-packages/airflow/example_dags/example_branch_operator.py
[2022-10-18 21:21:20,276] {processor.py:641} INFO - Processing file /home/airflow/.local/lib/python3.9/site-packages/airflow/example_dags/example_branch_operator.py for tasks to queue
[2022-10-18 21:21:20,280] {logging_mixin.py:115} INFO - [2022-10-18 21:21:20,280] {dagbag.py:507} INFO - Filling up the DagBag from /home/airflow/.local/lib/python3.9/site-packages/airflow/example_dags/example_branch_operator.py
[2022-10-18 21:21:20,404] {processor.py:651} INFO - DAG(s) dict_keys(['example_branch_operator']) retrieved from /home/airflow/.local/lib/python3.9/site-packages/airflow/example_dags/example_branch_operator.py
[2022-10-18 21:21:20,598] {logging_mixin.py:115} INFO - [2022-10-18 21:21:20,595] {dag.py:2379} INFO - Sync 1 DAGs
[2022-10-18 21:21:20,828] {logging_mixin.py:115} INFO - [2022-10-18 21:21:20,827] {dag.py:2927} INFO - Setting next_dagrun for example_branch_operator to 2022-10-17T00:00:00+00:00, run_after=2022-10-18T00:00:00+00:00
[2022-10-18 21:21:20,931] {processor.py:161} INFO - Processing /home/airflow/.local/lib/python3.9/site-packages/airflow/example_dags/example_branch_operator.py took 0.681 seconds
[2022-10-18 21:21:51,972] {processor.py:153} INFO - Started process (PID=1672) to work on /home/airflow/.local/lib/python3.9/site-packages/airflow/example_dags/example_branch_operator.py
[2022-10-18 21:21:51,976] {processor.py:641} INFO - Processing file /home/airflow/.local/lib/python3.9/site-packages/airflow/example_dags/example_branch_operator.py for tasks to queue
[2022-10-18 21:21:51,979] {logging_mixin.py:115} INFO - [2022-10-18 21:21:51,978] {dagbag.py:507} INFO - Filling up the DagBag from /home/airflow/.local/lib/python3.9/site-packages/airflow/example_dags/example_branch_operator.py
[2022-10-18 21:21:52,068] {processor.py:651} INFO - DAG(s) dict_keys(['example_branch_operator']) retrieved from /home/airflow/.local/lib/python3.9/site-packages/airflow/example_dags/example_branch_operator.py
[2022-10-18 21:21:52,341] {logging_mixin.py:115} INFO - [2022-10-18 21:21:52,340] {dag.py:2379} INFO - Sync 1 DAGs
[2022-10-18 21:21:52,602] {logging_mixin.py:115} INFO - [2022-10-18 21:21:52,601] {dag.py:2927} INFO - Setting next_dagrun for example_branch_operator to 2022-10-17T00:00:00+00:00, run_after=2022-10-18T00:00:00+00:00
[2022-10-18 21:21:52,682] {processor.py:161} INFO - Processing /home/airflow/.local/lib/python3.9/site-packages/airflow/example_dags/example_branch_operator.py took 0.726 seconds
[2022-10-18 21:22:23,398] {processor.py:153} INFO - Started process (PID=1758) to work on /home/airflow/.local/lib/python3.9/site-packages/airflow/example_dags/example_branch_operator.py
[2022-10-18 21:22:23,409] {processor.py:641} INFO - Processing file /home/airflow/.local/lib/python3.9/site-packages/airflow/example_dags/example_branch_operator.py for tasks to queue
[2022-10-18 21:22:23,416] {logging_mixin.py:115} INFO - [2022-10-18 21:22:23,416] {dagbag.py:507} INFO - Filling up the DagBag from /home/airflow/.local/lib/python3.9/site-packages/airflow/example_dags/example_branch_operator.py
[2022-10-18 21:22:23,575] {processor.py:651} INFO - DAG(s) dict_keys(['example_branch_operator']) retrieved from /home/airflow/.local/lib/python3.9/site-packages/airflow/example_dags/example_branch_operator.py
[2022-10-18 21:22:23,846] {logging_mixin.py:115} INFO - [2022-10-18 21:22:23,846] {dag.py:2379} INFO - Sync 1 DAGs
[2022-10-18 21:22:24,075] {logging_mixin.py:115} INFO - [2022-10-18 21:22:24,074] {dag.py:2927} INFO - Setting next_dagrun for example_branch_operator to 2022-10-17T00:00:00+00:00, run_after=2022-10-18T00:00:00+00:00
[2022-10-18 21:22:24,170] {processor.py:161} INFO - Processing /home/airflow/.local/lib/python3.9/site-packages/airflow/example_dags/example_branch_operator.py took 0.805 seconds
[2022-10-18 21:35:21,730] {processor.py:153} INFO - Started process (PID=1834) to work on /home/airflow/.local/lib/python3.9/site-packages/airflow/example_dags/example_branch_operator.py
[2022-10-18 21:35:21,733] {processor.py:641} INFO - Processing file /home/airflow/.local/lib/python3.9/site-packages/airflow/example_dags/example_branch_operator.py for tasks to queue
[2022-10-18 21:35:21,739] {logging_mixin.py:115} INFO - [2022-10-18 21:35:21,738] {dagbag.py:507} INFO - Filling up the DagBag from /home/airflow/.local/lib/python3.9/site-packages/airflow/example_dags/example_branch_operator.py
[2022-10-18 21:35:21,958] {processor.py:651} INFO - DAG(s) dict_keys(['example_branch_operator']) retrieved from /home/airflow/.local/lib/python3.9/site-packages/airflow/example_dags/example_branch_operator.py
[2022-10-18 21:35:22,333] {logging_mixin.py:115} INFO - [2022-10-18 21:35:22,333] {dag.py:2379} INFO - Sync 1 DAGs
[2022-10-18 21:35:22,793] {logging_mixin.py:115} INFO - [2022-10-18 21:35:22,792] {dag.py:2927} INFO - Setting next_dagrun for example_branch_operator to 2022-10-17T00:00:00+00:00, run_after=2022-10-18T00:00:00+00:00
[2022-10-18 21:35:22,998] {processor.py:161} INFO - Processing /home/airflow/.local/lib/python3.9/site-packages/airflow/example_dags/example_branch_operator.py took 1.293 seconds
[2022-10-18 21:35:53,230] {processor.py:153} INFO - Started process (PID=1926) to work on /home/airflow/.local/lib/python3.9/site-packages/airflow/example_dags/example_branch_operator.py
[2022-10-18 21:35:53,235] {processor.py:641} INFO - Processing file /home/airflow/.local/lib/python3.9/site-packages/airflow/example_dags/example_branch_operator.py for tasks to queue
[2022-10-18 21:35:53,242] {logging_mixin.py:115} INFO - [2022-10-18 21:35:53,241] {dagbag.py:507} INFO - Filling up the DagBag from /home/airflow/.local/lib/python3.9/site-packages/airflow/example_dags/example_branch_operator.py
[2022-10-18 21:35:53,370] {processor.py:651} INFO - DAG(s) dict_keys(['example_branch_operator']) retrieved from /home/airflow/.local/lib/python3.9/site-packages/airflow/example_dags/example_branch_operator.py
[2022-10-18 21:35:53,653] {logging_mixin.py:115} INFO - [2022-10-18 21:35:53,652] {dag.py:2379} INFO - Sync 1 DAGs
[2022-10-18 21:35:53,982] {logging_mixin.py:115} INFO - [2022-10-18 21:35:53,975] {dag.py:2927} INFO - Setting next_dagrun for example_branch_operator to 2022-10-17T00:00:00+00:00, run_after=2022-10-18T00:00:00+00:00
[2022-10-18 21:35:54,085] {processor.py:161} INFO - Processing /home/airflow/.local/lib/python3.9/site-packages/airflow/example_dags/example_branch_operator.py took 0.872 seconds
[2022-10-18 21:36:25,258] {processor.py:153} INFO - Started process (PID=2018) to work on /home/airflow/.local/lib/python3.9/site-packages/airflow/example_dags/example_branch_operator.py
[2022-10-18 21:36:25,261] {processor.py:641} INFO - Processing file /home/airflow/.local/lib/python3.9/site-packages/airflow/example_dags/example_branch_operator.py for tasks to queue
[2022-10-18 21:36:25,269] {logging_mixin.py:115} INFO - [2022-10-18 21:36:25,268] {dagbag.py:507} INFO - Filling up the DagBag from /home/airflow/.local/lib/python3.9/site-packages/airflow/example_dags/example_branch_operator.py
[2022-10-18 21:36:25,437] {processor.py:651} INFO - DAG(s) dict_keys(['example_branch_operator']) retrieved from /home/airflow/.local/lib/python3.9/site-packages/airflow/example_dags/example_branch_operator.py
[2022-10-18 21:36:25,801] {logging_mixin.py:115} INFO - [2022-10-18 21:36:25,801] {dag.py:2379} INFO - Sync 1 DAGs
[2022-10-18 21:36:26,370] {logging_mixin.py:115} INFO - [2022-10-18 21:36:26,362] {dag.py:2927} INFO - Setting next_dagrun for example_branch_operator to 2022-10-17T00:00:00+00:00, run_after=2022-10-18T00:00:00+00:00
[2022-10-18 21:36:26,557] {processor.py:161} INFO - Processing /home/airflow/.local/lib/python3.9/site-packages/airflow/example_dags/example_branch_operator.py took 1.328 seconds
[2022-10-18 21:36:57,122] {processor.py:153} INFO - Started process (PID=2104) to work on /home/airflow/.local/lib/python3.9/site-packages/airflow/example_dags/example_branch_operator.py
[2022-10-18 21:36:57,140] {processor.py:641} INFO - Processing file /home/airflow/.local/lib/python3.9/site-packages/airflow/example_dags/example_branch_operator.py for tasks to queue
[2022-10-18 21:36:57,146] {logging_mixin.py:115} INFO - [2022-10-18 21:36:57,145] {dagbag.py:507} INFO - Filling up the DagBag from /home/airflow/.local/lib/python3.9/site-packages/airflow/example_dags/example_branch_operator.py
[2022-10-18 21:36:57,335] {processor.py:651} INFO - DAG(s) dict_keys(['example_branch_operator']) retrieved from /home/airflow/.local/lib/python3.9/site-packages/airflow/example_dags/example_branch_operator.py
[2022-10-18 21:36:57,699] {logging_mixin.py:115} INFO - [2022-10-18 21:36:57,698] {dag.py:2379} INFO - Sync 1 DAGs
[2022-10-18 21:36:58,026] {logging_mixin.py:115} INFO - [2022-10-18 21:36:58,025] {dag.py:2927} INFO - Setting next_dagrun for example_branch_operator to 2022-10-17T00:00:00+00:00, run_after=2022-10-18T00:00:00+00:00
[2022-10-18 21:36:58,162] {processor.py:161} INFO - Processing /home/airflow/.local/lib/python3.9/site-packages/airflow/example_dags/example_branch_operator.py took 1.065 seconds
[2022-10-18 21:37:28,775] {processor.py:153} INFO - Started process (PID=2199) to work on /home/airflow/.local/lib/python3.9/site-packages/airflow/example_dags/example_branch_operator.py
[2022-10-18 21:37:28,778] {processor.py:641} INFO - Processing file /home/airflow/.local/lib/python3.9/site-packages/airflow/example_dags/example_branch_operator.py for tasks to queue
[2022-10-18 21:37:28,784] {logging_mixin.py:115} INFO - [2022-10-18 21:37:28,783] {dagbag.py:507} INFO - Filling up the DagBag from /home/airflow/.local/lib/python3.9/site-packages/airflow/example_dags/example_branch_operator.py
[2022-10-18 21:37:28,923] {processor.py:651} INFO - DAG(s) dict_keys(['example_branch_operator']) retrieved from /home/airflow/.local/lib/python3.9/site-packages/airflow/example_dags/example_branch_operator.py
[2022-10-18 21:37:29,179] {logging_mixin.py:115} INFO - [2022-10-18 21:37:29,179] {dag.py:2379} INFO - Sync 1 DAGs
[2022-10-18 21:37:29,497] {logging_mixin.py:115} INFO - [2022-10-18 21:37:29,496] {dag.py:2927} INFO - Setting next_dagrun for example_branch_operator to 2022-10-17T00:00:00+00:00, run_after=2022-10-18T00:00:00+00:00
[2022-10-18 21:37:29,650] {processor.py:161} INFO - Processing /home/airflow/.local/lib/python3.9/site-packages/airflow/example_dags/example_branch_operator.py took 0.896 seconds
[2022-10-18 21:37:59,884] {processor.py:153} INFO - Started process (PID=2281) to work on /home/airflow/.local/lib/python3.9/site-packages/airflow/example_dags/example_branch_operator.py
[2022-10-18 21:37:59,899] {processor.py:641} INFO - Processing file /home/airflow/.local/lib/python3.9/site-packages/airflow/example_dags/example_branch_operator.py for tasks to queue
[2022-10-18 21:37:59,906] {logging_mixin.py:115} INFO - [2022-10-18 21:37:59,906] {dagbag.py:507} INFO - Filling up the DagBag from /home/airflow/.local/lib/python3.9/site-packages/airflow/example_dags/example_branch_operator.py
[2022-10-18 21:38:00,137] {processor.py:651} INFO - DAG(s) dict_keys(['example_branch_operator']) retrieved from /home/airflow/.local/lib/python3.9/site-packages/airflow/example_dags/example_branch_operator.py
[2022-10-18 21:38:00,272] {logging_mixin.py:115} INFO - [2022-10-18 21:38:00,271] {dag.py:2379} INFO - Sync 1 DAGs
[2022-10-18 21:38:00,473] {logging_mixin.py:115} INFO - [2022-10-18 21:38:00,472] {dag.py:2927} INFO - Setting next_dagrun for example_branch_operator to 2022-10-17T00:00:00+00:00, run_after=2022-10-18T00:00:00+00:00
[2022-10-18 21:38:00,613] {processor.py:161} INFO - Processing /home/airflow/.local/lib/python3.9/site-packages/airflow/example_dags/example_branch_operator.py took 0.764 seconds
[2022-10-18 21:38:31,171] {processor.py:153} INFO - Started process (PID=2377) to work on /home/airflow/.local/lib/python3.9/site-packages/airflow/example_dags/example_branch_operator.py
[2022-10-18 21:38:31,176] {processor.py:641} INFO - Processing file /home/airflow/.local/lib/python3.9/site-packages/airflow/example_dags/example_branch_operator.py for tasks to queue
[2022-10-18 21:38:31,180] {logging_mixin.py:115} INFO - [2022-10-18 21:38:31,180] {dagbag.py:507} INFO - Filling up the DagBag from /home/airflow/.local/lib/python3.9/site-packages/airflow/example_dags/example_branch_operator.py
[2022-10-18 21:38:31,289] {processor.py:651} INFO - DAG(s) dict_keys(['example_branch_operator']) retrieved from /home/airflow/.local/lib/python3.9/site-packages/airflow/example_dags/example_branch_operator.py
[2022-10-18 21:38:31,564] {logging_mixin.py:115} INFO - [2022-10-18 21:38:31,563] {dag.py:2379} INFO - Sync 1 DAGs
[2022-10-18 21:38:31,820] {logging_mixin.py:115} INFO - [2022-10-18 21:38:31,819] {dag.py:2927} INFO - Setting next_dagrun for example_branch_operator to 2022-10-17T00:00:00+00:00, run_after=2022-10-18T00:00:00+00:00
[2022-10-18 21:38:31,906] {processor.py:161} INFO - Processing /home/airflow/.local/lib/python3.9/site-packages/airflow/example_dags/example_branch_operator.py took 0.753 seconds
[2022-10-18 21:39:02,223] {processor.py:153} INFO - Started process (PID=2470) to work on /home/airflow/.local/lib/python3.9/site-packages/airflow/example_dags/example_branch_operator.py
[2022-10-18 21:39:02,235] {processor.py:641} INFO - Processing file /home/airflow/.local/lib/python3.9/site-packages/airflow/example_dags/example_branch_operator.py for tasks to queue
[2022-10-18 21:39:02,239] {logging_mixin.py:115} INFO - [2022-10-18 21:39:02,238] {dagbag.py:507} INFO - Filling up the DagBag from /home/airflow/.local/lib/python3.9/site-packages/airflow/example_dags/example_branch_operator.py
[2022-10-18 21:39:02,359] {processor.py:651} INFO - DAG(s) dict_keys(['example_branch_operator']) retrieved from /home/airflow/.local/lib/python3.9/site-packages/airflow/example_dags/example_branch_operator.py
[2022-10-18 21:39:02,698] {logging_mixin.py:115} INFO - [2022-10-18 21:39:02,698] {dag.py:2379} INFO - Sync 1 DAGs
[2022-10-18 21:39:02,905] {logging_mixin.py:115} INFO - [2022-10-18 21:39:02,904] {dag.py:2927} INFO - Setting next_dagrun for example_branch_operator to 2022-10-17T00:00:00+00:00, run_after=2022-10-18T00:00:00+00:00
[2022-10-18 21:39:02,985] {processor.py:161} INFO - Processing /home/airflow/.local/lib/python3.9/site-packages/airflow/example_dags/example_branch_operator.py took 0.778 seconds
[2022-10-18 21:39:33,761] {processor.py:153} INFO - Started process (PID=2555) to work on /home/airflow/.local/lib/python3.9/site-packages/airflow/example_dags/example_branch_operator.py
[2022-10-18 21:39:33,773] {processor.py:641} INFO - Processing file /home/airflow/.local/lib/python3.9/site-packages/airflow/example_dags/example_branch_operator.py for tasks to queue
[2022-10-18 21:39:33,777] {logging_mixin.py:115} INFO - [2022-10-18 21:39:33,776] {dagbag.py:507} INFO - Filling up the DagBag from /home/airflow/.local/lib/python3.9/site-packages/airflow/example_dags/example_branch_operator.py
[2022-10-18 21:39:33,898] {processor.py:651} INFO - DAG(s) dict_keys(['example_branch_operator']) retrieved from /home/airflow/.local/lib/python3.9/site-packages/airflow/example_dags/example_branch_operator.py
[2022-10-18 21:39:34,186] {logging_mixin.py:115} INFO - [2022-10-18 21:39:34,186] {dag.py:2379} INFO - Sync 1 DAGs
[2022-10-18 21:39:34,521] {logging_mixin.py:115} INFO - [2022-10-18 21:39:34,510] {dag.py:2927} INFO - Setting next_dagrun for example_branch_operator to 2022-10-17T00:00:00+00:00, run_after=2022-10-18T00:00:00+00:00
[2022-10-18 21:39:34,603] {processor.py:161} INFO - Processing /home/airflow/.local/lib/python3.9/site-packages/airflow/example_dags/example_branch_operator.py took 0.862 seconds
[2022-10-18 21:40:04,747] {processor.py:153} INFO - Started process (PID=2651) to work on /home/airflow/.local/lib/python3.9/site-packages/airflow/example_dags/example_branch_operator.py
[2022-10-18 21:40:04,756] {processor.py:641} INFO - Processing file /home/airflow/.local/lib/python3.9/site-packages/airflow/example_dags/example_branch_operator.py for tasks to queue
[2022-10-18 21:40:04,765] {logging_mixin.py:115} INFO - [2022-10-18 21:40:04,761] {dagbag.py:507} INFO - Filling up the DagBag from /home/airflow/.local/lib/python3.9/site-packages/airflow/example_dags/example_branch_operator.py
[2022-10-18 21:40:04,909] {processor.py:651} INFO - DAG(s) dict_keys(['example_branch_operator']) retrieved from /home/airflow/.local/lib/python3.9/site-packages/airflow/example_dags/example_branch_operator.py
[2022-10-18 21:40:05,124] {logging_mixin.py:115} INFO - [2022-10-18 21:40:05,124] {dag.py:2379} INFO - Sync 1 DAGs
[2022-10-18 21:40:05,318] {logging_mixin.py:115} INFO - [2022-10-18 21:40:05,317] {dag.py:2927} INFO - Setting next_dagrun for example_branch_operator to 2022-10-17T00:00:00+00:00, run_after=2022-10-18T00:00:00+00:00
[2022-10-18 21:40:05,419] {processor.py:161} INFO - Processing /home/airflow/.local/lib/python3.9/site-packages/airflow/example_dags/example_branch_operator.py took 0.685 seconds
[2022-10-18 21:40:35,790] {processor.py:153} INFO - Started process (PID=2737) to work on /home/airflow/.local/lib/python3.9/site-packages/airflow/example_dags/example_branch_operator.py
[2022-10-18 21:40:35,812] {processor.py:641} INFO - Processing file /home/airflow/.local/lib/python3.9/site-packages/airflow/example_dags/example_branch_operator.py for tasks to queue
[2022-10-18 21:40:35,819] {logging_mixin.py:115} INFO - [2022-10-18 21:40:35,819] {dagbag.py:507} INFO - Filling up the DagBag from /home/airflow/.local/lib/python3.9/site-packages/airflow/example_dags/example_branch_operator.py
[2022-10-18 21:40:35,915] {processor.py:651} INFO - DAG(s) dict_keys(['example_branch_operator']) retrieved from /home/airflow/.local/lib/python3.9/site-packages/airflow/example_dags/example_branch_operator.py
[2022-10-18 21:40:36,092] {logging_mixin.py:115} INFO - [2022-10-18 21:40:36,092] {dag.py:2379} INFO - Sync 1 DAGs
[2022-10-18 21:40:36,282] {logging_mixin.py:115} INFO - [2022-10-18 21:40:36,281] {dag.py:2927} INFO - Setting next_dagrun for example_branch_operator to 2022-10-17T00:00:00+00:00, run_after=2022-10-18T00:00:00+00:00
[2022-10-18 21:40:36,376] {processor.py:161} INFO - Processing /home/airflow/.local/lib/python3.9/site-packages/airflow/example_dags/example_branch_operator.py took 0.621 seconds
[2022-10-18 21:41:06,997] {processor.py:153} INFO - Started process (PID=2830) to work on /home/airflow/.local/lib/python3.9/site-packages/airflow/example_dags/example_branch_operator.py
[2022-10-18 21:41:07,006] {processor.py:641} INFO - Processing file /home/airflow/.local/lib/python3.9/site-packages/airflow/example_dags/example_branch_operator.py for tasks to queue
[2022-10-18 21:41:07,017] {logging_mixin.py:115} INFO - [2022-10-18 21:41:07,016] {dagbag.py:507} INFO - Filling up the DagBag from /home/airflow/.local/lib/python3.9/site-packages/airflow/example_dags/example_branch_operator.py
[2022-10-18 21:41:07,246] {processor.py:651} INFO - DAG(s) dict_keys(['example_branch_operator']) retrieved from /home/airflow/.local/lib/python3.9/site-packages/airflow/example_dags/example_branch_operator.py
[2022-10-18 21:41:07,519] {logging_mixin.py:115} INFO - [2022-10-18 21:41:07,516] {dag.py:2379} INFO - Sync 1 DAGs
[2022-10-18 21:41:07,758] {logging_mixin.py:115} INFO - [2022-10-18 21:41:07,757] {dag.py:2927} INFO - Setting next_dagrun for example_branch_operator to 2022-10-17T00:00:00+00:00, run_after=2022-10-18T00:00:00+00:00
[2022-10-18 21:41:07,824] {processor.py:161} INFO - Processing /home/airflow/.local/lib/python3.9/site-packages/airflow/example_dags/example_branch_operator.py took 0.867 seconds
[2022-10-18 21:41:38,651] {processor.py:153} INFO - Started process (PID=2916) to work on /home/airflow/.local/lib/python3.9/site-packages/airflow/example_dags/example_branch_operator.py
[2022-10-18 21:41:38,658] {processor.py:641} INFO - Processing file /home/airflow/.local/lib/python3.9/site-packages/airflow/example_dags/example_branch_operator.py for tasks to queue
[2022-10-18 21:41:38,661] {logging_mixin.py:115} INFO - [2022-10-18 21:41:38,661] {dagbag.py:507} INFO - Filling up the DagBag from /home/airflow/.local/lib/python3.9/site-packages/airflow/example_dags/example_branch_operator.py
[2022-10-18 21:41:38,760] {processor.py:651} INFO - DAG(s) dict_keys(['example_branch_operator']) retrieved from /home/airflow/.local/lib/python3.9/site-packages/airflow/example_dags/example_branch_operator.py
[2022-10-18 21:41:38,982] {logging_mixin.py:115} INFO - [2022-10-18 21:41:38,982] {dag.py:2379} INFO - Sync 1 DAGs
[2022-10-18 21:41:39,242] {logging_mixin.py:115} INFO - [2022-10-18 21:41:39,241] {dag.py:2927} INFO - Setting next_dagrun for example_branch_operator to 2022-10-17T00:00:00+00:00, run_after=2022-10-18T00:00:00+00:00
[2022-10-18 21:41:39,322] {processor.py:161} INFO - Processing /home/airflow/.local/lib/python3.9/site-packages/airflow/example_dags/example_branch_operator.py took 0.680 seconds
[2022-10-18 21:42:10,324] {processor.py:153} INFO - Started process (PID=3008) to work on /home/airflow/.local/lib/python3.9/site-packages/airflow/example_dags/example_branch_operator.py
[2022-10-18 21:42:10,337] {processor.py:641} INFO - Processing file /home/airflow/.local/lib/python3.9/site-packages/airflow/example_dags/example_branch_operator.py for tasks to queue
[2022-10-18 21:42:10,341] {logging_mixin.py:115} INFO - [2022-10-18 21:42:10,340] {dagbag.py:507} INFO - Filling up the DagBag from /home/airflow/.local/lib/python3.9/site-packages/airflow/example_dags/example_branch_operator.py
[2022-10-18 21:42:10,473] {processor.py:651} INFO - DAG(s) dict_keys(['example_branch_operator']) retrieved from /home/airflow/.local/lib/python3.9/site-packages/airflow/example_dags/example_branch_operator.py
[2022-10-18 21:42:10,846] {logging_mixin.py:115} INFO - [2022-10-18 21:42:10,845] {dag.py:2379} INFO - Sync 1 DAGs
[2022-10-18 21:42:11,075] {logging_mixin.py:115} INFO - [2022-10-18 21:42:11,074] {dag.py:2927} INFO - Setting next_dagrun for example_branch_operator to 2022-10-17T00:00:00+00:00, run_after=2022-10-18T00:00:00+00:00
[2022-10-18 21:42:11,151] {processor.py:161} INFO - Processing /home/airflow/.local/lib/python3.9/site-packages/airflow/example_dags/example_branch_operator.py took 0.850 seconds
[2022-10-18 21:42:41,555] {processor.py:153} INFO - Started process (PID=3092) to work on /home/airflow/.local/lib/python3.9/site-packages/airflow/example_dags/example_branch_operator.py
[2022-10-18 21:42:41,559] {processor.py:641} INFO - Processing file /home/airflow/.local/lib/python3.9/site-packages/airflow/example_dags/example_branch_operator.py for tasks to queue
[2022-10-18 21:42:41,569] {logging_mixin.py:115} INFO - [2022-10-18 21:42:41,569] {dagbag.py:507} INFO - Filling up the DagBag from /home/airflow/.local/lib/python3.9/site-packages/airflow/example_dags/example_branch_operator.py
[2022-10-18 21:42:41,657] {processor.py:651} INFO - DAG(s) dict_keys(['example_branch_operator']) retrieved from /home/airflow/.local/lib/python3.9/site-packages/airflow/example_dags/example_branch_operator.py
[2022-10-18 21:42:41,775] {logging_mixin.py:115} INFO - [2022-10-18 21:42:41,775] {dag.py:2379} INFO - Sync 1 DAGs
[2022-10-18 21:42:41,875] {logging_mixin.py:115} INFO - [2022-10-18 21:42:41,874] {dag.py:2927} INFO - Setting next_dagrun for example_branch_operator to 2022-10-17T00:00:00+00:00, run_after=2022-10-18T00:00:00+00:00
[2022-10-18 21:42:41,946] {processor.py:161} INFO - Processing /home/airflow/.local/lib/python3.9/site-packages/airflow/example_dags/example_branch_operator.py took 0.399 seconds
[2022-10-18 21:43:12,454] {processor.py:153} INFO - Started process (PID=3186) to work on /home/airflow/.local/lib/python3.9/site-packages/airflow/example_dags/example_branch_operator.py
[2022-10-18 21:43:12,457] {processor.py:641} INFO - Processing file /home/airflow/.local/lib/python3.9/site-packages/airflow/example_dags/example_branch_operator.py for tasks to queue
[2022-10-18 21:43:12,469] {logging_mixin.py:115} INFO - [2022-10-18 21:43:12,468] {dagbag.py:507} INFO - Filling up the DagBag from /home/airflow/.local/lib/python3.9/site-packages/airflow/example_dags/example_branch_operator.py
[2022-10-18 21:43:12,609] {processor.py:651} INFO - DAG(s) dict_keys(['example_branch_operator']) retrieved from /home/airflow/.local/lib/python3.9/site-packages/airflow/example_dags/example_branch_operator.py
[2022-10-18 21:43:12,728] {logging_mixin.py:115} INFO - [2022-10-18 21:43:12,727] {dag.py:2379} INFO - Sync 1 DAGs
[2022-10-18 21:43:12,952] {logging_mixin.py:115} INFO - [2022-10-18 21:43:12,951] {dag.py:2927} INFO - Setting next_dagrun for example_branch_operator to 2022-10-17T00:00:00+00:00, run_after=2022-10-18T00:00:00+00:00
[2022-10-18 21:43:13,038] {processor.py:161} INFO - Processing /home/airflow/.local/lib/python3.9/site-packages/airflow/example_dags/example_branch_operator.py took 0.600 seconds
[2022-10-18 21:43:43,711] {processor.py:153} INFO - Started process (PID=3281) to work on /home/airflow/.local/lib/python3.9/site-packages/airflow/example_dags/example_branch_operator.py
[2022-10-18 21:43:43,720] {processor.py:641} INFO - Processing file /home/airflow/.local/lib/python3.9/site-packages/airflow/example_dags/example_branch_operator.py for tasks to queue
[2022-10-18 21:43:43,723] {logging_mixin.py:115} INFO - [2022-10-18 21:43:43,723] {dagbag.py:507} INFO - Filling up the DagBag from /home/airflow/.local/lib/python3.9/site-packages/airflow/example_dags/example_branch_operator.py
[2022-10-18 21:43:43,882] {processor.py:651} INFO - DAG(s) dict_keys(['example_branch_operator']) retrieved from /home/airflow/.local/lib/python3.9/site-packages/airflow/example_dags/example_branch_operator.py
[2022-10-18 21:43:44,149] {logging_mixin.py:115} INFO - [2022-10-18 21:43:44,149] {dag.py:2379} INFO - Sync 1 DAGs
[2022-10-18 21:43:44,477] {logging_mixin.py:115} INFO - [2022-10-18 21:43:44,477] {dag.py:2927} INFO - Setting next_dagrun for example_branch_operator to 2022-10-17T00:00:00+00:00, run_after=2022-10-18T00:00:00+00:00
[2022-10-18 21:43:44,558] {processor.py:161} INFO - Processing /home/airflow/.local/lib/python3.9/site-packages/airflow/example_dags/example_branch_operator.py took 0.877 seconds
[2022-10-18 21:44:15,233] {processor.py:153} INFO - Started process (PID=3363) to work on /home/airflow/.local/lib/python3.9/site-packages/airflow/example_dags/example_branch_operator.py
[2022-10-18 21:44:15,250] {processor.py:641} INFO - Processing file /home/airflow/.local/lib/python3.9/site-packages/airflow/example_dags/example_branch_operator.py for tasks to queue
[2022-10-18 21:44:15,264] {logging_mixin.py:115} INFO - [2022-10-18 21:44:15,264] {dagbag.py:507} INFO - Filling up the DagBag from /home/airflow/.local/lib/python3.9/site-packages/airflow/example_dags/example_branch_operator.py
[2022-10-18 21:44:15,553] {processor.py:651} INFO - DAG(s) dict_keys(['example_branch_operator']) retrieved from /home/airflow/.local/lib/python3.9/site-packages/airflow/example_dags/example_branch_operator.py
[2022-10-18 21:44:15,894] {logging_mixin.py:115} INFO - [2022-10-18 21:44:15,893] {dag.py:2379} INFO - Sync 1 DAGs
[2022-10-18 21:44:16,341] {logging_mixin.py:115} INFO - [2022-10-18 21:44:16,341] {dag.py:2927} INFO - Setting next_dagrun for example_branch_operator to 2022-10-17T00:00:00+00:00, run_after=2022-10-18T00:00:00+00:00
[2022-10-18 21:44:16,499] {processor.py:161} INFO - Processing /home/airflow/.local/lib/python3.9/site-packages/airflow/example_dags/example_branch_operator.py took 1.307 seconds
[2022-10-18 21:44:47,311] {processor.py:153} INFO - Started process (PID=3455) to work on /home/airflow/.local/lib/python3.9/site-packages/airflow/example_dags/example_branch_operator.py
[2022-10-18 21:44:47,322] {processor.py:641} INFO - Processing file /home/airflow/.local/lib/python3.9/site-packages/airflow/example_dags/example_branch_operator.py for tasks to queue
[2022-10-18 21:44:47,326] {logging_mixin.py:115} INFO - [2022-10-18 21:44:47,326] {dagbag.py:507} INFO - Filling up the DagBag from /home/airflow/.local/lib/python3.9/site-packages/airflow/example_dags/example_branch_operator.py
[2022-10-18 21:44:47,568] {processor.py:651} INFO - DAG(s) dict_keys(['example_branch_operator']) retrieved from /home/airflow/.local/lib/python3.9/site-packages/airflow/example_dags/example_branch_operator.py
[2022-10-18 21:44:48,033] {logging_mixin.py:115} INFO - [2022-10-18 21:44:48,033] {dag.py:2379} INFO - Sync 1 DAGs
[2022-10-18 21:44:48,429] {logging_mixin.py:115} INFO - [2022-10-18 21:44:48,420] {dag.py:2927} INFO - Setting next_dagrun for example_branch_operator to 2022-10-17T00:00:00+00:00, run_after=2022-10-18T00:00:00+00:00
[2022-10-18 21:44:48,626] {processor.py:161} INFO - Processing /home/airflow/.local/lib/python3.9/site-packages/airflow/example_dags/example_branch_operator.py took 1.396 seconds
[2022-10-18 21:45:19,420] {processor.py:153} INFO - Started process (PID=3541) to work on /home/airflow/.local/lib/python3.9/site-packages/airflow/example_dags/example_branch_operator.py
[2022-10-18 21:45:19,424] {processor.py:641} INFO - Processing file /home/airflow/.local/lib/python3.9/site-packages/airflow/example_dags/example_branch_operator.py for tasks to queue
[2022-10-18 21:45:19,431] {logging_mixin.py:115} INFO - [2022-10-18 21:45:19,429] {dagbag.py:507} INFO - Filling up the DagBag from /home/airflow/.local/lib/python3.9/site-packages/airflow/example_dags/example_branch_operator.py
[2022-10-18 21:45:19,563] {processor.py:651} INFO - DAG(s) dict_keys(['example_branch_operator']) retrieved from /home/airflow/.local/lib/python3.9/site-packages/airflow/example_dags/example_branch_operator.py
[2022-10-18 21:45:20,120] {logging_mixin.py:115} INFO - [2022-10-18 21:45:20,120] {dag.py:2379} INFO - Sync 1 DAGs
[2022-10-18 21:45:20,612] {logging_mixin.py:115} INFO - [2022-10-18 21:45:20,599] {dag.py:2927} INFO - Setting next_dagrun for example_branch_operator to 2022-10-17T00:00:00+00:00, run_after=2022-10-18T00:00:00+00:00
[2022-10-18 21:45:20,763] {processor.py:161} INFO - Processing /home/airflow/.local/lib/python3.9/site-packages/airflow/example_dags/example_branch_operator.py took 1.426 seconds
[2022-10-18 21:45:56,119] {processor.py:153} INFO - Started process (PID=3636) to work on /home/airflow/.local/lib/python3.9/site-packages/airflow/example_dags/example_branch_operator.py
[2022-10-18 21:45:56,138] {processor.py:641} INFO - Processing file /home/airflow/.local/lib/python3.9/site-packages/airflow/example_dags/example_branch_operator.py for tasks to queue
[2022-10-18 21:45:56,145] {logging_mixin.py:115} INFO - [2022-10-18 21:45:56,144] {dagbag.py:507} INFO - Filling up the DagBag from /home/airflow/.local/lib/python3.9/site-packages/airflow/example_dags/example_branch_operator.py
[2022-10-18 21:45:56,439] {processor.py:651} INFO - DAG(s) dict_keys(['example_branch_operator']) retrieved from /home/airflow/.local/lib/python3.9/site-packages/airflow/example_dags/example_branch_operator.py
[2022-10-18 21:45:56,989] {logging_mixin.py:115} INFO - [2022-10-18 21:45:56,982] {dag.py:2379} INFO - Sync 1 DAGs
[2022-10-18 21:45:57,705] {logging_mixin.py:115} INFO - [2022-10-18 21:45:57,704] {dag.py:2927} INFO - Setting next_dagrun for example_branch_operator to 2022-10-17T00:00:00+00:00, run_after=2022-10-18T00:00:00+00:00
[2022-10-18 21:45:57,871] {processor.py:161} INFO - Processing /home/airflow/.local/lib/python3.9/site-packages/airflow/example_dags/example_branch_operator.py took 1.795 seconds
[2022-10-18 21:46:36,066] {processor.py:153} INFO - Started process (PID=3730) to work on /home/airflow/.local/lib/python3.9/site-packages/airflow/example_dags/example_branch_operator.py
[2022-10-18 21:46:36,069] {processor.py:641} INFO - Processing file /home/airflow/.local/lib/python3.9/site-packages/airflow/example_dags/example_branch_operator.py for tasks to queue
[2022-10-18 21:46:36,073] {logging_mixin.py:115} INFO - [2022-10-18 21:46:36,073] {dagbag.py:507} INFO - Filling up the DagBag from /home/airflow/.local/lib/python3.9/site-packages/airflow/example_dags/example_branch_operator.py
[2022-10-18 21:46:36,313] {processor.py:651} INFO - DAG(s) dict_keys(['example_branch_operator']) retrieved from /home/airflow/.local/lib/python3.9/site-packages/airflow/example_dags/example_branch_operator.py
[2022-10-18 21:46:37,179] {logging_mixin.py:115} INFO - [2022-10-18 21:46:37,158] {dag.py:2379} INFO - Sync 1 DAGs
[2022-10-18 21:46:38,113] {logging_mixin.py:115} INFO - [2022-10-18 21:46:38,108] {dag.py:2927} INFO - Setting next_dagrun for example_branch_operator to 2022-10-17T00:00:00+00:00, run_after=2022-10-18T00:00:00+00:00
[2022-10-18 21:46:38,445] {processor.py:161} INFO - Processing /home/airflow/.local/lib/python3.9/site-packages/airflow/example_dags/example_branch_operator.py took 2.401 seconds
[2022-10-18 21:47:24,210] {processor.py:153} INFO - Started process (PID=3836) to work on /home/airflow/.local/lib/python3.9/site-packages/airflow/example_dags/example_branch_operator.py
[2022-10-18 21:47:24,224] {processor.py:641} INFO - Processing file /home/airflow/.local/lib/python3.9/site-packages/airflow/example_dags/example_branch_operator.py for tasks to queue
[2022-10-18 21:47:24,232] {logging_mixin.py:115} INFO - [2022-10-18 21:47:24,229] {dagbag.py:507} INFO - Filling up the DagBag from /home/airflow/.local/lib/python3.9/site-packages/airflow/example_dags/example_branch_operator.py
[2022-10-18 21:47:24,609] {processor.py:651} INFO - DAG(s) dict_keys(['example_branch_operator']) retrieved from /home/airflow/.local/lib/python3.9/site-packages/airflow/example_dags/example_branch_operator.py
[2022-10-18 21:47:25,668] {logging_mixin.py:115} INFO - [2022-10-18 21:47:25,667] {dag.py:2379} INFO - Sync 1 DAGs
[2022-10-18 21:47:26,753] {logging_mixin.py:115} INFO - [2022-10-18 21:47:26,752] {dag.py:2927} INFO - Setting next_dagrun for example_branch_operator to 2022-10-17T00:00:00+00:00, run_after=2022-10-18T00:00:00+00:00
[2022-10-18 21:47:27,172] {processor.py:161} INFO - Processing /home/airflow/.local/lib/python3.9/site-packages/airflow/example_dags/example_branch_operator.py took 3.018 seconds
