[2022-10-18 21:13:47,026] {processor.py:153} INFO - Started process (PID=290) to work on /home/airflow/.local/lib/python3.9/site-packages/airflow/example_dags/tutorial_taskflow_api_etl.py
[2022-10-18 21:13:47,029] {processor.py:641} INFO - Processing file /home/airflow/.local/lib/python3.9/site-packages/airflow/example_dags/tutorial_taskflow_api_etl.py for tasks to queue
[2022-10-18 21:13:47,032] {logging_mixin.py:115} INFO - [2022-10-18 21:13:47,032] {dagbag.py:507} INFO - Filling up the DagBag from /home/airflow/.local/lib/python3.9/site-packages/airflow/example_dags/tutorial_taskflow_api_etl.py
[2022-10-18 21:13:47,516] {processor.py:651} INFO - DAG(s) dict_keys(['tutorial_taskflow_api_etl']) retrieved from /home/airflow/.local/lib/python3.9/site-packages/airflow/example_dags/tutorial_taskflow_api_etl.py
[2022-10-18 21:13:48,637] {logging_mixin.py:115} INFO - [2022-10-18 21:13:48,637] {dag.py:2379} INFO - Sync 1 DAGs
[2022-10-18 21:13:49,058] {logging_mixin.py:115} INFO - [2022-10-18 21:13:49,057] {dag.py:2927} INFO - Setting next_dagrun for tutorial_taskflow_api_etl to None, run_after=None
[2022-10-18 21:13:49,328] {processor.py:161} INFO - Processing /home/airflow/.local/lib/python3.9/site-packages/airflow/example_dags/tutorial_taskflow_api_etl.py took 2.334 seconds
[2022-10-18 21:14:20,439] {processor.py:153} INFO - Started process (PID=385) to work on /home/airflow/.local/lib/python3.9/site-packages/airflow/example_dags/tutorial_taskflow_api_etl.py
[2022-10-18 21:14:20,443] {processor.py:641} INFO - Processing file /home/airflow/.local/lib/python3.9/site-packages/airflow/example_dags/tutorial_taskflow_api_etl.py for tasks to queue
[2022-10-18 21:14:20,454] {logging_mixin.py:115} INFO - [2022-10-18 21:14:20,452] {dagbag.py:507} INFO - Filling up the DagBag from /home/airflow/.local/lib/python3.9/site-packages/airflow/example_dags/tutorial_taskflow_api_etl.py
[2022-10-18 21:14:20,897] {processor.py:651} INFO - DAG(s) dict_keys(['tutorial_taskflow_api_etl']) retrieved from /home/airflow/.local/lib/python3.9/site-packages/airflow/example_dags/tutorial_taskflow_api_etl.py
[2022-10-18 21:14:22,034] {logging_mixin.py:115} INFO - [2022-10-18 21:14:22,034] {dag.py:2379} INFO - Sync 1 DAGs
[2022-10-18 21:14:22,384] {logging_mixin.py:115} INFO - [2022-10-18 21:14:22,383] {dag.py:2927} INFO - Setting next_dagrun for tutorial_taskflow_api_etl to None, run_after=None
[2022-10-18 21:14:22,575] {processor.py:161} INFO - Processing /home/airflow/.local/lib/python3.9/site-packages/airflow/example_dags/tutorial_taskflow_api_etl.py took 2.169 seconds
[2022-10-18 21:14:54,573] {processor.py:153} INFO - Started process (PID=482) to work on /home/airflow/.local/lib/python3.9/site-packages/airflow/example_dags/tutorial_taskflow_api_etl.py
[2022-10-18 21:14:54,576] {processor.py:641} INFO - Processing file /home/airflow/.local/lib/python3.9/site-packages/airflow/example_dags/tutorial_taskflow_api_etl.py for tasks to queue
[2022-10-18 21:14:54,581] {logging_mixin.py:115} INFO - [2022-10-18 21:14:54,580] {dagbag.py:507} INFO - Filling up the DagBag from /home/airflow/.local/lib/python3.9/site-packages/airflow/example_dags/tutorial_taskflow_api_etl.py
[2022-10-18 21:14:54,846] {processor.py:651} INFO - DAG(s) dict_keys(['tutorial_taskflow_api_etl']) retrieved from /home/airflow/.local/lib/python3.9/site-packages/airflow/example_dags/tutorial_taskflow_api_etl.py
[2022-10-18 21:14:55,815] {logging_mixin.py:115} INFO - [2022-10-18 21:14:55,814] {dag.py:2379} INFO - Sync 1 DAGs
[2022-10-18 21:14:56,236] {logging_mixin.py:115} INFO - [2022-10-18 21:14:56,229] {dag.py:2927} INFO - Setting next_dagrun for tutorial_taskflow_api_etl to None, run_after=None
[2022-10-18 21:14:56,444] {processor.py:161} INFO - Processing /home/airflow/.local/lib/python3.9/site-packages/airflow/example_dags/tutorial_taskflow_api_etl.py took 1.895 seconds
[2022-10-18 21:15:27,462] {processor.py:153} INFO - Started process (PID=568) to work on /home/airflow/.local/lib/python3.9/site-packages/airflow/example_dags/tutorial_taskflow_api_etl.py
[2022-10-18 21:15:27,467] {processor.py:641} INFO - Processing file /home/airflow/.local/lib/python3.9/site-packages/airflow/example_dags/tutorial_taskflow_api_etl.py for tasks to queue
[2022-10-18 21:15:27,490] {logging_mixin.py:115} INFO - [2022-10-18 21:15:27,490] {dagbag.py:507} INFO - Filling up the DagBag from /home/airflow/.local/lib/python3.9/site-packages/airflow/example_dags/tutorial_taskflow_api_etl.py
[2022-10-18 21:15:27,682] {processor.py:651} INFO - DAG(s) dict_keys(['tutorial_taskflow_api_etl']) retrieved from /home/airflow/.local/lib/python3.9/site-packages/airflow/example_dags/tutorial_taskflow_api_etl.py
[2022-10-18 21:15:28,391] {logging_mixin.py:115} INFO - [2022-10-18 21:15:28,391] {dag.py:2379} INFO - Sync 1 DAGs
[2022-10-18 21:15:28,714] {logging_mixin.py:115} INFO - [2022-10-18 21:15:28,714] {dag.py:2927} INFO - Setting next_dagrun for tutorial_taskflow_api_etl to None, run_after=None
[2022-10-18 21:15:28,856] {processor.py:161} INFO - Processing /home/airflow/.local/lib/python3.9/site-packages/airflow/example_dags/tutorial_taskflow_api_etl.py took 1.484 seconds
[2022-10-18 21:15:59,042] {processor.py:153} INFO - Started process (PID=661) to work on /home/airflow/.local/lib/python3.9/site-packages/airflow/example_dags/tutorial_taskflow_api_etl.py
[2022-10-18 21:15:59,048] {processor.py:641} INFO - Processing file /home/airflow/.local/lib/python3.9/site-packages/airflow/example_dags/tutorial_taskflow_api_etl.py for tasks to queue
[2022-10-18 21:15:59,052] {logging_mixin.py:115} INFO - [2022-10-18 21:15:59,052] {dagbag.py:507} INFO - Filling up the DagBag from /home/airflow/.local/lib/python3.9/site-packages/airflow/example_dags/tutorial_taskflow_api_etl.py
[2022-10-18 21:15:59,289] {processor.py:651} INFO - DAG(s) dict_keys(['tutorial_taskflow_api_etl']) retrieved from /home/airflow/.local/lib/python3.9/site-packages/airflow/example_dags/tutorial_taskflow_api_etl.py
[2022-10-18 21:16:00,214] {logging_mixin.py:115} INFO - [2022-10-18 21:16:00,213] {dag.py:2379} INFO - Sync 1 DAGs
[2022-10-18 21:16:00,525] {logging_mixin.py:115} INFO - [2022-10-18 21:16:00,525] {dag.py:2927} INFO - Setting next_dagrun for tutorial_taskflow_api_etl to None, run_after=None
[2022-10-18 21:16:00,776] {processor.py:161} INFO - Processing /home/airflow/.local/lib/python3.9/site-packages/airflow/example_dags/tutorial_taskflow_api_etl.py took 1.762 seconds
[2022-10-18 21:16:31,242] {processor.py:153} INFO - Started process (PID=756) to work on /home/airflow/.local/lib/python3.9/site-packages/airflow/example_dags/tutorial_taskflow_api_etl.py
[2022-10-18 21:16:31,262] {processor.py:641} INFO - Processing file /home/airflow/.local/lib/python3.9/site-packages/airflow/example_dags/tutorial_taskflow_api_etl.py for tasks to queue
[2022-10-18 21:16:31,266] {logging_mixin.py:115} INFO - [2022-10-18 21:16:31,266] {dagbag.py:507} INFO - Filling up the DagBag from /home/airflow/.local/lib/python3.9/site-packages/airflow/example_dags/tutorial_taskflow_api_etl.py
[2022-10-18 21:16:31,658] {processor.py:651} INFO - DAG(s) dict_keys(['tutorial_taskflow_api_etl']) retrieved from /home/airflow/.local/lib/python3.9/site-packages/airflow/example_dags/tutorial_taskflow_api_etl.py
[2022-10-18 21:16:32,023] {logging_mixin.py:115} INFO - [2022-10-18 21:16:32,023] {dag.py:2379} INFO - Sync 1 DAGs
[2022-10-18 21:16:32,407] {logging_mixin.py:115} INFO - [2022-10-18 21:16:32,406] {dag.py:2927} INFO - Setting next_dagrun for tutorial_taskflow_api_etl to None, run_after=None
[2022-10-18 21:16:32,565] {processor.py:161} INFO - Processing /home/airflow/.local/lib/python3.9/site-packages/airflow/example_dags/tutorial_taskflow_api_etl.py took 1.337 seconds
[2022-10-18 21:17:03,175] {processor.py:153} INFO - Started process (PID=841) to work on /home/airflow/.local/lib/python3.9/site-packages/airflow/example_dags/tutorial_taskflow_api_etl.py
[2022-10-18 21:17:03,181] {processor.py:641} INFO - Processing file /home/airflow/.local/lib/python3.9/site-packages/airflow/example_dags/tutorial_taskflow_api_etl.py for tasks to queue
[2022-10-18 21:17:03,186] {logging_mixin.py:115} INFO - [2022-10-18 21:17:03,186] {dagbag.py:507} INFO - Filling up the DagBag from /home/airflow/.local/lib/python3.9/site-packages/airflow/example_dags/tutorial_taskflow_api_etl.py
[2022-10-18 21:17:03,563] {processor.py:651} INFO - DAG(s) dict_keys(['tutorial_taskflow_api_etl']) retrieved from /home/airflow/.local/lib/python3.9/site-packages/airflow/example_dags/tutorial_taskflow_api_etl.py
[2022-10-18 21:17:03,916] {logging_mixin.py:115} INFO - [2022-10-18 21:17:03,913] {dag.py:2379} INFO - Sync 1 DAGs
[2022-10-18 21:17:04,290] {logging_mixin.py:115} INFO - [2022-10-18 21:17:04,290] {dag.py:2927} INFO - Setting next_dagrun for tutorial_taskflow_api_etl to None, run_after=None
[2022-10-18 21:17:04,514] {processor.py:161} INFO - Processing /home/airflow/.local/lib/python3.9/site-packages/airflow/example_dags/tutorial_taskflow_api_etl.py took 1.368 seconds
[2022-10-18 21:17:35,444] {processor.py:153} INFO - Started process (PID=936) to work on /home/airflow/.local/lib/python3.9/site-packages/airflow/example_dags/tutorial_taskflow_api_etl.py
[2022-10-18 21:17:35,456] {processor.py:641} INFO - Processing file /home/airflow/.local/lib/python3.9/site-packages/airflow/example_dags/tutorial_taskflow_api_etl.py for tasks to queue
[2022-10-18 21:17:35,460] {logging_mixin.py:115} INFO - [2022-10-18 21:17:35,460] {dagbag.py:507} INFO - Filling up the DagBag from /home/airflow/.local/lib/python3.9/site-packages/airflow/example_dags/tutorial_taskflow_api_etl.py
[2022-10-18 21:17:35,832] {processor.py:651} INFO - DAG(s) dict_keys(['tutorial_taskflow_api_etl']) retrieved from /home/airflow/.local/lib/python3.9/site-packages/airflow/example_dags/tutorial_taskflow_api_etl.py
[2022-10-18 21:17:36,124] {logging_mixin.py:115} INFO - [2022-10-18 21:17:36,123] {dag.py:2379} INFO - Sync 1 DAGs
[2022-10-18 21:17:36,546] {logging_mixin.py:115} INFO - [2022-10-18 21:17:36,546] {dag.py:2927} INFO - Setting next_dagrun for tutorial_taskflow_api_etl to None, run_after=None
[2022-10-18 21:17:36,776] {processor.py:161} INFO - Processing /home/airflow/.local/lib/python3.9/site-packages/airflow/example_dags/tutorial_taskflow_api_etl.py took 1.377 seconds
[2022-10-18 21:18:06,925] {processor.py:153} INFO - Started process (PID=1020) to work on /home/airflow/.local/lib/python3.9/site-packages/airflow/example_dags/tutorial_taskflow_api_etl.py
[2022-10-18 21:18:06,931] {processor.py:641} INFO - Processing file /home/airflow/.local/lib/python3.9/site-packages/airflow/example_dags/tutorial_taskflow_api_etl.py for tasks to queue
[2022-10-18 21:18:06,941] {logging_mixin.py:115} INFO - [2022-10-18 21:18:06,936] {dagbag.py:507} INFO - Filling up the DagBag from /home/airflow/.local/lib/python3.9/site-packages/airflow/example_dags/tutorial_taskflow_api_etl.py
[2022-10-18 21:18:07,270] {processor.py:651} INFO - DAG(s) dict_keys(['tutorial_taskflow_api_etl']) retrieved from /home/airflow/.local/lib/python3.9/site-packages/airflow/example_dags/tutorial_taskflow_api_etl.py
[2022-10-18 21:18:07,523] {logging_mixin.py:115} INFO - [2022-10-18 21:18:07,522] {dag.py:2379} INFO - Sync 1 DAGs
[2022-10-18 21:18:07,888] {logging_mixin.py:115} INFO - [2022-10-18 21:18:07,887] {dag.py:2927} INFO - Setting next_dagrun for tutorial_taskflow_api_etl to None, run_after=None
[2022-10-18 21:18:08,086] {processor.py:161} INFO - Processing /home/airflow/.local/lib/python3.9/site-packages/airflow/example_dags/tutorial_taskflow_api_etl.py took 1.192 seconds
[2022-10-18 21:18:38,784] {processor.py:153} INFO - Started process (PID=1114) to work on /home/airflow/.local/lib/python3.9/site-packages/airflow/example_dags/tutorial_taskflow_api_etl.py
[2022-10-18 21:18:38,787] {processor.py:641} INFO - Processing file /home/airflow/.local/lib/python3.9/site-packages/airflow/example_dags/tutorial_taskflow_api_etl.py for tasks to queue
[2022-10-18 21:18:38,793] {logging_mixin.py:115} INFO - [2022-10-18 21:18:38,793] {dagbag.py:507} INFO - Filling up the DagBag from /home/airflow/.local/lib/python3.9/site-packages/airflow/example_dags/tutorial_taskflow_api_etl.py
[2022-10-18 21:18:39,007] {processor.py:651} INFO - DAG(s) dict_keys(['tutorial_taskflow_api_etl']) retrieved from /home/airflow/.local/lib/python3.9/site-packages/airflow/example_dags/tutorial_taskflow_api_etl.py
[2022-10-18 21:18:39,759] {logging_mixin.py:115} INFO - [2022-10-18 21:18:39,758] {dag.py:2379} INFO - Sync 1 DAGs
[2022-10-18 21:18:40,120] {logging_mixin.py:115} INFO - [2022-10-18 21:18:40,119] {dag.py:2927} INFO - Setting next_dagrun for tutorial_taskflow_api_etl to None, run_after=None
[2022-10-18 21:18:40,300] {processor.py:161} INFO - Processing /home/airflow/.local/lib/python3.9/site-packages/airflow/example_dags/tutorial_taskflow_api_etl.py took 1.550 seconds
[2022-10-18 21:19:10,451] {processor.py:153} INFO - Started process (PID=1211) to work on /home/airflow/.local/lib/python3.9/site-packages/airflow/example_dags/tutorial_taskflow_api_etl.py
[2022-10-18 21:19:10,457] {processor.py:641} INFO - Processing file /home/airflow/.local/lib/python3.9/site-packages/airflow/example_dags/tutorial_taskflow_api_etl.py for tasks to queue
[2022-10-18 21:19:10,463] {logging_mixin.py:115} INFO - [2022-10-18 21:19:10,462] {dagbag.py:507} INFO - Filling up the DagBag from /home/airflow/.local/lib/python3.9/site-packages/airflow/example_dags/tutorial_taskflow_api_etl.py
[2022-10-18 21:19:10,846] {processor.py:651} INFO - DAG(s) dict_keys(['tutorial_taskflow_api_etl']) retrieved from /home/airflow/.local/lib/python3.9/site-packages/airflow/example_dags/tutorial_taskflow_api_etl.py
[2022-10-18 21:19:11,103] {logging_mixin.py:115} INFO - [2022-10-18 21:19:11,102] {dag.py:2379} INFO - Sync 1 DAGs
[2022-10-18 21:19:11,424] {logging_mixin.py:115} INFO - [2022-10-18 21:19:11,423] {dag.py:2927} INFO - Setting next_dagrun for tutorial_taskflow_api_etl to None, run_after=None
[2022-10-18 21:19:11,599] {processor.py:161} INFO - Processing /home/airflow/.local/lib/python3.9/site-packages/airflow/example_dags/tutorial_taskflow_api_etl.py took 1.177 seconds
[2022-10-18 21:19:42,264] {processor.py:153} INFO - Started process (PID=1291) to work on /home/airflow/.local/lib/python3.9/site-packages/airflow/example_dags/tutorial_taskflow_api_etl.py
[2022-10-18 21:19:42,267] {processor.py:641} INFO - Processing file /home/airflow/.local/lib/python3.9/site-packages/airflow/example_dags/tutorial_taskflow_api_etl.py for tasks to queue
[2022-10-18 21:19:42,271] {logging_mixin.py:115} INFO - [2022-10-18 21:19:42,271] {dagbag.py:507} INFO - Filling up the DagBag from /home/airflow/.local/lib/python3.9/site-packages/airflow/example_dags/tutorial_taskflow_api_etl.py
[2022-10-18 21:19:42,471] {processor.py:651} INFO - DAG(s) dict_keys(['tutorial_taskflow_api_etl']) retrieved from /home/airflow/.local/lib/python3.9/site-packages/airflow/example_dags/tutorial_taskflow_api_etl.py
[2022-10-18 21:19:43,237] {logging_mixin.py:115} INFO - [2022-10-18 21:19:43,235] {dag.py:2379} INFO - Sync 1 DAGs
[2022-10-18 21:19:43,416] {logging_mixin.py:115} INFO - [2022-10-18 21:19:43,414] {dag.py:2927} INFO - Setting next_dagrun for tutorial_taskflow_api_etl to None, run_after=None
[2022-10-18 21:19:43,540] {processor.py:161} INFO - Processing /home/airflow/.local/lib/python3.9/site-packages/airflow/example_dags/tutorial_taskflow_api_etl.py took 1.297 seconds
[2022-10-18 21:20:13,775] {processor.py:153} INFO - Started process (PID=1388) to work on /home/airflow/.local/lib/python3.9/site-packages/airflow/example_dags/tutorial_taskflow_api_etl.py
[2022-10-18 21:20:13,779] {processor.py:641} INFO - Processing file /home/airflow/.local/lib/python3.9/site-packages/airflow/example_dags/tutorial_taskflow_api_etl.py for tasks to queue
[2022-10-18 21:20:13,784] {logging_mixin.py:115} INFO - [2022-10-18 21:20:13,784] {dagbag.py:507} INFO - Filling up the DagBag from /home/airflow/.local/lib/python3.9/site-packages/airflow/example_dags/tutorial_taskflow_api_etl.py
[2022-10-18 21:20:13,972] {processor.py:651} INFO - DAG(s) dict_keys(['tutorial_taskflow_api_etl']) retrieved from /home/airflow/.local/lib/python3.9/site-packages/airflow/example_dags/tutorial_taskflow_api_etl.py
[2022-10-18 21:20:14,393] {logging_mixin.py:115} INFO - [2022-10-18 21:20:14,393] {dag.py:2379} INFO - Sync 1 DAGs
[2022-10-18 21:20:14,634] {logging_mixin.py:115} INFO - [2022-10-18 21:20:14,633] {dag.py:2927} INFO - Setting next_dagrun for tutorial_taskflow_api_etl to None, run_after=None
[2022-10-18 21:20:14,739] {processor.py:161} INFO - Processing /home/airflow/.local/lib/python3.9/site-packages/airflow/example_dags/tutorial_taskflow_api_etl.py took 0.979 seconds
[2022-10-18 21:20:45,176] {processor.py:153} INFO - Started process (PID=1474) to work on /home/airflow/.local/lib/python3.9/site-packages/airflow/example_dags/tutorial_taskflow_api_etl.py
[2022-10-18 21:20:45,180] {processor.py:641} INFO - Processing file /home/airflow/.local/lib/python3.9/site-packages/airflow/example_dags/tutorial_taskflow_api_etl.py for tasks to queue
[2022-10-18 21:20:45,188] {logging_mixin.py:115} INFO - [2022-10-18 21:20:45,187] {dagbag.py:507} INFO - Filling up the DagBag from /home/airflow/.local/lib/python3.9/site-packages/airflow/example_dags/tutorial_taskflow_api_etl.py
[2022-10-18 21:20:45,377] {processor.py:651} INFO - DAG(s) dict_keys(['tutorial_taskflow_api_etl']) retrieved from /home/airflow/.local/lib/python3.9/site-packages/airflow/example_dags/tutorial_taskflow_api_etl.py
[2022-10-18 21:20:45,798] {logging_mixin.py:115} INFO - [2022-10-18 21:20:45,798] {dag.py:2379} INFO - Sync 1 DAGs
[2022-10-18 21:20:45,904] {logging_mixin.py:115} INFO - [2022-10-18 21:20:45,903] {dag.py:2927} INFO - Setting next_dagrun for tutorial_taskflow_api_etl to None, run_after=None
[2022-10-18 21:20:46,015] {processor.py:161} INFO - Processing /home/airflow/.local/lib/python3.9/site-packages/airflow/example_dags/tutorial_taskflow_api_etl.py took 0.853 seconds
[2022-10-18 21:21:16,499] {processor.py:153} INFO - Started process (PID=1565) to work on /home/airflow/.local/lib/python3.9/site-packages/airflow/example_dags/tutorial_taskflow_api_etl.py
[2022-10-18 21:21:16,504] {processor.py:641} INFO - Processing file /home/airflow/.local/lib/python3.9/site-packages/airflow/example_dags/tutorial_taskflow_api_etl.py for tasks to queue
[2022-10-18 21:21:16,510] {logging_mixin.py:115} INFO - [2022-10-18 21:21:16,509] {dagbag.py:507} INFO - Filling up the DagBag from /home/airflow/.local/lib/python3.9/site-packages/airflow/example_dags/tutorial_taskflow_api_etl.py
[2022-10-18 21:21:16,671] {processor.py:651} INFO - DAG(s) dict_keys(['tutorial_taskflow_api_etl']) retrieved from /home/airflow/.local/lib/python3.9/site-packages/airflow/example_dags/tutorial_taskflow_api_etl.py
[2022-10-18 21:21:16,816] {logging_mixin.py:115} INFO - [2022-10-18 21:21:16,815] {dag.py:2379} INFO - Sync 1 DAGs
[2022-10-18 21:21:17,040] {logging_mixin.py:115} INFO - [2022-10-18 21:21:17,040] {dag.py:2927} INFO - Setting next_dagrun for tutorial_taskflow_api_etl to None, run_after=None
[2022-10-18 21:21:17,134] {processor.py:161} INFO - Processing /home/airflow/.local/lib/python3.9/site-packages/airflow/example_dags/tutorial_taskflow_api_etl.py took 0.647 seconds
[2022-10-18 21:21:47,719] {processor.py:153} INFO - Started process (PID=1652) to work on /home/airflow/.local/lib/python3.9/site-packages/airflow/example_dags/tutorial_taskflow_api_etl.py
[2022-10-18 21:21:47,723] {processor.py:641} INFO - Processing file /home/airflow/.local/lib/python3.9/site-packages/airflow/example_dags/tutorial_taskflow_api_etl.py for tasks to queue
[2022-10-18 21:21:47,728] {logging_mixin.py:115} INFO - [2022-10-18 21:21:47,727] {dagbag.py:507} INFO - Filling up the DagBag from /home/airflow/.local/lib/python3.9/site-packages/airflow/example_dags/tutorial_taskflow_api_etl.py
[2022-10-18 21:21:47,909] {processor.py:651} INFO - DAG(s) dict_keys(['tutorial_taskflow_api_etl']) retrieved from /home/airflow/.local/lib/python3.9/site-packages/airflow/example_dags/tutorial_taskflow_api_etl.py
[2022-10-18 21:21:48,314] {logging_mixin.py:115} INFO - [2022-10-18 21:21:48,313] {dag.py:2379} INFO - Sync 1 DAGs
[2022-10-18 21:21:48,436] {logging_mixin.py:115} INFO - [2022-10-18 21:21:48,436] {dag.py:2927} INFO - Setting next_dagrun for tutorial_taskflow_api_etl to None, run_after=None
[2022-10-18 21:21:48,539] {processor.py:161} INFO - Processing /home/airflow/.local/lib/python3.9/site-packages/airflow/example_dags/tutorial_taskflow_api_etl.py took 0.830 seconds
[2022-10-18 21:22:19,045] {processor.py:153} INFO - Started process (PID=1744) to work on /home/airflow/.local/lib/python3.9/site-packages/airflow/example_dags/tutorial_taskflow_api_etl.py
[2022-10-18 21:22:19,048] {processor.py:641} INFO - Processing file /home/airflow/.local/lib/python3.9/site-packages/airflow/example_dags/tutorial_taskflow_api_etl.py for tasks to queue
[2022-10-18 21:22:19,058] {logging_mixin.py:115} INFO - [2022-10-18 21:22:19,058] {dagbag.py:507} INFO - Filling up the DagBag from /home/airflow/.local/lib/python3.9/site-packages/airflow/example_dags/tutorial_taskflow_api_etl.py
[2022-10-18 21:22:19,167] {processor.py:651} INFO - DAG(s) dict_keys(['tutorial_taskflow_api_etl']) retrieved from /home/airflow/.local/lib/python3.9/site-packages/airflow/example_dags/tutorial_taskflow_api_etl.py
[2022-10-18 21:22:19,348] {logging_mixin.py:115} INFO - [2022-10-18 21:22:19,347] {dag.py:2379} INFO - Sync 1 DAGs
[2022-10-18 21:22:19,643] {logging_mixin.py:115} INFO - [2022-10-18 21:22:19,643] {dag.py:2927} INFO - Setting next_dagrun for tutorial_taskflow_api_etl to None, run_after=None
[2022-10-18 21:22:19,785] {processor.py:161} INFO - Processing /home/airflow/.local/lib/python3.9/site-packages/airflow/example_dags/tutorial_taskflow_api_etl.py took 0.770 seconds
[2022-10-18 21:35:44,437] {processor.py:153} INFO - Started process (PID=1906) to work on /home/airflow/.local/lib/python3.9/site-packages/airflow/example_dags/tutorial_taskflow_api_etl.py
[2022-10-18 21:35:44,452] {processor.py:641} INFO - Processing file /home/airflow/.local/lib/python3.9/site-packages/airflow/example_dags/tutorial_taskflow_api_etl.py for tasks to queue
[2022-10-18 21:35:44,456] {logging_mixin.py:115} INFO - [2022-10-18 21:35:44,456] {dagbag.py:507} INFO - Filling up the DagBag from /home/airflow/.local/lib/python3.9/site-packages/airflow/example_dags/tutorial_taskflow_api_etl.py
[2022-10-18 21:35:44,638] {processor.py:651} INFO - DAG(s) dict_keys(['tutorial_taskflow_api_etl']) retrieved from /home/airflow/.local/lib/python3.9/site-packages/airflow/example_dags/tutorial_taskflow_api_etl.py
[2022-10-18 21:35:45,983] {logging_mixin.py:115} INFO - [2022-10-18 21:35:45,982] {dag.py:2379} INFO - Sync 1 DAGs
[2022-10-18 21:35:46,302] {logging_mixin.py:115} INFO - [2022-10-18 21:35:46,301] {dag.py:2927} INFO - Setting next_dagrun for tutorial_taskflow_api_etl to None, run_after=None
[2022-10-18 21:35:46,401] {processor.py:161} INFO - Processing /home/airflow/.local/lib/python3.9/site-packages/airflow/example_dags/tutorial_taskflow_api_etl.py took 1.989 seconds
[2022-10-18 21:36:16,690] {processor.py:153} INFO - Started process (PID=1992) to work on /home/airflow/.local/lib/python3.9/site-packages/airflow/example_dags/tutorial_taskflow_api_etl.py
[2022-10-18 21:36:16,695] {processor.py:641} INFO - Processing file /home/airflow/.local/lib/python3.9/site-packages/airflow/example_dags/tutorial_taskflow_api_etl.py for tasks to queue
[2022-10-18 21:36:16,704] {logging_mixin.py:115} INFO - [2022-10-18 21:36:16,704] {dagbag.py:507} INFO - Filling up the DagBag from /home/airflow/.local/lib/python3.9/site-packages/airflow/example_dags/tutorial_taskflow_api_etl.py
[2022-10-18 21:36:17,153] {processor.py:651} INFO - DAG(s) dict_keys(['tutorial_taskflow_api_etl']) retrieved from /home/airflow/.local/lib/python3.9/site-packages/airflow/example_dags/tutorial_taskflow_api_etl.py
[2022-10-18 21:36:17,523] {logging_mixin.py:115} INFO - [2022-10-18 21:36:17,523] {dag.py:2379} INFO - Sync 1 DAGs
[2022-10-18 21:36:17,731] {logging_mixin.py:115} INFO - [2022-10-18 21:36:17,731] {dag.py:2927} INFO - Setting next_dagrun for tutorial_taskflow_api_etl to None, run_after=None
[2022-10-18 21:36:17,951] {processor.py:161} INFO - Processing /home/airflow/.local/lib/python3.9/site-packages/airflow/example_dags/tutorial_taskflow_api_etl.py took 1.297 seconds
[2022-10-18 21:36:48,632] {processor.py:153} INFO - Started process (PID=2088) to work on /home/airflow/.local/lib/python3.9/site-packages/airflow/example_dags/tutorial_taskflow_api_etl.py
[2022-10-18 21:36:48,659] {processor.py:641} INFO - Processing file /home/airflow/.local/lib/python3.9/site-packages/airflow/example_dags/tutorial_taskflow_api_etl.py for tasks to queue
[2022-10-18 21:36:48,667] {logging_mixin.py:115} INFO - [2022-10-18 21:36:48,666] {dagbag.py:507} INFO - Filling up the DagBag from /home/airflow/.local/lib/python3.9/site-packages/airflow/example_dags/tutorial_taskflow_api_etl.py
[2022-10-18 21:36:48,972] {processor.py:651} INFO - DAG(s) dict_keys(['tutorial_taskflow_api_etl']) retrieved from /home/airflow/.local/lib/python3.9/site-packages/airflow/example_dags/tutorial_taskflow_api_etl.py
[2022-10-18 21:36:49,999] {logging_mixin.py:115} INFO - [2022-10-18 21:36:49,998] {dag.py:2379} INFO - Sync 1 DAGs
[2022-10-18 21:36:50,475] {logging_mixin.py:115} INFO - [2022-10-18 21:36:50,475] {dag.py:2927} INFO - Setting next_dagrun for tutorial_taskflow_api_etl to None, run_after=None
[2022-10-18 21:36:50,698] {processor.py:161} INFO - Processing /home/airflow/.local/lib/python3.9/site-packages/airflow/example_dags/tutorial_taskflow_api_etl.py took 2.090 seconds
[2022-10-18 21:37:20,914] {processor.py:153} INFO - Started process (PID=2172) to work on /home/airflow/.local/lib/python3.9/site-packages/airflow/example_dags/tutorial_taskflow_api_etl.py
[2022-10-18 21:37:20,925] {processor.py:641} INFO - Processing file /home/airflow/.local/lib/python3.9/site-packages/airflow/example_dags/tutorial_taskflow_api_etl.py for tasks to queue
[2022-10-18 21:37:20,931] {logging_mixin.py:115} INFO - [2022-10-18 21:37:20,930] {dagbag.py:507} INFO - Filling up the DagBag from /home/airflow/.local/lib/python3.9/site-packages/airflow/example_dags/tutorial_taskflow_api_etl.py
[2022-10-18 21:37:21,149] {processor.py:651} INFO - DAG(s) dict_keys(['tutorial_taskflow_api_etl']) retrieved from /home/airflow/.local/lib/python3.9/site-packages/airflow/example_dags/tutorial_taskflow_api_etl.py
[2022-10-18 21:37:21,643] {logging_mixin.py:115} INFO - [2022-10-18 21:37:21,643] {dag.py:2379} INFO - Sync 1 DAGs
[2022-10-18 21:37:21,772] {logging_mixin.py:115} INFO - [2022-10-18 21:37:21,771] {dag.py:2927} INFO - Setting next_dagrun for tutorial_taskflow_api_etl to None, run_after=None
[2022-10-18 21:37:21,971] {processor.py:161} INFO - Processing /home/airflow/.local/lib/python3.9/site-packages/airflow/example_dags/tutorial_taskflow_api_etl.py took 1.074 seconds
[2022-10-18 21:37:52,218] {processor.py:153} INFO - Started process (PID=2267) to work on /home/airflow/.local/lib/python3.9/site-packages/airflow/example_dags/tutorial_taskflow_api_etl.py
[2022-10-18 21:37:52,223] {processor.py:641} INFO - Processing file /home/airflow/.local/lib/python3.9/site-packages/airflow/example_dags/tutorial_taskflow_api_etl.py for tasks to queue
[2022-10-18 21:37:52,229] {logging_mixin.py:115} INFO - [2022-10-18 21:37:52,229] {dagbag.py:507} INFO - Filling up the DagBag from /home/airflow/.local/lib/python3.9/site-packages/airflow/example_dags/tutorial_taskflow_api_etl.py
[2022-10-18 21:37:52,417] {processor.py:651} INFO - DAG(s) dict_keys(['tutorial_taskflow_api_etl']) retrieved from /home/airflow/.local/lib/python3.9/site-packages/airflow/example_dags/tutorial_taskflow_api_etl.py
[2022-10-18 21:37:52,585] {logging_mixin.py:115} INFO - [2022-10-18 21:37:52,584] {dag.py:2379} INFO - Sync 1 DAGs
[2022-10-18 21:37:52,767] {logging_mixin.py:115} INFO - [2022-10-18 21:37:52,766] {dag.py:2927} INFO - Setting next_dagrun for tutorial_taskflow_api_etl to None, run_after=None
[2022-10-18 21:37:52,856] {processor.py:161} INFO - Processing /home/airflow/.local/lib/python3.9/site-packages/airflow/example_dags/tutorial_taskflow_api_etl.py took 0.668 seconds
[2022-10-18 21:38:23,037] {processor.py:153} INFO - Started process (PID=2363) to work on /home/airflow/.local/lib/python3.9/site-packages/airflow/example_dags/tutorial_taskflow_api_etl.py
[2022-10-18 21:38:23,041] {processor.py:641} INFO - Processing file /home/airflow/.local/lib/python3.9/site-packages/airflow/example_dags/tutorial_taskflow_api_etl.py for tasks to queue
[2022-10-18 21:38:23,046] {logging_mixin.py:115} INFO - [2022-10-18 21:38:23,045] {dagbag.py:507} INFO - Filling up the DagBag from /home/airflow/.local/lib/python3.9/site-packages/airflow/example_dags/tutorial_taskflow_api_etl.py
[2022-10-18 21:38:23,248] {processor.py:651} INFO - DAG(s) dict_keys(['tutorial_taskflow_api_etl']) retrieved from /home/airflow/.local/lib/python3.9/site-packages/airflow/example_dags/tutorial_taskflow_api_etl.py
[2022-10-18 21:38:24,268] {logging_mixin.py:115} INFO - [2022-10-18 21:38:24,267] {dag.py:2379} INFO - Sync 1 DAGs
[2022-10-18 21:38:24,598] {logging_mixin.py:115} INFO - [2022-10-18 21:38:24,597] {dag.py:2927} INFO - Setting next_dagrun for tutorial_taskflow_api_etl to None, run_after=None
[2022-10-18 21:38:24,829] {processor.py:161} INFO - Processing /home/airflow/.local/lib/python3.9/site-packages/airflow/example_dags/tutorial_taskflow_api_etl.py took 1.800 seconds
[2022-10-18 21:38:55,132] {processor.py:153} INFO - Started process (PID=2445) to work on /home/airflow/.local/lib/python3.9/site-packages/airflow/example_dags/tutorial_taskflow_api_etl.py
[2022-10-18 21:38:55,137] {processor.py:641} INFO - Processing file /home/airflow/.local/lib/python3.9/site-packages/airflow/example_dags/tutorial_taskflow_api_etl.py for tasks to queue
[2022-10-18 21:38:55,141] {logging_mixin.py:115} INFO - [2022-10-18 21:38:55,141] {dagbag.py:507} INFO - Filling up the DagBag from /home/airflow/.local/lib/python3.9/site-packages/airflow/example_dags/tutorial_taskflow_api_etl.py
[2022-10-18 21:38:55,509] {processor.py:651} INFO - DAG(s) dict_keys(['tutorial_taskflow_api_etl']) retrieved from /home/airflow/.local/lib/python3.9/site-packages/airflow/example_dags/tutorial_taskflow_api_etl.py
[2022-10-18 21:38:55,766] {logging_mixin.py:115} INFO - [2022-10-18 21:38:55,765] {dag.py:2379} INFO - Sync 1 DAGs
[2022-10-18 21:38:56,033] {logging_mixin.py:115} INFO - [2022-10-18 21:38:56,023] {dag.py:2927} INFO - Setting next_dagrun for tutorial_taskflow_api_etl to None, run_after=None
[2022-10-18 21:38:56,161] {processor.py:161} INFO - Processing /home/airflow/.local/lib/python3.9/site-packages/airflow/example_dags/tutorial_taskflow_api_etl.py took 1.038 seconds
[2022-10-18 21:39:26,863] {processor.py:153} INFO - Started process (PID=2541) to work on /home/airflow/.local/lib/python3.9/site-packages/airflow/example_dags/tutorial_taskflow_api_etl.py
[2022-10-18 21:39:26,870] {processor.py:641} INFO - Processing file /home/airflow/.local/lib/python3.9/site-packages/airflow/example_dags/tutorial_taskflow_api_etl.py for tasks to queue
[2022-10-18 21:39:26,875] {logging_mixin.py:115} INFO - [2022-10-18 21:39:26,875] {dagbag.py:507} INFO - Filling up the DagBag from /home/airflow/.local/lib/python3.9/site-packages/airflow/example_dags/tutorial_taskflow_api_etl.py
[2022-10-18 21:39:27,136] {processor.py:651} INFO - DAG(s) dict_keys(['tutorial_taskflow_api_etl']) retrieved from /home/airflow/.local/lib/python3.9/site-packages/airflow/example_dags/tutorial_taskflow_api_etl.py
[2022-10-18 21:39:27,336] {logging_mixin.py:115} INFO - [2022-10-18 21:39:27,335] {dag.py:2379} INFO - Sync 1 DAGs
[2022-10-18 21:39:27,574] {logging_mixin.py:115} INFO - [2022-10-18 21:39:27,573] {dag.py:2927} INFO - Setting next_dagrun for tutorial_taskflow_api_etl to None, run_after=None
[2022-10-18 21:39:27,729] {processor.py:161} INFO - Processing /home/airflow/.local/lib/python3.9/site-packages/airflow/example_dags/tutorial_taskflow_api_etl.py took 0.876 seconds
[2022-10-18 21:39:58,461] {processor.py:153} INFO - Started process (PID=2627) to work on /home/airflow/.local/lib/python3.9/site-packages/airflow/example_dags/tutorial_taskflow_api_etl.py
[2022-10-18 21:39:58,471] {processor.py:641} INFO - Processing file /home/airflow/.local/lib/python3.9/site-packages/airflow/example_dags/tutorial_taskflow_api_etl.py for tasks to queue
[2022-10-18 21:39:58,478] {logging_mixin.py:115} INFO - [2022-10-18 21:39:58,478] {dagbag.py:507} INFO - Filling up the DagBag from /home/airflow/.local/lib/python3.9/site-packages/airflow/example_dags/tutorial_taskflow_api_etl.py
[2022-10-18 21:39:58,858] {processor.py:651} INFO - DAG(s) dict_keys(['tutorial_taskflow_api_etl']) retrieved from /home/airflow/.local/lib/python3.9/site-packages/airflow/example_dags/tutorial_taskflow_api_etl.py
[2022-10-18 21:39:59,187] {logging_mixin.py:115} INFO - [2022-10-18 21:39:59,186] {dag.py:2379} INFO - Sync 1 DAGs
[2022-10-18 21:39:59,369] {logging_mixin.py:115} INFO - [2022-10-18 21:39:59,368] {dag.py:2927} INFO - Setting next_dagrun for tutorial_taskflow_api_etl to None, run_after=None
[2022-10-18 21:39:59,492] {processor.py:161} INFO - Processing /home/airflow/.local/lib/python3.9/site-packages/airflow/example_dags/tutorial_taskflow_api_etl.py took 1.045 seconds
[2022-10-18 21:40:30,198] {processor.py:153} INFO - Started process (PID=2721) to work on /home/airflow/.local/lib/python3.9/site-packages/airflow/example_dags/tutorial_taskflow_api_etl.py
[2022-10-18 21:40:30,204] {processor.py:641} INFO - Processing file /home/airflow/.local/lib/python3.9/site-packages/airflow/example_dags/tutorial_taskflow_api_etl.py for tasks to queue
[2022-10-18 21:40:30,209] {logging_mixin.py:115} INFO - [2022-10-18 21:40:30,209] {dagbag.py:507} INFO - Filling up the DagBag from /home/airflow/.local/lib/python3.9/site-packages/airflow/example_dags/tutorial_taskflow_api_etl.py
[2022-10-18 21:40:30,480] {processor.py:651} INFO - DAG(s) dict_keys(['tutorial_taskflow_api_etl']) retrieved from /home/airflow/.local/lib/python3.9/site-packages/airflow/example_dags/tutorial_taskflow_api_etl.py
[2022-10-18 21:40:31,310] {logging_mixin.py:115} INFO - [2022-10-18 21:40:31,310] {dag.py:2379} INFO - Sync 1 DAGs
[2022-10-18 21:40:31,601] {logging_mixin.py:115} INFO - [2022-10-18 21:40:31,600] {dag.py:2927} INFO - Setting next_dagrun for tutorial_taskflow_api_etl to None, run_after=None
[2022-10-18 21:40:31,714] {processor.py:161} INFO - Processing /home/airflow/.local/lib/python3.9/site-packages/airflow/example_dags/tutorial_taskflow_api_etl.py took 1.537 seconds
[2022-10-18 21:41:02,118] {processor.py:153} INFO - Started process (PID=2812) to work on /home/airflow/.local/lib/python3.9/site-packages/airflow/example_dags/tutorial_taskflow_api_etl.py
[2022-10-18 21:41:02,125] {processor.py:641} INFO - Processing file /home/airflow/.local/lib/python3.9/site-packages/airflow/example_dags/tutorial_taskflow_api_etl.py for tasks to queue
[2022-10-18 21:41:02,131] {logging_mixin.py:115} INFO - [2022-10-18 21:41:02,131] {dagbag.py:507} INFO - Filling up the DagBag from /home/airflow/.local/lib/python3.9/site-packages/airflow/example_dags/tutorial_taskflow_api_etl.py
[2022-10-18 21:41:02,397] {processor.py:651} INFO - DAG(s) dict_keys(['tutorial_taskflow_api_etl']) retrieved from /home/airflow/.local/lib/python3.9/site-packages/airflow/example_dags/tutorial_taskflow_api_etl.py
[2022-10-18 21:41:02,667] {logging_mixin.py:115} INFO - [2022-10-18 21:41:02,667] {dag.py:2379} INFO - Sync 1 DAGs
[2022-10-18 21:41:03,011] {logging_mixin.py:115} INFO - [2022-10-18 21:41:03,011] {dag.py:2927} INFO - Setting next_dagrun for tutorial_taskflow_api_etl to None, run_after=None
[2022-10-18 21:41:03,155] {processor.py:161} INFO - Processing /home/airflow/.local/lib/python3.9/site-packages/airflow/example_dags/tutorial_taskflow_api_etl.py took 1.066 seconds
[2022-10-18 21:41:33,896] {processor.py:153} INFO - Started process (PID=2904) to work on /home/airflow/.local/lib/python3.9/site-packages/airflow/example_dags/tutorial_taskflow_api_etl.py
[2022-10-18 21:41:33,907] {processor.py:641} INFO - Processing file /home/airflow/.local/lib/python3.9/site-packages/airflow/example_dags/tutorial_taskflow_api_etl.py for tasks to queue
[2022-10-18 21:41:33,913] {logging_mixin.py:115} INFO - [2022-10-18 21:41:33,913] {dagbag.py:507} INFO - Filling up the DagBag from /home/airflow/.local/lib/python3.9/site-packages/airflow/example_dags/tutorial_taskflow_api_etl.py
[2022-10-18 21:41:34,220] {processor.py:651} INFO - DAG(s) dict_keys(['tutorial_taskflow_api_etl']) retrieved from /home/airflow/.local/lib/python3.9/site-packages/airflow/example_dags/tutorial_taskflow_api_etl.py
[2022-10-18 21:41:34,563] {logging_mixin.py:115} INFO - [2022-10-18 21:41:34,563] {dag.py:2379} INFO - Sync 1 DAGs
[2022-10-18 21:41:34,794] {logging_mixin.py:115} INFO - [2022-10-18 21:41:34,794] {dag.py:2927} INFO - Setting next_dagrun for tutorial_taskflow_api_etl to None, run_after=None
[2022-10-18 21:41:34,874] {processor.py:161} INFO - Processing /home/airflow/.local/lib/python3.9/site-packages/airflow/example_dags/tutorial_taskflow_api_etl.py took 1.006 seconds
[2022-10-18 21:42:05,296] {processor.py:153} INFO - Started process (PID=3000) to work on /home/airflow/.local/lib/python3.9/site-packages/airflow/example_dags/tutorial_taskflow_api_etl.py
[2022-10-18 21:42:05,311] {processor.py:641} INFO - Processing file /home/airflow/.local/lib/python3.9/site-packages/airflow/example_dags/tutorial_taskflow_api_etl.py for tasks to queue
[2022-10-18 21:42:05,315] {logging_mixin.py:115} INFO - [2022-10-18 21:42:05,315] {dagbag.py:507} INFO - Filling up the DagBag from /home/airflow/.local/lib/python3.9/site-packages/airflow/example_dags/tutorial_taskflow_api_etl.py
[2022-10-18 21:42:05,574] {processor.py:651} INFO - DAG(s) dict_keys(['tutorial_taskflow_api_etl']) retrieved from /home/airflow/.local/lib/python3.9/site-packages/airflow/example_dags/tutorial_taskflow_api_etl.py
[2022-10-18 21:42:05,838] {logging_mixin.py:115} INFO - [2022-10-18 21:42:05,837] {dag.py:2379} INFO - Sync 1 DAGs
[2022-10-18 21:42:06,055] {logging_mixin.py:115} INFO - [2022-10-18 21:42:06,055] {dag.py:2927} INFO - Setting next_dagrun for tutorial_taskflow_api_etl to None, run_after=None
[2022-10-18 21:42:06,124] {processor.py:161} INFO - Processing /home/airflow/.local/lib/python3.9/site-packages/airflow/example_dags/tutorial_taskflow_api_etl.py took 0.855 seconds
[2022-10-18 21:42:37,063] {processor.py:153} INFO - Started process (PID=3085) to work on /home/airflow/.local/lib/python3.9/site-packages/airflow/example_dags/tutorial_taskflow_api_etl.py
[2022-10-18 21:42:37,067] {processor.py:641} INFO - Processing file /home/airflow/.local/lib/python3.9/site-packages/airflow/example_dags/tutorial_taskflow_api_etl.py for tasks to queue
[2022-10-18 21:42:37,084] {logging_mixin.py:115} INFO - [2022-10-18 21:42:37,083] {dagbag.py:507} INFO - Filling up the DagBag from /home/airflow/.local/lib/python3.9/site-packages/airflow/example_dags/tutorial_taskflow_api_etl.py
[2022-10-18 21:42:37,319] {processor.py:651} INFO - DAG(s) dict_keys(['tutorial_taskflow_api_etl']) retrieved from /home/airflow/.local/lib/python3.9/site-packages/airflow/example_dags/tutorial_taskflow_api_etl.py
[2022-10-18 21:42:37,485] {logging_mixin.py:115} INFO - [2022-10-18 21:42:37,484] {dag.py:2379} INFO - Sync 1 DAGs
[2022-10-18 21:42:37,633] {logging_mixin.py:115} INFO - [2022-10-18 21:42:37,632] {dag.py:2927} INFO - Setting next_dagrun for tutorial_taskflow_api_etl to None, run_after=None
[2022-10-18 21:42:37,691] {processor.py:161} INFO - Processing /home/airflow/.local/lib/python3.9/site-packages/airflow/example_dags/tutorial_taskflow_api_etl.py took 0.643 seconds
[2022-10-18 21:43:08,654] {processor.py:153} INFO - Started process (PID=3178) to work on /home/airflow/.local/lib/python3.9/site-packages/airflow/example_dags/tutorial_taskflow_api_etl.py
[2022-10-18 21:43:08,663] {processor.py:641} INFO - Processing file /home/airflow/.local/lib/python3.9/site-packages/airflow/example_dags/tutorial_taskflow_api_etl.py for tasks to queue
[2022-10-18 21:43:08,670] {logging_mixin.py:115} INFO - [2022-10-18 21:43:08,670] {dagbag.py:507} INFO - Filling up the DagBag from /home/airflow/.local/lib/python3.9/site-packages/airflow/example_dags/tutorial_taskflow_api_etl.py
[2022-10-18 21:43:08,998] {processor.py:651} INFO - DAG(s) dict_keys(['tutorial_taskflow_api_etl']) retrieved from /home/airflow/.local/lib/python3.9/site-packages/airflow/example_dags/tutorial_taskflow_api_etl.py
[2022-10-18 21:43:09,191] {logging_mixin.py:115} INFO - [2022-10-18 21:43:09,191] {dag.py:2379} INFO - Sync 1 DAGs
[2022-10-18 21:43:09,443] {logging_mixin.py:115} INFO - [2022-10-18 21:43:09,442] {dag.py:2927} INFO - Setting next_dagrun for tutorial_taskflow_api_etl to None, run_after=None
[2022-10-18 21:43:09,480] {processor.py:161} INFO - Processing /home/airflow/.local/lib/python3.9/site-packages/airflow/example_dags/tutorial_taskflow_api_etl.py took 0.847 seconds
[2022-10-18 21:43:40,331] {processor.py:153} INFO - Started process (PID=3264) to work on /home/airflow/.local/lib/python3.9/site-packages/airflow/example_dags/tutorial_taskflow_api_etl.py
[2022-10-18 21:43:40,334] {processor.py:641} INFO - Processing file /home/airflow/.local/lib/python3.9/site-packages/airflow/example_dags/tutorial_taskflow_api_etl.py for tasks to queue
[2022-10-18 21:43:40,337] {logging_mixin.py:115} INFO - [2022-10-18 21:43:40,337] {dagbag.py:507} INFO - Filling up the DagBag from /home/airflow/.local/lib/python3.9/site-packages/airflow/example_dags/tutorial_taskflow_api_etl.py
[2022-10-18 21:43:40,468] {processor.py:651} INFO - DAG(s) dict_keys(['tutorial_taskflow_api_etl']) retrieved from /home/airflow/.local/lib/python3.9/site-packages/airflow/example_dags/tutorial_taskflow_api_etl.py
[2022-10-18 21:43:40,589] {logging_mixin.py:115} INFO - [2022-10-18 21:43:40,589] {dag.py:2379} INFO - Sync 1 DAGs
[2022-10-18 21:43:40,750] {logging_mixin.py:115} INFO - [2022-10-18 21:43:40,749] {dag.py:2927} INFO - Setting next_dagrun for tutorial_taskflow_api_etl to None, run_after=None
[2022-10-18 21:43:40,824] {processor.py:161} INFO - Processing /home/airflow/.local/lib/python3.9/site-packages/airflow/example_dags/tutorial_taskflow_api_etl.py took 0.503 seconds
[2022-10-18 21:44:12,165] {processor.py:153} INFO - Started process (PID=3357) to work on /home/airflow/.local/lib/python3.9/site-packages/airflow/example_dags/tutorial_taskflow_api_etl.py
[2022-10-18 21:44:12,172] {processor.py:641} INFO - Processing file /home/airflow/.local/lib/python3.9/site-packages/airflow/example_dags/tutorial_taskflow_api_etl.py for tasks to queue
[2022-10-18 21:44:12,176] {logging_mixin.py:115} INFO - [2022-10-18 21:44:12,175] {dagbag.py:507} INFO - Filling up the DagBag from /home/airflow/.local/lib/python3.9/site-packages/airflow/example_dags/tutorial_taskflow_api_etl.py
[2022-10-18 21:44:12,533] {processor.py:651} INFO - DAG(s) dict_keys(['tutorial_taskflow_api_etl']) retrieved from /home/airflow/.local/lib/python3.9/site-packages/airflow/example_dags/tutorial_taskflow_api_etl.py
[2022-10-18 21:44:12,793] {logging_mixin.py:115} INFO - [2022-10-18 21:44:12,786] {dag.py:2379} INFO - Sync 1 DAGs
[2022-10-18 21:44:13,107] {logging_mixin.py:115} INFO - [2022-10-18 21:44:13,101] {dag.py:2927} INFO - Setting next_dagrun for tutorial_taskflow_api_etl to None, run_after=None
[2022-10-18 21:44:13,258] {processor.py:161} INFO - Processing /home/airflow/.local/lib/python3.9/site-packages/airflow/example_dags/tutorial_taskflow_api_etl.py took 1.108 seconds
[2022-10-18 21:44:43,584] {processor.py:153} INFO - Started process (PID=3449) to work on /home/airflow/.local/lib/python3.9/site-packages/airflow/example_dags/tutorial_taskflow_api_etl.py
[2022-10-18 21:44:43,592] {processor.py:641} INFO - Processing file /home/airflow/.local/lib/python3.9/site-packages/airflow/example_dags/tutorial_taskflow_api_etl.py for tasks to queue
[2022-10-18 21:44:43,601] {logging_mixin.py:115} INFO - [2022-10-18 21:44:43,600] {dagbag.py:507} INFO - Filling up the DagBag from /home/airflow/.local/lib/python3.9/site-packages/airflow/example_dags/tutorial_taskflow_api_etl.py
[2022-10-18 21:44:44,034] {processor.py:651} INFO - DAG(s) dict_keys(['tutorial_taskflow_api_etl']) retrieved from /home/airflow/.local/lib/python3.9/site-packages/airflow/example_dags/tutorial_taskflow_api_etl.py
[2022-10-18 21:44:44,180] {logging_mixin.py:115} INFO - [2022-10-18 21:44:44,180] {dag.py:2379} INFO - Sync 1 DAGs
[2022-10-18 21:44:44,432] {logging_mixin.py:115} INFO - [2022-10-18 21:44:44,428] {dag.py:2927} INFO - Setting next_dagrun for tutorial_taskflow_api_etl to None, run_after=None
[2022-10-18 21:44:44,662] {processor.py:161} INFO - Processing /home/airflow/.local/lib/python3.9/site-packages/airflow/example_dags/tutorial_taskflow_api_etl.py took 1.113 seconds
[2022-10-18 21:45:15,562] {processor.py:153} INFO - Started process (PID=3531) to work on /home/airflow/.local/lib/python3.9/site-packages/airflow/example_dags/tutorial_taskflow_api_etl.py
[2022-10-18 21:45:15,572] {processor.py:641} INFO - Processing file /home/airflow/.local/lib/python3.9/site-packages/airflow/example_dags/tutorial_taskflow_api_etl.py for tasks to queue
[2022-10-18 21:45:15,580] {logging_mixin.py:115} INFO - [2022-10-18 21:45:15,576] {dagbag.py:507} INFO - Filling up the DagBag from /home/airflow/.local/lib/python3.9/site-packages/airflow/example_dags/tutorial_taskflow_api_etl.py
[2022-10-18 21:45:16,181] {processor.py:651} INFO - DAG(s) dict_keys(['tutorial_taskflow_api_etl']) retrieved from /home/airflow/.local/lib/python3.9/site-packages/airflow/example_dags/tutorial_taskflow_api_etl.py
[2022-10-18 21:45:16,654] {logging_mixin.py:115} INFO - [2022-10-18 21:45:16,654] {dag.py:2379} INFO - Sync 1 DAGs
[2022-10-18 21:45:17,121] {logging_mixin.py:115} INFO - [2022-10-18 21:45:17,121] {dag.py:2927} INFO - Setting next_dagrun for tutorial_taskflow_api_etl to None, run_after=None
[2022-10-18 21:45:17,364] {processor.py:161} INFO - Processing /home/airflow/.local/lib/python3.9/site-packages/airflow/example_dags/tutorial_taskflow_api_etl.py took 1.836 seconds
[2022-10-18 21:45:52,946] {processor.py:153} INFO - Started process (PID=3630) to work on /home/airflow/.local/lib/python3.9/site-packages/airflow/example_dags/tutorial_taskflow_api_etl.py
[2022-10-18 21:45:52,959] {processor.py:641} INFO - Processing file /home/airflow/.local/lib/python3.9/site-packages/airflow/example_dags/tutorial_taskflow_api_etl.py for tasks to queue
[2022-10-18 21:45:52,978] {logging_mixin.py:115} INFO - [2022-10-18 21:45:52,977] {dagbag.py:507} INFO - Filling up the DagBag from /home/airflow/.local/lib/python3.9/site-packages/airflow/example_dags/tutorial_taskflow_api_etl.py
[2022-10-18 21:45:53,686] {processor.py:651} INFO - DAG(s) dict_keys(['tutorial_taskflow_api_etl']) retrieved from /home/airflow/.local/lib/python3.9/site-packages/airflow/example_dags/tutorial_taskflow_api_etl.py
[2022-10-18 21:45:55,081] {logging_mixin.py:115} INFO - [2022-10-18 21:45:55,080] {dag.py:2379} INFO - Sync 1 DAGs
[2022-10-18 21:45:55,618] {logging_mixin.py:115} INFO - [2022-10-18 21:45:55,617] {dag.py:2927} INFO - Setting next_dagrun for tutorial_taskflow_api_etl to None, run_after=None
[2022-10-18 21:45:55,894] {processor.py:161} INFO - Processing /home/airflow/.local/lib/python3.9/site-packages/airflow/example_dags/tutorial_taskflow_api_etl.py took 3.009 seconds
[2022-10-18 21:46:33,164] {processor.py:153} INFO - Started process (PID=3724) to work on /home/airflow/.local/lib/python3.9/site-packages/airflow/example_dags/tutorial_taskflow_api_etl.py
[2022-10-18 21:46:33,167] {processor.py:641} INFO - Processing file /home/airflow/.local/lib/python3.9/site-packages/airflow/example_dags/tutorial_taskflow_api_etl.py for tasks to queue
[2022-10-18 21:46:33,176] {logging_mixin.py:115} INFO - [2022-10-18 21:46:33,176] {dagbag.py:507} INFO - Filling up the DagBag from /home/airflow/.local/lib/python3.9/site-packages/airflow/example_dags/tutorial_taskflow_api_etl.py
[2022-10-18 21:46:34,076] {processor.py:651} INFO - DAG(s) dict_keys(['tutorial_taskflow_api_etl']) retrieved from /home/airflow/.local/lib/python3.9/site-packages/airflow/example_dags/tutorial_taskflow_api_etl.py
[2022-10-18 21:46:34,577] {logging_mixin.py:115} INFO - [2022-10-18 21:46:34,576] {dag.py:2379} INFO - Sync 1 DAGs
[2022-10-18 21:46:35,295] {logging_mixin.py:115} INFO - [2022-10-18 21:46:35,295] {dag.py:2927} INFO - Setting next_dagrun for tutorial_taskflow_api_etl to None, run_after=None
[2022-10-18 21:46:35,603] {processor.py:161} INFO - Processing /home/airflow/.local/lib/python3.9/site-packages/airflow/example_dags/tutorial_taskflow_api_etl.py took 2.507 seconds
[2022-10-18 21:47:20,730] {processor.py:153} INFO - Started process (PID=3819) to work on /home/airflow/.local/lib/python3.9/site-packages/airflow/example_dags/tutorial_taskflow_api_etl.py
[2022-10-18 21:47:20,743] {processor.py:641} INFO - Processing file /home/airflow/.local/lib/python3.9/site-packages/airflow/example_dags/tutorial_taskflow_api_etl.py for tasks to queue
[2022-10-18 21:47:20,756] {logging_mixin.py:115} INFO - [2022-10-18 21:47:20,756] {dagbag.py:507} INFO - Filling up the DagBag from /home/airflow/.local/lib/python3.9/site-packages/airflow/example_dags/tutorial_taskflow_api_etl.py
[2022-10-18 21:47:21,681] {processor.py:651} INFO - DAG(s) dict_keys(['tutorial_taskflow_api_etl']) retrieved from /home/airflow/.local/lib/python3.9/site-packages/airflow/example_dags/tutorial_taskflow_api_etl.py
[2022-10-18 21:47:22,007] {logging_mixin.py:115} INFO - [2022-10-18 21:47:22,006] {dag.py:2379} INFO - Sync 1 DAGs
[2022-10-18 21:47:22,861] {logging_mixin.py:115} INFO - [2022-10-18 21:47:22,861] {dag.py:2927} INFO - Setting next_dagrun for tutorial_taskflow_api_etl to None, run_after=None
[2022-10-18 21:47:23,289] {processor.py:161} INFO - Processing /home/airflow/.local/lib/python3.9/site-packages/airflow/example_dags/tutorial_taskflow_api_etl.py took 2.647 seconds
