[2022-10-16 00:00:08,544] {processor.py:153} INFO - Started process (PID=2050) to work on /home/airflow/.local/lib/python3.9/site-packages/airflow/example_dags/subdags/subdag.py
[2022-10-16 00:00:08,547] {processor.py:641} INFO - Processing file /home/airflow/.local/lib/python3.9/site-packages/airflow/example_dags/subdags/subdag.py for tasks to queue
[2022-10-16 00:00:08,551] {logging_mixin.py:115} INFO - [2022-10-16 00:00:08,550] {dagbag.py:507} INFO - Filling up the DagBag from /home/airflow/.local/lib/python3.9/site-packages/airflow/example_dags/subdags/subdag.py
[2022-10-16 00:00:08,558] {processor.py:653} WARNING - No viable dags retrieved from /home/airflow/.local/lib/python3.9/site-packages/airflow/example_dags/subdags/subdag.py
[2022-10-16 00:00:08,590] {processor.py:161} INFO - Processing /home/airflow/.local/lib/python3.9/site-packages/airflow/example_dags/subdags/subdag.py took 0.054 seconds
[2022-10-16 00:00:39,609] {processor.py:153} INFO - Started process (PID=2143) to work on /home/airflow/.local/lib/python3.9/site-packages/airflow/example_dags/subdags/subdag.py
[2022-10-16 00:00:39,612] {processor.py:641} INFO - Processing file /home/airflow/.local/lib/python3.9/site-packages/airflow/example_dags/subdags/subdag.py for tasks to queue
[2022-10-16 00:00:39,617] {logging_mixin.py:115} INFO - [2022-10-16 00:00:39,617] {dagbag.py:507} INFO - Filling up the DagBag from /home/airflow/.local/lib/python3.9/site-packages/airflow/example_dags/subdags/subdag.py
[2022-10-16 00:00:39,623] {processor.py:653} WARNING - No viable dags retrieved from /home/airflow/.local/lib/python3.9/site-packages/airflow/example_dags/subdags/subdag.py
[2022-10-16 00:00:39,689] {processor.py:161} INFO - Processing /home/airflow/.local/lib/python3.9/site-packages/airflow/example_dags/subdags/subdag.py took 0.089 seconds
[2022-10-16 00:01:10,769] {processor.py:153} INFO - Started process (PID=2229) to work on /home/airflow/.local/lib/python3.9/site-packages/airflow/example_dags/subdags/subdag.py
[2022-10-16 00:01:10,772] {processor.py:641} INFO - Processing file /home/airflow/.local/lib/python3.9/site-packages/airflow/example_dags/subdags/subdag.py for tasks to queue
[2022-10-16 00:01:10,778] {logging_mixin.py:115} INFO - [2022-10-16 00:01:10,776] {dagbag.py:507} INFO - Filling up the DagBag from /home/airflow/.local/lib/python3.9/site-packages/airflow/example_dags/subdags/subdag.py
[2022-10-16 00:01:10,787] {processor.py:653} WARNING - No viable dags retrieved from /home/airflow/.local/lib/python3.9/site-packages/airflow/example_dags/subdags/subdag.py
[2022-10-16 00:01:10,853] {processor.py:161} INFO - Processing /home/airflow/.local/lib/python3.9/site-packages/airflow/example_dags/subdags/subdag.py took 0.093 seconds
[2022-10-16 00:01:41,700] {processor.py:153} INFO - Started process (PID=2321) to work on /home/airflow/.local/lib/python3.9/site-packages/airflow/example_dags/subdags/subdag.py
[2022-10-16 00:01:41,714] {processor.py:641} INFO - Processing file /home/airflow/.local/lib/python3.9/site-packages/airflow/example_dags/subdags/subdag.py for tasks to queue
[2022-10-16 00:01:41,718] {logging_mixin.py:115} INFO - [2022-10-16 00:01:41,717] {dagbag.py:507} INFO - Filling up the DagBag from /home/airflow/.local/lib/python3.9/site-packages/airflow/example_dags/subdags/subdag.py
[2022-10-16 00:01:41,727] {processor.py:653} WARNING - No viable dags retrieved from /home/airflow/.local/lib/python3.9/site-packages/airflow/example_dags/subdags/subdag.py
[2022-10-16 00:01:41,784] {processor.py:161} INFO - Processing /home/airflow/.local/lib/python3.9/site-packages/airflow/example_dags/subdags/subdag.py took 0.092 seconds
[2022-10-16 00:02:12,532] {processor.py:153} INFO - Started process (PID=2407) to work on /home/airflow/.local/lib/python3.9/site-packages/airflow/example_dags/subdags/subdag.py
[2022-10-16 00:02:12,535] {processor.py:641} INFO - Processing file /home/airflow/.local/lib/python3.9/site-packages/airflow/example_dags/subdags/subdag.py for tasks to queue
[2022-10-16 00:02:12,539] {logging_mixin.py:115} INFO - [2022-10-16 00:02:12,538] {dagbag.py:507} INFO - Filling up the DagBag from /home/airflow/.local/lib/python3.9/site-packages/airflow/example_dags/subdags/subdag.py
[2022-10-16 00:02:12,548] {processor.py:653} WARNING - No viable dags retrieved from /home/airflow/.local/lib/python3.9/site-packages/airflow/example_dags/subdags/subdag.py
[2022-10-16 00:02:12,586] {processor.py:161} INFO - Processing /home/airflow/.local/lib/python3.9/site-packages/airflow/example_dags/subdags/subdag.py took 0.063 seconds
[2022-10-16 00:02:43,176] {processor.py:153} INFO - Started process (PID=2498) to work on /home/airflow/.local/lib/python3.9/site-packages/airflow/example_dags/subdags/subdag.py
[2022-10-16 00:02:43,181] {processor.py:641} INFO - Processing file /home/airflow/.local/lib/python3.9/site-packages/airflow/example_dags/subdags/subdag.py for tasks to queue
[2022-10-16 00:02:43,185] {logging_mixin.py:115} INFO - [2022-10-16 00:02:43,184] {dagbag.py:507} INFO - Filling up the DagBag from /home/airflow/.local/lib/python3.9/site-packages/airflow/example_dags/subdags/subdag.py
[2022-10-16 00:02:43,199] {processor.py:653} WARNING - No viable dags retrieved from /home/airflow/.local/lib/python3.9/site-packages/airflow/example_dags/subdags/subdag.py
[2022-10-16 00:02:43,263] {processor.py:161} INFO - Processing /home/airflow/.local/lib/python3.9/site-packages/airflow/example_dags/subdags/subdag.py took 0.111 seconds
[2022-10-16 00:03:14,158] {processor.py:153} INFO - Started process (PID=2584) to work on /home/airflow/.local/lib/python3.9/site-packages/airflow/example_dags/subdags/subdag.py
[2022-10-16 00:03:14,161] {processor.py:641} INFO - Processing file /home/airflow/.local/lib/python3.9/site-packages/airflow/example_dags/subdags/subdag.py for tasks to queue
[2022-10-16 00:03:14,164] {logging_mixin.py:115} INFO - [2022-10-16 00:03:14,164] {dagbag.py:507} INFO - Filling up the DagBag from /home/airflow/.local/lib/python3.9/site-packages/airflow/example_dags/subdags/subdag.py
[2022-10-16 00:03:14,172] {processor.py:653} WARNING - No viable dags retrieved from /home/airflow/.local/lib/python3.9/site-packages/airflow/example_dags/subdags/subdag.py
[2022-10-16 00:03:14,239] {processor.py:161} INFO - Processing /home/airflow/.local/lib/python3.9/site-packages/airflow/example_dags/subdags/subdag.py took 0.090 seconds
[2022-10-16 00:03:45,305] {processor.py:153} INFO - Started process (PID=2680) to work on /home/airflow/.local/lib/python3.9/site-packages/airflow/example_dags/subdags/subdag.py
[2022-10-16 00:03:45,309] {processor.py:641} INFO - Processing file /home/airflow/.local/lib/python3.9/site-packages/airflow/example_dags/subdags/subdag.py for tasks to queue
[2022-10-16 00:03:45,314] {logging_mixin.py:115} INFO - [2022-10-16 00:03:45,314] {dagbag.py:507} INFO - Filling up the DagBag from /home/airflow/.local/lib/python3.9/site-packages/airflow/example_dags/subdags/subdag.py
[2022-10-16 00:03:45,326] {processor.py:653} WARNING - No viable dags retrieved from /home/airflow/.local/lib/python3.9/site-packages/airflow/example_dags/subdags/subdag.py
[2022-10-16 00:03:45,369] {processor.py:161} INFO - Processing /home/airflow/.local/lib/python3.9/site-packages/airflow/example_dags/subdags/subdag.py took 0.074 seconds
[2022-10-16 00:04:15,746] {processor.py:153} INFO - Started process (PID=2772) to work on /home/airflow/.local/lib/python3.9/site-packages/airflow/example_dags/subdags/subdag.py
[2022-10-16 00:04:15,748] {processor.py:641} INFO - Processing file /home/airflow/.local/lib/python3.9/site-packages/airflow/example_dags/subdags/subdag.py for tasks to queue
[2022-10-16 00:04:15,752] {logging_mixin.py:115} INFO - [2022-10-16 00:04:15,751] {dagbag.py:507} INFO - Filling up the DagBag from /home/airflow/.local/lib/python3.9/site-packages/airflow/example_dags/subdags/subdag.py
[2022-10-16 00:04:15,759] {processor.py:653} WARNING - No viable dags retrieved from /home/airflow/.local/lib/python3.9/site-packages/airflow/example_dags/subdags/subdag.py
[2022-10-16 00:04:15,820] {processor.py:161} INFO - Processing /home/airflow/.local/lib/python3.9/site-packages/airflow/example_dags/subdags/subdag.py took 0.083 seconds
[2022-10-16 00:04:46,018] {processor.py:153} INFO - Started process (PID=2856) to work on /home/airflow/.local/lib/python3.9/site-packages/airflow/example_dags/subdags/subdag.py
[2022-10-16 00:04:46,022] {processor.py:641} INFO - Processing file /home/airflow/.local/lib/python3.9/site-packages/airflow/example_dags/subdags/subdag.py for tasks to queue
[2022-10-16 00:04:46,028] {logging_mixin.py:115} INFO - [2022-10-16 00:04:46,027] {dagbag.py:507} INFO - Filling up the DagBag from /home/airflow/.local/lib/python3.9/site-packages/airflow/example_dags/subdags/subdag.py
[2022-10-16 00:04:46,035] {processor.py:653} WARNING - No viable dags retrieved from /home/airflow/.local/lib/python3.9/site-packages/airflow/example_dags/subdags/subdag.py
[2022-10-16 00:04:46,094] {processor.py:161} INFO - Processing /home/airflow/.local/lib/python3.9/site-packages/airflow/example_dags/subdags/subdag.py took 0.084 seconds
[2022-10-16 00:05:17,680] {processor.py:153} INFO - Started process (PID=2950) to work on /home/airflow/.local/lib/python3.9/site-packages/airflow/example_dags/subdags/subdag.py
[2022-10-16 00:05:17,683] {processor.py:641} INFO - Processing file /home/airflow/.local/lib/python3.9/site-packages/airflow/example_dags/subdags/subdag.py for tasks to queue
[2022-10-16 00:05:17,687] {logging_mixin.py:115} INFO - [2022-10-16 00:05:17,686] {dagbag.py:507} INFO - Filling up the DagBag from /home/airflow/.local/lib/python3.9/site-packages/airflow/example_dags/subdags/subdag.py
[2022-10-16 00:05:17,695] {processor.py:653} WARNING - No viable dags retrieved from /home/airflow/.local/lib/python3.9/site-packages/airflow/example_dags/subdags/subdag.py
[2022-10-16 00:05:17,764] {processor.py:161} INFO - Processing /home/airflow/.local/lib/python3.9/site-packages/airflow/example_dags/subdags/subdag.py took 0.103 seconds
[2022-10-16 00:05:49,055] {processor.py:153} INFO - Started process (PID=3036) to work on /home/airflow/.local/lib/python3.9/site-packages/airflow/example_dags/subdags/subdag.py
[2022-10-16 00:05:49,065] {processor.py:641} INFO - Processing file /home/airflow/.local/lib/python3.9/site-packages/airflow/example_dags/subdags/subdag.py for tasks to queue
[2022-10-16 00:05:49,071] {logging_mixin.py:115} INFO - [2022-10-16 00:05:49,071] {dagbag.py:507} INFO - Filling up the DagBag from /home/airflow/.local/lib/python3.9/site-packages/airflow/example_dags/subdags/subdag.py
[2022-10-16 00:05:49,082] {processor.py:653} WARNING - No viable dags retrieved from /home/airflow/.local/lib/python3.9/site-packages/airflow/example_dags/subdags/subdag.py
[2022-10-16 00:05:49,127] {processor.py:161} INFO - Processing /home/airflow/.local/lib/python3.9/site-packages/airflow/example_dags/subdags/subdag.py took 0.090 seconds
[2022-10-16 00:06:19,923] {processor.py:153} INFO - Started process (PID=3127) to work on /home/airflow/.local/lib/python3.9/site-packages/airflow/example_dags/subdags/subdag.py
[2022-10-16 00:06:19,932] {processor.py:641} INFO - Processing file /home/airflow/.local/lib/python3.9/site-packages/airflow/example_dags/subdags/subdag.py for tasks to queue
[2022-10-16 00:06:19,941] {logging_mixin.py:115} INFO - [2022-10-16 00:06:19,941] {dagbag.py:507} INFO - Filling up the DagBag from /home/airflow/.local/lib/python3.9/site-packages/airflow/example_dags/subdags/subdag.py
[2022-10-16 00:06:20,001] {processor.py:653} WARNING - No viable dags retrieved from /home/airflow/.local/lib/python3.9/site-packages/airflow/example_dags/subdags/subdag.py
[2022-10-16 00:06:20,099] {processor.py:161} INFO - Processing /home/airflow/.local/lib/python3.9/site-packages/airflow/example_dags/subdags/subdag.py took 0.182 seconds
[2022-10-16 00:06:51,259] {processor.py:153} INFO - Started process (PID=3212) to work on /home/airflow/.local/lib/python3.9/site-packages/airflow/example_dags/subdags/subdag.py
[2022-10-16 00:06:51,265] {processor.py:641} INFO - Processing file /home/airflow/.local/lib/python3.9/site-packages/airflow/example_dags/subdags/subdag.py for tasks to queue
[2022-10-16 00:06:51,268] {logging_mixin.py:115} INFO - [2022-10-16 00:06:51,268] {dagbag.py:507} INFO - Filling up the DagBag from /home/airflow/.local/lib/python3.9/site-packages/airflow/example_dags/subdags/subdag.py
[2022-10-16 00:06:51,283] {processor.py:653} WARNING - No viable dags retrieved from /home/airflow/.local/lib/python3.9/site-packages/airflow/example_dags/subdags/subdag.py
[2022-10-16 00:06:51,363] {processor.py:161} INFO - Processing /home/airflow/.local/lib/python3.9/site-packages/airflow/example_dags/subdags/subdag.py took 0.121 seconds
[2022-10-16 00:07:22,763] {processor.py:153} INFO - Started process (PID=3304) to work on /home/airflow/.local/lib/python3.9/site-packages/airflow/example_dags/subdags/subdag.py
[2022-10-16 00:07:22,772] {processor.py:641} INFO - Processing file /home/airflow/.local/lib/python3.9/site-packages/airflow/example_dags/subdags/subdag.py for tasks to queue
[2022-10-16 00:07:22,788] {logging_mixin.py:115} INFO - [2022-10-16 00:07:22,787] {dagbag.py:507} INFO - Filling up the DagBag from /home/airflow/.local/lib/python3.9/site-packages/airflow/example_dags/subdags/subdag.py
[2022-10-16 00:07:22,801] {processor.py:653} WARNING - No viable dags retrieved from /home/airflow/.local/lib/python3.9/site-packages/airflow/example_dags/subdags/subdag.py
[2022-10-16 00:07:22,871] {processor.py:161} INFO - Processing /home/airflow/.local/lib/python3.9/site-packages/airflow/example_dags/subdags/subdag.py took 0.118 seconds
[2022-10-16 00:07:53,225] {processor.py:153} INFO - Started process (PID=3389) to work on /home/airflow/.local/lib/python3.9/site-packages/airflow/example_dags/subdags/subdag.py
[2022-10-16 00:07:53,234] {processor.py:641} INFO - Processing file /home/airflow/.local/lib/python3.9/site-packages/airflow/example_dags/subdags/subdag.py for tasks to queue
[2022-10-16 00:07:53,238] {logging_mixin.py:115} INFO - [2022-10-16 00:07:53,238] {dagbag.py:507} INFO - Filling up the DagBag from /home/airflow/.local/lib/python3.9/site-packages/airflow/example_dags/subdags/subdag.py
[2022-10-16 00:07:53,257] {processor.py:653} WARNING - No viable dags retrieved from /home/airflow/.local/lib/python3.9/site-packages/airflow/example_dags/subdags/subdag.py
[2022-10-16 00:07:53,344] {processor.py:161} INFO - Processing /home/airflow/.local/lib/python3.9/site-packages/airflow/example_dags/subdags/subdag.py took 0.130 seconds
[2022-10-16 00:08:24,573] {processor.py:153} INFO - Started process (PID=3486) to work on /home/airflow/.local/lib/python3.9/site-packages/airflow/example_dags/subdags/subdag.py
[2022-10-16 00:08:24,579] {processor.py:641} INFO - Processing file /home/airflow/.local/lib/python3.9/site-packages/airflow/example_dags/subdags/subdag.py for tasks to queue
[2022-10-16 00:08:24,582] {logging_mixin.py:115} INFO - [2022-10-16 00:08:24,581] {dagbag.py:507} INFO - Filling up the DagBag from /home/airflow/.local/lib/python3.9/site-packages/airflow/example_dags/subdags/subdag.py
[2022-10-16 00:08:24,594] {processor.py:653} WARNING - No viable dags retrieved from /home/airflow/.local/lib/python3.9/site-packages/airflow/example_dags/subdags/subdag.py
[2022-10-16 00:08:24,660] {processor.py:161} INFO - Processing /home/airflow/.local/lib/python3.9/site-packages/airflow/example_dags/subdags/subdag.py took 0.099 seconds
[2022-10-16 00:08:55,119] {processor.py:153} INFO - Started process (PID=3567) to work on /home/airflow/.local/lib/python3.9/site-packages/airflow/example_dags/subdags/subdag.py
[2022-10-16 00:08:55,122] {processor.py:641} INFO - Processing file /home/airflow/.local/lib/python3.9/site-packages/airflow/example_dags/subdags/subdag.py for tasks to queue
[2022-10-16 00:08:55,126] {logging_mixin.py:115} INFO - [2022-10-16 00:08:55,125] {dagbag.py:507} INFO - Filling up the DagBag from /home/airflow/.local/lib/python3.9/site-packages/airflow/example_dags/subdags/subdag.py
[2022-10-16 00:08:55,133] {processor.py:653} WARNING - No viable dags retrieved from /home/airflow/.local/lib/python3.9/site-packages/airflow/example_dags/subdags/subdag.py
[2022-10-16 00:08:55,167] {processor.py:161} INFO - Processing /home/airflow/.local/lib/python3.9/site-packages/airflow/example_dags/subdags/subdag.py took 0.060 seconds
[2022-10-16 00:09:46,539] {processor.py:153} INFO - Started process (PID=3688) to work on /home/airflow/.local/lib/python3.9/site-packages/airflow/example_dags/subdags/subdag.py
[2022-10-16 00:09:46,544] {processor.py:641} INFO - Processing file /home/airflow/.local/lib/python3.9/site-packages/airflow/example_dags/subdags/subdag.py for tasks to queue
[2022-10-16 00:09:46,560] {logging_mixin.py:115} INFO - [2022-10-16 00:09:46,560] {dagbag.py:507} INFO - Filling up the DagBag from /home/airflow/.local/lib/python3.9/site-packages/airflow/example_dags/subdags/subdag.py
[2022-10-16 00:09:46,597] {processor.py:653} WARNING - No viable dags retrieved from /home/airflow/.local/lib/python3.9/site-packages/airflow/example_dags/subdags/subdag.py
[2022-10-16 00:09:46,811] {processor.py:161} INFO - Processing /home/airflow/.local/lib/python3.9/site-packages/airflow/example_dags/subdags/subdag.py took 0.340 seconds
[2022-10-16 00:10:31,144] {processor.py:153} INFO - Started process (PID=3781) to work on /home/airflow/.local/lib/python3.9/site-packages/airflow/example_dags/subdags/subdag.py
[2022-10-16 00:10:31,159] {processor.py:641} INFO - Processing file /home/airflow/.local/lib/python3.9/site-packages/airflow/example_dags/subdags/subdag.py for tasks to queue
[2022-10-16 00:10:31,184] {logging_mixin.py:115} INFO - [2022-10-16 00:10:31,183] {dagbag.py:507} INFO - Filling up the DagBag from /home/airflow/.local/lib/python3.9/site-packages/airflow/example_dags/subdags/subdag.py
[2022-10-16 00:10:31,216] {processor.py:653} WARNING - No viable dags retrieved from /home/airflow/.local/lib/python3.9/site-packages/airflow/example_dags/subdags/subdag.py
[2022-10-16 00:10:31,452] {processor.py:161} INFO - Processing /home/airflow/.local/lib/python3.9/site-packages/airflow/example_dags/subdags/subdag.py took 0.376 seconds
[2022-10-16 00:13:41,146] {processor.py:153} INFO - Started process (PID=3983) to work on /home/airflow/.local/lib/python3.9/site-packages/airflow/example_dags/subdags/subdag.py
[2022-10-16 00:13:41,172] {processor.py:641} INFO - Processing file /home/airflow/.local/lib/python3.9/site-packages/airflow/example_dags/subdags/subdag.py for tasks to queue
[2022-10-16 00:13:41,203] {logging_mixin.py:115} INFO - [2022-10-16 00:13:41,202] {dagbag.py:507} INFO - Filling up the DagBag from /home/airflow/.local/lib/python3.9/site-packages/airflow/example_dags/subdags/subdag.py
[2022-10-16 00:13:41,263] {processor.py:653} WARNING - No viable dags retrieved from /home/airflow/.local/lib/python3.9/site-packages/airflow/example_dags/subdags/subdag.py
[2022-10-16 00:13:42,065] {processor.py:161} INFO - Processing /home/airflow/.local/lib/python3.9/site-packages/airflow/example_dags/subdags/subdag.py took 1.111 seconds
[2022-10-16 02:03:24,701] {processor.py:153} INFO - Started process (PID=252) to work on /home/airflow/.local/lib/python3.9/site-packages/airflow/example_dags/subdags/subdag.py
[2022-10-16 02:03:24,718] {processor.py:641} INFO - Processing file /home/airflow/.local/lib/python3.9/site-packages/airflow/example_dags/subdags/subdag.py for tasks to queue
[2022-10-16 02:03:24,751] {logging_mixin.py:115} INFO - [2022-10-16 02:03:24,727] {dagbag.py:507} INFO - Filling up the DagBag from /home/airflow/.local/lib/python3.9/site-packages/airflow/example_dags/subdags/subdag.py
[2022-10-16 02:03:24,788] {processor.py:653} WARNING - No viable dags retrieved from /home/airflow/.local/lib/python3.9/site-packages/airflow/example_dags/subdags/subdag.py
[2022-10-16 02:03:24,992] {processor.py:161} INFO - Processing /home/airflow/.local/lib/python3.9/site-packages/airflow/example_dags/subdags/subdag.py took 0.331 seconds
[2022-10-16 02:04:17,295] {processor.py:153} INFO - Started process (PID=360) to work on /home/airflow/.local/lib/python3.9/site-packages/airflow/example_dags/subdags/subdag.py
[2022-10-16 02:04:17,308] {processor.py:641} INFO - Processing file /home/airflow/.local/lib/python3.9/site-packages/airflow/example_dags/subdags/subdag.py for tasks to queue
[2022-10-16 02:04:17,334] {logging_mixin.py:115} INFO - [2022-10-16 02:04:17,330] {dagbag.py:507} INFO - Filling up the DagBag from /home/airflow/.local/lib/python3.9/site-packages/airflow/example_dags/subdags/subdag.py
[2022-10-16 02:04:17,386] {processor.py:653} WARNING - No viable dags retrieved from /home/airflow/.local/lib/python3.9/site-packages/airflow/example_dags/subdags/subdag.py
[2022-10-16 02:04:17,669] {processor.py:161} INFO - Processing /home/airflow/.local/lib/python3.9/site-packages/airflow/example_dags/subdags/subdag.py took 0.459 seconds
[2022-10-16 03:14:33,397] {processor.py:153} INFO - Started process (PID=269) to work on /home/airflow/.local/lib/python3.9/site-packages/airflow/example_dags/subdags/subdag.py
[2022-10-16 03:14:33,412] {processor.py:641} INFO - Processing file /home/airflow/.local/lib/python3.9/site-packages/airflow/example_dags/subdags/subdag.py for tasks to queue
[2022-10-16 03:14:33,430] {logging_mixin.py:115} INFO - [2022-10-16 03:14:33,430] {dagbag.py:507} INFO - Filling up the DagBag from /home/airflow/.local/lib/python3.9/site-packages/airflow/example_dags/subdags/subdag.py
[2022-10-16 03:14:33,470] {processor.py:653} WARNING - No viable dags retrieved from /home/airflow/.local/lib/python3.9/site-packages/airflow/example_dags/subdags/subdag.py
[2022-10-16 03:14:33,564] {processor.py:161} INFO - Processing /home/airflow/.local/lib/python3.9/site-packages/airflow/example_dags/subdags/subdag.py took 0.208 seconds
[2022-10-16 03:31:33,890] {processor.py:153} INFO - Started process (PID=393) to work on /home/airflow/.local/lib/python3.9/site-packages/airflow/example_dags/subdags/subdag.py
[2022-10-16 03:31:33,900] {processor.py:641} INFO - Processing file /home/airflow/.local/lib/python3.9/site-packages/airflow/example_dags/subdags/subdag.py for tasks to queue
[2022-10-16 03:31:33,906] {logging_mixin.py:115} INFO - [2022-10-16 03:31:33,905] {dagbag.py:507} INFO - Filling up the DagBag from /home/airflow/.local/lib/python3.9/site-packages/airflow/example_dags/subdags/subdag.py
[2022-10-16 03:31:33,931] {processor.py:653} WARNING - No viable dags retrieved from /home/airflow/.local/lib/python3.9/site-packages/airflow/example_dags/subdags/subdag.py
[2022-10-16 03:31:34,119] {processor.py:161} INFO - Processing /home/airflow/.local/lib/python3.9/site-packages/airflow/example_dags/subdags/subdag.py took 0.262 seconds
[2022-10-16 03:48:00,809] {processor.py:153} INFO - Started process (PID=551) to work on /home/airflow/.local/lib/python3.9/site-packages/airflow/example_dags/subdags/subdag.py
[2022-10-16 03:48:00,817] {processor.py:641} INFO - Processing file /home/airflow/.local/lib/python3.9/site-packages/airflow/example_dags/subdags/subdag.py for tasks to queue
[2022-10-16 03:48:00,835] {logging_mixin.py:115} INFO - [2022-10-16 03:48:00,831] {dagbag.py:507} INFO - Filling up the DagBag from /home/airflow/.local/lib/python3.9/site-packages/airflow/example_dags/subdags/subdag.py
[2022-10-16 03:48:00,850] {processor.py:653} WARNING - No viable dags retrieved from /home/airflow/.local/lib/python3.9/site-packages/airflow/example_dags/subdags/subdag.py
[2022-10-16 03:48:00,979] {processor.py:161} INFO - Processing /home/airflow/.local/lib/python3.9/site-packages/airflow/example_dags/subdags/subdag.py took 0.208 seconds
[2022-10-16 04:04:31,842] {processor.py:153} INFO - Started process (PID=707) to work on /home/airflow/.local/lib/python3.9/site-packages/airflow/example_dags/subdags/subdag.py
[2022-10-16 04:04:31,846] {processor.py:641} INFO - Processing file /home/airflow/.local/lib/python3.9/site-packages/airflow/example_dags/subdags/subdag.py for tasks to queue
[2022-10-16 04:04:31,850] {logging_mixin.py:115} INFO - [2022-10-16 04:04:31,850] {dagbag.py:507} INFO - Filling up the DagBag from /home/airflow/.local/lib/python3.9/site-packages/airflow/example_dags/subdags/subdag.py
[2022-10-16 04:04:31,886] {processor.py:653} WARNING - No viable dags retrieved from /home/airflow/.local/lib/python3.9/site-packages/airflow/example_dags/subdags/subdag.py
[2022-10-16 04:04:32,063] {processor.py:161} INFO - Processing /home/airflow/.local/lib/python3.9/site-packages/airflow/example_dags/subdags/subdag.py took 0.259 seconds
[2022-10-16 04:07:44,036] {processor.py:153} INFO - Started process (PID=863) to work on /home/airflow/.local/lib/python3.9/site-packages/airflow/example_dags/subdags/subdag.py
[2022-10-16 04:07:44,061] {processor.py:641} INFO - Processing file /home/airflow/.local/lib/python3.9/site-packages/airflow/example_dags/subdags/subdag.py for tasks to queue
[2022-10-16 04:07:44,066] {logging_mixin.py:115} INFO - [2022-10-16 04:07:44,066] {dagbag.py:507} INFO - Filling up the DagBag from /home/airflow/.local/lib/python3.9/site-packages/airflow/example_dags/subdags/subdag.py
[2022-10-16 04:07:44,077] {processor.py:653} WARNING - No viable dags retrieved from /home/airflow/.local/lib/python3.9/site-packages/airflow/example_dags/subdags/subdag.py
[2022-10-16 04:07:44,208] {processor.py:161} INFO - Processing /home/airflow/.local/lib/python3.9/site-packages/airflow/example_dags/subdags/subdag.py took 0.201 seconds
[2022-10-16 04:09:29,911] {processor.py:153} INFO - Started process (PID=1020) to work on /home/airflow/.local/lib/python3.9/site-packages/airflow/example_dags/subdags/subdag.py
[2022-10-16 04:09:29,931] {processor.py:641} INFO - Processing file /home/airflow/.local/lib/python3.9/site-packages/airflow/example_dags/subdags/subdag.py for tasks to queue
[2022-10-16 04:09:29,935] {logging_mixin.py:115} INFO - [2022-10-16 04:09:29,934] {dagbag.py:507} INFO - Filling up the DagBag from /home/airflow/.local/lib/python3.9/site-packages/airflow/example_dags/subdags/subdag.py
[2022-10-16 04:09:29,947] {processor.py:653} WARNING - No viable dags retrieved from /home/airflow/.local/lib/python3.9/site-packages/airflow/example_dags/subdags/subdag.py
[2022-10-16 04:09:30,068] {processor.py:161} INFO - Processing /home/airflow/.local/lib/python3.9/site-packages/airflow/example_dags/subdags/subdag.py took 0.184 seconds
[2022-10-16 04:10:02,888] {processor.py:153} INFO - Started process (PID=1116) to work on /home/airflow/.local/lib/python3.9/site-packages/airflow/example_dags/subdags/subdag.py
[2022-10-16 04:10:02,893] {processor.py:641} INFO - Processing file /home/airflow/.local/lib/python3.9/site-packages/airflow/example_dags/subdags/subdag.py for tasks to queue
[2022-10-16 04:10:02,900] {logging_mixin.py:115} INFO - [2022-10-16 04:10:02,900] {dagbag.py:507} INFO - Filling up the DagBag from /home/airflow/.local/lib/python3.9/site-packages/airflow/example_dags/subdags/subdag.py
[2022-10-16 04:10:02,920] {processor.py:653} WARNING - No viable dags retrieved from /home/airflow/.local/lib/python3.9/site-packages/airflow/example_dags/subdags/subdag.py
[2022-10-16 04:10:03,040] {processor.py:161} INFO - Processing /home/airflow/.local/lib/python3.9/site-packages/airflow/example_dags/subdags/subdag.py took 0.177 seconds
[2022-10-16 04:10:34,404] {processor.py:153} INFO - Started process (PID=1202) to work on /home/airflow/.local/lib/python3.9/site-packages/airflow/example_dags/subdags/subdag.py
[2022-10-16 04:10:34,407] {processor.py:641} INFO - Processing file /home/airflow/.local/lib/python3.9/site-packages/airflow/example_dags/subdags/subdag.py for tasks to queue
[2022-10-16 04:10:34,418] {logging_mixin.py:115} INFO - [2022-10-16 04:10:34,411] {dagbag.py:507} INFO - Filling up the DagBag from /home/airflow/.local/lib/python3.9/site-packages/airflow/example_dags/subdags/subdag.py
[2022-10-16 04:10:34,432] {processor.py:653} WARNING - No viable dags retrieved from /home/airflow/.local/lib/python3.9/site-packages/airflow/example_dags/subdags/subdag.py
[2022-10-16 04:10:34,535] {processor.py:161} INFO - Processing /home/airflow/.local/lib/python3.9/site-packages/airflow/example_dags/subdags/subdag.py took 0.161 seconds
[2022-10-16 04:25:56,111] {processor.py:153} INFO - Started process (PID=1355) to work on /home/airflow/.local/lib/python3.9/site-packages/airflow/example_dags/subdags/subdag.py
[2022-10-16 04:25:56,114] {processor.py:641} INFO - Processing file /home/airflow/.local/lib/python3.9/site-packages/airflow/example_dags/subdags/subdag.py for tasks to queue
[2022-10-16 04:25:56,119] {logging_mixin.py:115} INFO - [2022-10-16 04:25:56,118] {dagbag.py:507} INFO - Filling up the DagBag from /home/airflow/.local/lib/python3.9/site-packages/airflow/example_dags/subdags/subdag.py
[2022-10-16 04:25:56,130] {processor.py:653} WARNING - No viable dags retrieved from /home/airflow/.local/lib/python3.9/site-packages/airflow/example_dags/subdags/subdag.py
[2022-10-16 04:25:56,232] {processor.py:161} INFO - Processing /home/airflow/.local/lib/python3.9/site-packages/airflow/example_dags/subdags/subdag.py took 0.143 seconds
[2022-10-16 04:26:29,837] {processor.py:153} INFO - Started process (PID=1451) to work on /home/airflow/.local/lib/python3.9/site-packages/airflow/example_dags/subdags/subdag.py
[2022-10-16 04:26:29,848] {processor.py:641} INFO - Processing file /home/airflow/.local/lib/python3.9/site-packages/airflow/example_dags/subdags/subdag.py for tasks to queue
[2022-10-16 04:26:29,866] {logging_mixin.py:115} INFO - [2022-10-16 04:26:29,865] {dagbag.py:507} INFO - Filling up the DagBag from /home/airflow/.local/lib/python3.9/site-packages/airflow/example_dags/subdags/subdag.py
[2022-10-16 04:26:29,910] {processor.py:653} WARNING - No viable dags retrieved from /home/airflow/.local/lib/python3.9/site-packages/airflow/example_dags/subdags/subdag.py
[2022-10-16 04:26:30,091] {processor.py:161} INFO - Processing /home/airflow/.local/lib/python3.9/site-packages/airflow/example_dags/subdags/subdag.py took 0.291 seconds
[2022-10-16 04:27:01,677] {processor.py:153} INFO - Started process (PID=1546) to work on /home/airflow/.local/lib/python3.9/site-packages/airflow/example_dags/subdags/subdag.py
[2022-10-16 04:27:01,685] {processor.py:641} INFO - Processing file /home/airflow/.local/lib/python3.9/site-packages/airflow/example_dags/subdags/subdag.py for tasks to queue
[2022-10-16 04:27:01,689] {logging_mixin.py:115} INFO - [2022-10-16 04:27:01,688] {dagbag.py:507} INFO - Filling up the DagBag from /home/airflow/.local/lib/python3.9/site-packages/airflow/example_dags/subdags/subdag.py
[2022-10-16 04:27:01,709] {processor.py:653} WARNING - No viable dags retrieved from /home/airflow/.local/lib/python3.9/site-packages/airflow/example_dags/subdags/subdag.py
[2022-10-16 04:27:01,830] {processor.py:161} INFO - Processing /home/airflow/.local/lib/python3.9/site-packages/airflow/example_dags/subdags/subdag.py took 0.180 seconds
[2022-10-16 04:27:32,066] {processor.py:153} INFO - Started process (PID=1630) to work on /home/airflow/.local/lib/python3.9/site-packages/airflow/example_dags/subdags/subdag.py
[2022-10-16 04:27:32,075] {processor.py:641} INFO - Processing file /home/airflow/.local/lib/python3.9/site-packages/airflow/example_dags/subdags/subdag.py for tasks to queue
[2022-10-16 04:27:32,082] {logging_mixin.py:115} INFO - [2022-10-16 04:27:32,082] {dagbag.py:507} INFO - Filling up the DagBag from /home/airflow/.local/lib/python3.9/site-packages/airflow/example_dags/subdags/subdag.py
[2022-10-16 04:27:32,109] {processor.py:653} WARNING - No viable dags retrieved from /home/airflow/.local/lib/python3.9/site-packages/airflow/example_dags/subdags/subdag.py
[2022-10-16 04:27:32,268] {processor.py:161} INFO - Processing /home/airflow/.local/lib/python3.9/site-packages/airflow/example_dags/subdags/subdag.py took 0.243 seconds
[2022-10-16 04:28:04,156] {processor.py:153} INFO - Started process (PID=1725) to work on /home/airflow/.local/lib/python3.9/site-packages/airflow/example_dags/subdags/subdag.py
[2022-10-16 04:28:04,159] {processor.py:641} INFO - Processing file /home/airflow/.local/lib/python3.9/site-packages/airflow/example_dags/subdags/subdag.py for tasks to queue
[2022-10-16 04:28:04,169] {logging_mixin.py:115} INFO - [2022-10-16 04:28:04,168] {dagbag.py:507} INFO - Filling up the DagBag from /home/airflow/.local/lib/python3.9/site-packages/airflow/example_dags/subdags/subdag.py
[2022-10-16 04:28:04,202] {processor.py:653} WARNING - No viable dags retrieved from /home/airflow/.local/lib/python3.9/site-packages/airflow/example_dags/subdags/subdag.py
[2022-10-16 04:28:04,316] {processor.py:161} INFO - Processing /home/airflow/.local/lib/python3.9/site-packages/airflow/example_dags/subdags/subdag.py took 0.214 seconds
[2022-10-16 04:28:36,031] {processor.py:153} INFO - Started process (PID=1807) to work on /home/airflow/.local/lib/python3.9/site-packages/airflow/example_dags/subdags/subdag.py
[2022-10-16 04:28:36,034] {processor.py:641} INFO - Processing file /home/airflow/.local/lib/python3.9/site-packages/airflow/example_dags/subdags/subdag.py for tasks to queue
[2022-10-16 04:28:36,037] {logging_mixin.py:115} INFO - [2022-10-16 04:28:36,037] {dagbag.py:507} INFO - Filling up the DagBag from /home/airflow/.local/lib/python3.9/site-packages/airflow/example_dags/subdags/subdag.py
[2022-10-16 04:28:36,057] {processor.py:653} WARNING - No viable dags retrieved from /home/airflow/.local/lib/python3.9/site-packages/airflow/example_dags/subdags/subdag.py
[2022-10-16 04:28:36,186] {processor.py:161} INFO - Processing /home/airflow/.local/lib/python3.9/site-packages/airflow/example_dags/subdags/subdag.py took 0.180 seconds
[2022-10-16 04:29:09,035] {processor.py:153} INFO - Started process (PID=1902) to work on /home/airflow/.local/lib/python3.9/site-packages/airflow/example_dags/subdags/subdag.py
[2022-10-16 04:29:09,048] {processor.py:641} INFO - Processing file /home/airflow/.local/lib/python3.9/site-packages/airflow/example_dags/subdags/subdag.py for tasks to queue
[2022-10-16 04:29:09,051] {logging_mixin.py:115} INFO - [2022-10-16 04:29:09,051] {dagbag.py:507} INFO - Filling up the DagBag from /home/airflow/.local/lib/python3.9/site-packages/airflow/example_dags/subdags/subdag.py
[2022-10-16 04:29:09,087] {processor.py:653} WARNING - No viable dags retrieved from /home/airflow/.local/lib/python3.9/site-packages/airflow/example_dags/subdags/subdag.py
[2022-10-16 04:29:09,222] {processor.py:161} INFO - Processing /home/airflow/.local/lib/python3.9/site-packages/airflow/example_dags/subdags/subdag.py took 0.220 seconds
[2022-10-16 04:29:40,076] {processor.py:153} INFO - Started process (PID=1982) to work on /home/airflow/.local/lib/python3.9/site-packages/airflow/example_dags/subdags/subdag.py
[2022-10-16 04:29:40,085] {processor.py:641} INFO - Processing file /home/airflow/.local/lib/python3.9/site-packages/airflow/example_dags/subdags/subdag.py for tasks to queue
[2022-10-16 04:29:40,089] {logging_mixin.py:115} INFO - [2022-10-16 04:29:40,089] {dagbag.py:507} INFO - Filling up the DagBag from /home/airflow/.local/lib/python3.9/site-packages/airflow/example_dags/subdags/subdag.py
[2022-10-16 04:29:40,104] {processor.py:653} WARNING - No viable dags retrieved from /home/airflow/.local/lib/python3.9/site-packages/airflow/example_dags/subdags/subdag.py
[2022-10-16 04:29:40,195] {processor.py:161} INFO - Processing /home/airflow/.local/lib/python3.9/site-packages/airflow/example_dags/subdags/subdag.py took 0.133 seconds
[2022-10-16 04:30:11,847] {processor.py:153} INFO - Started process (PID=2075) to work on /home/airflow/.local/lib/python3.9/site-packages/airflow/example_dags/subdags/subdag.py
[2022-10-16 04:30:11,854] {processor.py:641} INFO - Processing file /home/airflow/.local/lib/python3.9/site-packages/airflow/example_dags/subdags/subdag.py for tasks to queue
[2022-10-16 04:30:11,858] {logging_mixin.py:115} INFO - [2022-10-16 04:30:11,858] {dagbag.py:507} INFO - Filling up the DagBag from /home/airflow/.local/lib/python3.9/site-packages/airflow/example_dags/subdags/subdag.py
[2022-10-16 04:30:11,884] {processor.py:653} WARNING - No viable dags retrieved from /home/airflow/.local/lib/python3.9/site-packages/airflow/example_dags/subdags/subdag.py
[2022-10-16 04:30:12,028] {processor.py:161} INFO - Processing /home/airflow/.local/lib/python3.9/site-packages/airflow/example_dags/subdags/subdag.py took 0.215 seconds
[2022-10-16 04:30:44,616] {processor.py:153} INFO - Started process (PID=2168) to work on /home/airflow/.local/lib/python3.9/site-packages/airflow/example_dags/subdags/subdag.py
[2022-10-16 04:30:44,626] {processor.py:641} INFO - Processing file /home/airflow/.local/lib/python3.9/site-packages/airflow/example_dags/subdags/subdag.py for tasks to queue
[2022-10-16 04:30:44,631] {logging_mixin.py:115} INFO - [2022-10-16 04:30:44,631] {dagbag.py:507} INFO - Filling up the DagBag from /home/airflow/.local/lib/python3.9/site-packages/airflow/example_dags/subdags/subdag.py
[2022-10-16 04:30:44,649] {processor.py:653} WARNING - No viable dags retrieved from /home/airflow/.local/lib/python3.9/site-packages/airflow/example_dags/subdags/subdag.py
[2022-10-16 04:30:44,729] {processor.py:161} INFO - Processing /home/airflow/.local/lib/python3.9/site-packages/airflow/example_dags/subdags/subdag.py took 0.166 seconds
[2022-10-16 04:31:15,046] {processor.py:153} INFO - Started process (PID=2247) to work on /home/airflow/.local/lib/python3.9/site-packages/airflow/example_dags/subdags/subdag.py
[2022-10-16 04:31:15,052] {processor.py:641} INFO - Processing file /home/airflow/.local/lib/python3.9/site-packages/airflow/example_dags/subdags/subdag.py for tasks to queue
[2022-10-16 04:31:15,069] {logging_mixin.py:115} INFO - [2022-10-16 04:31:15,067] {dagbag.py:507} INFO - Filling up the DagBag from /home/airflow/.local/lib/python3.9/site-packages/airflow/example_dags/subdags/subdag.py
[2022-10-16 04:31:15,104] {processor.py:653} WARNING - No viable dags retrieved from /home/airflow/.local/lib/python3.9/site-packages/airflow/example_dags/subdags/subdag.py
[2022-10-16 04:31:15,250] {processor.py:161} INFO - Processing /home/airflow/.local/lib/python3.9/site-packages/airflow/example_dags/subdags/subdag.py took 0.258 seconds
[2022-10-16 04:31:45,948] {processor.py:153} INFO - Started process (PID=2338) to work on /home/airflow/.local/lib/python3.9/site-packages/airflow/example_dags/subdags/subdag.py
[2022-10-16 04:31:45,968] {processor.py:641} INFO - Processing file /home/airflow/.local/lib/python3.9/site-packages/airflow/example_dags/subdags/subdag.py for tasks to queue
[2022-10-16 04:31:45,972] {logging_mixin.py:115} INFO - [2022-10-16 04:31:45,972] {dagbag.py:507} INFO - Filling up the DagBag from /home/airflow/.local/lib/python3.9/site-packages/airflow/example_dags/subdags/subdag.py
[2022-10-16 04:31:45,999] {processor.py:653} WARNING - No viable dags retrieved from /home/airflow/.local/lib/python3.9/site-packages/airflow/example_dags/subdags/subdag.py
[2022-10-16 04:31:46,131] {processor.py:161} INFO - Processing /home/airflow/.local/lib/python3.9/site-packages/airflow/example_dags/subdags/subdag.py took 0.215 seconds
[2022-10-16 04:32:16,402] {processor.py:153} INFO - Started process (PID=2424) to work on /home/airflow/.local/lib/python3.9/site-packages/airflow/example_dags/subdags/subdag.py
[2022-10-16 04:32:16,421] {processor.py:641} INFO - Processing file /home/airflow/.local/lib/python3.9/site-packages/airflow/example_dags/subdags/subdag.py for tasks to queue
[2022-10-16 04:32:16,425] {logging_mixin.py:115} INFO - [2022-10-16 04:32:16,424] {dagbag.py:507} INFO - Filling up the DagBag from /home/airflow/.local/lib/python3.9/site-packages/airflow/example_dags/subdags/subdag.py
[2022-10-16 04:32:16,448] {processor.py:653} WARNING - No viable dags retrieved from /home/airflow/.local/lib/python3.9/site-packages/airflow/example_dags/subdags/subdag.py
[2022-10-16 04:32:16,565] {processor.py:161} INFO - Processing /home/airflow/.local/lib/python3.9/site-packages/airflow/example_dags/subdags/subdag.py took 0.176 seconds
[2022-10-16 04:32:53,517] {processor.py:153} INFO - Started process (PID=2516) to work on /home/airflow/.local/lib/python3.9/site-packages/airflow/example_dags/subdags/subdag.py
[2022-10-16 04:32:53,521] {processor.py:641} INFO - Processing file /home/airflow/.local/lib/python3.9/site-packages/airflow/example_dags/subdags/subdag.py for tasks to queue
[2022-10-16 04:32:53,525] {logging_mixin.py:115} INFO - [2022-10-16 04:32:53,525] {dagbag.py:507} INFO - Filling up the DagBag from /home/airflow/.local/lib/python3.9/site-packages/airflow/example_dags/subdags/subdag.py
[2022-10-16 04:32:53,536] {processor.py:653} WARNING - No viable dags retrieved from /home/airflow/.local/lib/python3.9/site-packages/airflow/example_dags/subdags/subdag.py
[2022-10-16 04:32:53,677] {processor.py:161} INFO - Processing /home/airflow/.local/lib/python3.9/site-packages/airflow/example_dags/subdags/subdag.py took 0.196 seconds
[2022-10-16 04:33:26,548] {processor.py:153} INFO - Started process (PID=2611) to work on /home/airflow/.local/lib/python3.9/site-packages/airflow/example_dags/subdags/subdag.py
[2022-10-16 04:33:26,557] {processor.py:641} INFO - Processing file /home/airflow/.local/lib/python3.9/site-packages/airflow/example_dags/subdags/subdag.py for tasks to queue
[2022-10-16 04:33:26,563] {logging_mixin.py:115} INFO - [2022-10-16 04:33:26,562] {dagbag.py:507} INFO - Filling up the DagBag from /home/airflow/.local/lib/python3.9/site-packages/airflow/example_dags/subdags/subdag.py
[2022-10-16 04:33:26,605] {processor.py:653} WARNING - No viable dags retrieved from /home/airflow/.local/lib/python3.9/site-packages/airflow/example_dags/subdags/subdag.py
[2022-10-16 04:33:26,794] {processor.py:161} INFO - Processing /home/airflow/.local/lib/python3.9/site-packages/airflow/example_dags/subdags/subdag.py took 0.308 seconds
[2022-10-16 04:33:58,255] {processor.py:153} INFO - Started process (PID=2693) to work on /home/airflow/.local/lib/python3.9/site-packages/airflow/example_dags/subdags/subdag.py
[2022-10-16 04:33:58,259] {processor.py:641} INFO - Processing file /home/airflow/.local/lib/python3.9/site-packages/airflow/example_dags/subdags/subdag.py for tasks to queue
[2022-10-16 04:33:58,269] {logging_mixin.py:115} INFO - [2022-10-16 04:33:58,269] {dagbag.py:507} INFO - Filling up the DagBag from /home/airflow/.local/lib/python3.9/site-packages/airflow/example_dags/subdags/subdag.py
[2022-10-16 04:33:58,288] {processor.py:653} WARNING - No viable dags retrieved from /home/airflow/.local/lib/python3.9/site-packages/airflow/example_dags/subdags/subdag.py
[2022-10-16 04:33:58,448] {processor.py:161} INFO - Processing /home/airflow/.local/lib/python3.9/site-packages/airflow/example_dags/subdags/subdag.py took 0.236 seconds
[2022-10-16 04:34:34,374] {processor.py:153} INFO - Started process (PID=2789) to work on /home/airflow/.local/lib/python3.9/site-packages/airflow/example_dags/subdags/subdag.py
[2022-10-16 04:34:34,392] {processor.py:641} INFO - Processing file /home/airflow/.local/lib/python3.9/site-packages/airflow/example_dags/subdags/subdag.py for tasks to queue
[2022-10-16 04:34:34,413] {logging_mixin.py:115} INFO - [2022-10-16 04:34:34,412] {dagbag.py:507} INFO - Filling up the DagBag from /home/airflow/.local/lib/python3.9/site-packages/airflow/example_dags/subdags/subdag.py
[2022-10-16 04:34:34,458] {processor.py:653} WARNING - No viable dags retrieved from /home/airflow/.local/lib/python3.9/site-packages/airflow/example_dags/subdags/subdag.py
[2022-10-16 04:34:34,659] {processor.py:161} INFO - Processing /home/airflow/.local/lib/python3.9/site-packages/airflow/example_dags/subdags/subdag.py took 0.387 seconds
[2022-10-16 04:35:08,808] {processor.py:153} INFO - Started process (PID=2882) to work on /home/airflow/.local/lib/python3.9/site-packages/airflow/example_dags/subdags/subdag.py
[2022-10-16 04:35:08,817] {processor.py:641} INFO - Processing file /home/airflow/.local/lib/python3.9/site-packages/airflow/example_dags/subdags/subdag.py for tasks to queue
[2022-10-16 04:35:08,825] {logging_mixin.py:115} INFO - [2022-10-16 04:35:08,824] {dagbag.py:507} INFO - Filling up the DagBag from /home/airflow/.local/lib/python3.9/site-packages/airflow/example_dags/subdags/subdag.py
[2022-10-16 04:35:08,844] {processor.py:653} WARNING - No viable dags retrieved from /home/airflow/.local/lib/python3.9/site-packages/airflow/example_dags/subdags/subdag.py
[2022-10-16 04:35:09,010] {processor.py:161} INFO - Processing /home/airflow/.local/lib/python3.9/site-packages/airflow/example_dags/subdags/subdag.py took 0.220 seconds
[2022-10-16 04:35:50,528] {processor.py:153} INFO - Started process (PID=2985) to work on /home/airflow/.local/lib/python3.9/site-packages/airflow/example_dags/subdags/subdag.py
[2022-10-16 04:35:50,537] {processor.py:641} INFO - Processing file /home/airflow/.local/lib/python3.9/site-packages/airflow/example_dags/subdags/subdag.py for tasks to queue
[2022-10-16 04:35:50,546] {logging_mixin.py:115} INFO - [2022-10-16 04:35:50,545] {dagbag.py:507} INFO - Filling up the DagBag from /home/airflow/.local/lib/python3.9/site-packages/airflow/example_dags/subdags/subdag.py
[2022-10-16 04:35:50,566] {processor.py:653} WARNING - No viable dags retrieved from /home/airflow/.local/lib/python3.9/site-packages/airflow/example_dags/subdags/subdag.py
[2022-10-16 04:35:50,706] {processor.py:161} INFO - Processing /home/airflow/.local/lib/python3.9/site-packages/airflow/example_dags/subdags/subdag.py took 0.237 seconds
[2022-10-16 04:36:24,396] {processor.py:153} INFO - Started process (PID=3079) to work on /home/airflow/.local/lib/python3.9/site-packages/airflow/example_dags/subdags/subdag.py
[2022-10-16 04:36:24,403] {processor.py:641} INFO - Processing file /home/airflow/.local/lib/python3.9/site-packages/airflow/example_dags/subdags/subdag.py for tasks to queue
[2022-10-16 04:36:24,425] {logging_mixin.py:115} INFO - [2022-10-16 04:36:24,422] {dagbag.py:507} INFO - Filling up the DagBag from /home/airflow/.local/lib/python3.9/site-packages/airflow/example_dags/subdags/subdag.py
[2022-10-16 04:36:24,440] {processor.py:653} WARNING - No viable dags retrieved from /home/airflow/.local/lib/python3.9/site-packages/airflow/example_dags/subdags/subdag.py
[2022-10-16 04:36:24,613] {processor.py:161} INFO - Processing /home/airflow/.local/lib/python3.9/site-packages/airflow/example_dags/subdags/subdag.py took 0.237 seconds
[2022-10-16 04:37:02,644] {processor.py:153} INFO - Started process (PID=3170) to work on /home/airflow/.local/lib/python3.9/site-packages/airflow/example_dags/subdags/subdag.py
[2022-10-16 04:37:02,647] {processor.py:641} INFO - Processing file /home/airflow/.local/lib/python3.9/site-packages/airflow/example_dags/subdags/subdag.py for tasks to queue
[2022-10-16 04:37:02,660] {logging_mixin.py:115} INFO - [2022-10-16 04:37:02,660] {dagbag.py:507} INFO - Filling up the DagBag from /home/airflow/.local/lib/python3.9/site-packages/airflow/example_dags/subdags/subdag.py
[2022-10-16 04:37:02,715] {processor.py:653} WARNING - No viable dags retrieved from /home/airflow/.local/lib/python3.9/site-packages/airflow/example_dags/subdags/subdag.py
[2022-10-16 04:37:02,894] {processor.py:161} INFO - Processing /home/airflow/.local/lib/python3.9/site-packages/airflow/example_dags/subdags/subdag.py took 0.301 seconds
[2022-10-16 04:37:36,055] {processor.py:153} INFO - Started process (PID=3255) to work on /home/airflow/.local/lib/python3.9/site-packages/airflow/example_dags/subdags/subdag.py
[2022-10-16 04:37:36,059] {processor.py:641} INFO - Processing file /home/airflow/.local/lib/python3.9/site-packages/airflow/example_dags/subdags/subdag.py for tasks to queue
[2022-10-16 04:37:36,063] {logging_mixin.py:115} INFO - [2022-10-16 04:37:36,063] {dagbag.py:507} INFO - Filling up the DagBag from /home/airflow/.local/lib/python3.9/site-packages/airflow/example_dags/subdags/subdag.py
[2022-10-16 04:37:36,071] {processor.py:653} WARNING - No viable dags retrieved from /home/airflow/.local/lib/python3.9/site-packages/airflow/example_dags/subdags/subdag.py
[2022-10-16 04:37:36,128] {processor.py:161} INFO - Processing /home/airflow/.local/lib/python3.9/site-packages/airflow/example_dags/subdags/subdag.py took 0.095 seconds
[2022-10-16 04:38:07,408] {processor.py:153} INFO - Started process (PID=3348) to work on /home/airflow/.local/lib/python3.9/site-packages/airflow/example_dags/subdags/subdag.py
[2022-10-16 04:38:07,412] {processor.py:641} INFO - Processing file /home/airflow/.local/lib/python3.9/site-packages/airflow/example_dags/subdags/subdag.py for tasks to queue
[2022-10-16 04:38:07,419] {logging_mixin.py:115} INFO - [2022-10-16 04:38:07,419] {dagbag.py:507} INFO - Filling up the DagBag from /home/airflow/.local/lib/python3.9/site-packages/airflow/example_dags/subdags/subdag.py
[2022-10-16 04:38:07,449] {processor.py:653} WARNING - No viable dags retrieved from /home/airflow/.local/lib/python3.9/site-packages/airflow/example_dags/subdags/subdag.py
[2022-10-16 04:38:07,635] {processor.py:161} INFO - Processing /home/airflow/.local/lib/python3.9/site-packages/airflow/example_dags/subdags/subdag.py took 0.285 seconds
[2022-10-16 04:38:39,069] {processor.py:153} INFO - Started process (PID=3433) to work on /home/airflow/.local/lib/python3.9/site-packages/airflow/example_dags/subdags/subdag.py
[2022-10-16 04:38:39,081] {processor.py:641} INFO - Processing file /home/airflow/.local/lib/python3.9/site-packages/airflow/example_dags/subdags/subdag.py for tasks to queue
[2022-10-16 04:38:39,087] {logging_mixin.py:115} INFO - [2022-10-16 04:38:39,087] {dagbag.py:507} INFO - Filling up the DagBag from /home/airflow/.local/lib/python3.9/site-packages/airflow/example_dags/subdags/subdag.py
[2022-10-16 04:38:39,121] {processor.py:653} WARNING - No viable dags retrieved from /home/airflow/.local/lib/python3.9/site-packages/airflow/example_dags/subdags/subdag.py
[2022-10-16 04:38:39,259] {processor.py:161} INFO - Processing /home/airflow/.local/lib/python3.9/site-packages/airflow/example_dags/subdags/subdag.py took 0.222 seconds
[2022-10-16 04:39:09,509] {processor.py:153} INFO - Started process (PID=3523) to work on /home/airflow/.local/lib/python3.9/site-packages/airflow/example_dags/subdags/subdag.py
[2022-10-16 04:39:09,512] {processor.py:641} INFO - Processing file /home/airflow/.local/lib/python3.9/site-packages/airflow/example_dags/subdags/subdag.py for tasks to queue
[2022-10-16 04:39:09,522] {logging_mixin.py:115} INFO - [2022-10-16 04:39:09,521] {dagbag.py:507} INFO - Filling up the DagBag from /home/airflow/.local/lib/python3.9/site-packages/airflow/example_dags/subdags/subdag.py
[2022-10-16 04:39:09,540] {processor.py:653} WARNING - No viable dags retrieved from /home/airflow/.local/lib/python3.9/site-packages/airflow/example_dags/subdags/subdag.py
[2022-10-16 04:39:09,658] {processor.py:161} INFO - Processing /home/airflow/.local/lib/python3.9/site-packages/airflow/example_dags/subdags/subdag.py took 0.174 seconds
[2022-10-16 04:39:40,151] {processor.py:153} INFO - Started process (PID=3606) to work on /home/airflow/.local/lib/python3.9/site-packages/airflow/example_dags/subdags/subdag.py
[2022-10-16 04:39:40,156] {processor.py:641} INFO - Processing file /home/airflow/.local/lib/python3.9/site-packages/airflow/example_dags/subdags/subdag.py for tasks to queue
[2022-10-16 04:39:40,167] {logging_mixin.py:115} INFO - [2022-10-16 04:39:40,166] {dagbag.py:507} INFO - Filling up the DagBag from /home/airflow/.local/lib/python3.9/site-packages/airflow/example_dags/subdags/subdag.py
[2022-10-16 04:39:40,188] {processor.py:653} WARNING - No viable dags retrieved from /home/airflow/.local/lib/python3.9/site-packages/airflow/example_dags/subdags/subdag.py
[2022-10-16 04:39:40,284] {processor.py:161} INFO - Processing /home/airflow/.local/lib/python3.9/site-packages/airflow/example_dags/subdags/subdag.py took 0.169 seconds
[2022-10-16 04:40:12,341] {processor.py:153} INFO - Started process (PID=3703) to work on /home/airflow/.local/lib/python3.9/site-packages/airflow/example_dags/subdags/subdag.py
[2022-10-16 04:40:12,350] {processor.py:641} INFO - Processing file /home/airflow/.local/lib/python3.9/site-packages/airflow/example_dags/subdags/subdag.py for tasks to queue
[2022-10-16 04:40:12,368] {logging_mixin.py:115} INFO - [2022-10-16 04:40:12,358] {dagbag.py:507} INFO - Filling up the DagBag from /home/airflow/.local/lib/python3.9/site-packages/airflow/example_dags/subdags/subdag.py
[2022-10-16 04:40:12,384] {processor.py:653} WARNING - No viable dags retrieved from /home/airflow/.local/lib/python3.9/site-packages/airflow/example_dags/subdags/subdag.py
[2022-10-16 04:40:12,504] {processor.py:161} INFO - Processing /home/airflow/.local/lib/python3.9/site-packages/airflow/example_dags/subdags/subdag.py took 0.200 seconds
[2022-10-16 04:40:46,241] {processor.py:153} INFO - Started process (PID=3797) to work on /home/airflow/.local/lib/python3.9/site-packages/airflow/example_dags/subdags/subdag.py
[2022-10-16 04:40:46,256] {processor.py:641} INFO - Processing file /home/airflow/.local/lib/python3.9/site-packages/airflow/example_dags/subdags/subdag.py for tasks to queue
[2022-10-16 04:40:46,264] {logging_mixin.py:115} INFO - [2022-10-16 04:40:46,263] {dagbag.py:507} INFO - Filling up the DagBag from /home/airflow/.local/lib/python3.9/site-packages/airflow/example_dags/subdags/subdag.py
[2022-10-16 04:40:46,284] {processor.py:653} WARNING - No viable dags retrieved from /home/airflow/.local/lib/python3.9/site-packages/airflow/example_dags/subdags/subdag.py
[2022-10-16 04:40:46,436] {processor.py:161} INFO - Processing /home/airflow/.local/lib/python3.9/site-packages/airflow/example_dags/subdags/subdag.py took 0.236 seconds
[2022-10-16 04:41:17,858] {processor.py:153} INFO - Started process (PID=3880) to work on /home/airflow/.local/lib/python3.9/site-packages/airflow/example_dags/subdags/subdag.py
[2022-10-16 04:41:17,862] {processor.py:641} INFO - Processing file /home/airflow/.local/lib/python3.9/site-packages/airflow/example_dags/subdags/subdag.py for tasks to queue
[2022-10-16 04:41:17,869] {logging_mixin.py:115} INFO - [2022-10-16 04:41:17,868] {dagbag.py:507} INFO - Filling up the DagBag from /home/airflow/.local/lib/python3.9/site-packages/airflow/example_dags/subdags/subdag.py
[2022-10-16 04:41:17,886] {processor.py:653} WARNING - No viable dags retrieved from /home/airflow/.local/lib/python3.9/site-packages/airflow/example_dags/subdags/subdag.py
[2022-10-16 04:41:17,968] {processor.py:161} INFO - Processing /home/airflow/.local/lib/python3.9/site-packages/airflow/example_dags/subdags/subdag.py took 0.134 seconds
[2022-10-16 04:41:48,848] {processor.py:153} INFO - Started process (PID=3976) to work on /home/airflow/.local/lib/python3.9/site-packages/airflow/example_dags/subdags/subdag.py
[2022-10-16 04:41:48,856] {processor.py:641} INFO - Processing file /home/airflow/.local/lib/python3.9/site-packages/airflow/example_dags/subdags/subdag.py for tasks to queue
[2022-10-16 04:41:48,860] {logging_mixin.py:115} INFO - [2022-10-16 04:41:48,860] {dagbag.py:507} INFO - Filling up the DagBag from /home/airflow/.local/lib/python3.9/site-packages/airflow/example_dags/subdags/subdag.py
[2022-10-16 04:41:48,869] {processor.py:653} WARNING - No viable dags retrieved from /home/airflow/.local/lib/python3.9/site-packages/airflow/example_dags/subdags/subdag.py
[2022-10-16 04:41:48,949] {processor.py:161} INFO - Processing /home/airflow/.local/lib/python3.9/site-packages/airflow/example_dags/subdags/subdag.py took 0.115 seconds
[2022-10-16 04:42:21,095] {processor.py:153} INFO - Started process (PID=4062) to work on /home/airflow/.local/lib/python3.9/site-packages/airflow/example_dags/subdags/subdag.py
[2022-10-16 04:42:21,104] {processor.py:641} INFO - Processing file /home/airflow/.local/lib/python3.9/site-packages/airflow/example_dags/subdags/subdag.py for tasks to queue
[2022-10-16 04:42:21,108] {logging_mixin.py:115} INFO - [2022-10-16 04:42:21,108] {dagbag.py:507} INFO - Filling up the DagBag from /home/airflow/.local/lib/python3.9/site-packages/airflow/example_dags/subdags/subdag.py
[2022-10-16 04:42:21,123] {processor.py:653} WARNING - No viable dags retrieved from /home/airflow/.local/lib/python3.9/site-packages/airflow/example_dags/subdags/subdag.py
[2022-10-16 04:42:21,246] {processor.py:161} INFO - Processing /home/airflow/.local/lib/python3.9/site-packages/airflow/example_dags/subdags/subdag.py took 0.188 seconds
[2022-10-16 04:42:52,465] {processor.py:153} INFO - Started process (PID=4154) to work on /home/airflow/.local/lib/python3.9/site-packages/airflow/example_dags/subdags/subdag.py
[2022-10-16 04:42:52,468] {processor.py:641} INFO - Processing file /home/airflow/.local/lib/python3.9/site-packages/airflow/example_dags/subdags/subdag.py for tasks to queue
[2022-10-16 04:42:52,472] {logging_mixin.py:115} INFO - [2022-10-16 04:42:52,471] {dagbag.py:507} INFO - Filling up the DagBag from /home/airflow/.local/lib/python3.9/site-packages/airflow/example_dags/subdags/subdag.py
[2022-10-16 04:42:52,484] {processor.py:653} WARNING - No viable dags retrieved from /home/airflow/.local/lib/python3.9/site-packages/airflow/example_dags/subdags/subdag.py
[2022-10-16 04:42:52,551] {processor.py:161} INFO - Processing /home/airflow/.local/lib/python3.9/site-packages/airflow/example_dags/subdags/subdag.py took 0.099 seconds
[2022-10-16 04:43:24,472] {processor.py:153} INFO - Started process (PID=4250) to work on /home/airflow/.local/lib/python3.9/site-packages/airflow/example_dags/subdags/subdag.py
[2022-10-16 04:43:24,475] {processor.py:641} INFO - Processing file /home/airflow/.local/lib/python3.9/site-packages/airflow/example_dags/subdags/subdag.py for tasks to queue
[2022-10-16 04:43:24,480] {logging_mixin.py:115} INFO - [2022-10-16 04:43:24,480] {dagbag.py:507} INFO - Filling up the DagBag from /home/airflow/.local/lib/python3.9/site-packages/airflow/example_dags/subdags/subdag.py
[2022-10-16 04:43:24,506] {processor.py:653} WARNING - No viable dags retrieved from /home/airflow/.local/lib/python3.9/site-packages/airflow/example_dags/subdags/subdag.py
[2022-10-16 04:43:24,584] {processor.py:161} INFO - Processing /home/airflow/.local/lib/python3.9/site-packages/airflow/example_dags/subdags/subdag.py took 0.139 seconds
[2022-10-16 04:43:55,391] {processor.py:153} INFO - Started process (PID=4337) to work on /home/airflow/.local/lib/python3.9/site-packages/airflow/example_dags/subdags/subdag.py
[2022-10-16 04:43:55,394] {processor.py:641} INFO - Processing file /home/airflow/.local/lib/python3.9/site-packages/airflow/example_dags/subdags/subdag.py for tasks to queue
[2022-10-16 04:43:55,405] {logging_mixin.py:115} INFO - [2022-10-16 04:43:55,404] {dagbag.py:507} INFO - Filling up the DagBag from /home/airflow/.local/lib/python3.9/site-packages/airflow/example_dags/subdags/subdag.py
[2022-10-16 04:43:55,419] {processor.py:653} WARNING - No viable dags retrieved from /home/airflow/.local/lib/python3.9/site-packages/airflow/example_dags/subdags/subdag.py
[2022-10-16 04:43:55,473] {processor.py:161} INFO - Processing /home/airflow/.local/lib/python3.9/site-packages/airflow/example_dags/subdags/subdag.py took 0.098 seconds
[2022-10-16 04:44:26,792] {processor.py:153} INFO - Started process (PID=4427) to work on /home/airflow/.local/lib/python3.9/site-packages/airflow/example_dags/subdags/subdag.py
[2022-10-16 04:44:26,795] {processor.py:641} INFO - Processing file /home/airflow/.local/lib/python3.9/site-packages/airflow/example_dags/subdags/subdag.py for tasks to queue
[2022-10-16 04:44:26,801] {logging_mixin.py:115} INFO - [2022-10-16 04:44:26,799] {dagbag.py:507} INFO - Filling up the DagBag from /home/airflow/.local/lib/python3.9/site-packages/airflow/example_dags/subdags/subdag.py
[2022-10-16 04:44:26,821] {processor.py:653} WARNING - No viable dags retrieved from /home/airflow/.local/lib/python3.9/site-packages/airflow/example_dags/subdags/subdag.py
[2022-10-16 04:44:26,905] {processor.py:161} INFO - Processing /home/airflow/.local/lib/python3.9/site-packages/airflow/example_dags/subdags/subdag.py took 0.136 seconds
[2022-10-16 04:44:57,782] {processor.py:153} INFO - Started process (PID=4514) to work on /home/airflow/.local/lib/python3.9/site-packages/airflow/example_dags/subdags/subdag.py
[2022-10-16 04:44:57,796] {processor.py:641} INFO - Processing file /home/airflow/.local/lib/python3.9/site-packages/airflow/example_dags/subdags/subdag.py for tasks to queue
[2022-10-16 04:44:57,801] {logging_mixin.py:115} INFO - [2022-10-16 04:44:57,800] {dagbag.py:507} INFO - Filling up the DagBag from /home/airflow/.local/lib/python3.9/site-packages/airflow/example_dags/subdags/subdag.py
[2022-10-16 04:44:57,810] {processor.py:653} WARNING - No viable dags retrieved from /home/airflow/.local/lib/python3.9/site-packages/airflow/example_dags/subdags/subdag.py
[2022-10-16 04:44:57,894] {processor.py:161} INFO - Processing /home/airflow/.local/lib/python3.9/site-packages/airflow/example_dags/subdags/subdag.py took 0.137 seconds
[2022-10-16 04:45:29,715] {processor.py:153} INFO - Started process (PID=4605) to work on /home/airflow/.local/lib/python3.9/site-packages/airflow/example_dags/subdags/subdag.py
[2022-10-16 04:45:29,729] {processor.py:641} INFO - Processing file /home/airflow/.local/lib/python3.9/site-packages/airflow/example_dags/subdags/subdag.py for tasks to queue
[2022-10-16 04:45:29,737] {logging_mixin.py:115} INFO - [2022-10-16 04:45:29,737] {dagbag.py:507} INFO - Filling up the DagBag from /home/airflow/.local/lib/python3.9/site-packages/airflow/example_dags/subdags/subdag.py
[2022-10-16 04:45:29,758] {processor.py:653} WARNING - No viable dags retrieved from /home/airflow/.local/lib/python3.9/site-packages/airflow/example_dags/subdags/subdag.py
[2022-10-16 04:45:29,837] {processor.py:161} INFO - Processing /home/airflow/.local/lib/python3.9/site-packages/airflow/example_dags/subdags/subdag.py took 0.144 seconds
[2022-10-16 04:46:01,452] {processor.py:153} INFO - Started process (PID=4701) to work on /home/airflow/.local/lib/python3.9/site-packages/airflow/example_dags/subdags/subdag.py
[2022-10-16 04:46:01,461] {processor.py:641} INFO - Processing file /home/airflow/.local/lib/python3.9/site-packages/airflow/example_dags/subdags/subdag.py for tasks to queue
[2022-10-16 04:46:01,473] {logging_mixin.py:115} INFO - [2022-10-16 04:46:01,473] {dagbag.py:507} INFO - Filling up the DagBag from /home/airflow/.local/lib/python3.9/site-packages/airflow/example_dags/subdags/subdag.py
[2022-10-16 04:46:01,480] {processor.py:653} WARNING - No viable dags retrieved from /home/airflow/.local/lib/python3.9/site-packages/airflow/example_dags/subdags/subdag.py
[2022-10-16 04:46:01,590] {processor.py:161} INFO - Processing /home/airflow/.local/lib/python3.9/site-packages/airflow/example_dags/subdags/subdag.py took 0.164 seconds
[2022-10-16 04:46:32,833] {processor.py:153} INFO - Started process (PID=4782) to work on /home/airflow/.local/lib/python3.9/site-packages/airflow/example_dags/subdags/subdag.py
[2022-10-16 04:46:32,839] {processor.py:641} INFO - Processing file /home/airflow/.local/lib/python3.9/site-packages/airflow/example_dags/subdags/subdag.py for tasks to queue
[2022-10-16 04:46:32,842] {logging_mixin.py:115} INFO - [2022-10-16 04:46:32,842] {dagbag.py:507} INFO - Filling up the DagBag from /home/airflow/.local/lib/python3.9/site-packages/airflow/example_dags/subdags/subdag.py
[2022-10-16 04:46:32,848] {processor.py:653} WARNING - No viable dags retrieved from /home/airflow/.local/lib/python3.9/site-packages/airflow/example_dags/subdags/subdag.py
[2022-10-16 04:46:32,936] {processor.py:161} INFO - Processing /home/airflow/.local/lib/python3.9/site-packages/airflow/example_dags/subdags/subdag.py took 0.122 seconds
[2022-10-16 04:47:03,877] {processor.py:153} INFO - Started process (PID=4877) to work on /home/airflow/.local/lib/python3.9/site-packages/airflow/example_dags/subdags/subdag.py
[2022-10-16 04:47:03,893] {processor.py:641} INFO - Processing file /home/airflow/.local/lib/python3.9/site-packages/airflow/example_dags/subdags/subdag.py for tasks to queue
[2022-10-16 04:47:03,900] {logging_mixin.py:115} INFO - [2022-10-16 04:47:03,899] {dagbag.py:507} INFO - Filling up the DagBag from /home/airflow/.local/lib/python3.9/site-packages/airflow/example_dags/subdags/subdag.py
[2022-10-16 04:47:03,926] {processor.py:653} WARNING - No viable dags retrieved from /home/airflow/.local/lib/python3.9/site-packages/airflow/example_dags/subdags/subdag.py
[2022-10-16 04:47:03,993] {processor.py:161} INFO - Processing /home/airflow/.local/lib/python3.9/site-packages/airflow/example_dags/subdags/subdag.py took 0.173 seconds
[2022-10-16 04:47:35,008] {processor.py:153} INFO - Started process (PID=4957) to work on /home/airflow/.local/lib/python3.9/site-packages/airflow/example_dags/subdags/subdag.py
[2022-10-16 04:47:35,015] {processor.py:641} INFO - Processing file /home/airflow/.local/lib/python3.9/site-packages/airflow/example_dags/subdags/subdag.py for tasks to queue
[2022-10-16 04:47:35,020] {logging_mixin.py:115} INFO - [2022-10-16 04:47:35,020] {dagbag.py:507} INFO - Filling up the DagBag from /home/airflow/.local/lib/python3.9/site-packages/airflow/example_dags/subdags/subdag.py
[2022-10-16 04:47:35,035] {processor.py:653} WARNING - No viable dags retrieved from /home/airflow/.local/lib/python3.9/site-packages/airflow/example_dags/subdags/subdag.py
[2022-10-16 04:47:35,135] {processor.py:161} INFO - Processing /home/airflow/.local/lib/python3.9/site-packages/airflow/example_dags/subdags/subdag.py took 0.147 seconds
[2022-10-16 04:48:06,595] {processor.py:153} INFO - Started process (PID=5053) to work on /home/airflow/.local/lib/python3.9/site-packages/airflow/example_dags/subdags/subdag.py
[2022-10-16 04:48:06,605] {processor.py:641} INFO - Processing file /home/airflow/.local/lib/python3.9/site-packages/airflow/example_dags/subdags/subdag.py for tasks to queue
[2022-10-16 04:48:06,620] {logging_mixin.py:115} INFO - [2022-10-16 04:48:06,617] {dagbag.py:507} INFO - Filling up the DagBag from /home/airflow/.local/lib/python3.9/site-packages/airflow/example_dags/subdags/subdag.py
[2022-10-16 04:48:06,643] {processor.py:653} WARNING - No viable dags retrieved from /home/airflow/.local/lib/python3.9/site-packages/airflow/example_dags/subdags/subdag.py
[2022-10-16 04:48:06,761] {processor.py:161} INFO - Processing /home/airflow/.local/lib/python3.9/site-packages/airflow/example_dags/subdags/subdag.py took 0.215 seconds
[2022-10-16 04:48:37,916] {processor.py:153} INFO - Started process (PID=5138) to work on /home/airflow/.local/lib/python3.9/site-packages/airflow/example_dags/subdags/subdag.py
[2022-10-16 04:48:37,921] {processor.py:641} INFO - Processing file /home/airflow/.local/lib/python3.9/site-packages/airflow/example_dags/subdags/subdag.py for tasks to queue
[2022-10-16 04:48:37,931] {logging_mixin.py:115} INFO - [2022-10-16 04:48:37,930] {dagbag.py:507} INFO - Filling up the DagBag from /home/airflow/.local/lib/python3.9/site-packages/airflow/example_dags/subdags/subdag.py
[2022-10-16 04:48:37,955] {processor.py:653} WARNING - No viable dags retrieved from /home/airflow/.local/lib/python3.9/site-packages/airflow/example_dags/subdags/subdag.py
[2022-10-16 04:48:38,059] {processor.py:161} INFO - Processing /home/airflow/.local/lib/python3.9/site-packages/airflow/example_dags/subdags/subdag.py took 0.191 seconds
[2022-10-16 04:49:09,303] {processor.py:153} INFO - Started process (PID=5232) to work on /home/airflow/.local/lib/python3.9/site-packages/airflow/example_dags/subdags/subdag.py
[2022-10-16 04:49:09,308] {processor.py:641} INFO - Processing file /home/airflow/.local/lib/python3.9/site-packages/airflow/example_dags/subdags/subdag.py for tasks to queue
[2022-10-16 04:49:09,319] {logging_mixin.py:115} INFO - [2022-10-16 04:49:09,317] {dagbag.py:507} INFO - Filling up the DagBag from /home/airflow/.local/lib/python3.9/site-packages/airflow/example_dags/subdags/subdag.py
[2022-10-16 04:49:09,347] {processor.py:653} WARNING - No viable dags retrieved from /home/airflow/.local/lib/python3.9/site-packages/airflow/example_dags/subdags/subdag.py
[2022-10-16 04:49:09,423] {processor.py:161} INFO - Processing /home/airflow/.local/lib/python3.9/site-packages/airflow/example_dags/subdags/subdag.py took 0.148 seconds
[2022-10-16 04:49:39,825] {processor.py:153} INFO - Started process (PID=5315) to work on /home/airflow/.local/lib/python3.9/site-packages/airflow/example_dags/subdags/subdag.py
[2022-10-16 04:49:39,828] {processor.py:641} INFO - Processing file /home/airflow/.local/lib/python3.9/site-packages/airflow/example_dags/subdags/subdag.py for tasks to queue
[2022-10-16 04:49:39,832] {logging_mixin.py:115} INFO - [2022-10-16 04:49:39,831] {dagbag.py:507} INFO - Filling up the DagBag from /home/airflow/.local/lib/python3.9/site-packages/airflow/example_dags/subdags/subdag.py
[2022-10-16 04:49:39,842] {processor.py:653} WARNING - No viable dags retrieved from /home/airflow/.local/lib/python3.9/site-packages/airflow/example_dags/subdags/subdag.py
[2022-10-16 04:49:39,912] {processor.py:161} INFO - Processing /home/airflow/.local/lib/python3.9/site-packages/airflow/example_dags/subdags/subdag.py took 0.118 seconds
[2022-10-16 04:50:10,758] {processor.py:153} INFO - Started process (PID=5407) to work on /home/airflow/.local/lib/python3.9/site-packages/airflow/example_dags/subdags/subdag.py
[2022-10-16 04:50:10,774] {processor.py:641} INFO - Processing file /home/airflow/.local/lib/python3.9/site-packages/airflow/example_dags/subdags/subdag.py for tasks to queue
[2022-10-16 04:50:10,778] {logging_mixin.py:115} INFO - [2022-10-16 04:50:10,778] {dagbag.py:507} INFO - Filling up the DagBag from /home/airflow/.local/lib/python3.9/site-packages/airflow/example_dags/subdags/subdag.py
[2022-10-16 04:50:10,791] {processor.py:653} WARNING - No viable dags retrieved from /home/airflow/.local/lib/python3.9/site-packages/airflow/example_dags/subdags/subdag.py
[2022-10-16 04:50:10,945] {processor.py:161} INFO - Processing /home/airflow/.local/lib/python3.9/site-packages/airflow/example_dags/subdags/subdag.py took 0.215 seconds
[2022-10-16 04:50:41,371] {processor.py:153} INFO - Started process (PID=5491) to work on /home/airflow/.local/lib/python3.9/site-packages/airflow/example_dags/subdags/subdag.py
[2022-10-16 04:50:41,388] {processor.py:641} INFO - Processing file /home/airflow/.local/lib/python3.9/site-packages/airflow/example_dags/subdags/subdag.py for tasks to queue
[2022-10-16 04:50:41,394] {logging_mixin.py:115} INFO - [2022-10-16 04:50:41,394] {dagbag.py:507} INFO - Filling up the DagBag from /home/airflow/.local/lib/python3.9/site-packages/airflow/example_dags/subdags/subdag.py
[2022-10-16 04:50:41,423] {processor.py:653} WARNING - No viable dags retrieved from /home/airflow/.local/lib/python3.9/site-packages/airflow/example_dags/subdags/subdag.py
[2022-10-16 04:50:41,554] {processor.py:161} INFO - Processing /home/airflow/.local/lib/python3.9/site-packages/airflow/example_dags/subdags/subdag.py took 0.222 seconds
[2022-10-16 04:51:12,362] {processor.py:153} INFO - Started process (PID=5582) to work on /home/airflow/.local/lib/python3.9/site-packages/airflow/example_dags/subdags/subdag.py
[2022-10-16 04:51:12,369] {processor.py:641} INFO - Processing file /home/airflow/.local/lib/python3.9/site-packages/airflow/example_dags/subdags/subdag.py for tasks to queue
[2022-10-16 04:51:12,374] {logging_mixin.py:115} INFO - [2022-10-16 04:51:12,374] {dagbag.py:507} INFO - Filling up the DagBag from /home/airflow/.local/lib/python3.9/site-packages/airflow/example_dags/subdags/subdag.py
[2022-10-16 04:51:12,381] {processor.py:653} WARNING - No viable dags retrieved from /home/airflow/.local/lib/python3.9/site-packages/airflow/example_dags/subdags/subdag.py
[2022-10-16 04:51:12,436] {processor.py:161} INFO - Processing /home/airflow/.local/lib/python3.9/site-packages/airflow/example_dags/subdags/subdag.py took 0.083 seconds
[2022-10-16 04:51:44,072] {processor.py:153} INFO - Started process (PID=5678) to work on /home/airflow/.local/lib/python3.9/site-packages/airflow/example_dags/subdags/subdag.py
[2022-10-16 04:51:44,084] {processor.py:641} INFO - Processing file /home/airflow/.local/lib/python3.9/site-packages/airflow/example_dags/subdags/subdag.py for tasks to queue
[2022-10-16 04:51:44,087] {logging_mixin.py:115} INFO - [2022-10-16 04:51:44,087] {dagbag.py:507} INFO - Filling up the DagBag from /home/airflow/.local/lib/python3.9/site-packages/airflow/example_dags/subdags/subdag.py
[2022-10-16 04:51:44,097] {processor.py:653} WARNING - No viable dags retrieved from /home/airflow/.local/lib/python3.9/site-packages/airflow/example_dags/subdags/subdag.py
[2022-10-16 04:51:44,197] {processor.py:161} INFO - Processing /home/airflow/.local/lib/python3.9/site-packages/airflow/example_dags/subdags/subdag.py took 0.150 seconds
[2022-10-16 04:52:15,537] {processor.py:153} INFO - Started process (PID=5764) to work on /home/airflow/.local/lib/python3.9/site-packages/airflow/example_dags/subdags/subdag.py
[2022-10-16 04:52:15,545] {processor.py:641} INFO - Processing file /home/airflow/.local/lib/python3.9/site-packages/airflow/example_dags/subdags/subdag.py for tasks to queue
[2022-10-16 04:52:15,550] {logging_mixin.py:115} INFO - [2022-10-16 04:52:15,550] {dagbag.py:507} INFO - Filling up the DagBag from /home/airflow/.local/lib/python3.9/site-packages/airflow/example_dags/subdags/subdag.py
[2022-10-16 04:52:15,563] {processor.py:653} WARNING - No viable dags retrieved from /home/airflow/.local/lib/python3.9/site-packages/airflow/example_dags/subdags/subdag.py
[2022-10-16 04:52:15,636] {processor.py:161} INFO - Processing /home/airflow/.local/lib/python3.9/site-packages/airflow/example_dags/subdags/subdag.py took 0.108 seconds
[2022-10-16 04:52:47,228] {processor.py:153} INFO - Started process (PID=5856) to work on /home/airflow/.local/lib/python3.9/site-packages/airflow/example_dags/subdags/subdag.py
[2022-10-16 04:52:47,232] {processor.py:641} INFO - Processing file /home/airflow/.local/lib/python3.9/site-packages/airflow/example_dags/subdags/subdag.py for tasks to queue
[2022-10-16 04:52:47,241] {logging_mixin.py:115} INFO - [2022-10-16 04:52:47,241] {dagbag.py:507} INFO - Filling up the DagBag from /home/airflow/.local/lib/python3.9/site-packages/airflow/example_dags/subdags/subdag.py
[2022-10-16 04:52:47,253] {processor.py:653} WARNING - No viable dags retrieved from /home/airflow/.local/lib/python3.9/site-packages/airflow/example_dags/subdags/subdag.py
[2022-10-16 04:52:47,348] {processor.py:161} INFO - Processing /home/airflow/.local/lib/python3.9/site-packages/airflow/example_dags/subdags/subdag.py took 0.153 seconds
[2022-10-16 04:53:17,979] {processor.py:153} INFO - Started process (PID=5941) to work on /home/airflow/.local/lib/python3.9/site-packages/airflow/example_dags/subdags/subdag.py
[2022-10-16 04:53:17,986] {processor.py:641} INFO - Processing file /home/airflow/.local/lib/python3.9/site-packages/airflow/example_dags/subdags/subdag.py for tasks to queue
[2022-10-16 04:53:17,994] {logging_mixin.py:115} INFO - [2022-10-16 04:53:17,989] {dagbag.py:507} INFO - Filling up the DagBag from /home/airflow/.local/lib/python3.9/site-packages/airflow/example_dags/subdags/subdag.py
[2022-10-16 04:53:18,004] {processor.py:653} WARNING - No viable dags retrieved from /home/airflow/.local/lib/python3.9/site-packages/airflow/example_dags/subdags/subdag.py
[2022-10-16 04:53:18,075] {processor.py:161} INFO - Processing /home/airflow/.local/lib/python3.9/site-packages/airflow/example_dags/subdags/subdag.py took 0.114 seconds
[2022-10-16 04:53:48,868] {processor.py:153} INFO - Started process (PID=6030) to work on /home/airflow/.local/lib/python3.9/site-packages/airflow/example_dags/subdags/subdag.py
[2022-10-16 04:53:48,873] {processor.py:641} INFO - Processing file /home/airflow/.local/lib/python3.9/site-packages/airflow/example_dags/subdags/subdag.py for tasks to queue
[2022-10-16 04:53:48,879] {logging_mixin.py:115} INFO - [2022-10-16 04:53:48,878] {dagbag.py:507} INFO - Filling up the DagBag from /home/airflow/.local/lib/python3.9/site-packages/airflow/example_dags/subdags/subdag.py
[2022-10-16 04:53:48,890] {processor.py:653} WARNING - No viable dags retrieved from /home/airflow/.local/lib/python3.9/site-packages/airflow/example_dags/subdags/subdag.py
[2022-10-16 04:53:48,958] {processor.py:161} INFO - Processing /home/airflow/.local/lib/python3.9/site-packages/airflow/example_dags/subdags/subdag.py took 0.106 seconds
[2022-10-16 04:54:19,891] {processor.py:153} INFO - Started process (PID=6116) to work on /home/airflow/.local/lib/python3.9/site-packages/airflow/example_dags/subdags/subdag.py
[2022-10-16 04:54:19,896] {processor.py:641} INFO - Processing file /home/airflow/.local/lib/python3.9/site-packages/airflow/example_dags/subdags/subdag.py for tasks to queue
[2022-10-16 04:54:19,900] {logging_mixin.py:115} INFO - [2022-10-16 04:54:19,899] {dagbag.py:507} INFO - Filling up the DagBag from /home/airflow/.local/lib/python3.9/site-packages/airflow/example_dags/subdags/subdag.py
[2022-10-16 04:54:19,905] {processor.py:653} WARNING - No viable dags retrieved from /home/airflow/.local/lib/python3.9/site-packages/airflow/example_dags/subdags/subdag.py
[2022-10-16 04:54:19,959] {processor.py:161} INFO - Processing /home/airflow/.local/lib/python3.9/site-packages/airflow/example_dags/subdags/subdag.py took 0.087 seconds
[2022-10-16 04:54:50,121] {processor.py:153} INFO - Started process (PID=6206) to work on /home/airflow/.local/lib/python3.9/site-packages/airflow/example_dags/subdags/subdag.py
[2022-10-16 04:54:50,130] {processor.py:641} INFO - Processing file /home/airflow/.local/lib/python3.9/site-packages/airflow/example_dags/subdags/subdag.py for tasks to queue
[2022-10-16 04:54:50,145] {logging_mixin.py:115} INFO - [2022-10-16 04:54:50,141] {dagbag.py:507} INFO - Filling up the DagBag from /home/airflow/.local/lib/python3.9/site-packages/airflow/example_dags/subdags/subdag.py
[2022-10-16 04:54:50,165] {processor.py:653} WARNING - No viable dags retrieved from /home/airflow/.local/lib/python3.9/site-packages/airflow/example_dags/subdags/subdag.py
[2022-10-16 04:54:50,254] {processor.py:161} INFO - Processing /home/airflow/.local/lib/python3.9/site-packages/airflow/example_dags/subdags/subdag.py took 0.171 seconds
[2022-10-16 04:55:20,419] {processor.py:153} INFO - Started process (PID=6289) to work on /home/airflow/.local/lib/python3.9/site-packages/airflow/example_dags/subdags/subdag.py
[2022-10-16 04:55:20,426] {processor.py:641} INFO - Processing file /home/airflow/.local/lib/python3.9/site-packages/airflow/example_dags/subdags/subdag.py for tasks to queue
[2022-10-16 04:55:20,431] {logging_mixin.py:115} INFO - [2022-10-16 04:55:20,430] {dagbag.py:507} INFO - Filling up the DagBag from /home/airflow/.local/lib/python3.9/site-packages/airflow/example_dags/subdags/subdag.py
[2022-10-16 04:55:20,437] {processor.py:653} WARNING - No viable dags retrieved from /home/airflow/.local/lib/python3.9/site-packages/airflow/example_dags/subdags/subdag.py
[2022-10-16 04:55:20,511] {processor.py:161} INFO - Processing /home/airflow/.local/lib/python3.9/site-packages/airflow/example_dags/subdags/subdag.py took 0.110 seconds
[2022-10-16 04:55:52,217] {processor.py:153} INFO - Started process (PID=6380) to work on /home/airflow/.local/lib/python3.9/site-packages/airflow/example_dags/subdags/subdag.py
[2022-10-16 04:55:52,230] {processor.py:641} INFO - Processing file /home/airflow/.local/lib/python3.9/site-packages/airflow/example_dags/subdags/subdag.py for tasks to queue
[2022-10-16 04:55:52,239] {logging_mixin.py:115} INFO - [2022-10-16 04:55:52,239] {dagbag.py:507} INFO - Filling up the DagBag from /home/airflow/.local/lib/python3.9/site-packages/airflow/example_dags/subdags/subdag.py
[2022-10-16 04:55:52,265] {processor.py:653} WARNING - No viable dags retrieved from /home/airflow/.local/lib/python3.9/site-packages/airflow/example_dags/subdags/subdag.py
[2022-10-16 04:55:52,405] {processor.py:161} INFO - Processing /home/airflow/.local/lib/python3.9/site-packages/airflow/example_dags/subdags/subdag.py took 0.209 seconds
[2022-10-16 04:56:23,519] {processor.py:153} INFO - Started process (PID=6475) to work on /home/airflow/.local/lib/python3.9/site-packages/airflow/example_dags/subdags/subdag.py
[2022-10-16 04:56:23,526] {processor.py:641} INFO - Processing file /home/airflow/.local/lib/python3.9/site-packages/airflow/example_dags/subdags/subdag.py for tasks to queue
[2022-10-16 04:56:23,530] {logging_mixin.py:115} INFO - [2022-10-16 04:56:23,530] {dagbag.py:507} INFO - Filling up the DagBag from /home/airflow/.local/lib/python3.9/site-packages/airflow/example_dags/subdags/subdag.py
[2022-10-16 04:56:23,537] {processor.py:653} WARNING - No viable dags retrieved from /home/airflow/.local/lib/python3.9/site-packages/airflow/example_dags/subdags/subdag.py
[2022-10-16 04:56:23,622] {processor.py:161} INFO - Processing /home/airflow/.local/lib/python3.9/site-packages/airflow/example_dags/subdags/subdag.py took 0.132 seconds
[2022-10-16 04:56:54,958] {processor.py:153} INFO - Started process (PID=6557) to work on /home/airflow/.local/lib/python3.9/site-packages/airflow/example_dags/subdags/subdag.py
[2022-10-16 04:56:54,981] {processor.py:641} INFO - Processing file /home/airflow/.local/lib/python3.9/site-packages/airflow/example_dags/subdags/subdag.py for tasks to queue
[2022-10-16 04:56:54,995] {logging_mixin.py:115} INFO - [2022-10-16 04:56:54,994] {dagbag.py:507} INFO - Filling up the DagBag from /home/airflow/.local/lib/python3.9/site-packages/airflow/example_dags/subdags/subdag.py
[2022-10-16 04:56:55,007] {processor.py:653} WARNING - No viable dags retrieved from /home/airflow/.local/lib/python3.9/site-packages/airflow/example_dags/subdags/subdag.py
[2022-10-16 04:56:55,132] {processor.py:161} INFO - Processing /home/airflow/.local/lib/python3.9/site-packages/airflow/example_dags/subdags/subdag.py took 0.201 seconds
[2022-10-16 04:57:26,729] {processor.py:153} INFO - Started process (PID=6653) to work on /home/airflow/.local/lib/python3.9/site-packages/airflow/example_dags/subdags/subdag.py
[2022-10-16 04:57:26,738] {processor.py:641} INFO - Processing file /home/airflow/.local/lib/python3.9/site-packages/airflow/example_dags/subdags/subdag.py for tasks to queue
[2022-10-16 04:57:26,744] {logging_mixin.py:115} INFO - [2022-10-16 04:57:26,743] {dagbag.py:507} INFO - Filling up the DagBag from /home/airflow/.local/lib/python3.9/site-packages/airflow/example_dags/subdags/subdag.py
[2022-10-16 04:57:26,754] {processor.py:653} WARNING - No viable dags retrieved from /home/airflow/.local/lib/python3.9/site-packages/airflow/example_dags/subdags/subdag.py
[2022-10-16 04:57:26,888] {processor.py:161} INFO - Processing /home/airflow/.local/lib/python3.9/site-packages/airflow/example_dags/subdags/subdag.py took 0.186 seconds
[2022-10-16 04:57:58,962] {processor.py:153} INFO - Started process (PID=6737) to work on /home/airflow/.local/lib/python3.9/site-packages/airflow/example_dags/subdags/subdag.py
[2022-10-16 04:57:58,979] {processor.py:641} INFO - Processing file /home/airflow/.local/lib/python3.9/site-packages/airflow/example_dags/subdags/subdag.py for tasks to queue
[2022-10-16 04:57:58,984] {logging_mixin.py:115} INFO - [2022-10-16 04:57:58,983] {dagbag.py:507} INFO - Filling up the DagBag from /home/airflow/.local/lib/python3.9/site-packages/airflow/example_dags/subdags/subdag.py
[2022-10-16 04:57:58,999] {processor.py:653} WARNING - No viable dags retrieved from /home/airflow/.local/lib/python3.9/site-packages/airflow/example_dags/subdags/subdag.py
[2022-10-16 04:57:59,120] {processor.py:161} INFO - Processing /home/airflow/.local/lib/python3.9/site-packages/airflow/example_dags/subdags/subdag.py took 0.176 seconds
[2022-10-16 04:58:29,587] {processor.py:153} INFO - Started process (PID=6831) to work on /home/airflow/.local/lib/python3.9/site-packages/airflow/example_dags/subdags/subdag.py
[2022-10-16 04:58:29,591] {processor.py:641} INFO - Processing file /home/airflow/.local/lib/python3.9/site-packages/airflow/example_dags/subdags/subdag.py for tasks to queue
[2022-10-16 04:58:29,598] {logging_mixin.py:115} INFO - [2022-10-16 04:58:29,595] {dagbag.py:507} INFO - Filling up the DagBag from /home/airflow/.local/lib/python3.9/site-packages/airflow/example_dags/subdags/subdag.py
[2022-10-16 04:58:29,624] {processor.py:653} WARNING - No viable dags retrieved from /home/airflow/.local/lib/python3.9/site-packages/airflow/example_dags/subdags/subdag.py
[2022-10-16 04:58:29,687] {processor.py:161} INFO - Processing /home/airflow/.local/lib/python3.9/site-packages/airflow/example_dags/subdags/subdag.py took 0.123 seconds
[2022-10-16 04:59:00,031] {processor.py:153} INFO - Started process (PID=6915) to work on /home/airflow/.local/lib/python3.9/site-packages/airflow/example_dags/subdags/subdag.py
[2022-10-16 04:59:00,039] {processor.py:641} INFO - Processing file /home/airflow/.local/lib/python3.9/site-packages/airflow/example_dags/subdags/subdag.py for tasks to queue
[2022-10-16 04:59:00,045] {logging_mixin.py:115} INFO - [2022-10-16 04:59:00,044] {dagbag.py:507} INFO - Filling up the DagBag from /home/airflow/.local/lib/python3.9/site-packages/airflow/example_dags/subdags/subdag.py
[2022-10-16 04:59:00,057] {processor.py:653} WARNING - No viable dags retrieved from /home/airflow/.local/lib/python3.9/site-packages/airflow/example_dags/subdags/subdag.py
[2022-10-16 04:59:00,144] {processor.py:161} INFO - Processing /home/airflow/.local/lib/python3.9/site-packages/airflow/example_dags/subdags/subdag.py took 0.132 seconds
[2022-10-16 04:59:31,344] {processor.py:153} INFO - Started process (PID=7004) to work on /home/airflow/.local/lib/python3.9/site-packages/airflow/example_dags/subdags/subdag.py
[2022-10-16 04:59:31,349] {processor.py:641} INFO - Processing file /home/airflow/.local/lib/python3.9/site-packages/airflow/example_dags/subdags/subdag.py for tasks to queue
[2022-10-16 04:59:31,355] {logging_mixin.py:115} INFO - [2022-10-16 04:59:31,354] {dagbag.py:507} INFO - Filling up the DagBag from /home/airflow/.local/lib/python3.9/site-packages/airflow/example_dags/subdags/subdag.py
[2022-10-16 04:59:31,369] {processor.py:653} WARNING - No viable dags retrieved from /home/airflow/.local/lib/python3.9/site-packages/airflow/example_dags/subdags/subdag.py
[2022-10-16 04:59:31,445] {processor.py:161} INFO - Processing /home/airflow/.local/lib/python3.9/site-packages/airflow/example_dags/subdags/subdag.py took 0.120 seconds
