[2022-10-15 23:49:27,852] {processor.py:153} INFO - Started process (PID=325) to work on /home/airflow/.local/lib/python3.9/site-packages/airflow/example_dags/example_time_delta_sensor_async.py
[2022-10-15 23:49:27,855] {processor.py:641} INFO - Processing file /home/airflow/.local/lib/python3.9/site-packages/airflow/example_dags/example_time_delta_sensor_async.py for tasks to queue
[2022-10-15 23:49:27,864] {logging_mixin.py:115} INFO - [2022-10-15 23:49:27,864] {dagbag.py:507} INFO - Filling up the DagBag from /home/airflow/.local/lib/python3.9/site-packages/airflow/example_dags/example_time_delta_sensor_async.py
[2022-10-15 23:49:28,009] {processor.py:651} INFO - DAG(s) dict_keys(['example_time_delta_sensor_async']) retrieved from /home/airflow/.local/lib/python3.9/site-packages/airflow/example_dags/example_time_delta_sensor_async.py
[2022-10-15 23:49:29,829] {logging_mixin.py:115} INFO - [2022-10-15 23:49:29,828] {manager.py:508} INFO - Created Permission View: can delete on DAG:example_time_delta_sensor_async
[2022-10-15 23:49:29,966] {logging_mixin.py:115} INFO - [2022-10-15 23:49:29,966] {manager.py:508} INFO - Created Permission View: can edit on DAG:example_time_delta_sensor_async
[2022-10-15 23:49:30,038] {logging_mixin.py:115} INFO - [2022-10-15 23:49:30,038] {manager.py:508} INFO - Created Permission View: can read on DAG:example_time_delta_sensor_async
[2022-10-15 23:49:30,042] {logging_mixin.py:115} INFO - [2022-10-15 23:49:30,041] {dag.py:2379} INFO - Sync 1 DAGs
[2022-10-15 23:49:30,149] {logging_mixin.py:115} INFO - [2022-10-15 23:49:30,146] {dag.py:2398} INFO - Creating ORM DAG for example_time_delta_sensor_async
[2022-10-15 23:49:30,957] {logging_mixin.py:115} INFO - [2022-10-15 23:49:30,956] {dag.py:2927} INFO - Setting next_dagrun for example_time_delta_sensor_async to None, run_after=None
[2022-10-15 23:49:31,102] {processor.py:161} INFO - Processing /home/airflow/.local/lib/python3.9/site-packages/airflow/example_dags/example_time_delta_sensor_async.py took 3.277 seconds
[2022-10-15 23:50:06,162] {processor.py:153} INFO - Started process (PID=422) to work on /home/airflow/.local/lib/python3.9/site-packages/airflow/example_dags/example_time_delta_sensor_async.py
[2022-10-15 23:50:06,201] {processor.py:641} INFO - Processing file /home/airflow/.local/lib/python3.9/site-packages/airflow/example_dags/example_time_delta_sensor_async.py for tasks to queue
[2022-10-15 23:50:06,211] {logging_mixin.py:115} INFO - [2022-10-15 23:50:06,210] {dagbag.py:507} INFO - Filling up the DagBag from /home/airflow/.local/lib/python3.9/site-packages/airflow/example_dags/example_time_delta_sensor_async.py
[2022-10-15 23:50:06,386] {processor.py:651} INFO - DAG(s) dict_keys(['example_time_delta_sensor_async']) retrieved from /home/airflow/.local/lib/python3.9/site-packages/airflow/example_dags/example_time_delta_sensor_async.py
[2022-10-15 23:50:07,107] {logging_mixin.py:115} INFO - [2022-10-15 23:50:07,106] {dag.py:2379} INFO - Sync 1 DAGs
[2022-10-15 23:50:07,496] {logging_mixin.py:115} INFO - [2022-10-15 23:50:07,495] {dag.py:2927} INFO - Setting next_dagrun for example_time_delta_sensor_async to None, run_after=None
[2022-10-15 23:50:07,764] {processor.py:161} INFO - Processing /home/airflow/.local/lib/python3.9/site-packages/airflow/example_dags/example_time_delta_sensor_async.py took 1.616 seconds
[2022-10-15 23:50:40,924] {processor.py:153} INFO - Started process (PID=518) to work on /home/airflow/.local/lib/python3.9/site-packages/airflow/example_dags/example_time_delta_sensor_async.py
[2022-10-15 23:50:40,942] {processor.py:641} INFO - Processing file /home/airflow/.local/lib/python3.9/site-packages/airflow/example_dags/example_time_delta_sensor_async.py for tasks to queue
[2022-10-15 23:50:40,955] {logging_mixin.py:115} INFO - [2022-10-15 23:50:40,954] {dagbag.py:507} INFO - Filling up the DagBag from /home/airflow/.local/lib/python3.9/site-packages/airflow/example_dags/example_time_delta_sensor_async.py
[2022-10-15 23:50:41,055] {processor.py:651} INFO - DAG(s) dict_keys(['example_time_delta_sensor_async']) retrieved from /home/airflow/.local/lib/python3.9/site-packages/airflow/example_dags/example_time_delta_sensor_async.py
[2022-10-15 23:50:41,931] {logging_mixin.py:115} INFO - [2022-10-15 23:50:41,925] {dag.py:2379} INFO - Sync 1 DAGs
[2022-10-15 23:50:42,397] {logging_mixin.py:115} INFO - [2022-10-15 23:50:42,397] {dag.py:2927} INFO - Setting next_dagrun for example_time_delta_sensor_async to None, run_after=None
[2022-10-15 23:50:42,571] {processor.py:161} INFO - Processing /home/airflow/.local/lib/python3.9/site-packages/airflow/example_dags/example_time_delta_sensor_async.py took 1.679 seconds
[2022-10-15 23:51:16,399] {processor.py:153} INFO - Started process (PID=614) to work on /home/airflow/.local/lib/python3.9/site-packages/airflow/example_dags/example_time_delta_sensor_async.py
[2022-10-15 23:51:16,414] {processor.py:641} INFO - Processing file /home/airflow/.local/lib/python3.9/site-packages/airflow/example_dags/example_time_delta_sensor_async.py for tasks to queue
[2022-10-15 23:51:16,424] {logging_mixin.py:115} INFO - [2022-10-15 23:51:16,423] {dagbag.py:507} INFO - Filling up the DagBag from /home/airflow/.local/lib/python3.9/site-packages/airflow/example_dags/example_time_delta_sensor_async.py
[2022-10-15 23:51:16,565] {processor.py:651} INFO - DAG(s) dict_keys(['example_time_delta_sensor_async']) retrieved from /home/airflow/.local/lib/python3.9/site-packages/airflow/example_dags/example_time_delta_sensor_async.py
[2022-10-15 23:51:17,719] {logging_mixin.py:115} INFO - [2022-10-15 23:51:17,719] {dag.py:2379} INFO - Sync 1 DAGs
[2022-10-15 23:51:18,465] {logging_mixin.py:115} INFO - [2022-10-15 23:51:18,450] {dag.py:2927} INFO - Setting next_dagrun for example_time_delta_sensor_async to None, run_after=None
[2022-10-15 23:51:18,857] {processor.py:161} INFO - Processing /home/airflow/.local/lib/python3.9/site-packages/airflow/example_dags/example_time_delta_sensor_async.py took 2.504 seconds
[2022-10-15 23:51:56,900] {processor.py:153} INFO - Started process (PID=708) to work on /home/airflow/.local/lib/python3.9/site-packages/airflow/example_dags/example_time_delta_sensor_async.py
[2022-10-15 23:51:56,906] {processor.py:641} INFO - Processing file /home/airflow/.local/lib/python3.9/site-packages/airflow/example_dags/example_time_delta_sensor_async.py for tasks to queue
[2022-10-15 23:51:56,915] {logging_mixin.py:115} INFO - [2022-10-15 23:51:56,915] {dagbag.py:507} INFO - Filling up the DagBag from /home/airflow/.local/lib/python3.9/site-packages/airflow/example_dags/example_time_delta_sensor_async.py
[2022-10-15 23:51:57,078] {processor.py:651} INFO - DAG(s) dict_keys(['example_time_delta_sensor_async']) retrieved from /home/airflow/.local/lib/python3.9/site-packages/airflow/example_dags/example_time_delta_sensor_async.py
[2022-10-15 23:52:00,461] {logging_mixin.py:115} INFO - [2022-10-15 23:52:00,430] {dag.py:2379} INFO - Sync 1 DAGs
[2022-10-15 23:52:01,698] {logging_mixin.py:115} INFO - [2022-10-15 23:52:01,697] {dag.py:2927} INFO - Setting next_dagrun for example_time_delta_sensor_async to None, run_after=None
[2022-10-15 23:52:02,148] {processor.py:161} INFO - Processing /home/airflow/.local/lib/python3.9/site-packages/airflow/example_dags/example_time_delta_sensor_async.py took 5.297 seconds
[2022-10-15 23:52:41,325] {processor.py:153} INFO - Started process (PID=802) to work on /home/airflow/.local/lib/python3.9/site-packages/airflow/example_dags/example_time_delta_sensor_async.py
[2022-10-15 23:52:41,339] {processor.py:641} INFO - Processing file /home/airflow/.local/lib/python3.9/site-packages/airflow/example_dags/example_time_delta_sensor_async.py for tasks to queue
[2022-10-15 23:52:41,350] {logging_mixin.py:115} INFO - [2022-10-15 23:52:41,349] {dagbag.py:507} INFO - Filling up the DagBag from /home/airflow/.local/lib/python3.9/site-packages/airflow/example_dags/example_time_delta_sensor_async.py
[2022-10-15 23:52:41,576] {processor.py:651} INFO - DAG(s) dict_keys(['example_time_delta_sensor_async']) retrieved from /home/airflow/.local/lib/python3.9/site-packages/airflow/example_dags/example_time_delta_sensor_async.py
[2022-10-15 23:52:42,771] {logging_mixin.py:115} INFO - [2022-10-15 23:52:42,771] {dag.py:2379} INFO - Sync 1 DAGs
[2022-10-15 23:52:43,388] {logging_mixin.py:115} INFO - [2022-10-15 23:52:43,387] {dag.py:2927} INFO - Setting next_dagrun for example_time_delta_sensor_async to None, run_after=None
[2022-10-15 23:52:43,760] {processor.py:161} INFO - Processing /home/airflow/.local/lib/python3.9/site-packages/airflow/example_dags/example_time_delta_sensor_async.py took 2.478 seconds
[2022-10-15 23:53:23,988] {processor.py:153} INFO - Started process (PID=897) to work on /home/airflow/.local/lib/python3.9/site-packages/airflow/example_dags/example_time_delta_sensor_async.py
[2022-10-15 23:53:24,004] {processor.py:641} INFO - Processing file /home/airflow/.local/lib/python3.9/site-packages/airflow/example_dags/example_time_delta_sensor_async.py for tasks to queue
[2022-10-15 23:53:24,016] {logging_mixin.py:115} INFO - [2022-10-15 23:53:24,015] {dagbag.py:507} INFO - Filling up the DagBag from /home/airflow/.local/lib/python3.9/site-packages/airflow/example_dags/example_time_delta_sensor_async.py
[2022-10-15 23:53:24,181] {processor.py:651} INFO - DAG(s) dict_keys(['example_time_delta_sensor_async']) retrieved from /home/airflow/.local/lib/python3.9/site-packages/airflow/example_dags/example_time_delta_sensor_async.py
[2022-10-15 23:53:25,055] {logging_mixin.py:115} INFO - [2022-10-15 23:53:25,055] {dag.py:2379} INFO - Sync 1 DAGs
[2022-10-15 23:53:25,476] {logging_mixin.py:115} INFO - [2022-10-15 23:53:25,475] {dag.py:2927} INFO - Setting next_dagrun for example_time_delta_sensor_async to None, run_after=None
[2022-10-15 23:53:25,748] {processor.py:161} INFO - Processing /home/airflow/.local/lib/python3.9/site-packages/airflow/example_dags/example_time_delta_sensor_async.py took 1.832 seconds
[2022-10-15 23:54:00,049] {processor.py:153} INFO - Started process (PID=993) to work on /home/airflow/.local/lib/python3.9/site-packages/airflow/example_dags/example_time_delta_sensor_async.py
[2022-10-15 23:54:00,065] {processor.py:641} INFO - Processing file /home/airflow/.local/lib/python3.9/site-packages/airflow/example_dags/example_time_delta_sensor_async.py for tasks to queue
[2022-10-15 23:54:00,080] {logging_mixin.py:115} INFO - [2022-10-15 23:54:00,079] {dagbag.py:507} INFO - Filling up the DagBag from /home/airflow/.local/lib/python3.9/site-packages/airflow/example_dags/example_time_delta_sensor_async.py
[2022-10-15 23:54:00,217] {processor.py:651} INFO - DAG(s) dict_keys(['example_time_delta_sensor_async']) retrieved from /home/airflow/.local/lib/python3.9/site-packages/airflow/example_dags/example_time_delta_sensor_async.py
[2022-10-15 23:54:01,294] {logging_mixin.py:115} INFO - [2022-10-15 23:54:01,294] {dag.py:2379} INFO - Sync 1 DAGs
[2022-10-15 23:54:01,984] {logging_mixin.py:115} INFO - [2022-10-15 23:54:01,983] {dag.py:2927} INFO - Setting next_dagrun for example_time_delta_sensor_async to None, run_after=None
[2022-10-15 23:54:02,253] {processor.py:161} INFO - Processing /home/airflow/.local/lib/python3.9/site-packages/airflow/example_dags/example_time_delta_sensor_async.py took 2.252 seconds
[2022-10-15 23:54:38,495] {processor.py:153} INFO - Started process (PID=1092) to work on /home/airflow/.local/lib/python3.9/site-packages/airflow/example_dags/example_time_delta_sensor_async.py
[2022-10-15 23:54:38,511] {processor.py:641} INFO - Processing file /home/airflow/.local/lib/python3.9/site-packages/airflow/example_dags/example_time_delta_sensor_async.py for tasks to queue
[2022-10-15 23:54:38,550] {logging_mixin.py:115} INFO - [2022-10-15 23:54:38,526] {dagbag.py:507} INFO - Filling up the DagBag from /home/airflow/.local/lib/python3.9/site-packages/airflow/example_dags/example_time_delta_sensor_async.py
[2022-10-15 23:54:38,660] {processor.py:651} INFO - DAG(s) dict_keys(['example_time_delta_sensor_async']) retrieved from /home/airflow/.local/lib/python3.9/site-packages/airflow/example_dags/example_time_delta_sensor_async.py
[2022-10-15 23:54:39,892] {logging_mixin.py:115} INFO - [2022-10-15 23:54:39,891] {dag.py:2379} INFO - Sync 1 DAGs
[2022-10-15 23:54:40,515] {logging_mixin.py:115} INFO - [2022-10-15 23:54:40,515] {dag.py:2927} INFO - Setting next_dagrun for example_time_delta_sensor_async to None, run_after=None
[2022-10-15 23:54:40,744] {processor.py:161} INFO - Processing /home/airflow/.local/lib/python3.9/site-packages/airflow/example_dags/example_time_delta_sensor_async.py took 2.290 seconds
[2022-10-15 23:55:11,319] {processor.py:153} INFO - Started process (PID=1182) to work on /home/airflow/.local/lib/python3.9/site-packages/airflow/example_dags/example_time_delta_sensor_async.py
[2022-10-15 23:55:11,324] {processor.py:641} INFO - Processing file /home/airflow/.local/lib/python3.9/site-packages/airflow/example_dags/example_time_delta_sensor_async.py for tasks to queue
[2022-10-15 23:55:11,336] {logging_mixin.py:115} INFO - [2022-10-15 23:55:11,336] {dagbag.py:507} INFO - Filling up the DagBag from /home/airflow/.local/lib/python3.9/site-packages/airflow/example_dags/example_time_delta_sensor_async.py
[2022-10-15 23:55:11,432] {processor.py:651} INFO - DAG(s) dict_keys(['example_time_delta_sensor_async']) retrieved from /home/airflow/.local/lib/python3.9/site-packages/airflow/example_dags/example_time_delta_sensor_async.py
[2022-10-15 23:55:12,153] {logging_mixin.py:115} INFO - [2022-10-15 23:55:12,152] {dag.py:2379} INFO - Sync 1 DAGs
[2022-10-15 23:55:12,412] {logging_mixin.py:115} INFO - [2022-10-15 23:55:12,412] {dag.py:2927} INFO - Setting next_dagrun for example_time_delta_sensor_async to None, run_after=None
[2022-10-15 23:55:12,503] {processor.py:161} INFO - Processing /home/airflow/.local/lib/python3.9/site-packages/airflow/example_dags/example_time_delta_sensor_async.py took 1.247 seconds
[2022-10-15 23:55:42,889] {processor.py:153} INFO - Started process (PID=1278) to work on /home/airflow/.local/lib/python3.9/site-packages/airflow/example_dags/example_time_delta_sensor_async.py
[2022-10-15 23:55:42,898] {processor.py:641} INFO - Processing file /home/airflow/.local/lib/python3.9/site-packages/airflow/example_dags/example_time_delta_sensor_async.py for tasks to queue
[2022-10-15 23:55:42,905] {logging_mixin.py:115} INFO - [2022-10-15 23:55:42,905] {dagbag.py:507} INFO - Filling up the DagBag from /home/airflow/.local/lib/python3.9/site-packages/airflow/example_dags/example_time_delta_sensor_async.py
[2022-10-15 23:55:42,949] {processor.py:651} INFO - DAG(s) dict_keys(['example_time_delta_sensor_async']) retrieved from /home/airflow/.local/lib/python3.9/site-packages/airflow/example_dags/example_time_delta_sensor_async.py
[2022-10-15 23:55:43,511] {logging_mixin.py:115} INFO - [2022-10-15 23:55:43,511] {dag.py:2379} INFO - Sync 1 DAGs
[2022-10-15 23:55:43,711] {logging_mixin.py:115} INFO - [2022-10-15 23:55:43,710] {dag.py:2927} INFO - Setting next_dagrun for example_time_delta_sensor_async to None, run_after=None
[2022-10-15 23:55:43,811] {processor.py:161} INFO - Processing /home/airflow/.local/lib/python3.9/site-packages/airflow/example_dags/example_time_delta_sensor_async.py took 0.932 seconds
[2022-10-15 23:56:14,280] {processor.py:153} INFO - Started process (PID=1363) to work on /home/airflow/.local/lib/python3.9/site-packages/airflow/example_dags/example_time_delta_sensor_async.py
[2022-10-15 23:56:14,283] {processor.py:641} INFO - Processing file /home/airflow/.local/lib/python3.9/site-packages/airflow/example_dags/example_time_delta_sensor_async.py for tasks to queue
[2022-10-15 23:56:14,287] {logging_mixin.py:115} INFO - [2022-10-15 23:56:14,286] {dagbag.py:507} INFO - Filling up the DagBag from /home/airflow/.local/lib/python3.9/site-packages/airflow/example_dags/example_time_delta_sensor_async.py
[2022-10-15 23:56:14,306] {processor.py:651} INFO - DAG(s) dict_keys(['example_time_delta_sensor_async']) retrieved from /home/airflow/.local/lib/python3.9/site-packages/airflow/example_dags/example_time_delta_sensor_async.py
[2022-10-15 23:56:14,471] {logging_mixin.py:115} INFO - [2022-10-15 23:56:14,470] {dag.py:2379} INFO - Sync 1 DAGs
[2022-10-15 23:56:14,556] {logging_mixin.py:115} INFO - [2022-10-15 23:56:14,555] {dag.py:2927} INFO - Setting next_dagrun for example_time_delta_sensor_async to None, run_after=None
[2022-10-15 23:56:14,590] {processor.py:161} INFO - Processing /home/airflow/.local/lib/python3.9/site-packages/airflow/example_dags/example_time_delta_sensor_async.py took 0.322 seconds
[2022-10-15 23:56:45,448] {processor.py:153} INFO - Started process (PID=1461) to work on /home/airflow/.local/lib/python3.9/site-packages/airflow/example_dags/example_time_delta_sensor_async.py
[2022-10-15 23:56:45,451] {processor.py:641} INFO - Processing file /home/airflow/.local/lib/python3.9/site-packages/airflow/example_dags/example_time_delta_sensor_async.py for tasks to queue
[2022-10-15 23:56:45,455] {logging_mixin.py:115} INFO - [2022-10-15 23:56:45,454] {dagbag.py:507} INFO - Filling up the DagBag from /home/airflow/.local/lib/python3.9/site-packages/airflow/example_dags/example_time_delta_sensor_async.py
[2022-10-15 23:56:45,475] {processor.py:651} INFO - DAG(s) dict_keys(['example_time_delta_sensor_async']) retrieved from /home/airflow/.local/lib/python3.9/site-packages/airflow/example_dags/example_time_delta_sensor_async.py
[2022-10-15 23:56:45,699] {logging_mixin.py:115} INFO - [2022-10-15 23:56:45,699] {dag.py:2379} INFO - Sync 1 DAGs
[2022-10-15 23:56:45,816] {logging_mixin.py:115} INFO - [2022-10-15 23:56:45,816] {dag.py:2927} INFO - Setting next_dagrun for example_time_delta_sensor_async to None, run_after=None
[2022-10-15 23:56:45,869] {processor.py:161} INFO - Processing /home/airflow/.local/lib/python3.9/site-packages/airflow/example_dags/example_time_delta_sensor_async.py took 0.430 seconds
[2022-10-15 23:57:16,519] {processor.py:153} INFO - Started process (PID=1553) to work on /home/airflow/.local/lib/python3.9/site-packages/airflow/example_dags/example_time_delta_sensor_async.py
[2022-10-15 23:57:16,530] {processor.py:641} INFO - Processing file /home/airflow/.local/lib/python3.9/site-packages/airflow/example_dags/example_time_delta_sensor_async.py for tasks to queue
[2022-10-15 23:57:16,541] {logging_mixin.py:115} INFO - [2022-10-15 23:57:16,536] {dagbag.py:507} INFO - Filling up the DagBag from /home/airflow/.local/lib/python3.9/site-packages/airflow/example_dags/example_time_delta_sensor_async.py
[2022-10-15 23:57:16,619] {processor.py:651} INFO - DAG(s) dict_keys(['example_time_delta_sensor_async']) retrieved from /home/airflow/.local/lib/python3.9/site-packages/airflow/example_dags/example_time_delta_sensor_async.py
[2022-10-15 23:57:16,874] {logging_mixin.py:115} INFO - [2022-10-15 23:57:16,874] {dag.py:2379} INFO - Sync 1 DAGs
[2022-10-15 23:57:16,964] {logging_mixin.py:115} INFO - [2022-10-15 23:57:16,964] {dag.py:2927} INFO - Setting next_dagrun for example_time_delta_sensor_async to None, run_after=None
[2022-10-15 23:57:17,044] {processor.py:161} INFO - Processing /home/airflow/.local/lib/python3.9/site-packages/airflow/example_dags/example_time_delta_sensor_async.py took 0.560 seconds
[2022-10-15 23:57:47,267] {processor.py:153} INFO - Started process (PID=1638) to work on /home/airflow/.local/lib/python3.9/site-packages/airflow/example_dags/example_time_delta_sensor_async.py
[2022-10-15 23:57:47,273] {processor.py:641} INFO - Processing file /home/airflow/.local/lib/python3.9/site-packages/airflow/example_dags/example_time_delta_sensor_async.py for tasks to queue
[2022-10-15 23:57:47,278] {logging_mixin.py:115} INFO - [2022-10-15 23:57:47,277] {dagbag.py:507} INFO - Filling up the DagBag from /home/airflow/.local/lib/python3.9/site-packages/airflow/example_dags/example_time_delta_sensor_async.py
[2022-10-15 23:57:47,312] {processor.py:651} INFO - DAG(s) dict_keys(['example_time_delta_sensor_async']) retrieved from /home/airflow/.local/lib/python3.9/site-packages/airflow/example_dags/example_time_delta_sensor_async.py
[2022-10-15 23:57:47,546] {logging_mixin.py:115} INFO - [2022-10-15 23:57:47,546] {dag.py:2379} INFO - Sync 1 DAGs
[2022-10-15 23:57:47,731] {logging_mixin.py:115} INFO - [2022-10-15 23:57:47,730] {dag.py:2927} INFO - Setting next_dagrun for example_time_delta_sensor_async to None, run_after=None
[2022-10-15 23:57:47,796] {processor.py:161} INFO - Processing /home/airflow/.local/lib/python3.9/site-packages/airflow/example_dags/example_time_delta_sensor_async.py took 0.543 seconds
[2022-10-15 23:58:18,073] {processor.py:153} INFO - Started process (PID=1728) to work on /home/airflow/.local/lib/python3.9/site-packages/airflow/example_dags/example_time_delta_sensor_async.py
[2022-10-15 23:58:18,078] {processor.py:641} INFO - Processing file /home/airflow/.local/lib/python3.9/site-packages/airflow/example_dags/example_time_delta_sensor_async.py for tasks to queue
[2022-10-15 23:58:18,081] {logging_mixin.py:115} INFO - [2022-10-15 23:58:18,081] {dagbag.py:507} INFO - Filling up the DagBag from /home/airflow/.local/lib/python3.9/site-packages/airflow/example_dags/example_time_delta_sensor_async.py
[2022-10-15 23:58:18,111] {processor.py:651} INFO - DAG(s) dict_keys(['example_time_delta_sensor_async']) retrieved from /home/airflow/.local/lib/python3.9/site-packages/airflow/example_dags/example_time_delta_sensor_async.py
[2022-10-15 23:58:18,500] {logging_mixin.py:115} INFO - [2022-10-15 23:58:18,499] {dag.py:2379} INFO - Sync 1 DAGs
[2022-10-15 23:58:18,696] {logging_mixin.py:115} INFO - [2022-10-15 23:58:18,696] {dag.py:2927} INFO - Setting next_dagrun for example_time_delta_sensor_async to None, run_after=None
[2022-10-15 23:58:18,757] {processor.py:161} INFO - Processing /home/airflow/.local/lib/python3.9/site-packages/airflow/example_dags/example_time_delta_sensor_async.py took 0.702 seconds
[2022-10-15 23:58:49,517] {processor.py:153} INFO - Started process (PID=1813) to work on /home/airflow/.local/lib/python3.9/site-packages/airflow/example_dags/example_time_delta_sensor_async.py
[2022-10-15 23:58:49,519] {processor.py:641} INFO - Processing file /home/airflow/.local/lib/python3.9/site-packages/airflow/example_dags/example_time_delta_sensor_async.py for tasks to queue
[2022-10-15 23:58:49,532] {logging_mixin.py:115} INFO - [2022-10-15 23:58:49,531] {dagbag.py:507} INFO - Filling up the DagBag from /home/airflow/.local/lib/python3.9/site-packages/airflow/example_dags/example_time_delta_sensor_async.py
[2022-10-15 23:58:49,558] {processor.py:651} INFO - DAG(s) dict_keys(['example_time_delta_sensor_async']) retrieved from /home/airflow/.local/lib/python3.9/site-packages/airflow/example_dags/example_time_delta_sensor_async.py
[2022-10-15 23:58:49,867] {logging_mixin.py:115} INFO - [2022-10-15 23:58:49,867] {dag.py:2379} INFO - Sync 1 DAGs
[2022-10-15 23:58:49,963] {logging_mixin.py:115} INFO - [2022-10-15 23:58:49,963] {dag.py:2927} INFO - Setting next_dagrun for example_time_delta_sensor_async to None, run_after=None
[2022-10-15 23:58:50,014] {processor.py:161} INFO - Processing /home/airflow/.local/lib/python3.9/site-packages/airflow/example_dags/example_time_delta_sensor_async.py took 0.516 seconds
[2022-10-15 23:59:20,870] {processor.py:153} INFO - Started process (PID=1905) to work on /home/airflow/.local/lib/python3.9/site-packages/airflow/example_dags/example_time_delta_sensor_async.py
[2022-10-15 23:59:20,882] {processor.py:641} INFO - Processing file /home/airflow/.local/lib/python3.9/site-packages/airflow/example_dags/example_time_delta_sensor_async.py for tasks to queue
[2022-10-15 23:59:20,900] {logging_mixin.py:115} INFO - [2022-10-15 23:59:20,899] {dagbag.py:507} INFO - Filling up the DagBag from /home/airflow/.local/lib/python3.9/site-packages/airflow/example_dags/example_time_delta_sensor_async.py
[2022-10-15 23:59:20,998] {processor.py:651} INFO - DAG(s) dict_keys(['example_time_delta_sensor_async']) retrieved from /home/airflow/.local/lib/python3.9/site-packages/airflow/example_dags/example_time_delta_sensor_async.py
[2022-10-15 23:59:21,338] {logging_mixin.py:115} INFO - [2022-10-15 23:59:21,338] {dag.py:2379} INFO - Sync 1 DAGs
[2022-10-15 23:59:21,495] {logging_mixin.py:115} INFO - [2022-10-15 23:59:21,494] {dag.py:2927} INFO - Setting next_dagrun for example_time_delta_sensor_async to None, run_after=None
[2022-10-15 23:59:21,536] {processor.py:161} INFO - Processing /home/airflow/.local/lib/python3.9/site-packages/airflow/example_dags/example_time_delta_sensor_async.py took 0.683 seconds
[2022-10-15 23:59:51,835] {processor.py:153} INFO - Started process (PID=1990) to work on /home/airflow/.local/lib/python3.9/site-packages/airflow/example_dags/example_time_delta_sensor_async.py
[2022-10-15 23:59:51,838] {processor.py:641} INFO - Processing file /home/airflow/.local/lib/python3.9/site-packages/airflow/example_dags/example_time_delta_sensor_async.py for tasks to queue
[2022-10-15 23:59:51,841] {logging_mixin.py:115} INFO - [2022-10-15 23:59:51,841] {dagbag.py:507} INFO - Filling up the DagBag from /home/airflow/.local/lib/python3.9/site-packages/airflow/example_dags/example_time_delta_sensor_async.py
[2022-10-15 23:59:51,866] {processor.py:651} INFO - DAG(s) dict_keys(['example_time_delta_sensor_async']) retrieved from /home/airflow/.local/lib/python3.9/site-packages/airflow/example_dags/example_time_delta_sensor_async.py
[2022-10-15 23:59:52,045] {logging_mixin.py:115} INFO - [2022-10-15 23:59:52,044] {dag.py:2379} INFO - Sync 1 DAGs
[2022-10-15 23:59:52,152] {logging_mixin.py:115} INFO - [2022-10-15 23:59:52,151] {dag.py:2927} INFO - Setting next_dagrun for example_time_delta_sensor_async to None, run_after=None
[2022-10-15 23:59:52,231] {processor.py:161} INFO - Processing /home/airflow/.local/lib/python3.9/site-packages/airflow/example_dags/example_time_delta_sensor_async.py took 0.407 seconds
