[2022-10-15 23:49:11,178] {processor.py:153} INFO - Started process (PID=297) to work on /home/airflow/.local/lib/python3.9/site-packages/airflow/example_dags/example_bash_operator.py
[2022-10-15 23:49:11,181] {processor.py:641} INFO - Processing file /home/airflow/.local/lib/python3.9/site-packages/airflow/example_dags/example_bash_operator.py for tasks to queue
[2022-10-15 23:49:11,184] {logging_mixin.py:115} INFO - [2022-10-15 23:49:11,184] {dagbag.py:507} INFO - Filling up the DagBag from /home/airflow/.local/lib/python3.9/site-packages/airflow/example_dags/example_bash_operator.py
[2022-10-15 23:49:11,334] {processor.py:651} INFO - DAG(s) dict_keys(['example_bash_operator']) retrieved from /home/airflow/.local/lib/python3.9/site-packages/airflow/example_dags/example_bash_operator.py
[2022-10-15 23:49:12,411] {logging_mixin.py:115} INFO - [2022-10-15 23:49:12,410] {manager.py:508} INFO - Created Permission View: can delete on DAG:example_bash_operator
[2022-10-15 23:49:12,571] {logging_mixin.py:115} INFO - [2022-10-15 23:49:12,570] {manager.py:508} INFO - Created Permission View: can edit on DAG:example_bash_operator
[2022-10-15 23:49:12,685] {logging_mixin.py:115} INFO - [2022-10-15 23:49:12,684] {manager.py:508} INFO - Created Permission View: can read on DAG:example_bash_operator
[2022-10-15 23:49:12,698] {logging_mixin.py:115} INFO - [2022-10-15 23:49:12,690] {dag.py:2379} INFO - Sync 1 DAGs
[2022-10-15 23:49:12,861] {logging_mixin.py:115} INFO - [2022-10-15 23:49:12,853] {dag.py:2398} INFO - Creating ORM DAG for example_bash_operator
[2022-10-15 23:49:13,986] {logging_mixin.py:115} INFO - [2022-10-15 23:49:13,974] {dag.py:2927} INFO - Setting next_dagrun for example_bash_operator to 2022-10-14T00:00:00+00:00, run_after=2022-10-15T00:00:00+00:00
[2022-10-15 23:49:14,357] {processor.py:161} INFO - Processing /home/airflow/.local/lib/python3.9/site-packages/airflow/example_dags/example_bash_operator.py took 3.174 seconds
[2022-10-15 23:49:57,512] {processor.py:153} INFO - Started process (PID=404) to work on /home/airflow/.local/lib/python3.9/site-packages/airflow/example_dags/example_bash_operator.py
[2022-10-15 23:49:57,519] {processor.py:641} INFO - Processing file /home/airflow/.local/lib/python3.9/site-packages/airflow/example_dags/example_bash_operator.py for tasks to queue
[2022-10-15 23:49:57,539] {logging_mixin.py:115} INFO - [2022-10-15 23:49:57,538] {dagbag.py:507} INFO - Filling up the DagBag from /home/airflow/.local/lib/python3.9/site-packages/airflow/example_dags/example_bash_operator.py
[2022-10-15 23:49:57,747] {processor.py:651} INFO - DAG(s) dict_keys(['example_bash_operator']) retrieved from /home/airflow/.local/lib/python3.9/site-packages/airflow/example_dags/example_bash_operator.py
[2022-10-15 23:49:57,948] {logging_mixin.py:115} INFO - [2022-10-15 23:49:57,947] {dag.py:2379} INFO - Sync 1 DAGs
[2022-10-15 23:49:58,468] {logging_mixin.py:115} INFO - [2022-10-15 23:49:58,467] {dag.py:2927} INFO - Setting next_dagrun for example_bash_operator to 2022-10-14T00:00:00+00:00, run_after=2022-10-15T00:00:00+00:00
[2022-10-15 23:49:58,666] {processor.py:161} INFO - Processing /home/airflow/.local/lib/python3.9/site-packages/airflow/example_dags/example_bash_operator.py took 1.229 seconds
[2022-10-15 23:50:32,542] {processor.py:153} INFO - Started process (PID=490) to work on /home/airflow/.local/lib/python3.9/site-packages/airflow/example_dags/example_bash_operator.py
[2022-10-15 23:50:32,546] {processor.py:641} INFO - Processing file /home/airflow/.local/lib/python3.9/site-packages/airflow/example_dags/example_bash_operator.py for tasks to queue
[2022-10-15 23:50:32,553] {logging_mixin.py:115} INFO - [2022-10-15 23:50:32,552] {dagbag.py:507} INFO - Filling up the DagBag from /home/airflow/.local/lib/python3.9/site-packages/airflow/example_dags/example_bash_operator.py
[2022-10-15 23:50:32,867] {processor.py:651} INFO - DAG(s) dict_keys(['example_bash_operator']) retrieved from /home/airflow/.local/lib/python3.9/site-packages/airflow/example_dags/example_bash_operator.py
[2022-10-15 23:50:33,138] {logging_mixin.py:115} INFO - [2022-10-15 23:50:33,137] {dag.py:2379} INFO - Sync 1 DAGs
[2022-10-15 23:50:33,624] {logging_mixin.py:115} INFO - [2022-10-15 23:50:33,623] {dag.py:2927} INFO - Setting next_dagrun for example_bash_operator to 2022-10-14T00:00:00+00:00, run_after=2022-10-15T00:00:00+00:00
[2022-10-15 23:50:33,801] {processor.py:161} INFO - Processing /home/airflow/.local/lib/python3.9/site-packages/airflow/example_dags/example_bash_operator.py took 1.288 seconds
[2022-10-15 23:51:04,728] {processor.py:153} INFO - Started process (PID=582) to work on /home/airflow/.local/lib/python3.9/site-packages/airflow/example_dags/example_bash_operator.py
[2022-10-15 23:51:04,731] {processor.py:641} INFO - Processing file /home/airflow/.local/lib/python3.9/site-packages/airflow/example_dags/example_bash_operator.py for tasks to queue
[2022-10-15 23:51:04,736] {logging_mixin.py:115} INFO - [2022-10-15 23:51:04,736] {dagbag.py:507} INFO - Filling up the DagBag from /home/airflow/.local/lib/python3.9/site-packages/airflow/example_dags/example_bash_operator.py
[2022-10-15 23:51:04,842] {processor.py:651} INFO - DAG(s) dict_keys(['example_bash_operator']) retrieved from /home/airflow/.local/lib/python3.9/site-packages/airflow/example_dags/example_bash_operator.py
[2022-10-15 23:51:05,091] {logging_mixin.py:115} INFO - [2022-10-15 23:51:05,090] {dag.py:2379} INFO - Sync 1 DAGs
[2022-10-15 23:51:05,553] {logging_mixin.py:115} INFO - [2022-10-15 23:51:05,552] {dag.py:2927} INFO - Setting next_dagrun for example_bash_operator to 2022-10-14T00:00:00+00:00, run_after=2022-10-15T00:00:00+00:00
[2022-10-15 23:51:05,723] {processor.py:161} INFO - Processing /home/airflow/.local/lib/python3.9/site-packages/airflow/example_dags/example_bash_operator.py took 1.010 seconds
[2022-10-15 23:51:44,182] {processor.py:153} INFO - Started process (PID=678) to work on /home/airflow/.local/lib/python3.9/site-packages/airflow/example_dags/example_bash_operator.py
[2022-10-15 23:51:44,201] {processor.py:641} INFO - Processing file /home/airflow/.local/lib/python3.9/site-packages/airflow/example_dags/example_bash_operator.py for tasks to queue
[2022-10-15 23:51:44,213] {logging_mixin.py:115} INFO - [2022-10-15 23:51:44,212] {dagbag.py:507} INFO - Filling up the DagBag from /home/airflow/.local/lib/python3.9/site-packages/airflow/example_dags/example_bash_operator.py
[2022-10-15 23:51:44,519] {processor.py:651} INFO - DAG(s) dict_keys(['example_bash_operator']) retrieved from /home/airflow/.local/lib/python3.9/site-packages/airflow/example_dags/example_bash_operator.py
[2022-10-15 23:51:45,188] {logging_mixin.py:115} INFO - [2022-10-15 23:51:45,187] {dag.py:2379} INFO - Sync 1 DAGs
[2022-10-15 23:51:45,778] {logging_mixin.py:115} INFO - [2022-10-15 23:51:45,761] {dag.py:2927} INFO - Setting next_dagrun for example_bash_operator to 2022-10-14T00:00:00+00:00, run_after=2022-10-15T00:00:00+00:00
[2022-10-15 23:51:45,996] {processor.py:161} INFO - Processing /home/airflow/.local/lib/python3.9/site-packages/airflow/example_dags/example_bash_operator.py took 1.930 seconds
[2022-10-15 23:52:27,606] {processor.py:153} INFO - Started process (PID=772) to work on /home/airflow/.local/lib/python3.9/site-packages/airflow/example_dags/example_bash_operator.py
[2022-10-15 23:52:27,628] {processor.py:641} INFO - Processing file /home/airflow/.local/lib/python3.9/site-packages/airflow/example_dags/example_bash_operator.py for tasks to queue
[2022-10-15 23:52:27,636] {logging_mixin.py:115} INFO - [2022-10-15 23:52:27,636] {dagbag.py:507} INFO - Filling up the DagBag from /home/airflow/.local/lib/python3.9/site-packages/airflow/example_dags/example_bash_operator.py
[2022-10-15 23:52:27,979] {processor.py:651} INFO - DAG(s) dict_keys(['example_bash_operator']) retrieved from /home/airflow/.local/lib/python3.9/site-packages/airflow/example_dags/example_bash_operator.py
[2022-10-15 23:52:28,380] {logging_mixin.py:115} INFO - [2022-10-15 23:52:28,379] {dag.py:2379} INFO - Sync 1 DAGs
[2022-10-15 23:52:28,829] {logging_mixin.py:115} INFO - [2022-10-15 23:52:28,829] {dag.py:2927} INFO - Setting next_dagrun for example_bash_operator to 2022-10-14T00:00:00+00:00, run_after=2022-10-15T00:00:00+00:00
[2022-10-15 23:52:29,033] {processor.py:161} INFO - Processing /home/airflow/.local/lib/python3.9/site-packages/airflow/example_dags/example_bash_operator.py took 1.471 seconds
[2022-10-15 23:53:09,112] {processor.py:153} INFO - Started process (PID=867) to work on /home/airflow/.local/lib/python3.9/site-packages/airflow/example_dags/example_bash_operator.py
[2022-10-15 23:53:09,119] {processor.py:641} INFO - Processing file /home/airflow/.local/lib/python3.9/site-packages/airflow/example_dags/example_bash_operator.py for tasks to queue
[2022-10-15 23:53:09,127] {logging_mixin.py:115} INFO - [2022-10-15 23:53:09,127] {dagbag.py:507} INFO - Filling up the DagBag from /home/airflow/.local/lib/python3.9/site-packages/airflow/example_dags/example_bash_operator.py
[2022-10-15 23:53:09,411] {processor.py:651} INFO - DAG(s) dict_keys(['example_bash_operator']) retrieved from /home/airflow/.local/lib/python3.9/site-packages/airflow/example_dags/example_bash_operator.py
[2022-10-15 23:53:09,878] {logging_mixin.py:115} INFO - [2022-10-15 23:53:09,878] {dag.py:2379} INFO - Sync 1 DAGs
[2022-10-15 23:53:10,512] {logging_mixin.py:115} INFO - [2022-10-15 23:53:10,511] {dag.py:2927} INFO - Setting next_dagrun for example_bash_operator to 2022-10-14T00:00:00+00:00, run_after=2022-10-15T00:00:00+00:00
[2022-10-15 23:53:10,872] {processor.py:161} INFO - Processing /home/airflow/.local/lib/python3.9/site-packages/airflow/example_dags/example_bash_operator.py took 1.802 seconds
[2022-10-15 23:53:46,374] {processor.py:153} INFO - Started process (PID=954) to work on /home/airflow/.local/lib/python3.9/site-packages/airflow/example_dags/example_bash_operator.py
[2022-10-15 23:53:46,380] {processor.py:641} INFO - Processing file /home/airflow/.local/lib/python3.9/site-packages/airflow/example_dags/example_bash_operator.py for tasks to queue
[2022-10-15 23:53:46,386] {logging_mixin.py:115} INFO - [2022-10-15 23:53:46,386] {dagbag.py:507} INFO - Filling up the DagBag from /home/airflow/.local/lib/python3.9/site-packages/airflow/example_dags/example_bash_operator.py
[2022-10-15 23:53:46,646] {processor.py:651} INFO - DAG(s) dict_keys(['example_bash_operator']) retrieved from /home/airflow/.local/lib/python3.9/site-packages/airflow/example_dags/example_bash_operator.py
[2022-10-15 23:53:47,309] {logging_mixin.py:115} INFO - [2022-10-15 23:53:47,309] {dag.py:2379} INFO - Sync 1 DAGs
[2022-10-15 23:53:47,997] {logging_mixin.py:115} INFO - [2022-10-15 23:53:47,983] {dag.py:2927} INFO - Setting next_dagrun for example_bash_operator to 2022-10-14T00:00:00+00:00, run_after=2022-10-15T00:00:00+00:00
[2022-10-15 23:53:48,185] {processor.py:161} INFO - Processing /home/airflow/.local/lib/python3.9/site-packages/airflow/example_dags/example_bash_operator.py took 1.840 seconds
[2022-10-15 23:54:24,706] {processor.py:153} INFO - Started process (PID=1047) to work on /home/airflow/.local/lib/python3.9/site-packages/airflow/example_dags/example_bash_operator.py
[2022-10-15 23:54:24,712] {processor.py:641} INFO - Processing file /home/airflow/.local/lib/python3.9/site-packages/airflow/example_dags/example_bash_operator.py for tasks to queue
[2022-10-15 23:54:24,722] {logging_mixin.py:115} INFO - [2022-10-15 23:54:24,719] {dagbag.py:507} INFO - Filling up the DagBag from /home/airflow/.local/lib/python3.9/site-packages/airflow/example_dags/example_bash_operator.py
[2022-10-15 23:54:24,904] {processor.py:651} INFO - DAG(s) dict_keys(['example_bash_operator']) retrieved from /home/airflow/.local/lib/python3.9/site-packages/airflow/example_dags/example_bash_operator.py
[2022-10-15 23:54:25,162] {logging_mixin.py:115} INFO - [2022-10-15 23:54:25,161] {dag.py:2379} INFO - Sync 1 DAGs
[2022-10-15 23:54:25,555] {logging_mixin.py:115} INFO - [2022-10-15 23:54:25,554] {dag.py:2927} INFO - Setting next_dagrun for example_bash_operator to 2022-10-14T00:00:00+00:00, run_after=2022-10-15T00:00:00+00:00
[2022-10-15 23:54:25,751] {processor.py:161} INFO - Processing /home/airflow/.local/lib/python3.9/site-packages/airflow/example_dags/example_bash_operator.py took 1.096 seconds
[2022-10-15 23:54:56,986] {processor.py:153} INFO - Started process (PID=1148) to work on /home/airflow/.local/lib/python3.9/site-packages/airflow/example_dags/example_bash_operator.py
[2022-10-15 23:54:57,002] {processor.py:641} INFO - Processing file /home/airflow/.local/lib/python3.9/site-packages/airflow/example_dags/example_bash_operator.py for tasks to queue
[2022-10-15 23:54:57,019] {logging_mixin.py:115} INFO - [2022-10-15 23:54:57,018] {dagbag.py:507} INFO - Filling up the DagBag from /home/airflow/.local/lib/python3.9/site-packages/airflow/example_dags/example_bash_operator.py
[2022-10-15 23:54:57,363] {processor.py:651} INFO - DAG(s) dict_keys(['example_bash_operator']) retrieved from /home/airflow/.local/lib/python3.9/site-packages/airflow/example_dags/example_bash_operator.py
[2022-10-15 23:54:57,865] {logging_mixin.py:115} INFO - [2022-10-15 23:54:57,864] {dag.py:2379} INFO - Sync 1 DAGs
[2022-10-15 23:54:58,519] {logging_mixin.py:115} INFO - [2022-10-15 23:54:58,518] {dag.py:2927} INFO - Setting next_dagrun for example_bash_operator to 2022-10-14T00:00:00+00:00, run_after=2022-10-15T00:00:00+00:00
[2022-10-15 23:54:58,763] {processor.py:161} INFO - Processing /home/airflow/.local/lib/python3.9/site-packages/airflow/example_dags/example_bash_operator.py took 1.834 seconds
[2022-10-15 23:55:29,226] {processor.py:153} INFO - Started process (PID=1234) to work on /home/airflow/.local/lib/python3.9/site-packages/airflow/example_dags/example_bash_operator.py
[2022-10-15 23:55:29,232] {processor.py:641} INFO - Processing file /home/airflow/.local/lib/python3.9/site-packages/airflow/example_dags/example_bash_operator.py for tasks to queue
[2022-10-15 23:55:29,237] {logging_mixin.py:115} INFO - [2022-10-15 23:55:29,236] {dagbag.py:507} INFO - Filling up the DagBag from /home/airflow/.local/lib/python3.9/site-packages/airflow/example_dags/example_bash_operator.py
[2022-10-15 23:55:29,350] {processor.py:651} INFO - DAG(s) dict_keys(['example_bash_operator']) retrieved from /home/airflow/.local/lib/python3.9/site-packages/airflow/example_dags/example_bash_operator.py
[2022-10-15 23:55:29,556] {logging_mixin.py:115} INFO - [2022-10-15 23:55:29,555] {dag.py:2379} INFO - Sync 1 DAGs
[2022-10-15 23:55:29,960] {logging_mixin.py:115} INFO - [2022-10-15 23:55:29,940] {dag.py:2927} INFO - Setting next_dagrun for example_bash_operator to 2022-10-14T00:00:00+00:00, run_after=2022-10-15T00:00:00+00:00
[2022-10-15 23:55:30,190] {processor.py:161} INFO - Processing /home/airflow/.local/lib/python3.9/site-packages/airflow/example_dags/example_bash_operator.py took 0.995 seconds
[2022-10-15 23:56:00,393] {processor.py:153} INFO - Started process (PID=1329) to work on /home/airflow/.local/lib/python3.9/site-packages/airflow/example_dags/example_bash_operator.py
[2022-10-15 23:56:00,397] {processor.py:641} INFO - Processing file /home/airflow/.local/lib/python3.9/site-packages/airflow/example_dags/example_bash_operator.py for tasks to queue
[2022-10-15 23:56:00,403] {logging_mixin.py:115} INFO - [2022-10-15 23:56:00,402] {dagbag.py:507} INFO - Filling up the DagBag from /home/airflow/.local/lib/python3.9/site-packages/airflow/example_dags/example_bash_operator.py
[2022-10-15 23:56:00,510] {processor.py:651} INFO - DAG(s) dict_keys(['example_bash_operator']) retrieved from /home/airflow/.local/lib/python3.9/site-packages/airflow/example_dags/example_bash_operator.py
[2022-10-15 23:56:00,762] {logging_mixin.py:115} INFO - [2022-10-15 23:56:00,762] {dag.py:2379} INFO - Sync 1 DAGs
[2022-10-15 23:56:01,087] {logging_mixin.py:115} INFO - [2022-10-15 23:56:01,086] {dag.py:2927} INFO - Setting next_dagrun for example_bash_operator to 2022-10-14T00:00:00+00:00, run_after=2022-10-15T00:00:00+00:00
[2022-10-15 23:56:01,201] {processor.py:161} INFO - Processing /home/airflow/.local/lib/python3.9/site-packages/airflow/example_dags/example_bash_operator.py took 0.824 seconds
[2022-10-15 23:56:31,812] {processor.py:153} INFO - Started process (PID=1416) to work on /home/airflow/.local/lib/python3.9/site-packages/airflow/example_dags/example_bash_operator.py
[2022-10-15 23:56:31,819] {processor.py:641} INFO - Processing file /home/airflow/.local/lib/python3.9/site-packages/airflow/example_dags/example_bash_operator.py for tasks to queue
[2022-10-15 23:56:31,825] {logging_mixin.py:115} INFO - [2022-10-15 23:56:31,823] {dagbag.py:507} INFO - Filling up the DagBag from /home/airflow/.local/lib/python3.9/site-packages/airflow/example_dags/example_bash_operator.py
[2022-10-15 23:56:31,905] {processor.py:651} INFO - DAG(s) dict_keys(['example_bash_operator']) retrieved from /home/airflow/.local/lib/python3.9/site-packages/airflow/example_dags/example_bash_operator.py
[2022-10-15 23:56:32,019] {logging_mixin.py:115} INFO - [2022-10-15 23:56:32,018] {dag.py:2379} INFO - Sync 1 DAGs
[2022-10-15 23:56:32,153] {logging_mixin.py:115} INFO - [2022-10-15 23:56:32,153] {dag.py:2927} INFO - Setting next_dagrun for example_bash_operator to 2022-10-14T00:00:00+00:00, run_after=2022-10-15T00:00:00+00:00
[2022-10-15 23:56:32,193] {processor.py:161} INFO - Processing /home/airflow/.local/lib/python3.9/site-packages/airflow/example_dags/example_bash_operator.py took 0.400 seconds
[2022-10-15 23:57:02,790] {processor.py:153} INFO - Started process (PID=1509) to work on /home/airflow/.local/lib/python3.9/site-packages/airflow/example_dags/example_bash_operator.py
[2022-10-15 23:57:02,794] {processor.py:641} INFO - Processing file /home/airflow/.local/lib/python3.9/site-packages/airflow/example_dags/example_bash_operator.py for tasks to queue
[2022-10-15 23:57:02,798] {logging_mixin.py:115} INFO - [2022-10-15 23:57:02,798] {dagbag.py:507} INFO - Filling up the DagBag from /home/airflow/.local/lib/python3.9/site-packages/airflow/example_dags/example_bash_operator.py
[2022-10-15 23:57:02,905] {processor.py:651} INFO - DAG(s) dict_keys(['example_bash_operator']) retrieved from /home/airflow/.local/lib/python3.9/site-packages/airflow/example_dags/example_bash_operator.py
[2022-10-15 23:57:03,004] {logging_mixin.py:115} INFO - [2022-10-15 23:57:03,003] {dag.py:2379} INFO - Sync 1 DAGs
[2022-10-15 23:57:03,231] {logging_mixin.py:115} INFO - [2022-10-15 23:57:03,231] {dag.py:2927} INFO - Setting next_dagrun for example_bash_operator to 2022-10-14T00:00:00+00:00, run_after=2022-10-15T00:00:00+00:00
[2022-10-15 23:57:03,306] {processor.py:161} INFO - Processing /home/airflow/.local/lib/python3.9/site-packages/airflow/example_dags/example_bash_operator.py took 0.527 seconds
[2022-10-15 23:57:33,779] {processor.py:153} INFO - Started process (PID=1595) to work on /home/airflow/.local/lib/python3.9/site-packages/airflow/example_dags/example_bash_operator.py
[2022-10-15 23:57:33,782] {processor.py:641} INFO - Processing file /home/airflow/.local/lib/python3.9/site-packages/airflow/example_dags/example_bash_operator.py for tasks to queue
[2022-10-15 23:57:33,784] {logging_mixin.py:115} INFO - [2022-10-15 23:57:33,784] {dagbag.py:507} INFO - Filling up the DagBag from /home/airflow/.local/lib/python3.9/site-packages/airflow/example_dags/example_bash_operator.py
[2022-10-15 23:57:33,836] {processor.py:651} INFO - DAG(s) dict_keys(['example_bash_operator']) retrieved from /home/airflow/.local/lib/python3.9/site-packages/airflow/example_dags/example_bash_operator.py
[2022-10-15 23:57:33,911] {logging_mixin.py:115} INFO - [2022-10-15 23:57:33,910] {dag.py:2379} INFO - Sync 1 DAGs
[2022-10-15 23:57:33,989] {logging_mixin.py:115} INFO - [2022-10-15 23:57:33,989] {dag.py:2927} INFO - Setting next_dagrun for example_bash_operator to 2022-10-14T00:00:00+00:00, run_after=2022-10-15T00:00:00+00:00
[2022-10-15 23:57:34,024] {processor.py:161} INFO - Processing /home/airflow/.local/lib/python3.9/site-packages/airflow/example_dags/example_bash_operator.py took 0.253 seconds
[2022-10-15 23:58:04,560] {processor.py:153} INFO - Started process (PID=1690) to work on /home/airflow/.local/lib/python3.9/site-packages/airflow/example_dags/example_bash_operator.py
[2022-10-15 23:58:04,572] {processor.py:641} INFO - Processing file /home/airflow/.local/lib/python3.9/site-packages/airflow/example_dags/example_bash_operator.py for tasks to queue
[2022-10-15 23:58:04,589] {logging_mixin.py:115} INFO - [2022-10-15 23:58:04,588] {dagbag.py:507} INFO - Filling up the DagBag from /home/airflow/.local/lib/python3.9/site-packages/airflow/example_dags/example_bash_operator.py
[2022-10-15 23:58:04,673] {processor.py:651} INFO - DAG(s) dict_keys(['example_bash_operator']) retrieved from /home/airflow/.local/lib/python3.9/site-packages/airflow/example_dags/example_bash_operator.py
[2022-10-15 23:58:04,827] {logging_mixin.py:115} INFO - [2022-10-15 23:58:04,827] {dag.py:2379} INFO - Sync 1 DAGs
[2022-10-15 23:58:05,046] {logging_mixin.py:115} INFO - [2022-10-15 23:58:05,045] {dag.py:2927} INFO - Setting next_dagrun for example_bash_operator to 2022-10-14T00:00:00+00:00, run_after=2022-10-15T00:00:00+00:00
[2022-10-15 23:58:05,173] {processor.py:161} INFO - Processing /home/airflow/.local/lib/python3.9/site-packages/airflow/example_dags/example_bash_operator.py took 0.639 seconds
[2022-10-15 23:58:35,322] {processor.py:153} INFO - Started process (PID=1782) to work on /home/airflow/.local/lib/python3.9/site-packages/airflow/example_dags/example_bash_operator.py
[2022-10-15 23:58:35,326] {processor.py:641} INFO - Processing file /home/airflow/.local/lib/python3.9/site-packages/airflow/example_dags/example_bash_operator.py for tasks to queue
[2022-10-15 23:58:35,356] {logging_mixin.py:115} INFO - [2022-10-15 23:58:35,346] {dagbag.py:507} INFO - Filling up the DagBag from /home/airflow/.local/lib/python3.9/site-packages/airflow/example_dags/example_bash_operator.py
[2022-10-15 23:58:35,539] {processor.py:651} INFO - DAG(s) dict_keys(['example_bash_operator']) retrieved from /home/airflow/.local/lib/python3.9/site-packages/airflow/example_dags/example_bash_operator.py
[2022-10-15 23:58:35,765] {logging_mixin.py:115} INFO - [2022-10-15 23:58:35,765] {dag.py:2379} INFO - Sync 1 DAGs
[2022-10-15 23:58:35,917] {logging_mixin.py:115} INFO - [2022-10-15 23:58:35,916] {dag.py:2927} INFO - Setting next_dagrun for example_bash_operator to 2022-10-14T00:00:00+00:00, run_after=2022-10-15T00:00:00+00:00
[2022-10-15 23:58:35,962] {processor.py:161} INFO - Processing /home/airflow/.local/lib/python3.9/site-packages/airflow/example_dags/example_bash_operator.py took 0.657 seconds
[2022-10-15 23:59:06,096] {processor.py:153} INFO - Started process (PID=1868) to work on /home/airflow/.local/lib/python3.9/site-packages/airflow/example_dags/example_bash_operator.py
[2022-10-15 23:59:06,112] {processor.py:641} INFO - Processing file /home/airflow/.local/lib/python3.9/site-packages/airflow/example_dags/example_bash_operator.py for tasks to queue
[2022-10-15 23:59:06,117] {logging_mixin.py:115} INFO - [2022-10-15 23:59:06,116] {dagbag.py:507} INFO - Filling up the DagBag from /home/airflow/.local/lib/python3.9/site-packages/airflow/example_dags/example_bash_operator.py
[2022-10-15 23:59:06,202] {processor.py:651} INFO - DAG(s) dict_keys(['example_bash_operator']) retrieved from /home/airflow/.local/lib/python3.9/site-packages/airflow/example_dags/example_bash_operator.py
[2022-10-15 23:59:06,365] {logging_mixin.py:115} INFO - [2022-10-15 23:59:06,365] {dag.py:2379} INFO - Sync 1 DAGs
[2022-10-15 23:59:06,581] {logging_mixin.py:115} INFO - [2022-10-15 23:59:06,581] {dag.py:2927} INFO - Setting next_dagrun for example_bash_operator to 2022-10-14T00:00:00+00:00, run_after=2022-10-15T00:00:00+00:00
[2022-10-15 23:59:06,661] {processor.py:161} INFO - Processing /home/airflow/.local/lib/python3.9/site-packages/airflow/example_dags/example_bash_operator.py took 0.578 seconds
[2022-10-15 23:59:37,185] {processor.py:153} INFO - Started process (PID=1960) to work on /home/airflow/.local/lib/python3.9/site-packages/airflow/example_dags/example_bash_operator.py
[2022-10-15 23:59:37,191] {processor.py:641} INFO - Processing file /home/airflow/.local/lib/python3.9/site-packages/airflow/example_dags/example_bash_operator.py for tasks to queue
[2022-10-15 23:59:37,199] {logging_mixin.py:115} INFO - [2022-10-15 23:59:37,198] {dagbag.py:507} INFO - Filling up the DagBag from /home/airflow/.local/lib/python3.9/site-packages/airflow/example_dags/example_bash_operator.py
[2022-10-15 23:59:37,274] {processor.py:651} INFO - DAG(s) dict_keys(['example_bash_operator']) retrieved from /home/airflow/.local/lib/python3.9/site-packages/airflow/example_dags/example_bash_operator.py
[2022-10-15 23:59:37,464] {logging_mixin.py:115} INFO - [2022-10-15 23:59:37,464] {dag.py:2379} INFO - Sync 1 DAGs
[2022-10-15 23:59:37,594] {logging_mixin.py:115} INFO - [2022-10-15 23:59:37,593] {dag.py:2927} INFO - Setting next_dagrun for example_bash_operator to 2022-10-14T00:00:00+00:00, run_after=2022-10-15T00:00:00+00:00
[2022-10-15 23:59:37,667] {processor.py:161} INFO - Processing /home/airflow/.local/lib/python3.9/site-packages/airflow/example_dags/example_bash_operator.py took 0.507 seconds
