[2022-10-15 23:49:04,072] {processor.py:153} INFO - Started process (PID=287) to work on /home/airflow/.local/lib/python3.9/site-packages/airflow/example_dags/example_sla_dag.py
[2022-10-15 23:49:04,082] {processor.py:641} INFO - Processing file /home/airflow/.local/lib/python3.9/site-packages/airflow/example_dags/example_sla_dag.py for tasks to queue
[2022-10-15 23:49:04,100] {logging_mixin.py:115} INFO - [2022-10-15 23:49:04,099] {dagbag.py:507} INFO - Filling up the DagBag from /home/airflow/.local/lib/python3.9/site-packages/airflow/example_dags/example_sla_dag.py
[2022-10-15 23:49:04,565] {processor.py:651} INFO - DAG(s) dict_keys(['example_sla_dag']) retrieved from /home/airflow/.local/lib/python3.9/site-packages/airflow/example_dags/example_sla_dag.py
[2022-10-15 23:49:05,753] {logging_mixin.py:115} INFO - [2022-10-15 23:49:05,753] {manager.py:508} INFO - Created Permission View: can delete on DAG:example_sla_dag
[2022-10-15 23:49:05,882] {logging_mixin.py:115} INFO - [2022-10-15 23:49:05,881] {manager.py:508} INFO - Created Permission View: can edit on DAG:example_sla_dag
[2022-10-15 23:49:05,989] {logging_mixin.py:115} INFO - [2022-10-15 23:49:05,986] {manager.py:508} INFO - Created Permission View: can read on DAG:example_sla_dag
[2022-10-15 23:49:05,992] {logging_mixin.py:115} INFO - [2022-10-15 23:49:05,991] {dag.py:2379} INFO - Sync 1 DAGs
[2022-10-15 23:49:06,825] {logging_mixin.py:115} INFO - [2022-10-15 23:49:06,824] {dag.py:2398} INFO - Creating ORM DAG for example_sla_dag
[2022-10-15 23:49:07,371] {logging_mixin.py:115} INFO - [2022-10-15 23:49:07,370] {dag.py:2927} INFO - Setting next_dagrun for example_sla_dag to 2022-10-15T23:46:00+00:00, run_after=2022-10-15T23:48:00+00:00
[2022-10-15 23:49:07,518] {processor.py:161} INFO - Processing /home/airflow/.local/lib/python3.9/site-packages/airflow/example_dags/example_sla_dag.py took 3.472 seconds
[2022-10-15 23:49:54,449] {processor.py:153} INFO - Started process (PID=383) to work on /home/airflow/.local/lib/python3.9/site-packages/airflow/example_dags/example_sla_dag.py
[2022-10-15 23:49:54,456] {processor.py:641} INFO - Processing file /home/airflow/.local/lib/python3.9/site-packages/airflow/example_dags/example_sla_dag.py for tasks to queue
[2022-10-15 23:49:54,463] {logging_mixin.py:115} INFO - [2022-10-15 23:49:54,462] {dagbag.py:507} INFO - Filling up the DagBag from /home/airflow/.local/lib/python3.9/site-packages/airflow/example_dags/example_sla_dag.py
[2022-10-15 23:49:54,869] {processor.py:651} INFO - DAG(s) dict_keys(['example_sla_dag']) retrieved from /home/airflow/.local/lib/python3.9/site-packages/airflow/example_dags/example_sla_dag.py
[2022-10-15 23:49:55,177] {logging_mixin.py:115} INFO - [2022-10-15 23:49:55,177] {dag.py:2379} INFO - Sync 1 DAGs
[2022-10-15 23:49:55,798] {logging_mixin.py:115} INFO - [2022-10-15 23:49:55,793] {dag.py:2927} INFO - Setting next_dagrun for example_sla_dag to 2022-10-15T23:46:00+00:00, run_after=2022-10-15T23:48:00+00:00
[2022-10-15 23:49:55,962] {processor.py:161} INFO - Processing /home/airflow/.local/lib/python3.9/site-packages/airflow/example_dags/example_sla_dag.py took 1.544 seconds
[2022-10-15 23:50:28,310] {processor.py:153} INFO - Started process (PID=476) to work on /home/airflow/.local/lib/python3.9/site-packages/airflow/example_dags/example_sla_dag.py
[2022-10-15 23:50:28,328] {processor.py:641} INFO - Processing file /home/airflow/.local/lib/python3.9/site-packages/airflow/example_dags/example_sla_dag.py for tasks to queue
[2022-10-15 23:50:28,334] {logging_mixin.py:115} INFO - [2022-10-15 23:50:28,334] {dagbag.py:507} INFO - Filling up the DagBag from /home/airflow/.local/lib/python3.9/site-packages/airflow/example_dags/example_sla_dag.py
[2022-10-15 23:50:28,965] {processor.py:651} INFO - DAG(s) dict_keys(['example_sla_dag']) retrieved from /home/airflow/.local/lib/python3.9/site-packages/airflow/example_dags/example_sla_dag.py
[2022-10-15 23:50:29,359] {logging_mixin.py:115} INFO - [2022-10-15 23:50:29,357] {dag.py:2379} INFO - Sync 1 DAGs
[2022-10-15 23:50:30,116] {logging_mixin.py:115} INFO - [2022-10-15 23:50:30,103] {dag.py:2927} INFO - Setting next_dagrun for example_sla_dag to 2022-10-15T23:48:00+00:00, run_after=2022-10-15T23:50:00+00:00
[2022-10-15 23:50:30,317] {processor.py:161} INFO - Processing /home/airflow/.local/lib/python3.9/site-packages/airflow/example_dags/example_sla_dag.py took 2.036 seconds
[2022-10-15 23:51:01,402] {processor.py:153} INFO - Started process (PID=572) to work on /home/airflow/.local/lib/python3.9/site-packages/airflow/example_dags/example_sla_dag.py
[2022-10-15 23:51:01,423] {processor.py:641} INFO - Processing file /home/airflow/.local/lib/python3.9/site-packages/airflow/example_dags/example_sla_dag.py for tasks to queue
[2022-10-15 23:51:01,437] {logging_mixin.py:115} INFO - [2022-10-15 23:51:01,436] {dagbag.py:507} INFO - Filling up the DagBag from /home/airflow/.local/lib/python3.9/site-packages/airflow/example_dags/example_sla_dag.py
[2022-10-15 23:51:01,923] {processor.py:651} INFO - DAG(s) dict_keys(['example_sla_dag']) retrieved from /home/airflow/.local/lib/python3.9/site-packages/airflow/example_dags/example_sla_dag.py
[2022-10-15 23:51:02,276] {logging_mixin.py:115} INFO - [2022-10-15 23:51:02,276] {dag.py:2379} INFO - Sync 1 DAGs
[2022-10-15 23:51:02,964] {logging_mixin.py:115} INFO - [2022-10-15 23:51:02,963] {dag.py:2927} INFO - Setting next_dagrun for example_sla_dag to 2022-10-15T23:48:00+00:00, run_after=2022-10-15T23:50:00+00:00
[2022-10-15 23:51:03,152] {processor.py:161} INFO - Processing /home/airflow/.local/lib/python3.9/site-packages/airflow/example_dags/example_sla_dag.py took 1.804 seconds
[2022-10-15 23:51:39,638] {processor.py:153} INFO - Started process (PID=668) to work on /home/airflow/.local/lib/python3.9/site-packages/airflow/example_dags/example_sla_dag.py
[2022-10-15 23:51:39,649] {processor.py:641} INFO - Processing file /home/airflow/.local/lib/python3.9/site-packages/airflow/example_dags/example_sla_dag.py for tasks to queue
[2022-10-15 23:51:39,661] {logging_mixin.py:115} INFO - [2022-10-15 23:51:39,660] {dagbag.py:507} INFO - Filling up the DagBag from /home/airflow/.local/lib/python3.9/site-packages/airflow/example_dags/example_sla_dag.py
[2022-10-15 23:51:40,448] {processor.py:651} INFO - DAG(s) dict_keys(['example_sla_dag']) retrieved from /home/airflow/.local/lib/python3.9/site-packages/airflow/example_dags/example_sla_dag.py
[2022-10-15 23:51:40,929] {logging_mixin.py:115} INFO - [2022-10-15 23:51:40,929] {dag.py:2379} INFO - Sync 1 DAGs
[2022-10-15 23:51:41,719] {logging_mixin.py:115} INFO - [2022-10-15 23:51:41,718] {dag.py:2927} INFO - Setting next_dagrun for example_sla_dag to 2022-10-15T23:48:00+00:00, run_after=2022-10-15T23:50:00+00:00
[2022-10-15 23:51:41,962] {processor.py:161} INFO - Processing /home/airflow/.local/lib/python3.9/site-packages/airflow/example_dags/example_sla_dag.py took 2.390 seconds
[2022-10-15 23:52:23,479] {processor.py:153} INFO - Started process (PID=758) to work on /home/airflow/.local/lib/python3.9/site-packages/airflow/example_dags/example_sla_dag.py
[2022-10-15 23:52:23,487] {processor.py:641} INFO - Processing file /home/airflow/.local/lib/python3.9/site-packages/airflow/example_dags/example_sla_dag.py for tasks to queue
[2022-10-15 23:52:23,515] {logging_mixin.py:115} INFO - [2022-10-15 23:52:23,514] {dagbag.py:507} INFO - Filling up the DagBag from /home/airflow/.local/lib/python3.9/site-packages/airflow/example_dags/example_sla_dag.py
[2022-10-15 23:52:24,208] {processor.py:651} INFO - DAG(s) dict_keys(['example_sla_dag']) retrieved from /home/airflow/.local/lib/python3.9/site-packages/airflow/example_dags/example_sla_dag.py
[2022-10-15 23:52:24,618] {logging_mixin.py:115} INFO - [2022-10-15 23:52:24,617] {dag.py:2379} INFO - Sync 1 DAGs
[2022-10-15 23:52:25,484] {logging_mixin.py:115} INFO - [2022-10-15 23:52:25,467] {dag.py:2927} INFO - Setting next_dagrun for example_sla_dag to 2022-10-15T23:50:00+00:00, run_after=2022-10-15T23:52:00+00:00
[2022-10-15 23:52:25,695] {processor.py:161} INFO - Processing /home/airflow/.local/lib/python3.9/site-packages/airflow/example_dags/example_sla_dag.py took 2.277 seconds
[2022-10-15 23:53:04,951] {processor.py:153} INFO - Started process (PID=855) to work on /home/airflow/.local/lib/python3.9/site-packages/airflow/example_dags/example_sla_dag.py
[2022-10-15 23:53:04,960] {processor.py:641} INFO - Processing file /home/airflow/.local/lib/python3.9/site-packages/airflow/example_dags/example_sla_dag.py for tasks to queue
[2022-10-15 23:53:04,969] {logging_mixin.py:115} INFO - [2022-10-15 23:53:04,965] {dagbag.py:507} INFO - Filling up the DagBag from /home/airflow/.local/lib/python3.9/site-packages/airflow/example_dags/example_sla_dag.py
[2022-10-15 23:53:05,363] {processor.py:651} INFO - DAG(s) dict_keys(['example_sla_dag']) retrieved from /home/airflow/.local/lib/python3.9/site-packages/airflow/example_dags/example_sla_dag.py
[2022-10-15 23:53:05,877] {logging_mixin.py:115} INFO - [2022-10-15 23:53:05,876] {dag.py:2379} INFO - Sync 1 DAGs
[2022-10-15 23:53:06,769] {logging_mixin.py:115} INFO - [2022-10-15 23:53:06,768] {dag.py:2927} INFO - Setting next_dagrun for example_sla_dag to 2022-10-15T23:50:00+00:00, run_after=2022-10-15T23:52:00+00:00
[2022-10-15 23:53:06,968] {processor.py:161} INFO - Processing /home/airflow/.local/lib/python3.9/site-packages/airflow/example_dags/example_sla_dag.py took 2.056 seconds
[2022-10-15 23:53:42,420] {processor.py:153} INFO - Started process (PID=946) to work on /home/airflow/.local/lib/python3.9/site-packages/airflow/example_dags/example_sla_dag.py
[2022-10-15 23:53:42,425] {processor.py:641} INFO - Processing file /home/airflow/.local/lib/python3.9/site-packages/airflow/example_dags/example_sla_dag.py for tasks to queue
[2022-10-15 23:53:42,439] {logging_mixin.py:115} INFO - [2022-10-15 23:53:42,438] {dagbag.py:507} INFO - Filling up the DagBag from /home/airflow/.local/lib/python3.9/site-packages/airflow/example_dags/example_sla_dag.py
[2022-10-15 23:53:43,054] {processor.py:651} INFO - DAG(s) dict_keys(['example_sla_dag']) retrieved from /home/airflow/.local/lib/python3.9/site-packages/airflow/example_dags/example_sla_dag.py
[2022-10-15 23:53:43,590] {logging_mixin.py:115} INFO - [2022-10-15 23:53:43,581] {dag.py:2379} INFO - Sync 1 DAGs
[2022-10-15 23:53:44,217] {logging_mixin.py:115} INFO - [2022-10-15 23:53:44,217] {dag.py:2927} INFO - Setting next_dagrun for example_sla_dag to 2022-10-15T23:50:00+00:00, run_after=2022-10-15T23:52:00+00:00
[2022-10-15 23:53:44,362] {processor.py:161} INFO - Processing /home/airflow/.local/lib/python3.9/site-packages/airflow/example_dags/example_sla_dag.py took 1.999 seconds
[2022-10-15 23:54:20,817] {processor.py:153} INFO - Started process (PID=1039) to work on /home/airflow/.local/lib/python3.9/site-packages/airflow/example_dags/example_sla_dag.py
[2022-10-15 23:54:20,822] {processor.py:641} INFO - Processing file /home/airflow/.local/lib/python3.9/site-packages/airflow/example_dags/example_sla_dag.py for tasks to queue
[2022-10-15 23:54:20,829] {logging_mixin.py:115} INFO - [2022-10-15 23:54:20,828] {dagbag.py:507} INFO - Filling up the DagBag from /home/airflow/.local/lib/python3.9/site-packages/airflow/example_dags/example_sla_dag.py
[2022-10-15 23:54:21,407] {processor.py:651} INFO - DAG(s) dict_keys(['example_sla_dag']) retrieved from /home/airflow/.local/lib/python3.9/site-packages/airflow/example_dags/example_sla_dag.py
[2022-10-15 23:54:22,039] {logging_mixin.py:115} INFO - [2022-10-15 23:54:22,039] {dag.py:2379} INFO - Sync 1 DAGs
[2022-10-15 23:54:22,823] {logging_mixin.py:115} INFO - [2022-10-15 23:54:22,823] {dag.py:2927} INFO - Setting next_dagrun for example_sla_dag to 2022-10-15T23:52:00+00:00, run_after=2022-10-15T23:54:00+00:00
[2022-10-15 23:54:23,032] {processor.py:161} INFO - Processing /home/airflow/.local/lib/python3.9/site-packages/airflow/example_dags/example_sla_dag.py took 2.258 seconds
[2022-10-15 23:54:53,518] {processor.py:153} INFO - Started process (PID=1130) to work on /home/airflow/.local/lib/python3.9/site-packages/airflow/example_dags/example_sla_dag.py
[2022-10-15 23:54:53,522] {processor.py:641} INFO - Processing file /home/airflow/.local/lib/python3.9/site-packages/airflow/example_dags/example_sla_dag.py for tasks to queue
[2022-10-15 23:54:53,536] {logging_mixin.py:115} INFO - [2022-10-15 23:54:53,535] {dagbag.py:507} INFO - Filling up the DagBag from /home/airflow/.local/lib/python3.9/site-packages/airflow/example_dags/example_sla_dag.py
[2022-10-15 23:54:53,906] {processor.py:651} INFO - DAG(s) dict_keys(['example_sla_dag']) retrieved from /home/airflow/.local/lib/python3.9/site-packages/airflow/example_dags/example_sla_dag.py
[2022-10-15 23:54:54,130] {logging_mixin.py:115} INFO - [2022-10-15 23:54:54,130] {dag.py:2379} INFO - Sync 1 DAGs
[2022-10-15 23:54:54,399] {logging_mixin.py:115} INFO - [2022-10-15 23:54:54,399] {dag.py:2927} INFO - Setting next_dagrun for example_sla_dag to 2022-10-15T23:52:00+00:00, run_after=2022-10-15T23:54:00+00:00
[2022-10-15 23:54:54,470] {processor.py:161} INFO - Processing /home/airflow/.local/lib/python3.9/site-packages/airflow/example_dags/example_sla_dag.py took 0.997 seconds
[2022-10-15 23:55:24,883] {processor.py:153} INFO - Started process (PID=1222) to work on /home/airflow/.local/lib/python3.9/site-packages/airflow/example_dags/example_sla_dag.py
[2022-10-15 23:55:24,891] {processor.py:641} INFO - Processing file /home/airflow/.local/lib/python3.9/site-packages/airflow/example_dags/example_sla_dag.py for tasks to queue
[2022-10-15 23:55:24,903] {logging_mixin.py:115} INFO - [2022-10-15 23:55:24,896] {dagbag.py:507} INFO - Filling up the DagBag from /home/airflow/.local/lib/python3.9/site-packages/airflow/example_dags/example_sla_dag.py
[2022-10-15 23:55:25,318] {processor.py:651} INFO - DAG(s) dict_keys(['example_sla_dag']) retrieved from /home/airflow/.local/lib/python3.9/site-packages/airflow/example_dags/example_sla_dag.py
[2022-10-15 23:55:25,677] {logging_mixin.py:115} INFO - [2022-10-15 23:55:25,677] {dag.py:2379} INFO - Sync 1 DAGs
[2022-10-15 23:55:26,099] {logging_mixin.py:115} INFO - [2022-10-15 23:55:26,098] {dag.py:2927} INFO - Setting next_dagrun for example_sla_dag to 2022-10-15T23:52:00+00:00, run_after=2022-10-15T23:54:00+00:00
[2022-10-15 23:55:26,211] {processor.py:161} INFO - Processing /home/airflow/.local/lib/python3.9/site-packages/airflow/example_dags/example_sla_dag.py took 1.361 seconds
[2022-10-15 23:55:56,503] {processor.py:153} INFO - Started process (PID=1321) to work on /home/airflow/.local/lib/python3.9/site-packages/airflow/example_dags/example_sla_dag.py
[2022-10-15 23:55:56,516] {processor.py:641} INFO - Processing file /home/airflow/.local/lib/python3.9/site-packages/airflow/example_dags/example_sla_dag.py for tasks to queue
[2022-10-15 23:55:56,519] {logging_mixin.py:115} INFO - [2022-10-15 23:55:56,519] {dagbag.py:507} INFO - Filling up the DagBag from /home/airflow/.local/lib/python3.9/site-packages/airflow/example_dags/example_sla_dag.py
[2022-10-15 23:55:56,615] {processor.py:651} INFO - DAG(s) dict_keys(['example_sla_dag']) retrieved from /home/airflow/.local/lib/python3.9/site-packages/airflow/example_dags/example_sla_dag.py
[2022-10-15 23:55:56,834] {logging_mixin.py:115} INFO - [2022-10-15 23:55:56,833] {dag.py:2379} INFO - Sync 1 DAGs
[2022-10-15 23:55:57,235] {logging_mixin.py:115} INFO - [2022-10-15 23:55:57,221] {dag.py:2927} INFO - Setting next_dagrun for example_sla_dag to 2022-10-15T23:52:00+00:00, run_after=2022-10-15T23:54:00+00:00
[2022-10-15 23:55:57,311] {processor.py:161} INFO - Processing /home/airflow/.local/lib/python3.9/site-packages/airflow/example_dags/example_sla_dag.py took 0.824 seconds
[2022-10-15 23:56:27,917] {processor.py:153} INFO - Started process (PID=1408) to work on /home/airflow/.local/lib/python3.9/site-packages/airflow/example_dags/example_sla_dag.py
[2022-10-15 23:56:27,922] {processor.py:641} INFO - Processing file /home/airflow/.local/lib/python3.9/site-packages/airflow/example_dags/example_sla_dag.py for tasks to queue
[2022-10-15 23:56:27,927] {logging_mixin.py:115} INFO - [2022-10-15 23:56:27,925] {dagbag.py:507} INFO - Filling up the DagBag from /home/airflow/.local/lib/python3.9/site-packages/airflow/example_dags/example_sla_dag.py
[2022-10-15 23:56:28,148] {processor.py:651} INFO - DAG(s) dict_keys(['example_sla_dag']) retrieved from /home/airflow/.local/lib/python3.9/site-packages/airflow/example_dags/example_sla_dag.py
[2022-10-15 23:56:28,358] {logging_mixin.py:115} INFO - [2022-10-15 23:56:28,357] {dag.py:2379} INFO - Sync 1 DAGs
[2022-10-15 23:56:28,510] {logging_mixin.py:115} INFO - [2022-10-15 23:56:28,509] {dag.py:2927} INFO - Setting next_dagrun for example_sla_dag to 2022-10-15T23:54:00+00:00, run_after=2022-10-15T23:56:00+00:00
[2022-10-15 23:56:28,547] {processor.py:161} INFO - Processing /home/airflow/.local/lib/python3.9/site-packages/airflow/example_dags/example_sla_dag.py took 0.648 seconds
[2022-10-15 23:56:58,798] {processor.py:153} INFO - Started process (PID=1501) to work on /home/airflow/.local/lib/python3.9/site-packages/airflow/example_dags/example_sla_dag.py
[2022-10-15 23:56:58,804] {processor.py:641} INFO - Processing file /home/airflow/.local/lib/python3.9/site-packages/airflow/example_dags/example_sla_dag.py for tasks to queue
[2022-10-15 23:56:58,809] {logging_mixin.py:115} INFO - [2022-10-15 23:56:58,808] {dagbag.py:507} INFO - Filling up the DagBag from /home/airflow/.local/lib/python3.9/site-packages/airflow/example_dags/example_sla_dag.py
[2022-10-15 23:56:59,038] {processor.py:651} INFO - DAG(s) dict_keys(['example_sla_dag']) retrieved from /home/airflow/.local/lib/python3.9/site-packages/airflow/example_dags/example_sla_dag.py
[2022-10-15 23:56:59,244] {logging_mixin.py:115} INFO - [2022-10-15 23:56:59,243] {dag.py:2379} INFO - Sync 1 DAGs
[2022-10-15 23:56:59,447] {logging_mixin.py:115} INFO - [2022-10-15 23:56:59,447] {dag.py:2927} INFO - Setting next_dagrun for example_sla_dag to 2022-10-15T23:54:00+00:00, run_after=2022-10-15T23:56:00+00:00
[2022-10-15 23:56:59,487] {processor.py:161} INFO - Processing /home/airflow/.local/lib/python3.9/site-packages/airflow/example_dags/example_sla_dag.py took 0.703 seconds
[2022-10-15 23:57:29,767] {processor.py:153} INFO - Started process (PID=1587) to work on /home/airflow/.local/lib/python3.9/site-packages/airflow/example_dags/example_sla_dag.py
[2022-10-15 23:57:29,772] {processor.py:641} INFO - Processing file /home/airflow/.local/lib/python3.9/site-packages/airflow/example_dags/example_sla_dag.py for tasks to queue
[2022-10-15 23:57:29,776] {logging_mixin.py:115} INFO - [2022-10-15 23:57:29,776] {dagbag.py:507} INFO - Filling up the DagBag from /home/airflow/.local/lib/python3.9/site-packages/airflow/example_dags/example_sla_dag.py
[2022-10-15 23:57:29,934] {processor.py:651} INFO - DAG(s) dict_keys(['example_sla_dag']) retrieved from /home/airflow/.local/lib/python3.9/site-packages/airflow/example_dags/example_sla_dag.py
[2022-10-15 23:57:30,105] {logging_mixin.py:115} INFO - [2022-10-15 23:57:30,104] {dag.py:2379} INFO - Sync 1 DAGs
[2022-10-15 23:57:30,367] {logging_mixin.py:115} INFO - [2022-10-15 23:57:30,366] {dag.py:2927} INFO - Setting next_dagrun for example_sla_dag to 2022-10-15T23:54:00+00:00, run_after=2022-10-15T23:56:00+00:00
[2022-10-15 23:57:30,432] {processor.py:161} INFO - Processing /home/airflow/.local/lib/python3.9/site-packages/airflow/example_dags/example_sla_dag.py took 0.687 seconds
[2022-10-15 23:58:00,763] {processor.py:153} INFO - Started process (PID=1680) to work on /home/airflow/.local/lib/python3.9/site-packages/airflow/example_dags/example_sla_dag.py
[2022-10-15 23:58:00,767] {processor.py:641} INFO - Processing file /home/airflow/.local/lib/python3.9/site-packages/airflow/example_dags/example_sla_dag.py for tasks to queue
[2022-10-15 23:58:00,770] {logging_mixin.py:115} INFO - [2022-10-15 23:58:00,770] {dagbag.py:507} INFO - Filling up the DagBag from /home/airflow/.local/lib/python3.9/site-packages/airflow/example_dags/example_sla_dag.py
[2022-10-15 23:58:00,859] {processor.py:651} INFO - DAG(s) dict_keys(['example_sla_dag']) retrieved from /home/airflow/.local/lib/python3.9/site-packages/airflow/example_dags/example_sla_dag.py
[2022-10-15 23:58:00,984] {logging_mixin.py:115} INFO - [2022-10-15 23:58:00,983] {dag.py:2379} INFO - Sync 1 DAGs
[2022-10-15 23:58:01,102] {logging_mixin.py:115} INFO - [2022-10-15 23:58:01,101] {dag.py:2927} INFO - Setting next_dagrun for example_sla_dag to 2022-10-15T23:56:00+00:00, run_after=2022-10-15T23:58:00+00:00
[2022-10-15 23:58:01,139] {processor.py:161} INFO - Processing /home/airflow/.local/lib/python3.9/site-packages/airflow/example_dags/example_sla_dag.py took 0.385 seconds
[2022-10-15 23:58:31,687] {processor.py:153} INFO - Started process (PID=1766) to work on /home/airflow/.local/lib/python3.9/site-packages/airflow/example_dags/example_sla_dag.py
[2022-10-15 23:58:31,692] {processor.py:641} INFO - Processing file /home/airflow/.local/lib/python3.9/site-packages/airflow/example_dags/example_sla_dag.py for tasks to queue
[2022-10-15 23:58:31,697] {logging_mixin.py:115} INFO - [2022-10-15 23:58:31,696] {dagbag.py:507} INFO - Filling up the DagBag from /home/airflow/.local/lib/python3.9/site-packages/airflow/example_dags/example_sla_dag.py
[2022-10-15 23:58:31,908] {processor.py:651} INFO - DAG(s) dict_keys(['example_sla_dag']) retrieved from /home/airflow/.local/lib/python3.9/site-packages/airflow/example_dags/example_sla_dag.py
[2022-10-15 23:58:32,009] {logging_mixin.py:115} INFO - [2022-10-15 23:58:32,008] {dag.py:2379} INFO - Sync 1 DAGs
[2022-10-15 23:58:32,148] {logging_mixin.py:115} INFO - [2022-10-15 23:58:32,148] {dag.py:2927} INFO - Setting next_dagrun for example_sla_dag to 2022-10-15T23:56:00+00:00, run_after=2022-10-15T23:58:00+00:00
[2022-10-15 23:58:32,190] {processor.py:161} INFO - Processing /home/airflow/.local/lib/python3.9/site-packages/airflow/example_dags/example_sla_dag.py took 0.521 seconds
[2022-10-15 23:59:02,387] {processor.py:153} INFO - Started process (PID=1858) to work on /home/airflow/.local/lib/python3.9/site-packages/airflow/example_dags/example_sla_dag.py
[2022-10-15 23:59:02,399] {processor.py:641} INFO - Processing file /home/airflow/.local/lib/python3.9/site-packages/airflow/example_dags/example_sla_dag.py for tasks to queue
[2022-10-15 23:59:02,403] {logging_mixin.py:115} INFO - [2022-10-15 23:59:02,402] {dagbag.py:507} INFO - Filling up the DagBag from /home/airflow/.local/lib/python3.9/site-packages/airflow/example_dags/example_sla_dag.py
[2022-10-15 23:59:02,511] {processor.py:651} INFO - DAG(s) dict_keys(['example_sla_dag']) retrieved from /home/airflow/.local/lib/python3.9/site-packages/airflow/example_dags/example_sla_dag.py
[2022-10-15 23:59:02,606] {logging_mixin.py:115} INFO - [2022-10-15 23:59:02,606] {dag.py:2379} INFO - Sync 1 DAGs
[2022-10-15 23:59:02,782] {logging_mixin.py:115} INFO - [2022-10-15 23:59:02,781] {dag.py:2927} INFO - Setting next_dagrun for example_sla_dag to 2022-10-15T23:56:00+00:00, run_after=2022-10-15T23:58:00+00:00
[2022-10-15 23:59:02,822] {processor.py:161} INFO - Processing /home/airflow/.local/lib/python3.9/site-packages/airflow/example_dags/example_sla_dag.py took 0.443 seconds
[2022-10-15 23:59:33,443] {processor.py:153} INFO - Started process (PID=1942) to work on /home/airflow/.local/lib/python3.9/site-packages/airflow/example_dags/example_sla_dag.py
[2022-10-15 23:59:33,447] {processor.py:641} INFO - Processing file /home/airflow/.local/lib/python3.9/site-packages/airflow/example_dags/example_sla_dag.py for tasks to queue
[2022-10-15 23:59:33,450] {logging_mixin.py:115} INFO - [2022-10-15 23:59:33,450] {dagbag.py:507} INFO - Filling up the DagBag from /home/airflow/.local/lib/python3.9/site-packages/airflow/example_dags/example_sla_dag.py
[2022-10-15 23:59:33,565] {processor.py:651} INFO - DAG(s) dict_keys(['example_sla_dag']) retrieved from /home/airflow/.local/lib/python3.9/site-packages/airflow/example_dags/example_sla_dag.py
[2022-10-15 23:59:33,647] {logging_mixin.py:115} INFO - [2022-10-15 23:59:33,646] {dag.py:2379} INFO - Sync 1 DAGs
[2022-10-15 23:59:33,813] {logging_mixin.py:115} INFO - [2022-10-15 23:59:33,812] {dag.py:2927} INFO - Setting next_dagrun for example_sla_dag to 2022-10-15T23:56:00+00:00, run_after=2022-10-15T23:58:00+00:00
[2022-10-15 23:59:33,854] {processor.py:161} INFO - Processing /home/airflow/.local/lib/python3.9/site-packages/airflow/example_dags/example_sla_dag.py took 0.419 seconds
