[2022-10-15 23:49:10,641] {processor.py:153} INFO - Started process (PID=295) to work on /home/airflow/.local/lib/python3.9/site-packages/airflow/example_dags/example_short_circuit_operator.py
[2022-10-15 23:49:10,653] {processor.py:641} INFO - Processing file /home/airflow/.local/lib/python3.9/site-packages/airflow/example_dags/example_short_circuit_operator.py for tasks to queue
[2022-10-15 23:49:10,666] {logging_mixin.py:115} INFO - [2022-10-15 23:49:10,665] {dagbag.py:507} INFO - Filling up the DagBag from /home/airflow/.local/lib/python3.9/site-packages/airflow/example_dags/example_short_circuit_operator.py
[2022-10-15 23:49:10,877] {processor.py:651} INFO - DAG(s) dict_keys(['example_short_circuit_operator']) retrieved from /home/airflow/.local/lib/python3.9/site-packages/airflow/example_dags/example_short_circuit_operator.py
[2022-10-15 23:49:12,135] {logging_mixin.py:115} INFO - [2022-10-15 23:49:12,134] {manager.py:508} INFO - Created Permission View: can delete on DAG:example_short_circuit_operator
[2022-10-15 23:49:12,272] {logging_mixin.py:115} INFO - [2022-10-15 23:49:12,271] {manager.py:508} INFO - Created Permission View: can edit on DAG:example_short_circuit_operator
[2022-10-15 23:49:12,364] {logging_mixin.py:115} INFO - [2022-10-15 23:49:12,363] {manager.py:508} INFO - Created Permission View: can read on DAG:example_short_circuit_operator
[2022-10-15 23:49:12,367] {logging_mixin.py:115} INFO - [2022-10-15 23:49:12,367] {dag.py:2379} INFO - Sync 1 DAGs
[2022-10-15 23:49:12,510] {logging_mixin.py:115} INFO - [2022-10-15 23:49:12,510] {dag.py:2398} INFO - Creating ORM DAG for example_short_circuit_operator
[2022-10-15 23:49:13,565] {logging_mixin.py:115} INFO - [2022-10-15 23:49:13,563] {dag.py:2927} INFO - Setting next_dagrun for example_short_circuit_operator to 2022-10-14T23:49:13.543829+00:00, run_after=2022-10-15T23:49:13.543829+00:00
[2022-10-15 23:49:13,760] {processor.py:161} INFO - Processing /home/airflow/.local/lib/python3.9/site-packages/airflow/example_dags/example_short_circuit_operator.py took 3.154 seconds
[2022-10-15 23:49:56,900] {processor.py:153} INFO - Started process (PID=402) to work on /home/airflow/.local/lib/python3.9/site-packages/airflow/example_dags/example_short_circuit_operator.py
[2022-10-15 23:49:56,914] {processor.py:641} INFO - Processing file /home/airflow/.local/lib/python3.9/site-packages/airflow/example_dags/example_short_circuit_operator.py for tasks to queue
[2022-10-15 23:49:56,922] {logging_mixin.py:115} INFO - [2022-10-15 23:49:56,921] {dagbag.py:507} INFO - Filling up the DagBag from /home/airflow/.local/lib/python3.9/site-packages/airflow/example_dags/example_short_circuit_operator.py
[2022-10-15 23:49:57,125] {processor.py:651} INFO - DAG(s) dict_keys(['example_short_circuit_operator']) retrieved from /home/airflow/.local/lib/python3.9/site-packages/airflow/example_dags/example_short_circuit_operator.py
[2022-10-15 23:49:57,547] {logging_mixin.py:115} INFO - [2022-10-15 23:49:57,547] {dag.py:2379} INFO - Sync 1 DAGs
[2022-10-15 23:49:58,048] {logging_mixin.py:115} INFO - [2022-10-15 23:49:58,047] {dag.py:2927} INFO - Setting next_dagrun for example_short_circuit_operator to 2022-10-14T23:49:58.040696+00:00, run_after=2022-10-15T23:49:58.040696+00:00
[2022-10-15 23:49:58,205] {processor.py:161} INFO - Processing /home/airflow/.local/lib/python3.9/site-packages/airflow/example_dags/example_short_circuit_operator.py took 1.330 seconds
[2022-10-15 23:50:32,062] {processor.py:153} INFO - Started process (PID=488) to work on /home/airflow/.local/lib/python3.9/site-packages/airflow/example_dags/example_short_circuit_operator.py
[2022-10-15 23:50:32,074] {processor.py:641} INFO - Processing file /home/airflow/.local/lib/python3.9/site-packages/airflow/example_dags/example_short_circuit_operator.py for tasks to queue
[2022-10-15 23:50:32,087] {logging_mixin.py:115} INFO - [2022-10-15 23:50:32,087] {dagbag.py:507} INFO - Filling up the DagBag from /home/airflow/.local/lib/python3.9/site-packages/airflow/example_dags/example_short_circuit_operator.py
[2022-10-15 23:50:32,203] {processor.py:651} INFO - DAG(s) dict_keys(['example_short_circuit_operator']) retrieved from /home/airflow/.local/lib/python3.9/site-packages/airflow/example_dags/example_short_circuit_operator.py
[2022-10-15 23:50:32,551] {logging_mixin.py:115} INFO - [2022-10-15 23:50:32,550] {dag.py:2379} INFO - Sync 1 DAGs
[2022-10-15 23:50:32,846] {logging_mixin.py:115} INFO - [2022-10-15 23:50:32,845] {dag.py:2927} INFO - Setting next_dagrun for example_short_circuit_operator to 2022-10-14T23:50:32.843857+00:00, run_after=2022-10-15T23:50:32.843857+00:00
[2022-10-15 23:50:33,118] {processor.py:161} INFO - Processing /home/airflow/.local/lib/python3.9/site-packages/airflow/example_dags/example_short_circuit_operator.py took 1.101 seconds
[2022-10-15 23:51:04,649] {processor.py:153} INFO - Started process (PID=580) to work on /home/airflow/.local/lib/python3.9/site-packages/airflow/example_dags/example_short_circuit_operator.py
[2022-10-15 23:51:04,674] {processor.py:641} INFO - Processing file /home/airflow/.local/lib/python3.9/site-packages/airflow/example_dags/example_short_circuit_operator.py for tasks to queue
[2022-10-15 23:51:04,685] {logging_mixin.py:115} INFO - [2022-10-15 23:51:04,684] {dagbag.py:507} INFO - Filling up the DagBag from /home/airflow/.local/lib/python3.9/site-packages/airflow/example_dags/example_short_circuit_operator.py
[2022-10-15 23:51:04,936] {processor.py:651} INFO - DAG(s) dict_keys(['example_short_circuit_operator']) retrieved from /home/airflow/.local/lib/python3.9/site-packages/airflow/example_dags/example_short_circuit_operator.py
[2022-10-15 23:51:05,227] {logging_mixin.py:115} INFO - [2022-10-15 23:51:05,227] {dag.py:2379} INFO - Sync 1 DAGs
[2022-10-15 23:51:05,780] {logging_mixin.py:115} INFO - [2022-10-15 23:51:05,779] {dag.py:2927} INFO - Setting next_dagrun for example_short_circuit_operator to 2022-10-14T23:51:05.766951+00:00, run_after=2022-10-15T23:51:05.766951+00:00
[2022-10-15 23:51:06,005] {processor.py:161} INFO - Processing /home/airflow/.local/lib/python3.9/site-packages/airflow/example_dags/example_short_circuit_operator.py took 1.375 seconds
[2022-10-15 23:51:43,999] {processor.py:153} INFO - Started process (PID=676) to work on /home/airflow/.local/lib/python3.9/site-packages/airflow/example_dags/example_short_circuit_operator.py
[2022-10-15 23:51:44,026] {processor.py:641} INFO - Processing file /home/airflow/.local/lib/python3.9/site-packages/airflow/example_dags/example_short_circuit_operator.py for tasks to queue
[2022-10-15 23:51:44,046] {logging_mixin.py:115} INFO - [2022-10-15 23:51:44,046] {dagbag.py:507} INFO - Filling up the DagBag from /home/airflow/.local/lib/python3.9/site-packages/airflow/example_dags/example_short_circuit_operator.py
[2022-10-15 23:51:44,483] {processor.py:651} INFO - DAG(s) dict_keys(['example_short_circuit_operator']) retrieved from /home/airflow/.local/lib/python3.9/site-packages/airflow/example_dags/example_short_circuit_operator.py
[2022-10-15 23:51:45,181] {logging_mixin.py:115} INFO - [2022-10-15 23:51:45,180] {dag.py:2379} INFO - Sync 1 DAGs
[2022-10-15 23:51:45,613] {logging_mixin.py:115} INFO - [2022-10-15 23:51:45,613] {dag.py:2927} INFO - Setting next_dagrun for example_short_circuit_operator to 2022-10-14T23:51:45.594955+00:00, run_after=2022-10-15T23:51:45.594955+00:00
[2022-10-15 23:51:45,805] {processor.py:161} INFO - Processing /home/airflow/.local/lib/python3.9/site-packages/airflow/example_dags/example_short_circuit_operator.py took 1.884 seconds
[2022-10-15 23:52:27,392] {processor.py:153} INFO - Started process (PID=770) to work on /home/airflow/.local/lib/python3.9/site-packages/airflow/example_dags/example_short_circuit_operator.py
[2022-10-15 23:52:27,397] {processor.py:641} INFO - Processing file /home/airflow/.local/lib/python3.9/site-packages/airflow/example_dags/example_short_circuit_operator.py for tasks to queue
[2022-10-15 23:52:27,404] {logging_mixin.py:115} INFO - [2022-10-15 23:52:27,404] {dagbag.py:507} INFO - Filling up the DagBag from /home/airflow/.local/lib/python3.9/site-packages/airflow/example_dags/example_short_circuit_operator.py
[2022-10-15 23:52:27,657] {processor.py:651} INFO - DAG(s) dict_keys(['example_short_circuit_operator']) retrieved from /home/airflow/.local/lib/python3.9/site-packages/airflow/example_dags/example_short_circuit_operator.py
[2022-10-15 23:52:28,222] {logging_mixin.py:115} INFO - [2022-10-15 23:52:28,221] {dag.py:2379} INFO - Sync 1 DAGs
[2022-10-15 23:52:28,756] {logging_mixin.py:115} INFO - [2022-10-15 23:52:28,755] {dag.py:2927} INFO - Setting next_dagrun for example_short_circuit_operator to 2022-10-14T23:52:28.730706+00:00, run_after=2022-10-15T23:52:28.730706+00:00
[2022-10-15 23:52:28,957] {processor.py:161} INFO - Processing /home/airflow/.local/lib/python3.9/site-packages/airflow/example_dags/example_short_circuit_operator.py took 1.613 seconds
[2022-10-15 23:53:07,778] {processor.py:153} INFO - Started process (PID=861) to work on /home/airflow/.local/lib/python3.9/site-packages/airflow/example_dags/example_short_circuit_operator.py
[2022-10-15 23:53:07,788] {processor.py:641} INFO - Processing file /home/airflow/.local/lib/python3.9/site-packages/airflow/example_dags/example_short_circuit_operator.py for tasks to queue
[2022-10-15 23:53:07,802] {logging_mixin.py:115} INFO - [2022-10-15 23:53:07,801] {dagbag.py:507} INFO - Filling up the DagBag from /home/airflow/.local/lib/python3.9/site-packages/airflow/example_dags/example_short_circuit_operator.py
[2022-10-15 23:53:08,086] {processor.py:651} INFO - DAG(s) dict_keys(['example_short_circuit_operator']) retrieved from /home/airflow/.local/lib/python3.9/site-packages/airflow/example_dags/example_short_circuit_operator.py
[2022-10-15 23:53:08,695] {logging_mixin.py:115} INFO - [2022-10-15 23:53:08,694] {dag.py:2379} INFO - Sync 1 DAGs
[2022-10-15 23:53:09,228] {logging_mixin.py:115} INFO - [2022-10-15 23:53:09,227] {dag.py:2927} INFO - Setting next_dagrun for example_short_circuit_operator to 2022-10-14T23:53:09.215079+00:00, run_after=2022-10-15T23:53:09.215079+00:00
[2022-10-15 23:53:09,452] {processor.py:161} INFO - Processing /home/airflow/.local/lib/python3.9/site-packages/airflow/example_dags/example_short_circuit_operator.py took 1.740 seconds
[2022-10-15 23:53:45,295] {processor.py:153} INFO - Started process (PID=952) to work on /home/airflow/.local/lib/python3.9/site-packages/airflow/example_dags/example_short_circuit_operator.py
[2022-10-15 23:53:45,298] {processor.py:641} INFO - Processing file /home/airflow/.local/lib/python3.9/site-packages/airflow/example_dags/example_short_circuit_operator.py for tasks to queue
[2022-10-15 23:53:45,302] {logging_mixin.py:115} INFO - [2022-10-15 23:53:45,302] {dagbag.py:507} INFO - Filling up the DagBag from /home/airflow/.local/lib/python3.9/site-packages/airflow/example_dags/example_short_circuit_operator.py
[2022-10-15 23:53:45,441] {processor.py:651} INFO - DAG(s) dict_keys(['example_short_circuit_operator']) retrieved from /home/airflow/.local/lib/python3.9/site-packages/airflow/example_dags/example_short_circuit_operator.py
[2022-10-15 23:53:45,910] {logging_mixin.py:115} INFO - [2022-10-15 23:53:45,910] {dag.py:2379} INFO - Sync 1 DAGs
[2022-10-15 23:53:46,539] {logging_mixin.py:115} INFO - [2022-10-15 23:53:46,521] {dag.py:2927} INFO - Setting next_dagrun for example_short_circuit_operator to 2022-10-14T23:53:46.518996+00:00, run_after=2022-10-15T23:53:46.518996+00:00
[2022-10-15 23:53:46,787] {processor.py:161} INFO - Processing /home/airflow/.local/lib/python3.9/site-packages/airflow/example_dags/example_short_circuit_operator.py took 1.517 seconds
[2022-10-15 23:54:24,268] {processor.py:153} INFO - Started process (PID=1045) to work on /home/airflow/.local/lib/python3.9/site-packages/airflow/example_dags/example_short_circuit_operator.py
[2022-10-15 23:54:24,292] {processor.py:641} INFO - Processing file /home/airflow/.local/lib/python3.9/site-packages/airflow/example_dags/example_short_circuit_operator.py for tasks to queue
[2022-10-15 23:54:24,297] {logging_mixin.py:115} INFO - [2022-10-15 23:54:24,297] {dagbag.py:507} INFO - Filling up the DagBag from /home/airflow/.local/lib/python3.9/site-packages/airflow/example_dags/example_short_circuit_operator.py
[2022-10-15 23:54:24,508] {processor.py:651} INFO - DAG(s) dict_keys(['example_short_circuit_operator']) retrieved from /home/airflow/.local/lib/python3.9/site-packages/airflow/example_dags/example_short_circuit_operator.py
[2022-10-15 23:54:25,101] {logging_mixin.py:115} INFO - [2022-10-15 23:54:25,100] {dag.py:2379} INFO - Sync 1 DAGs
[2022-10-15 23:54:25,640] {logging_mixin.py:115} INFO - [2022-10-15 23:54:25,640] {dag.py:2927} INFO - Setting next_dagrun for example_short_circuit_operator to 2022-10-14T23:54:25.637902+00:00, run_after=2022-10-15T23:54:25.637902+00:00
[2022-10-15 23:54:25,855] {processor.py:161} INFO - Processing /home/airflow/.local/lib/python3.9/site-packages/airflow/example_dags/example_short_circuit_operator.py took 1.645 seconds
[2022-10-15 23:54:56,412] {processor.py:153} INFO - Started process (PID=1146) to work on /home/airflow/.local/lib/python3.9/site-packages/airflow/example_dags/example_short_circuit_operator.py
[2022-10-15 23:54:56,418] {processor.py:641} INFO - Processing file /home/airflow/.local/lib/python3.9/site-packages/airflow/example_dags/example_short_circuit_operator.py for tasks to queue
[2022-10-15 23:54:56,429] {logging_mixin.py:115} INFO - [2022-10-15 23:54:56,428] {dagbag.py:507} INFO - Filling up the DagBag from /home/airflow/.local/lib/python3.9/site-packages/airflow/example_dags/example_short_circuit_operator.py
[2022-10-15 23:54:56,736] {processor.py:651} INFO - DAG(s) dict_keys(['example_short_circuit_operator']) retrieved from /home/airflow/.local/lib/python3.9/site-packages/airflow/example_dags/example_short_circuit_operator.py
[2022-10-15 23:54:57,357] {logging_mixin.py:115} INFO - [2022-10-15 23:54:57,356] {dag.py:2379} INFO - Sync 1 DAGs
[2022-10-15 23:54:57,838] {logging_mixin.py:115} INFO - [2022-10-15 23:54:57,837] {dag.py:2927} INFO - Setting next_dagrun for example_short_circuit_operator to 2022-10-14T23:54:57.835477+00:00, run_after=2022-10-15T23:54:57.835477+00:00
[2022-10-15 23:54:57,974] {processor.py:161} INFO - Processing /home/airflow/.local/lib/python3.9/site-packages/airflow/example_dags/example_short_circuit_operator.py took 1.620 seconds
[2022-10-15 23:55:28,190] {processor.py:153} INFO - Started process (PID=1232) to work on /home/airflow/.local/lib/python3.9/site-packages/airflow/example_dags/example_short_circuit_operator.py
[2022-10-15 23:55:28,197] {processor.py:641} INFO - Processing file /home/airflow/.local/lib/python3.9/site-packages/airflow/example_dags/example_short_circuit_operator.py for tasks to queue
[2022-10-15 23:55:28,203] {logging_mixin.py:115} INFO - [2022-10-15 23:55:28,202] {dagbag.py:507} INFO - Filling up the DagBag from /home/airflow/.local/lib/python3.9/site-packages/airflow/example_dags/example_short_circuit_operator.py
[2022-10-15 23:55:28,288] {processor.py:651} INFO - DAG(s) dict_keys(['example_short_circuit_operator']) retrieved from /home/airflow/.local/lib/python3.9/site-packages/airflow/example_dags/example_short_circuit_operator.py
[2022-10-15 23:55:28,632] {logging_mixin.py:115} INFO - [2022-10-15 23:55:28,631] {dag.py:2379} INFO - Sync 1 DAGs
[2022-10-15 23:55:28,953] {logging_mixin.py:115} INFO - [2022-10-15 23:55:28,952] {dag.py:2927} INFO - Setting next_dagrun for example_short_circuit_operator to 2022-10-14T23:55:28.940087+00:00, run_after=2022-10-15T23:55:28.940087+00:00
[2022-10-15 23:55:29,104] {processor.py:161} INFO - Processing /home/airflow/.local/lib/python3.9/site-packages/airflow/example_dags/example_short_circuit_operator.py took 0.927 seconds
[2022-10-15 23:55:59,741] {processor.py:153} INFO - Started process (PID=1327) to work on /home/airflow/.local/lib/python3.9/site-packages/airflow/example_dags/example_short_circuit_operator.py
[2022-10-15 23:55:59,745] {processor.py:641} INFO - Processing file /home/airflow/.local/lib/python3.9/site-packages/airflow/example_dags/example_short_circuit_operator.py for tasks to queue
[2022-10-15 23:55:59,751] {logging_mixin.py:115} INFO - [2022-10-15 23:55:59,751] {dagbag.py:507} INFO - Filling up the DagBag from /home/airflow/.local/lib/python3.9/site-packages/airflow/example_dags/example_short_circuit_operator.py
[2022-10-15 23:55:59,855] {processor.py:651} INFO - DAG(s) dict_keys(['example_short_circuit_operator']) retrieved from /home/airflow/.local/lib/python3.9/site-packages/airflow/example_dags/example_short_circuit_operator.py
[2022-10-15 23:56:00,040] {logging_mixin.py:115} INFO - [2022-10-15 23:56:00,039] {dag.py:2379} INFO - Sync 1 DAGs
[2022-10-15 23:56:00,235] {logging_mixin.py:115} INFO - [2022-10-15 23:56:00,234] {dag.py:2927} INFO - Setting next_dagrun for example_short_circuit_operator to 2022-10-14T23:56:00.232571+00:00, run_after=2022-10-15T23:56:00.232571+00:00
[2022-10-15 23:56:00,287] {processor.py:161} INFO - Processing /home/airflow/.local/lib/python3.9/site-packages/airflow/example_dags/example_short_circuit_operator.py took 0.562 seconds
[2022-10-15 23:56:30,638] {processor.py:153} INFO - Started process (PID=1414) to work on /home/airflow/.local/lib/python3.9/site-packages/airflow/example_dags/example_short_circuit_operator.py
[2022-10-15 23:56:30,641] {processor.py:641} INFO - Processing file /home/airflow/.local/lib/python3.9/site-packages/airflow/example_dags/example_short_circuit_operator.py for tasks to queue
[2022-10-15 23:56:30,644] {logging_mixin.py:115} INFO - [2022-10-15 23:56:30,643] {dagbag.py:507} INFO - Filling up the DagBag from /home/airflow/.local/lib/python3.9/site-packages/airflow/example_dags/example_short_circuit_operator.py
[2022-10-15 23:56:30,700] {processor.py:651} INFO - DAG(s) dict_keys(['example_short_circuit_operator']) retrieved from /home/airflow/.local/lib/python3.9/site-packages/airflow/example_dags/example_short_circuit_operator.py
[2022-10-15 23:56:30,797] {logging_mixin.py:115} INFO - [2022-10-15 23:56:30,797] {dag.py:2379} INFO - Sync 1 DAGs
[2022-10-15 23:56:30,887] {logging_mixin.py:115} INFO - [2022-10-15 23:56:30,886] {dag.py:2927} INFO - Setting next_dagrun for example_short_circuit_operator to 2022-10-14T23:56:30.884637+00:00, run_after=2022-10-15T23:56:30.884637+00:00
[2022-10-15 23:56:30,963] {processor.py:161} INFO - Processing /home/airflow/.local/lib/python3.9/site-packages/airflow/example_dags/example_short_circuit_operator.py took 0.342 seconds
[2022-10-15 23:57:01,574] {processor.py:153} INFO - Started process (PID=1507) to work on /home/airflow/.local/lib/python3.9/site-packages/airflow/example_dags/example_short_circuit_operator.py
[2022-10-15 23:57:01,577] {processor.py:641} INFO - Processing file /home/airflow/.local/lib/python3.9/site-packages/airflow/example_dags/example_short_circuit_operator.py for tasks to queue
[2022-10-15 23:57:01,581] {logging_mixin.py:115} INFO - [2022-10-15 23:57:01,580] {dagbag.py:507} INFO - Filling up the DagBag from /home/airflow/.local/lib/python3.9/site-packages/airflow/example_dags/example_short_circuit_operator.py
[2022-10-15 23:57:01,622] {processor.py:651} INFO - DAG(s) dict_keys(['example_short_circuit_operator']) retrieved from /home/airflow/.local/lib/python3.9/site-packages/airflow/example_dags/example_short_circuit_operator.py
[2022-10-15 23:57:01,717] {logging_mixin.py:115} INFO - [2022-10-15 23:57:01,717] {dag.py:2379} INFO - Sync 1 DAGs
[2022-10-15 23:57:01,819] {logging_mixin.py:115} INFO - [2022-10-15 23:57:01,818] {dag.py:2927} INFO - Setting next_dagrun for example_short_circuit_operator to 2022-10-14T23:57:01.816583+00:00, run_after=2022-10-15T23:57:01.816583+00:00
[2022-10-15 23:57:01,869] {processor.py:161} INFO - Processing /home/airflow/.local/lib/python3.9/site-packages/airflow/example_dags/example_short_circuit_operator.py took 0.305 seconds
[2022-10-15 23:57:32,510] {processor.py:153} INFO - Started process (PID=1593) to work on /home/airflow/.local/lib/python3.9/site-packages/airflow/example_dags/example_short_circuit_operator.py
[2022-10-15 23:57:32,513] {processor.py:641} INFO - Processing file /home/airflow/.local/lib/python3.9/site-packages/airflow/example_dags/example_short_circuit_operator.py for tasks to queue
[2022-10-15 23:57:32,516] {logging_mixin.py:115} INFO - [2022-10-15 23:57:32,515] {dagbag.py:507} INFO - Filling up the DagBag from /home/airflow/.local/lib/python3.9/site-packages/airflow/example_dags/example_short_circuit_operator.py
[2022-10-15 23:57:32,554] {processor.py:651} INFO - DAG(s) dict_keys(['example_short_circuit_operator']) retrieved from /home/airflow/.local/lib/python3.9/site-packages/airflow/example_dags/example_short_circuit_operator.py
[2022-10-15 23:57:32,642] {logging_mixin.py:115} INFO - [2022-10-15 23:57:32,642] {dag.py:2379} INFO - Sync 1 DAGs
[2022-10-15 23:57:32,740] {logging_mixin.py:115} INFO - [2022-10-15 23:57:32,739] {dag.py:2927} INFO - Setting next_dagrun for example_short_circuit_operator to 2022-10-14T23:57:32.737638+00:00, run_after=2022-10-15T23:57:32.737638+00:00
[2022-10-15 23:57:32,778] {processor.py:161} INFO - Processing /home/airflow/.local/lib/python3.9/site-packages/airflow/example_dags/example_short_circuit_operator.py took 0.277 seconds
[2022-10-15 23:58:03,212] {processor.py:153} INFO - Started process (PID=1684) to work on /home/airflow/.local/lib/python3.9/site-packages/airflow/example_dags/example_short_circuit_operator.py
[2022-10-15 23:58:03,216] {processor.py:641} INFO - Processing file /home/airflow/.local/lib/python3.9/site-packages/airflow/example_dags/example_short_circuit_operator.py for tasks to queue
[2022-10-15 23:58:03,219] {logging_mixin.py:115} INFO - [2022-10-15 23:58:03,219] {dagbag.py:507} INFO - Filling up the DagBag from /home/airflow/.local/lib/python3.9/site-packages/airflow/example_dags/example_short_circuit_operator.py
[2022-10-15 23:58:03,260] {processor.py:651} INFO - DAG(s) dict_keys(['example_short_circuit_operator']) retrieved from /home/airflow/.local/lib/python3.9/site-packages/airflow/example_dags/example_short_circuit_operator.py
[2022-10-15 23:58:03,357] {logging_mixin.py:115} INFO - [2022-10-15 23:58:03,356] {dag.py:2379} INFO - Sync 1 DAGs
[2022-10-15 23:58:03,451] {logging_mixin.py:115} INFO - [2022-10-15 23:58:03,451] {dag.py:2927} INFO - Setting next_dagrun for example_short_circuit_operator to 2022-10-14T23:58:03.449163+00:00, run_after=2022-10-15T23:58:03.449163+00:00
[2022-10-15 23:58:03,497] {processor.py:161} INFO - Processing /home/airflow/.local/lib/python3.9/site-packages/airflow/example_dags/example_short_circuit_operator.py took 0.295 seconds
[2022-10-15 23:58:33,996] {processor.py:153} INFO - Started process (PID=1770) to work on /home/airflow/.local/lib/python3.9/site-packages/airflow/example_dags/example_short_circuit_operator.py
[2022-10-15 23:58:33,999] {processor.py:641} INFO - Processing file /home/airflow/.local/lib/python3.9/site-packages/airflow/example_dags/example_short_circuit_operator.py for tasks to queue
[2022-10-15 23:58:34,002] {logging_mixin.py:115} INFO - [2022-10-15 23:58:34,002] {dagbag.py:507} INFO - Filling up the DagBag from /home/airflow/.local/lib/python3.9/site-packages/airflow/example_dags/example_short_circuit_operator.py
[2022-10-15 23:58:34,041] {processor.py:651} INFO - DAG(s) dict_keys(['example_short_circuit_operator']) retrieved from /home/airflow/.local/lib/python3.9/site-packages/airflow/example_dags/example_short_circuit_operator.py
[2022-10-15 23:58:34,128] {logging_mixin.py:115} INFO - [2022-10-15 23:58:34,128] {dag.py:2379} INFO - Sync 1 DAGs
[2022-10-15 23:58:34,215] {logging_mixin.py:115} INFO - [2022-10-15 23:58:34,214] {dag.py:2927} INFO - Setting next_dagrun for example_short_circuit_operator to 2022-10-14T23:58:34.212797+00:00, run_after=2022-10-15T23:58:34.212797+00:00
[2022-10-15 23:58:34,255] {processor.py:161} INFO - Processing /home/airflow/.local/lib/python3.9/site-packages/airflow/example_dags/example_short_circuit_operator.py took 0.275 seconds
[2022-10-15 23:59:04,889] {processor.py:153} INFO - Started process (PID=1866) to work on /home/airflow/.local/lib/python3.9/site-packages/airflow/example_dags/example_short_circuit_operator.py
[2022-10-15 23:59:04,893] {processor.py:641} INFO - Processing file /home/airflow/.local/lib/python3.9/site-packages/airflow/example_dags/example_short_circuit_operator.py for tasks to queue
[2022-10-15 23:59:04,898] {logging_mixin.py:115} INFO - [2022-10-15 23:59:04,897] {dagbag.py:507} INFO - Filling up the DagBag from /home/airflow/.local/lib/python3.9/site-packages/airflow/example_dags/example_short_circuit_operator.py
[2022-10-15 23:59:04,940] {processor.py:651} INFO - DAG(s) dict_keys(['example_short_circuit_operator']) retrieved from /home/airflow/.local/lib/python3.9/site-packages/airflow/example_dags/example_short_circuit_operator.py
[2022-10-15 23:59:05,082] {logging_mixin.py:115} INFO - [2022-10-15 23:59:05,081] {dag.py:2379} INFO - Sync 1 DAGs
[2022-10-15 23:59:05,174] {logging_mixin.py:115} INFO - [2022-10-15 23:59:05,174] {dag.py:2927} INFO - Setting next_dagrun for example_short_circuit_operator to 2022-10-14T23:59:05.172106+00:00, run_after=2022-10-15T23:59:05.172106+00:00
[2022-10-15 23:59:05,218] {processor.py:161} INFO - Processing /home/airflow/.local/lib/python3.9/site-packages/airflow/example_dags/example_short_circuit_operator.py took 0.337 seconds
[2022-10-15 23:59:35,957] {processor.py:153} INFO - Started process (PID=1958) to work on /home/airflow/.local/lib/python3.9/site-packages/airflow/example_dags/example_short_circuit_operator.py
[2022-10-15 23:59:35,963] {processor.py:641} INFO - Processing file /home/airflow/.local/lib/python3.9/site-packages/airflow/example_dags/example_short_circuit_operator.py for tasks to queue
[2022-10-15 23:59:35,966] {logging_mixin.py:115} INFO - [2022-10-15 23:59:35,966] {dagbag.py:507} INFO - Filling up the DagBag from /home/airflow/.local/lib/python3.9/site-packages/airflow/example_dags/example_short_circuit_operator.py
[2022-10-15 23:59:36,009] {processor.py:651} INFO - DAG(s) dict_keys(['example_short_circuit_operator']) retrieved from /home/airflow/.local/lib/python3.9/site-packages/airflow/example_dags/example_short_circuit_operator.py
[2022-10-15 23:59:36,180] {logging_mixin.py:115} INFO - [2022-10-15 23:59:36,176] {dag.py:2379} INFO - Sync 1 DAGs
[2022-10-15 23:59:36,343] {logging_mixin.py:115} INFO - [2022-10-15 23:59:36,342] {dag.py:2927} INFO - Setting next_dagrun for example_short_circuit_operator to 2022-10-14T23:59:36.340634+00:00, run_after=2022-10-15T23:59:36.340634+00:00
[2022-10-15 23:59:36,396] {processor.py:161} INFO - Processing /home/airflow/.local/lib/python3.9/site-packages/airflow/example_dags/example_short_circuit_operator.py took 0.458 seconds
