[2022-10-15 23:49:14,634] {processor.py:153} INFO - Started process (PID=301) to work on /home/airflow/.local/lib/python3.9/site-packages/airflow/example_dags/example_local_kubernetes_executor.py
[2022-10-15 23:49:14,637] {processor.py:641} INFO - Processing file /home/airflow/.local/lib/python3.9/site-packages/airflow/example_dags/example_local_kubernetes_executor.py for tasks to queue
[2022-10-15 23:49:14,645] {logging_mixin.py:115} INFO - [2022-10-15 23:49:14,644] {dagbag.py:507} INFO - Filling up the DagBag from /home/airflow/.local/lib/python3.9/site-packages/airflow/example_dags/example_local_kubernetes_executor.py
[2022-10-15 23:49:15,233] {processor.py:651} INFO - DAG(s) dict_keys(['example_local_kubernetes_executor']) retrieved from /home/airflow/.local/lib/python3.9/site-packages/airflow/example_dags/example_local_kubernetes_executor.py
[2022-10-15 23:49:16,549] {logging_mixin.py:115} INFO - [2022-10-15 23:49:16,545] {manager.py:508} INFO - Created Permission View: can delete on DAG:example_local_kubernetes_executor
[2022-10-15 23:49:16,654] {logging_mixin.py:115} INFO - [2022-10-15 23:49:16,654] {manager.py:508} INFO - Created Permission View: can edit on DAG:example_local_kubernetes_executor
[2022-10-15 23:49:16,744] {logging_mixin.py:115} INFO - [2022-10-15 23:49:16,740] {manager.py:508} INFO - Created Permission View: can read on DAG:example_local_kubernetes_executor
[2022-10-15 23:49:16,748] {logging_mixin.py:115} INFO - [2022-10-15 23:49:16,748] {dag.py:2379} INFO - Sync 1 DAGs
[2022-10-15 23:49:17,829] {logging_mixin.py:115} INFO - [2022-10-15 23:49:17,829] {dag.py:2398} INFO - Creating ORM DAG for example_local_kubernetes_executor
[2022-10-15 23:49:18,113] {logging_mixin.py:115} INFO - [2022-10-15 23:49:18,113] {dag.py:2927} INFO - Setting next_dagrun for example_local_kubernetes_executor to None, run_after=None
[2022-10-15 23:49:18,353] {processor.py:161} INFO - Processing /home/airflow/.local/lib/python3.9/site-packages/airflow/example_dags/example_local_kubernetes_executor.py took 3.759 seconds
[2022-10-15 23:49:58,876] {processor.py:153} INFO - Started process (PID=408) to work on /home/airflow/.local/lib/python3.9/site-packages/airflow/example_dags/example_local_kubernetes_executor.py
[2022-10-15 23:49:58,905] {processor.py:641} INFO - Processing file /home/airflow/.local/lib/python3.9/site-packages/airflow/example_dags/example_local_kubernetes_executor.py for tasks to queue
[2022-10-15 23:49:58,920] {logging_mixin.py:115} INFO - [2022-10-15 23:49:58,919] {dagbag.py:507} INFO - Filling up the DagBag from /home/airflow/.local/lib/python3.9/site-packages/airflow/example_dags/example_local_kubernetes_executor.py
[2022-10-15 23:49:59,353] {processor.py:651} INFO - DAG(s) dict_keys(['example_local_kubernetes_executor']) retrieved from /home/airflow/.local/lib/python3.9/site-packages/airflow/example_dags/example_local_kubernetes_executor.py
[2022-10-15 23:49:59,680] {logging_mixin.py:115} INFO - [2022-10-15 23:49:59,679] {dag.py:2379} INFO - Sync 1 DAGs
[2022-10-15 23:49:59,961] {logging_mixin.py:115} INFO - [2022-10-15 23:49:59,961] {dag.py:2927} INFO - Setting next_dagrun for example_local_kubernetes_executor to None, run_after=None
[2022-10-15 23:50:00,099] {processor.py:161} INFO - Processing /home/airflow/.local/lib/python3.9/site-packages/airflow/example_dags/example_local_kubernetes_executor.py took 1.270 seconds
[2022-10-15 23:50:34,075] {processor.py:153} INFO - Started process (PID=494) to work on /home/airflow/.local/lib/python3.9/site-packages/airflow/example_dags/example_local_kubernetes_executor.py
[2022-10-15 23:50:34,078] {processor.py:641} INFO - Processing file /home/airflow/.local/lib/python3.9/site-packages/airflow/example_dags/example_local_kubernetes_executor.py for tasks to queue
[2022-10-15 23:50:34,082] {logging_mixin.py:115} INFO - [2022-10-15 23:50:34,082] {dagbag.py:507} INFO - Filling up the DagBag from /home/airflow/.local/lib/python3.9/site-packages/airflow/example_dags/example_local_kubernetes_executor.py
[2022-10-15 23:50:34,362] {processor.py:651} INFO - DAG(s) dict_keys(['example_local_kubernetes_executor']) retrieved from /home/airflow/.local/lib/python3.9/site-packages/airflow/example_dags/example_local_kubernetes_executor.py
[2022-10-15 23:50:34,661] {logging_mixin.py:115} INFO - [2022-10-15 23:50:34,661] {dag.py:2379} INFO - Sync 1 DAGs
[2022-10-15 23:50:34,962] {logging_mixin.py:115} INFO - [2022-10-15 23:50:34,962] {dag.py:2927} INFO - Setting next_dagrun for example_local_kubernetes_executor to None, run_after=None
[2022-10-15 23:50:35,129] {processor.py:161} INFO - Processing /home/airflow/.local/lib/python3.9/site-packages/airflow/example_dags/example_local_kubernetes_executor.py took 1.092 seconds
[2022-10-15 23:51:06,202] {processor.py:153} INFO - Started process (PID=586) to work on /home/airflow/.local/lib/python3.9/site-packages/airflow/example_dags/example_local_kubernetes_executor.py
[2022-10-15 23:51:06,215] {processor.py:641} INFO - Processing file /home/airflow/.local/lib/python3.9/site-packages/airflow/example_dags/example_local_kubernetes_executor.py for tasks to queue
[2022-10-15 23:51:06,222] {logging_mixin.py:115} INFO - [2022-10-15 23:51:06,221] {dagbag.py:507} INFO - Filling up the DagBag from /home/airflow/.local/lib/python3.9/site-packages/airflow/example_dags/example_local_kubernetes_executor.py
[2022-10-15 23:51:06,737] {processor.py:651} INFO - DAG(s) dict_keys(['example_local_kubernetes_executor']) retrieved from /home/airflow/.local/lib/python3.9/site-packages/airflow/example_dags/example_local_kubernetes_executor.py
[2022-10-15 23:51:07,132] {logging_mixin.py:115} INFO - [2022-10-15 23:51:07,132] {dag.py:2379} INFO - Sync 1 DAGs
[2022-10-15 23:51:07,596] {logging_mixin.py:115} INFO - [2022-10-15 23:51:07,595] {dag.py:2927} INFO - Setting next_dagrun for example_local_kubernetes_executor to None, run_after=None
[2022-10-15 23:51:07,779] {processor.py:161} INFO - Processing /home/airflow/.local/lib/python3.9/site-packages/airflow/example_dags/example_local_kubernetes_executor.py took 1.619 seconds
[2022-10-15 23:51:46,212] {processor.py:153} INFO - Started process (PID=682) to work on /home/airflow/.local/lib/python3.9/site-packages/airflow/example_dags/example_local_kubernetes_executor.py
[2022-10-15 23:51:46,219] {processor.py:641} INFO - Processing file /home/airflow/.local/lib/python3.9/site-packages/airflow/example_dags/example_local_kubernetes_executor.py for tasks to queue
[2022-10-15 23:51:46,238] {logging_mixin.py:115} INFO - [2022-10-15 23:51:46,237] {dagbag.py:507} INFO - Filling up the DagBag from /home/airflow/.local/lib/python3.9/site-packages/airflow/example_dags/example_local_kubernetes_executor.py
[2022-10-15 23:51:46,801] {processor.py:651} INFO - DAG(s) dict_keys(['example_local_kubernetes_executor']) retrieved from /home/airflow/.local/lib/python3.9/site-packages/airflow/example_dags/example_local_kubernetes_executor.py
[2022-10-15 23:51:47,201] {logging_mixin.py:115} INFO - [2022-10-15 23:51:47,200] {dag.py:2379} INFO - Sync 1 DAGs
[2022-10-15 23:51:47,747] {logging_mixin.py:115} INFO - [2022-10-15 23:51:47,731] {dag.py:2927} INFO - Setting next_dagrun for example_local_kubernetes_executor to None, run_after=None
[2022-10-15 23:51:47,994] {processor.py:161} INFO - Processing /home/airflow/.local/lib/python3.9/site-packages/airflow/example_dags/example_local_kubernetes_executor.py took 1.833 seconds
[2022-10-15 23:52:29,256] {processor.py:153} INFO - Started process (PID=776) to work on /home/airflow/.local/lib/python3.9/site-packages/airflow/example_dags/example_local_kubernetes_executor.py
[2022-10-15 23:52:29,261] {processor.py:641} INFO - Processing file /home/airflow/.local/lib/python3.9/site-packages/airflow/example_dags/example_local_kubernetes_executor.py for tasks to queue
[2022-10-15 23:52:29,272] {logging_mixin.py:115} INFO - [2022-10-15 23:52:29,272] {dagbag.py:507} INFO - Filling up the DagBag from /home/airflow/.local/lib/python3.9/site-packages/airflow/example_dags/example_local_kubernetes_executor.py
[2022-10-15 23:52:29,688] {processor.py:651} INFO - DAG(s) dict_keys(['example_local_kubernetes_executor']) retrieved from /home/airflow/.local/lib/python3.9/site-packages/airflow/example_dags/example_local_kubernetes_executor.py
[2022-10-15 23:52:29,943] {logging_mixin.py:115} INFO - [2022-10-15 23:52:29,940] {dag.py:2379} INFO - Sync 1 DAGs
[2022-10-15 23:52:30,517] {logging_mixin.py:115} INFO - [2022-10-15 23:52:30,516] {dag.py:2927} INFO - Setting next_dagrun for example_local_kubernetes_executor to None, run_after=None
[2022-10-15 23:52:30,693] {processor.py:161} INFO - Processing /home/airflow/.local/lib/python3.9/site-packages/airflow/example_dags/example_local_kubernetes_executor.py took 1.465 seconds
[2022-10-15 23:53:11,156] {processor.py:153} INFO - Started process (PID=871) to work on /home/airflow/.local/lib/python3.9/site-packages/airflow/example_dags/example_local_kubernetes_executor.py
[2022-10-15 23:53:11,175] {processor.py:641} INFO - Processing file /home/airflow/.local/lib/python3.9/site-packages/airflow/example_dags/example_local_kubernetes_executor.py for tasks to queue
[2022-10-15 23:53:11,184] {logging_mixin.py:115} INFO - [2022-10-15 23:53:11,183] {dagbag.py:507} INFO - Filling up the DagBag from /home/airflow/.local/lib/python3.9/site-packages/airflow/example_dags/example_local_kubernetes_executor.py
[2022-10-15 23:53:11,540] {processor.py:651} INFO - DAG(s) dict_keys(['example_local_kubernetes_executor']) retrieved from /home/airflow/.local/lib/python3.9/site-packages/airflow/example_dags/example_local_kubernetes_executor.py
[2022-10-15 23:53:11,883] {logging_mixin.py:115} INFO - [2022-10-15 23:53:11,882] {dag.py:2379} INFO - Sync 1 DAGs
[2022-10-15 23:53:12,507] {logging_mixin.py:115} INFO - [2022-10-15 23:53:12,506] {dag.py:2927} INFO - Setting next_dagrun for example_local_kubernetes_executor to None, run_after=None
[2022-10-15 23:53:13,009] {processor.py:161} INFO - Processing /home/airflow/.local/lib/python3.9/site-packages/airflow/example_dags/example_local_kubernetes_executor.py took 1.952 seconds
[2022-10-15 23:53:50,158] {processor.py:153} INFO - Started process (PID=968) to work on /home/airflow/.local/lib/python3.9/site-packages/airflow/example_dags/example_local_kubernetes_executor.py
[2022-10-15 23:53:50,171] {processor.py:641} INFO - Processing file /home/airflow/.local/lib/python3.9/site-packages/airflow/example_dags/example_local_kubernetes_executor.py for tasks to queue
[2022-10-15 23:53:50,192] {logging_mixin.py:115} INFO - [2022-10-15 23:53:50,192] {dagbag.py:507} INFO - Filling up the DagBag from /home/airflow/.local/lib/python3.9/site-packages/airflow/example_dags/example_local_kubernetes_executor.py
[2022-10-15 23:53:50,704] {processor.py:651} INFO - DAG(s) dict_keys(['example_local_kubernetes_executor']) retrieved from /home/airflow/.local/lib/python3.9/site-packages/airflow/example_dags/example_local_kubernetes_executor.py
[2022-10-15 23:53:51,110] {logging_mixin.py:115} INFO - [2022-10-15 23:53:51,110] {dag.py:2379} INFO - Sync 1 DAGs
[2022-10-15 23:53:51,853] {logging_mixin.py:115} INFO - [2022-10-15 23:53:51,852] {dag.py:2927} INFO - Setting next_dagrun for example_local_kubernetes_executor to None, run_after=None
[2022-10-15 23:53:52,117] {processor.py:161} INFO - Processing /home/airflow/.local/lib/python3.9/site-packages/airflow/example_dags/example_local_kubernetes_executor.py took 2.003 seconds
[2022-10-15 23:54:29,210] {processor.py:153} INFO - Started process (PID=1063) to work on /home/airflow/.local/lib/python3.9/site-packages/airflow/example_dags/example_local_kubernetes_executor.py
[2022-10-15 23:54:29,217] {processor.py:641} INFO - Processing file /home/airflow/.local/lib/python3.9/site-packages/airflow/example_dags/example_local_kubernetes_executor.py for tasks to queue
[2022-10-15 23:54:29,227] {logging_mixin.py:115} INFO - [2022-10-15 23:54:29,220] {dagbag.py:507} INFO - Filling up the DagBag from /home/airflow/.local/lib/python3.9/site-packages/airflow/example_dags/example_local_kubernetes_executor.py
[2022-10-15 23:54:29,683] {processor.py:651} INFO - DAG(s) dict_keys(['example_local_kubernetes_executor']) retrieved from /home/airflow/.local/lib/python3.9/site-packages/airflow/example_dags/example_local_kubernetes_executor.py
[2022-10-15 23:54:30,275] {logging_mixin.py:115} INFO - [2022-10-15 23:54:30,275] {dag.py:2379} INFO - Sync 1 DAGs
[2022-10-15 23:54:30,692] {logging_mixin.py:115} INFO - [2022-10-15 23:54:30,691] {dag.py:2927} INFO - Setting next_dagrun for example_local_kubernetes_executor to None, run_after=None
[2022-10-15 23:54:30,870] {processor.py:161} INFO - Processing /home/airflow/.local/lib/python3.9/site-packages/airflow/example_dags/example_local_kubernetes_executor.py took 1.691 seconds
[2022-10-15 23:55:01,543] {processor.py:153} INFO - Started process (PID=1160) to work on /home/airflow/.local/lib/python3.9/site-packages/airflow/example_dags/example_local_kubernetes_executor.py
[2022-10-15 23:55:01,563] {processor.py:641} INFO - Processing file /home/airflow/.local/lib/python3.9/site-packages/airflow/example_dags/example_local_kubernetes_executor.py for tasks to queue
[2022-10-15 23:55:01,578] {logging_mixin.py:115} INFO - [2022-10-15 23:55:01,571] {dagbag.py:507} INFO - Filling up the DagBag from /home/airflow/.local/lib/python3.9/site-packages/airflow/example_dags/example_local_kubernetes_executor.py
[2022-10-15 23:55:02,094] {processor.py:651} INFO - DAG(s) dict_keys(['example_local_kubernetes_executor']) retrieved from /home/airflow/.local/lib/python3.9/site-packages/airflow/example_dags/example_local_kubernetes_executor.py
[2022-10-15 23:55:02,562] {logging_mixin.py:115} INFO - [2022-10-15 23:55:02,561] {dag.py:2379} INFO - Sync 1 DAGs
[2022-10-15 23:55:03,046] {logging_mixin.py:115} INFO - [2022-10-15 23:55:03,046] {dag.py:2927} INFO - Setting next_dagrun for example_local_kubernetes_executor to None, run_after=None
[2022-10-15 23:55:03,287] {processor.py:161} INFO - Processing /home/airflow/.local/lib/python3.9/site-packages/airflow/example_dags/example_local_kubernetes_executor.py took 1.782 seconds
[2022-10-15 23:55:33,955] {processor.py:153} INFO - Started process (PID=1246) to work on /home/airflow/.local/lib/python3.9/site-packages/airflow/example_dags/example_local_kubernetes_executor.py
[2022-10-15 23:55:33,960] {processor.py:641} INFO - Processing file /home/airflow/.local/lib/python3.9/site-packages/airflow/example_dags/example_local_kubernetes_executor.py for tasks to queue
[2022-10-15 23:55:33,967] {logging_mixin.py:115} INFO - [2022-10-15 23:55:33,967] {dagbag.py:507} INFO - Filling up the DagBag from /home/airflow/.local/lib/python3.9/site-packages/airflow/example_dags/example_local_kubernetes_executor.py
[2022-10-15 23:55:34,286] {processor.py:651} INFO - DAG(s) dict_keys(['example_local_kubernetes_executor']) retrieved from /home/airflow/.local/lib/python3.9/site-packages/airflow/example_dags/example_local_kubernetes_executor.py
[2022-10-15 23:55:34,479] {logging_mixin.py:115} INFO - [2022-10-15 23:55:34,478] {dag.py:2379} INFO - Sync 1 DAGs
[2022-10-15 23:55:34,671] {logging_mixin.py:115} INFO - [2022-10-15 23:55:34,670] {dag.py:2927} INFO - Setting next_dagrun for example_local_kubernetes_executor to None, run_after=None
[2022-10-15 23:55:34,744] {processor.py:161} INFO - Processing /home/airflow/.local/lib/python3.9/site-packages/airflow/example_dags/example_local_kubernetes_executor.py took 0.809 seconds
[2022-10-15 23:56:04,930] {processor.py:153} INFO - Started process (PID=1343) to work on /home/airflow/.local/lib/python3.9/site-packages/airflow/example_dags/example_local_kubernetes_executor.py
[2022-10-15 23:56:04,934] {processor.py:641} INFO - Processing file /home/airflow/.local/lib/python3.9/site-packages/airflow/example_dags/example_local_kubernetes_executor.py for tasks to queue
[2022-10-15 23:56:04,939] {logging_mixin.py:115} INFO - [2022-10-15 23:56:04,938] {dagbag.py:507} INFO - Filling up the DagBag from /home/airflow/.local/lib/python3.9/site-packages/airflow/example_dags/example_local_kubernetes_executor.py
[2022-10-15 23:56:05,233] {processor.py:651} INFO - DAG(s) dict_keys(['example_local_kubernetes_executor']) retrieved from /home/airflow/.local/lib/python3.9/site-packages/airflow/example_dags/example_local_kubernetes_executor.py
[2022-10-15 23:56:05,390] {logging_mixin.py:115} INFO - [2022-10-15 23:56:05,390] {dag.py:2379} INFO - Sync 1 DAGs
[2022-10-15 23:56:05,561] {logging_mixin.py:115} INFO - [2022-10-15 23:56:05,560] {dag.py:2927} INFO - Setting next_dagrun for example_local_kubernetes_executor to None, run_after=None
[2022-10-15 23:56:05,641] {processor.py:161} INFO - Processing /home/airflow/.local/lib/python3.9/site-packages/airflow/example_dags/example_local_kubernetes_executor.py took 0.725 seconds
[2022-10-15 23:56:36,115] {processor.py:153} INFO - Started process (PID=1441) to work on /home/airflow/.local/lib/python3.9/site-packages/airflow/example_dags/example_local_kubernetes_executor.py
[2022-10-15 23:56:36,119] {processor.py:641} INFO - Processing file /home/airflow/.local/lib/python3.9/site-packages/airflow/example_dags/example_local_kubernetes_executor.py for tasks to queue
[2022-10-15 23:56:36,126] {logging_mixin.py:115} INFO - [2022-10-15 23:56:36,124] {dagbag.py:507} INFO - Filling up the DagBag from /home/airflow/.local/lib/python3.9/site-packages/airflow/example_dags/example_local_kubernetes_executor.py
[2022-10-15 23:56:36,345] {processor.py:651} INFO - DAG(s) dict_keys(['example_local_kubernetes_executor']) retrieved from /home/airflow/.local/lib/python3.9/site-packages/airflow/example_dags/example_local_kubernetes_executor.py
[2022-10-15 23:56:36,505] {logging_mixin.py:115} INFO - [2022-10-15 23:56:36,504] {dag.py:2379} INFO - Sync 1 DAGs
[2022-10-15 23:56:36,683] {logging_mixin.py:115} INFO - [2022-10-15 23:56:36,683] {dag.py:2927} INFO - Setting next_dagrun for example_local_kubernetes_executor to None, run_after=None
[2022-10-15 23:56:36,733] {processor.py:161} INFO - Processing /home/airflow/.local/lib/python3.9/site-packages/airflow/example_dags/example_local_kubernetes_executor.py took 0.657 seconds
[2022-10-15 23:57:07,139] {processor.py:153} INFO - Started process (PID=1527) to work on /home/airflow/.local/lib/python3.9/site-packages/airflow/example_dags/example_local_kubernetes_executor.py
[2022-10-15 23:57:07,146] {processor.py:641} INFO - Processing file /home/airflow/.local/lib/python3.9/site-packages/airflow/example_dags/example_local_kubernetes_executor.py for tasks to queue
[2022-10-15 23:57:07,150] {logging_mixin.py:115} INFO - [2022-10-15 23:57:07,149] {dagbag.py:507} INFO - Filling up the DagBag from /home/airflow/.local/lib/python3.9/site-packages/airflow/example_dags/example_local_kubernetes_executor.py
[2022-10-15 23:57:07,294] {processor.py:651} INFO - DAG(s) dict_keys(['example_local_kubernetes_executor']) retrieved from /home/airflow/.local/lib/python3.9/site-packages/airflow/example_dags/example_local_kubernetes_executor.py
[2022-10-15 23:57:07,426] {logging_mixin.py:115} INFO - [2022-10-15 23:57:07,425] {dag.py:2379} INFO - Sync 1 DAGs
[2022-10-15 23:57:07,609] {logging_mixin.py:115} INFO - [2022-10-15 23:57:07,608] {dag.py:2927} INFO - Setting next_dagrun for example_local_kubernetes_executor to None, run_after=None
[2022-10-15 23:57:07,675] {processor.py:161} INFO - Processing /home/airflow/.local/lib/python3.9/site-packages/airflow/example_dags/example_local_kubernetes_executor.py took 0.548 seconds
[2022-10-15 23:57:37,997] {processor.py:153} INFO - Started process (PID=1620) to work on /home/airflow/.local/lib/python3.9/site-packages/airflow/example_dags/example_local_kubernetes_executor.py
[2022-10-15 23:57:38,001] {processor.py:641} INFO - Processing file /home/airflow/.local/lib/python3.9/site-packages/airflow/example_dags/example_local_kubernetes_executor.py for tasks to queue
[2022-10-15 23:57:38,004] {logging_mixin.py:115} INFO - [2022-10-15 23:57:38,003] {dagbag.py:507} INFO - Filling up the DagBag from /home/airflow/.local/lib/python3.9/site-packages/airflow/example_dags/example_local_kubernetes_executor.py
[2022-10-15 23:57:38,156] {processor.py:651} INFO - DAG(s) dict_keys(['example_local_kubernetes_executor']) retrieved from /home/airflow/.local/lib/python3.9/site-packages/airflow/example_dags/example_local_kubernetes_executor.py
[2022-10-15 23:57:38,288] {logging_mixin.py:115} INFO - [2022-10-15 23:57:38,288] {dag.py:2379} INFO - Sync 1 DAGs
[2022-10-15 23:57:38,394] {logging_mixin.py:115} INFO - [2022-10-15 23:57:38,394] {dag.py:2927} INFO - Setting next_dagrun for example_local_kubernetes_executor to None, run_after=None
[2022-10-15 23:57:38,467] {processor.py:161} INFO - Processing /home/airflow/.local/lib/python3.9/site-packages/airflow/example_dags/example_local_kubernetes_executor.py took 0.487 seconds
[2022-10-15 23:58:08,942] {processor.py:153} INFO - Started process (PID=1704) to work on /home/airflow/.local/lib/python3.9/site-packages/airflow/example_dags/example_local_kubernetes_executor.py
[2022-10-15 23:58:08,947] {processor.py:641} INFO - Processing file /home/airflow/.local/lib/python3.9/site-packages/airflow/example_dags/example_local_kubernetes_executor.py for tasks to queue
[2022-10-15 23:58:08,954] {logging_mixin.py:115} INFO - [2022-10-15 23:58:08,953] {dagbag.py:507} INFO - Filling up the DagBag from /home/airflow/.local/lib/python3.9/site-packages/airflow/example_dags/example_local_kubernetes_executor.py
[2022-10-15 23:58:09,149] {processor.py:651} INFO - DAG(s) dict_keys(['example_local_kubernetes_executor']) retrieved from /home/airflow/.local/lib/python3.9/site-packages/airflow/example_dags/example_local_kubernetes_executor.py
[2022-10-15 23:58:09,319] {logging_mixin.py:115} INFO - [2022-10-15 23:58:09,319] {dag.py:2379} INFO - Sync 1 DAGs
[2022-10-15 23:58:09,513] {logging_mixin.py:115} INFO - [2022-10-15 23:58:09,512] {dag.py:2927} INFO - Setting next_dagrun for example_local_kubernetes_executor to None, run_after=None
[2022-10-15 23:58:09,561] {processor.py:161} INFO - Processing /home/airflow/.local/lib/python3.9/site-packages/airflow/example_dags/example_local_kubernetes_executor.py took 0.641 seconds
[2022-10-15 23:58:39,805] {processor.py:153} INFO - Started process (PID=1796) to work on /home/airflow/.local/lib/python3.9/site-packages/airflow/example_dags/example_local_kubernetes_executor.py
[2022-10-15 23:58:39,809] {processor.py:641} INFO - Processing file /home/airflow/.local/lib/python3.9/site-packages/airflow/example_dags/example_local_kubernetes_executor.py for tasks to queue
[2022-10-15 23:58:39,815] {logging_mixin.py:115} INFO - [2022-10-15 23:58:39,814] {dagbag.py:507} INFO - Filling up the DagBag from /home/airflow/.local/lib/python3.9/site-packages/airflow/example_dags/example_local_kubernetes_executor.py
[2022-10-15 23:58:39,989] {processor.py:651} INFO - DAG(s) dict_keys(['example_local_kubernetes_executor']) retrieved from /home/airflow/.local/lib/python3.9/site-packages/airflow/example_dags/example_local_kubernetes_executor.py
[2022-10-15 23:58:40,069] {logging_mixin.py:115} INFO - [2022-10-15 23:58:40,068] {dag.py:2379} INFO - Sync 1 DAGs
[2022-10-15 23:58:40,197] {logging_mixin.py:115} INFO - [2022-10-15 23:58:40,197] {dag.py:2927} INFO - Setting next_dagrun for example_local_kubernetes_executor to None, run_after=None
[2022-10-15 23:58:40,316] {processor.py:161} INFO - Processing /home/airflow/.local/lib/python3.9/site-packages/airflow/example_dags/example_local_kubernetes_executor.py took 0.532 seconds
[2022-10-15 23:59:10,617] {processor.py:153} INFO - Started process (PID=1882) to work on /home/airflow/.local/lib/python3.9/site-packages/airflow/example_dags/example_local_kubernetes_executor.py
[2022-10-15 23:59:10,620] {processor.py:641} INFO - Processing file /home/airflow/.local/lib/python3.9/site-packages/airflow/example_dags/example_local_kubernetes_executor.py for tasks to queue
[2022-10-15 23:59:10,626] {logging_mixin.py:115} INFO - [2022-10-15 23:59:10,624] {dagbag.py:507} INFO - Filling up the DagBag from /home/airflow/.local/lib/python3.9/site-packages/airflow/example_dags/example_local_kubernetes_executor.py
[2022-10-15 23:59:10,839] {processor.py:651} INFO - DAG(s) dict_keys(['example_local_kubernetes_executor']) retrieved from /home/airflow/.local/lib/python3.9/site-packages/airflow/example_dags/example_local_kubernetes_executor.py
[2022-10-15 23:59:11,073] {logging_mixin.py:115} INFO - [2022-10-15 23:59:11,073] {dag.py:2379} INFO - Sync 1 DAGs
[2022-10-15 23:59:11,217] {logging_mixin.py:115} INFO - [2022-10-15 23:59:11,216] {dag.py:2927} INFO - Setting next_dagrun for example_local_kubernetes_executor to None, run_after=None
[2022-10-15 23:59:11,256] {processor.py:161} INFO - Processing /home/airflow/.local/lib/python3.9/site-packages/airflow/example_dags/example_local_kubernetes_executor.py took 0.661 seconds
[2022-10-15 23:59:41,660] {processor.py:153} INFO - Started process (PID=1976) to work on /home/airflow/.local/lib/python3.9/site-packages/airflow/example_dags/example_local_kubernetes_executor.py
[2022-10-15 23:59:41,663] {processor.py:641} INFO - Processing file /home/airflow/.local/lib/python3.9/site-packages/airflow/example_dags/example_local_kubernetes_executor.py for tasks to queue
[2022-10-15 23:59:41,667] {logging_mixin.py:115} INFO - [2022-10-15 23:59:41,667] {dagbag.py:507} INFO - Filling up the DagBag from /home/airflow/.local/lib/python3.9/site-packages/airflow/example_dags/example_local_kubernetes_executor.py
[2022-10-15 23:59:41,754] {processor.py:651} INFO - DAG(s) dict_keys(['example_local_kubernetes_executor']) retrieved from /home/airflow/.local/lib/python3.9/site-packages/airflow/example_dags/example_local_kubernetes_executor.py
[2022-10-15 23:59:41,837] {logging_mixin.py:115} INFO - [2022-10-15 23:59:41,836] {dag.py:2379} INFO - Sync 1 DAGs
[2022-10-15 23:59:41,931] {logging_mixin.py:115} INFO - [2022-10-15 23:59:41,930] {dag.py:2927} INFO - Setting next_dagrun for example_local_kubernetes_executor to None, run_after=None
[2022-10-15 23:59:42,009] {processor.py:161} INFO - Processing /home/airflow/.local/lib/python3.9/site-packages/airflow/example_dags/example_local_kubernetes_executor.py took 0.358 seconds
