[2022-10-15 23:49:04,754] {processor.py:153} INFO - Started process (PID=289) to work on /home/airflow/.local/lib/python3.9/site-packages/airflow/example_dags/example_branch_day_of_week_operator.py
[2022-10-15 23:49:04,779] {processor.py:641} INFO - Processing file /home/airflow/.local/lib/python3.9/site-packages/airflow/example_dags/example_branch_day_of_week_operator.py for tasks to queue
[2022-10-15 23:49:04,784] {logging_mixin.py:115} INFO - [2022-10-15 23:49:04,783] {dagbag.py:507} INFO - Filling up the DagBag from /home/airflow/.local/lib/python3.9/site-packages/airflow/example_dags/example_branch_day_of_week_operator.py
[2022-10-15 23:49:05,088] {processor.py:651} INFO - DAG(s) dict_keys(['example_weekday_branch_operator']) retrieved from /home/airflow/.local/lib/python3.9/site-packages/airflow/example_dags/example_branch_day_of_week_operator.py
[2022-10-15 23:49:06,347] {logging_mixin.py:115} INFO - [2022-10-15 23:49:06,346] {manager.py:508} INFO - Created Permission View: can delete on DAG:example_weekday_branch_operator
[2022-10-15 23:49:06,488] {logging_mixin.py:115} INFO - [2022-10-15 23:49:06,488] {manager.py:508} INFO - Created Permission View: can edit on DAG:example_weekday_branch_operator
[2022-10-15 23:49:06,610] {logging_mixin.py:115} INFO - [2022-10-15 23:49:06,610] {manager.py:508} INFO - Created Permission View: can read on DAG:example_weekday_branch_operator
[2022-10-15 23:49:06,617] {logging_mixin.py:115} INFO - [2022-10-15 23:49:06,614] {dag.py:2379} INFO - Sync 1 DAGs
[2022-10-15 23:49:06,801] {logging_mixin.py:115} INFO - [2022-10-15 23:49:06,788] {dag.py:2398} INFO - Creating ORM DAG for example_weekday_branch_operator
[2022-10-15 23:49:08,078] {logging_mixin.py:115} INFO - [2022-10-15 23:49:08,078] {dag.py:2927} INFO - Setting next_dagrun for example_weekday_branch_operator to 2022-10-14T00:00:00+00:00, run_after=2022-10-15T00:00:00+00:00
[2022-10-15 23:49:08,281] {processor.py:161} INFO - Processing /home/airflow/.local/lib/python3.9/site-packages/airflow/example_dags/example_branch_day_of_week_operator.py took 3.594 seconds
[2022-10-15 23:49:54,654] {processor.py:153} INFO - Started process (PID=385) to work on /home/airflow/.local/lib/python3.9/site-packages/airflow/example_dags/example_branch_day_of_week_operator.py
[2022-10-15 23:49:54,658] {processor.py:641} INFO - Processing file /home/airflow/.local/lib/python3.9/site-packages/airflow/example_dags/example_branch_day_of_week_operator.py for tasks to queue
[2022-10-15 23:49:54,661] {logging_mixin.py:115} INFO - [2022-10-15 23:49:54,660] {dagbag.py:507} INFO - Filling up the DagBag from /home/airflow/.local/lib/python3.9/site-packages/airflow/example_dags/example_branch_day_of_week_operator.py
[2022-10-15 23:49:54,736] {processor.py:651} INFO - DAG(s) dict_keys(['example_weekday_branch_operator']) retrieved from /home/airflow/.local/lib/python3.9/site-packages/airflow/example_dags/example_branch_day_of_week_operator.py
[2022-10-15 23:49:55,009] {logging_mixin.py:115} INFO - [2022-10-15 23:49:55,008] {dag.py:2379} INFO - Sync 1 DAGs
[2022-10-15 23:49:55,382] {logging_mixin.py:115} INFO - [2022-10-15 23:49:55,381] {dag.py:2927} INFO - Setting next_dagrun for example_weekday_branch_operator to 2022-10-14T00:00:00+00:00, run_after=2022-10-15T00:00:00+00:00
[2022-10-15 23:49:55,570] {processor.py:161} INFO - Processing /home/airflow/.local/lib/python3.9/site-packages/airflow/example_dags/example_branch_day_of_week_operator.py took 0.938 seconds
[2022-10-15 23:50:29,350] {processor.py:153} INFO - Started process (PID=478) to work on /home/airflow/.local/lib/python3.9/site-packages/airflow/example_dags/example_branch_day_of_week_operator.py
[2022-10-15 23:50:29,356] {processor.py:641} INFO - Processing file /home/airflow/.local/lib/python3.9/site-packages/airflow/example_dags/example_branch_day_of_week_operator.py for tasks to queue
[2022-10-15 23:50:29,363] {logging_mixin.py:115} INFO - [2022-10-15 23:50:29,362] {dagbag.py:507} INFO - Filling up the DagBag from /home/airflow/.local/lib/python3.9/site-packages/airflow/example_dags/example_branch_day_of_week_operator.py
[2022-10-15 23:50:29,614] {processor.py:651} INFO - DAG(s) dict_keys(['example_weekday_branch_operator']) retrieved from /home/airflow/.local/lib/python3.9/site-packages/airflow/example_dags/example_branch_day_of_week_operator.py
[2022-10-15 23:50:30,062] {logging_mixin.py:115} INFO - [2022-10-15 23:50:30,062] {dag.py:2379} INFO - Sync 1 DAGs
[2022-10-15 23:50:30,668] {logging_mixin.py:115} INFO - [2022-10-15 23:50:30,667] {dag.py:2927} INFO - Setting next_dagrun for example_weekday_branch_operator to 2022-10-14T00:00:00+00:00, run_after=2022-10-15T00:00:00+00:00
[2022-10-15 23:50:30,835] {processor.py:161} INFO - Processing /home/airflow/.local/lib/python3.9/site-packages/airflow/example_dags/example_branch_day_of_week_operator.py took 1.510 seconds
[2022-10-15 23:51:01,726] {processor.py:153} INFO - Started process (PID=574) to work on /home/airflow/.local/lib/python3.9/site-packages/airflow/example_dags/example_branch_day_of_week_operator.py
[2022-10-15 23:51:01,732] {processor.py:641} INFO - Processing file /home/airflow/.local/lib/python3.9/site-packages/airflow/example_dags/example_branch_day_of_week_operator.py for tasks to queue
[2022-10-15 23:51:01,739] {logging_mixin.py:115} INFO - [2022-10-15 23:51:01,739] {dagbag.py:507} INFO - Filling up the DagBag from /home/airflow/.local/lib/python3.9/site-packages/airflow/example_dags/example_branch_day_of_week_operator.py
[2022-10-15 23:51:01,869] {processor.py:651} INFO - DAG(s) dict_keys(['example_weekday_branch_operator']) retrieved from /home/airflow/.local/lib/python3.9/site-packages/airflow/example_dags/example_branch_day_of_week_operator.py
[2022-10-15 23:51:02,193] {logging_mixin.py:115} INFO - [2022-10-15 23:51:02,193] {dag.py:2379} INFO - Sync 1 DAGs
[2022-10-15 23:51:02,692] {logging_mixin.py:115} INFO - [2022-10-15 23:51:02,670] {dag.py:2927} INFO - Setting next_dagrun for example_weekday_branch_operator to 2022-10-14T00:00:00+00:00, run_after=2022-10-15T00:00:00+00:00
[2022-10-15 23:51:02,934] {processor.py:161} INFO - Processing /home/airflow/.local/lib/python3.9/site-packages/airflow/example_dags/example_branch_day_of_week_operator.py took 1.235 seconds
[2022-10-15 23:51:39,798] {processor.py:153} INFO - Started process (PID=670) to work on /home/airflow/.local/lib/python3.9/site-packages/airflow/example_dags/example_branch_day_of_week_operator.py
[2022-10-15 23:51:39,819] {processor.py:641} INFO - Processing file /home/airflow/.local/lib/python3.9/site-packages/airflow/example_dags/example_branch_day_of_week_operator.py for tasks to queue
[2022-10-15 23:51:39,825] {logging_mixin.py:115} INFO - [2022-10-15 23:51:39,824] {dagbag.py:507} INFO - Filling up the DagBag from /home/airflow/.local/lib/python3.9/site-packages/airflow/example_dags/example_branch_day_of_week_operator.py
[2022-10-15 23:51:40,041] {processor.py:651} INFO - DAG(s) dict_keys(['example_weekday_branch_operator']) retrieved from /home/airflow/.local/lib/python3.9/site-packages/airflow/example_dags/example_branch_day_of_week_operator.py
[2022-10-15 23:51:40,597] {logging_mixin.py:115} INFO - [2022-10-15 23:51:40,596] {dag.py:2379} INFO - Sync 1 DAGs
[2022-10-15 23:51:41,435] {logging_mixin.py:115} INFO - [2022-10-15 23:51:41,412] {dag.py:2927} INFO - Setting next_dagrun for example_weekday_branch_operator to 2022-10-14T00:00:00+00:00, run_after=2022-10-15T00:00:00+00:00
[2022-10-15 23:51:41,729] {processor.py:161} INFO - Processing /home/airflow/.local/lib/python3.9/site-packages/airflow/example_dags/example_branch_day_of_week_operator.py took 1.972 seconds
[2022-10-15 23:52:23,910] {processor.py:153} INFO - Started process (PID=760) to work on /home/airflow/.local/lib/python3.9/site-packages/airflow/example_dags/example_branch_day_of_week_operator.py
[2022-10-15 23:52:23,927] {processor.py:641} INFO - Processing file /home/airflow/.local/lib/python3.9/site-packages/airflow/example_dags/example_branch_day_of_week_operator.py for tasks to queue
[2022-10-15 23:52:23,935] {logging_mixin.py:115} INFO - [2022-10-15 23:52:23,934] {dagbag.py:507} INFO - Filling up the DagBag from /home/airflow/.local/lib/python3.9/site-packages/airflow/example_dags/example_branch_day_of_week_operator.py
[2022-10-15 23:52:24,196] {processor.py:651} INFO - DAG(s) dict_keys(['example_weekday_branch_operator']) retrieved from /home/airflow/.local/lib/python3.9/site-packages/airflow/example_dags/example_branch_day_of_week_operator.py
[2022-10-15 23:52:24,529] {logging_mixin.py:115} INFO - [2022-10-15 23:52:24,528] {dag.py:2379} INFO - Sync 1 DAGs
[2022-10-15 23:52:25,156] {logging_mixin.py:115} INFO - [2022-10-15 23:52:25,141] {dag.py:2927} INFO - Setting next_dagrun for example_weekday_branch_operator to 2022-10-14T00:00:00+00:00, run_after=2022-10-15T00:00:00+00:00
[2022-10-15 23:52:25,445] {processor.py:161} INFO - Processing /home/airflow/.local/lib/python3.9/site-packages/airflow/example_dags/example_branch_day_of_week_operator.py took 1.571 seconds
[2022-10-15 23:52:58,903] {processor.py:153} INFO - Started process (PID=843) to work on /home/airflow/.local/lib/python3.9/site-packages/airflow/example_dags/example_branch_day_of_week_operator.py
[2022-10-15 23:52:58,907] {processor.py:641} INFO - Processing file /home/airflow/.local/lib/python3.9/site-packages/airflow/example_dags/example_branch_day_of_week_operator.py for tasks to queue
[2022-10-15 23:52:58,938] {logging_mixin.py:115} INFO - [2022-10-15 23:52:58,932] {dagbag.py:507} INFO - Filling up the DagBag from /home/airflow/.local/lib/python3.9/site-packages/airflow/example_dags/example_branch_day_of_week_operator.py
[2022-10-15 23:52:59,273] {processor.py:651} INFO - DAG(s) dict_keys(['example_weekday_branch_operator']) retrieved from /home/airflow/.local/lib/python3.9/site-packages/airflow/example_dags/example_branch_day_of_week_operator.py
[2022-10-15 23:52:59,892] {logging_mixin.py:115} INFO - [2022-10-15 23:52:59,891] {dag.py:2379} INFO - Sync 1 DAGs
[2022-10-15 23:53:00,775] {logging_mixin.py:115} INFO - [2022-10-15 23:53:00,774] {dag.py:2927} INFO - Setting next_dagrun for example_weekday_branch_operator to 2022-10-14T00:00:00+00:00, run_after=2022-10-15T00:00:00+00:00
[2022-10-15 23:53:01,113] {processor.py:161} INFO - Processing /home/airflow/.local/lib/python3.9/site-packages/airflow/example_dags/example_branch_day_of_week_operator.py took 2.270 seconds
[2022-10-15 23:53:37,546] {processor.py:153} INFO - Started process (PID=936) to work on /home/airflow/.local/lib/python3.9/site-packages/airflow/example_dags/example_branch_day_of_week_operator.py
[2022-10-15 23:53:37,564] {processor.py:641} INFO - Processing file /home/airflow/.local/lib/python3.9/site-packages/airflow/example_dags/example_branch_day_of_week_operator.py for tasks to queue
[2022-10-15 23:53:37,568] {logging_mixin.py:115} INFO - [2022-10-15 23:53:37,567] {dagbag.py:507} INFO - Filling up the DagBag from /home/airflow/.local/lib/python3.9/site-packages/airflow/example_dags/example_branch_day_of_week_operator.py
[2022-10-15 23:53:37,858] {processor.py:651} INFO - DAG(s) dict_keys(['example_weekday_branch_operator']) retrieved from /home/airflow/.local/lib/python3.9/site-packages/airflow/example_dags/example_branch_day_of_week_operator.py
[2022-10-15 23:53:38,453] {logging_mixin.py:115} INFO - [2022-10-15 23:53:38,448] {dag.py:2379} INFO - Sync 1 DAGs
[2022-10-15 23:53:38,952] {logging_mixin.py:115} INFO - [2022-10-15 23:53:38,947] {dag.py:2927} INFO - Setting next_dagrun for example_weekday_branch_operator to 2022-10-14T00:00:00+00:00, run_after=2022-10-15T00:00:00+00:00
[2022-10-15 23:53:39,088] {processor.py:161} INFO - Processing /home/airflow/.local/lib/python3.9/site-packages/airflow/example_dags/example_branch_day_of_week_operator.py took 1.587 seconds
[2022-10-15 23:54:16,213] {processor.py:153} INFO - Started process (PID=1031) to work on /home/airflow/.local/lib/python3.9/site-packages/airflow/example_dags/example_branch_day_of_week_operator.py
[2022-10-15 23:54:16,221] {processor.py:641} INFO - Processing file /home/airflow/.local/lib/python3.9/site-packages/airflow/example_dags/example_branch_day_of_week_operator.py for tasks to queue
[2022-10-15 23:54:16,238] {logging_mixin.py:115} INFO - [2022-10-15 23:54:16,228] {dagbag.py:507} INFO - Filling up the DagBag from /home/airflow/.local/lib/python3.9/site-packages/airflow/example_dags/example_branch_day_of_week_operator.py
[2022-10-15 23:54:16,454] {processor.py:651} INFO - DAG(s) dict_keys(['example_weekday_branch_operator']) retrieved from /home/airflow/.local/lib/python3.9/site-packages/airflow/example_dags/example_branch_day_of_week_operator.py
[2022-10-15 23:54:16,940] {logging_mixin.py:115} INFO - [2022-10-15 23:54:16,939] {dag.py:2379} INFO - Sync 1 DAGs
[2022-10-15 23:54:17,598] {logging_mixin.py:115} INFO - [2022-10-15 23:54:17,598] {dag.py:2927} INFO - Setting next_dagrun for example_weekday_branch_operator to 2022-10-14T00:00:00+00:00, run_after=2022-10-15T00:00:00+00:00
[2022-10-15 23:54:17,947] {processor.py:161} INFO - Processing /home/airflow/.local/lib/python3.9/site-packages/airflow/example_dags/example_branch_day_of_week_operator.py took 1.788 seconds
[2022-10-15 23:54:48,572] {processor.py:153} INFO - Started process (PID=1118) to work on /home/airflow/.local/lib/python3.9/site-packages/airflow/example_dags/example_branch_day_of_week_operator.py
[2022-10-15 23:54:48,575] {processor.py:641} INFO - Processing file /home/airflow/.local/lib/python3.9/site-packages/airflow/example_dags/example_branch_day_of_week_operator.py for tasks to queue
[2022-10-15 23:54:48,588] {logging_mixin.py:115} INFO - [2022-10-15 23:54:48,587] {dagbag.py:507} INFO - Filling up the DagBag from /home/airflow/.local/lib/python3.9/site-packages/airflow/example_dags/example_branch_day_of_week_operator.py
[2022-10-15 23:54:48,720] {processor.py:651} INFO - DAG(s) dict_keys(['example_weekday_branch_operator']) retrieved from /home/airflow/.local/lib/python3.9/site-packages/airflow/example_dags/example_branch_day_of_week_operator.py
[2022-10-15 23:54:49,145] {logging_mixin.py:115} INFO - [2022-10-15 23:54:49,135] {dag.py:2379} INFO - Sync 1 DAGs
[2022-10-15 23:54:49,644] {logging_mixin.py:115} INFO - [2022-10-15 23:54:49,644] {dag.py:2927} INFO - Setting next_dagrun for example_weekday_branch_operator to 2022-10-14T00:00:00+00:00, run_after=2022-10-15T00:00:00+00:00
[2022-10-15 23:54:49,773] {processor.py:161} INFO - Processing /home/airflow/.local/lib/python3.9/site-packages/airflow/example_dags/example_branch_day_of_week_operator.py took 1.235 seconds
[2022-10-15 23:55:21,670] {processor.py:153} INFO - Started process (PID=1214) to work on /home/airflow/.local/lib/python3.9/site-packages/airflow/example_dags/example_branch_day_of_week_operator.py
[2022-10-15 23:55:21,677] {processor.py:641} INFO - Processing file /home/airflow/.local/lib/python3.9/site-packages/airflow/example_dags/example_branch_day_of_week_operator.py for tasks to queue
[2022-10-15 23:55:21,689] {logging_mixin.py:115} INFO - [2022-10-15 23:55:21,689] {dagbag.py:507} INFO - Filling up the DagBag from /home/airflow/.local/lib/python3.9/site-packages/airflow/example_dags/example_branch_day_of_week_operator.py
[2022-10-15 23:55:21,845] {processor.py:651} INFO - DAG(s) dict_keys(['example_weekday_branch_operator']) retrieved from /home/airflow/.local/lib/python3.9/site-packages/airflow/example_dags/example_branch_day_of_week_operator.py
[2022-10-15 23:55:22,198] {logging_mixin.py:115} INFO - [2022-10-15 23:55:22,197] {dag.py:2379} INFO - Sync 1 DAGs
[2022-10-15 23:55:22,638] {logging_mixin.py:115} INFO - [2022-10-15 23:55:22,637] {dag.py:2927} INFO - Setting next_dagrun for example_weekday_branch_operator to 2022-10-14T00:00:00+00:00, run_after=2022-10-15T00:00:00+00:00
[2022-10-15 23:55:22,764] {processor.py:161} INFO - Processing /home/airflow/.local/lib/python3.9/site-packages/airflow/example_dags/example_branch_day_of_week_operator.py took 1.128 seconds
[2022-10-15 23:55:53,151] {processor.py:153} INFO - Started process (PID=1301) to work on /home/airflow/.local/lib/python3.9/site-packages/airflow/example_dags/example_branch_day_of_week_operator.py
[2022-10-15 23:55:53,154] {processor.py:641} INFO - Processing file /home/airflow/.local/lib/python3.9/site-packages/airflow/example_dags/example_branch_day_of_week_operator.py for tasks to queue
[2022-10-15 23:55:53,157] {logging_mixin.py:115} INFO - [2022-10-15 23:55:53,157] {dagbag.py:507} INFO - Filling up the DagBag from /home/airflow/.local/lib/python3.9/site-packages/airflow/example_dags/example_branch_day_of_week_operator.py
[2022-10-15 23:55:53,208] {processor.py:651} INFO - DAG(s) dict_keys(['example_weekday_branch_operator']) retrieved from /home/airflow/.local/lib/python3.9/site-packages/airflow/example_dags/example_branch_day_of_week_operator.py
[2022-10-15 23:55:53,338] {logging_mixin.py:115} INFO - [2022-10-15 23:55:53,338] {dag.py:2379} INFO - Sync 1 DAGs
[2022-10-15 23:55:53,517] {logging_mixin.py:115} INFO - [2022-10-15 23:55:53,517] {dag.py:2927} INFO - Setting next_dagrun for example_weekday_branch_operator to 2022-10-14T00:00:00+00:00, run_after=2022-10-15T00:00:00+00:00
[2022-10-15 23:55:53,585] {processor.py:161} INFO - Processing /home/airflow/.local/lib/python3.9/site-packages/airflow/example_dags/example_branch_day_of_week_operator.py took 0.442 seconds
[2022-10-15 23:56:24,343] {processor.py:153} INFO - Started process (PID=1400) to work on /home/airflow/.local/lib/python3.9/site-packages/airflow/example_dags/example_branch_day_of_week_operator.py
[2022-10-15 23:56:24,348] {processor.py:641} INFO - Processing file /home/airflow/.local/lib/python3.9/site-packages/airflow/example_dags/example_branch_day_of_week_operator.py for tasks to queue
[2022-10-15 23:56:24,353] {logging_mixin.py:115} INFO - [2022-10-15 23:56:24,352] {dagbag.py:507} INFO - Filling up the DagBag from /home/airflow/.local/lib/python3.9/site-packages/airflow/example_dags/example_branch_day_of_week_operator.py
[2022-10-15 23:56:24,389] {processor.py:651} INFO - DAG(s) dict_keys(['example_weekday_branch_operator']) retrieved from /home/airflow/.local/lib/python3.9/site-packages/airflow/example_dags/example_branch_day_of_week_operator.py
[2022-10-15 23:56:24,470] {logging_mixin.py:115} INFO - [2022-10-15 23:56:24,469] {dag.py:2379} INFO - Sync 1 DAGs
[2022-10-15 23:56:24,685] {logging_mixin.py:115} INFO - [2022-10-15 23:56:24,684] {dag.py:2927} INFO - Setting next_dagrun for example_weekday_branch_operator to 2022-10-14T00:00:00+00:00, run_after=2022-10-15T00:00:00+00:00
[2022-10-15 23:56:24,743] {processor.py:161} INFO - Processing /home/airflow/.local/lib/python3.9/site-packages/airflow/example_dags/example_branch_day_of_week_operator.py took 0.423 seconds
[2022-10-15 23:56:55,106] {processor.py:153} INFO - Started process (PID=1481) to work on /home/airflow/.local/lib/python3.9/site-packages/airflow/example_dags/example_branch_day_of_week_operator.py
[2022-10-15 23:56:55,111] {processor.py:641} INFO - Processing file /home/airflow/.local/lib/python3.9/site-packages/airflow/example_dags/example_branch_day_of_week_operator.py for tasks to queue
[2022-10-15 23:56:55,114] {logging_mixin.py:115} INFO - [2022-10-15 23:56:55,113] {dagbag.py:507} INFO - Filling up the DagBag from /home/airflow/.local/lib/python3.9/site-packages/airflow/example_dags/example_branch_day_of_week_operator.py
[2022-10-15 23:56:55,151] {processor.py:651} INFO - DAG(s) dict_keys(['example_weekday_branch_operator']) retrieved from /home/airflow/.local/lib/python3.9/site-packages/airflow/example_dags/example_branch_day_of_week_operator.py
[2022-10-15 23:56:55,293] {logging_mixin.py:115} INFO - [2022-10-15 23:56:55,293] {dag.py:2379} INFO - Sync 1 DAGs
[2022-10-15 23:56:55,525] {logging_mixin.py:115} INFO - [2022-10-15 23:56:55,524] {dag.py:2927} INFO - Setting next_dagrun for example_weekday_branch_operator to 2022-10-14T00:00:00+00:00, run_after=2022-10-15T00:00:00+00:00
[2022-10-15 23:56:55,583] {processor.py:161} INFO - Processing /home/airflow/.local/lib/python3.9/site-packages/airflow/example_dags/example_branch_day_of_week_operator.py took 0.502 seconds
[2022-10-15 23:57:25,801] {processor.py:153} INFO - Started process (PID=1577) to work on /home/airflow/.local/lib/python3.9/site-packages/airflow/example_dags/example_branch_day_of_week_operator.py
[2022-10-15 23:57:25,806] {processor.py:641} INFO - Processing file /home/airflow/.local/lib/python3.9/site-packages/airflow/example_dags/example_branch_day_of_week_operator.py for tasks to queue
[2022-10-15 23:57:25,810] {logging_mixin.py:115} INFO - [2022-10-15 23:57:25,809] {dagbag.py:507} INFO - Filling up the DagBag from /home/airflow/.local/lib/python3.9/site-packages/airflow/example_dags/example_branch_day_of_week_operator.py
[2022-10-15 23:57:25,866] {processor.py:651} INFO - DAG(s) dict_keys(['example_weekday_branch_operator']) retrieved from /home/airflow/.local/lib/python3.9/site-packages/airflow/example_dags/example_branch_day_of_week_operator.py
[2022-10-15 23:57:26,005] {logging_mixin.py:115} INFO - [2022-10-15 23:57:26,004] {dag.py:2379} INFO - Sync 1 DAGs
[2022-10-15 23:57:26,170] {logging_mixin.py:115} INFO - [2022-10-15 23:57:26,169] {dag.py:2927} INFO - Setting next_dagrun for example_weekday_branch_operator to 2022-10-14T00:00:00+00:00, run_after=2022-10-15T00:00:00+00:00
[2022-10-15 23:57:26,218] {processor.py:161} INFO - Processing /home/airflow/.local/lib/python3.9/site-packages/airflow/example_dags/example_branch_day_of_week_operator.py took 0.428 seconds
[2022-10-15 23:57:56,715] {processor.py:153} INFO - Started process (PID=1666) to work on /home/airflow/.local/lib/python3.9/site-packages/airflow/example_dags/example_branch_day_of_week_operator.py
[2022-10-15 23:57:56,718] {processor.py:641} INFO - Processing file /home/airflow/.local/lib/python3.9/site-packages/airflow/example_dags/example_branch_day_of_week_operator.py for tasks to queue
[2022-10-15 23:57:56,721] {logging_mixin.py:115} INFO - [2022-10-15 23:57:56,721] {dagbag.py:507} INFO - Filling up the DagBag from /home/airflow/.local/lib/python3.9/site-packages/airflow/example_dags/example_branch_day_of_week_operator.py
[2022-10-15 23:57:56,789] {processor.py:651} INFO - DAG(s) dict_keys(['example_weekday_branch_operator']) retrieved from /home/airflow/.local/lib/python3.9/site-packages/airflow/example_dags/example_branch_day_of_week_operator.py
[2022-10-15 23:57:56,948] {logging_mixin.py:115} INFO - [2022-10-15 23:57:56,946] {dag.py:2379} INFO - Sync 1 DAGs
[2022-10-15 23:57:57,081] {logging_mixin.py:115} INFO - [2022-10-15 23:57:57,080] {dag.py:2927} INFO - Setting next_dagrun for example_weekday_branch_operator to 2022-10-14T00:00:00+00:00, run_after=2022-10-15T00:00:00+00:00
[2022-10-15 23:57:57,164] {processor.py:161} INFO - Processing /home/airflow/.local/lib/python3.9/site-packages/airflow/example_dags/example_branch_day_of_week_operator.py took 0.466 seconds
[2022-10-15 23:58:28,055] {processor.py:153} INFO - Started process (PID=1752) to work on /home/airflow/.local/lib/python3.9/site-packages/airflow/example_dags/example_branch_day_of_week_operator.py
[2022-10-15 23:58:28,058] {processor.py:641} INFO - Processing file /home/airflow/.local/lib/python3.9/site-packages/airflow/example_dags/example_branch_day_of_week_operator.py for tasks to queue
[2022-10-15 23:58:28,063] {logging_mixin.py:115} INFO - [2022-10-15 23:58:28,063] {dagbag.py:507} INFO - Filling up the DagBag from /home/airflow/.local/lib/python3.9/site-packages/airflow/example_dags/example_branch_day_of_week_operator.py
[2022-10-15 23:58:28,126] {processor.py:651} INFO - DAG(s) dict_keys(['example_weekday_branch_operator']) retrieved from /home/airflow/.local/lib/python3.9/site-packages/airflow/example_dags/example_branch_day_of_week_operator.py
[2022-10-15 23:58:28,265] {logging_mixin.py:115} INFO - [2022-10-15 23:58:28,264] {dag.py:2379} INFO - Sync 1 DAGs
[2022-10-15 23:58:28,489] {logging_mixin.py:115} INFO - [2022-10-15 23:58:28,488] {dag.py:2927} INFO - Setting next_dagrun for example_weekday_branch_operator to 2022-10-14T00:00:00+00:00, run_after=2022-10-15T00:00:00+00:00
[2022-10-15 23:58:28,570] {processor.py:161} INFO - Processing /home/airflow/.local/lib/python3.9/site-packages/airflow/example_dags/example_branch_day_of_week_operator.py took 0.534 seconds
[2022-10-15 23:58:59,822] {processor.py:153} INFO - Started process (PID=1844) to work on /home/airflow/.local/lib/python3.9/site-packages/airflow/example_dags/example_branch_day_of_week_operator.py
[2022-10-15 23:58:59,842] {processor.py:641} INFO - Processing file /home/airflow/.local/lib/python3.9/site-packages/airflow/example_dags/example_branch_day_of_week_operator.py for tasks to queue
[2022-10-15 23:58:59,853] {logging_mixin.py:115} INFO - [2022-10-15 23:58:59,853] {dagbag.py:507} INFO - Filling up the DagBag from /home/airflow/.local/lib/python3.9/site-packages/airflow/example_dags/example_branch_day_of_week_operator.py
[2022-10-15 23:58:59,977] {processor.py:651} INFO - DAG(s) dict_keys(['example_weekday_branch_operator']) retrieved from /home/airflow/.local/lib/python3.9/site-packages/airflow/example_dags/example_branch_day_of_week_operator.py
[2022-10-15 23:59:00,074] {logging_mixin.py:115} INFO - [2022-10-15 23:59:00,073] {dag.py:2379} INFO - Sync 1 DAGs
[2022-10-15 23:59:00,290] {logging_mixin.py:115} INFO - [2022-10-15 23:59:00,289] {dag.py:2927} INFO - Setting next_dagrun for example_weekday_branch_operator to 2022-10-14T00:00:00+00:00, run_after=2022-10-15T00:00:00+00:00
[2022-10-15 23:59:00,346] {processor.py:161} INFO - Processing /home/airflow/.local/lib/python3.9/site-packages/airflow/example_dags/example_branch_day_of_week_operator.py took 0.556 seconds
[2022-10-15 23:59:31,004] {processor.py:153} INFO - Started process (PID=1930) to work on /home/airflow/.local/lib/python3.9/site-packages/airflow/example_dags/example_branch_day_of_week_operator.py
[2022-10-15 23:59:31,010] {processor.py:641} INFO - Processing file /home/airflow/.local/lib/python3.9/site-packages/airflow/example_dags/example_branch_day_of_week_operator.py for tasks to queue
[2022-10-15 23:59:31,016] {logging_mixin.py:115} INFO - [2022-10-15 23:59:31,016] {dagbag.py:507} INFO - Filling up the DagBag from /home/airflow/.local/lib/python3.9/site-packages/airflow/example_dags/example_branch_day_of_week_operator.py
[2022-10-15 23:59:31,083] {processor.py:651} INFO - DAG(s) dict_keys(['example_weekday_branch_operator']) retrieved from /home/airflow/.local/lib/python3.9/site-packages/airflow/example_dags/example_branch_day_of_week_operator.py
[2022-10-15 23:59:31,242] {logging_mixin.py:115} INFO - [2022-10-15 23:59:31,242] {dag.py:2379} INFO - Sync 1 DAGs
[2022-10-15 23:59:31,472] {logging_mixin.py:115} INFO - [2022-10-15 23:59:31,471] {dag.py:2927} INFO - Setting next_dagrun for example_weekday_branch_operator to 2022-10-14T00:00:00+00:00, run_after=2022-10-15T00:00:00+00:00
[2022-10-15 23:59:31,563] {processor.py:161} INFO - Processing /home/airflow/.local/lib/python3.9/site-packages/airflow/example_dags/example_branch_day_of_week_operator.py took 0.574 seconds
